<?xml version="1.0" encoding="UTF-8"?>
<testsuite xmlns:xsi="http://www.w3.org/2001/XMLSchema-instance" xsi:noNamespaceSchemaLocation="https://maven.apache.org/surefire/maven-surefire-plugin/xsd/surefire-test-report-3.0.xsd" version="3.0" name="TestSuite" time="143.9" tests="4" errors="0" skipped="0" failures="0">
  <properties>
    <property name="java.specification.version" value="17"/>
    <property name="sun.jnu.encoding" value="UTF-8"/>
    <property name="java.class.path" value="/Users/anubhavgupta/Documents/eclipse-workspace(Java)/AppTestingFramework/target/test-classes:/Users/anubhavgupta/Documents/eclipse-workspace(Java)/AppTestingFramework/target/classes:/Users/anubhavgupta/.m2/repository/io/appium/java-client/9.0.0/java-client-9.0.0.jar:/Users/anubhavgupta/.m2/repository/org/seleniumhq/selenium/selenium-api/4.16.1/selenium-api-4.16.1.jar:/Users/anubhavgupta/.m2/repository/org/seleniumhq/selenium/selenium-remote-driver/4.16.1/selenium-remote-driver-4.16.1.jar:/Users/anubhavgupta/.m2/repository/com/google/auto/service/auto-service-annotations/1.1.1/auto-service-annotations-1.1.1.jar:/Users/anubhavgupta/.m2/repository/com/google/guava/guava/32.1.2-jre/guava-32.1.2-jre.jar:/Users/anubhavgupta/.m2/repository/com/google/guava/failureaccess/1.0.1/failureaccess-1.0.1.jar:/Users/anubhavgupta/.m2/repository/com/google/guava/listenablefuture/9999.0-empty-to-avoid-conflict-with-guava/listenablefuture-9999.0-empty-to-avoid-conflict-with-guava.jar:/Users/anubhavgupta/.m2/repository/com/google/code/findbugs/jsr305/3.0.2/jsr305-3.0.2.jar:/Users/anubhavgupta/.m2/repository/org/checkerframework/checker-qual/3.33.0/checker-qual-3.33.0.jar:/Users/anubhavgupta/.m2/repository/com/google/errorprone/error_prone_annotations/2.18.0/error_prone_annotations-2.18.0.jar:/Users/anubhavgupta/.m2/repository/com/google/j2objc/j2objc-annotations/2.8/j2objc-annotations-2.8.jar:/Users/anubhavgupta/.m2/repository/io/opentelemetry/opentelemetry-api/1.28.0/opentelemetry-api-1.28.0.jar:/Users/anubhavgupta/.m2/repository/io/opentelemetry/opentelemetry-context/1.28.0/opentelemetry-context-1.28.0.jar:/Users/anubhavgupta/.m2/repository/io/opentelemetry/opentelemetry-exporter-logging/1.28.0/opentelemetry-exporter-logging-1.28.0.jar:/Users/anubhavgupta/.m2/repository/io/opentelemetry/opentelemetry-sdk-metrics/1.28.0/opentelemetry-sdk-metrics-1.28.0.jar:/Users/anubhavgupta/.m2/repository/io/opentelemetry/opentelemetry-extension-incubator/1.28.0-alpha/opentelemetry-extension-incubator-1.28.0-alpha.jar:/Users/anubhavgupta/.m2/repository/io/opentelemetry/opentelemetry-sdk-logs/1.28.0/opentelemetry-sdk-logs-1.28.0.jar:/Users/anubhavgupta/.m2/repository/io/opentelemetry/opentelemetry-sdk-common/1.28.0/opentelemetry-sdk-common-1.28.0.jar:/Users/anubhavgupta/.m2/repository/io/opentelemetry/opentelemetry-sdk-extension-autoconfigure-spi/1.28.0/opentelemetry-sdk-extension-autoconfigure-spi-1.28.0.jar:/Users/anubhavgupta/.m2/repository/io/opentelemetry/opentelemetry-sdk-extension-autoconfigure/1.28.0/opentelemetry-sdk-extension-autoconfigure-1.28.0.jar:/Users/anubhavgupta/.m2/repository/io/opentelemetry/opentelemetry-api-events/1.28.0-alpha/opentelemetry-api-events-1.28.0-alpha.jar:/Users/anubhavgupta/.m2/repository/io/opentelemetry/opentelemetry-sdk-trace/1.28.0/opentelemetry-sdk-trace-1.28.0.jar:/Users/anubhavgupta/.m2/repository/io/opentelemetry/opentelemetry-sdk/1.28.0/opentelemetry-sdk-1.28.0.jar:/Users/anubhavgupta/.m2/repository/io/opentelemetry/opentelemetry-semconv/1.28.0-alpha/opentelemetry-semconv-1.28.0-alpha.jar:/Users/anubhavgupta/.m2/repository/net/bytebuddy/byte-buddy/1.14.5/byte-buddy-1.14.5.jar:/Users/anubhavgupta/.m2/repository/org/seleniumhq/selenium/selenium-http/4.16.1/selenium-http-4.16.1.jar:/Users/anubhavgupta/.m2/repository/dev/failsafe/failsafe/3.3.2/failsafe-3.3.2.jar:/Users/anubhavgupta/.m2/repository/org/seleniumhq/selenium/selenium-json/4.16.1/selenium-json-4.16.1.jar:/Users/anubhavgupta/.m2/repository/org/seleniumhq/selenium/selenium-manager/4.16.1/selenium-manager-4.16.1.jar:/Users/anubhavgupta/.m2/repository/org/seleniumhq/selenium/selenium-os/4.16.1/selenium-os-4.16.1.jar:/Users/anubhavgupta/.m2/repository/org/apache/commons/commons-exec/1.3/commons-exec-1.3.jar:/Users/anubhavgupta/.m2/repository/org/seleniumhq/selenium/selenium-support/4.16.1/selenium-support-4.16.1.jar:/Users/anubhavgupta/.m2/repository/com/google/code/gson/gson/2.10.1/gson-2.10.1.jar:/Users/anubhavgupta/.m2/repository/org/slf4j/slf4j-api/2.0.9/slf4j-api-2.0.9.jar:/Users/anubhavgupta/.m2/repository/org/testng/testng/7.8.0/testng-7.8.0.jar:/Users/anubhavgupta/.m2/repository/com/beust/jcommander/1.82/jcommander-1.82.jar:/Users/anubhavgupta/.m2/repository/org/webjars/jquery/3.6.1/jquery-3.6.1.jar:/Users/anubhavgupta/.m2/repository/commons-io/commons-io/2.15.0/commons-io-2.15.0.jar:/Users/anubhavgupta/.m2/repository/com/fasterxml/jackson/core/jackson-databind/2.16.1/jackson-databind-2.16.1.jar:/Users/anubhavgupta/.m2/repository/com/fasterxml/jackson/core/jackson-annotations/2.16.1/jackson-annotations-2.16.1.jar:/Users/anubhavgupta/.m2/repository/com/fasterxml/jackson/core/jackson-core/2.16.1/jackson-core-2.16.1.jar:/Users/anubhavgupta/.m2/repository/com/aventstack/extentreports/5.1.1/extentreports-5.1.1.jar:/Users/anubhavgupta/.m2/repository/io/reactivex/rxjava3/rxjava/3.1.6/rxjava-3.1.6.jar:/Users/anubhavgupta/.m2/repository/org/reactivestreams/reactive-streams/1.0.4/reactive-streams-1.0.4.jar:/Users/anubhavgupta/.m2/repository/org/freemarker/freemarker/2.3.32/freemarker-2.3.32.jar:/Users/anubhavgupta/.m2/repository/org/projectlombok/lombok/1.18.26/lombok-1.18.26.jar:"/>
    <property name="java.vm.vendor" value="Oracle Corporation"/>
    <property name="sun.arch.data.model" value="64"/>
    <property name="java.vendor.url" value="https://java.oracle.com/"/>
    <property name="user.timezone" value="Asia/Kolkata"/>
    <property name="os.name" value="Mac OS X"/>
    <property name="java.vm.specification.version" value="17"/>
    <property name="sun.java.launcher" value="SUN_STANDARD"/>
    <property name="user.country" value="IN"/>
    <property name="sun.boot.library.path" value="/Library/Java/JavaVirtualMachines/jdk-17.jdk/Contents/Home/lib"/>
    <property name="sun.java.command" value="/Users/anubhavgupta/Documents/eclipse-workspace(Java)/AppTestingFramework/target/surefire/surefirebooter-20240115220035531_3.jar /Users/anubhavgupta/Documents/eclipse-workspace(Java)/AppTestingFramework/target/surefire 2024-01-15T22-00-35_463-jvmRun1 surefire-20240115220035531_1tmp surefire_0-20240115220035531_2tmp"/>
    <property name="http.nonProxyHosts" value="local|*.local|169.254/16|*.169.254/16"/>
    <property name="jdk.debug" value="release"/>
    <property name="surefire.test.class.path" value="/Users/anubhavgupta/Documents/eclipse-workspace(Java)/AppTestingFramework/target/test-classes:/Users/anubhavgupta/Documents/eclipse-workspace(Java)/AppTestingFramework/target/classes:/Users/anubhavgupta/.m2/repository/io/appium/java-client/9.0.0/java-client-9.0.0.jar:/Users/anubhavgupta/.m2/repository/org/seleniumhq/selenium/selenium-api/4.16.1/selenium-api-4.16.1.jar:/Users/anubhavgupta/.m2/repository/org/seleniumhq/selenium/selenium-remote-driver/4.16.1/selenium-remote-driver-4.16.1.jar:/Users/anubhavgupta/.m2/repository/com/google/auto/service/auto-service-annotations/1.1.1/auto-service-annotations-1.1.1.jar:/Users/anubhavgupta/.m2/repository/com/google/guava/guava/32.1.2-jre/guava-32.1.2-jre.jar:/Users/anubhavgupta/.m2/repository/com/google/guava/failureaccess/1.0.1/failureaccess-1.0.1.jar:/Users/anubhavgupta/.m2/repository/com/google/guava/listenablefuture/9999.0-empty-to-avoid-conflict-with-guava/listenablefuture-9999.0-empty-to-avoid-conflict-with-guava.jar:/Users/anubhavgupta/.m2/repository/com/google/code/findbugs/jsr305/3.0.2/jsr305-3.0.2.jar:/Users/anubhavgupta/.m2/repository/org/checkerframework/checker-qual/3.33.0/checker-qual-3.33.0.jar:/Users/anubhavgupta/.m2/repository/com/google/errorprone/error_prone_annotations/2.18.0/error_prone_annotations-2.18.0.jar:/Users/anubhavgupta/.m2/repository/com/google/j2objc/j2objc-annotations/2.8/j2objc-annotations-2.8.jar:/Users/anubhavgupta/.m2/repository/io/opentelemetry/opentelemetry-api/1.28.0/opentelemetry-api-1.28.0.jar:/Users/anubhavgupta/.m2/repository/io/opentelemetry/opentelemetry-context/1.28.0/opentelemetry-context-1.28.0.jar:/Users/anubhavgupta/.m2/repository/io/opentelemetry/opentelemetry-exporter-logging/1.28.0/opentelemetry-exporter-logging-1.28.0.jar:/Users/anubhavgupta/.m2/repository/io/opentelemetry/opentelemetry-sdk-metrics/1.28.0/opentelemetry-sdk-metrics-1.28.0.jar:/Users/anubhavgupta/.m2/repository/io/opentelemetry/opentelemetry-extension-incubator/1.28.0-alpha/opentelemetry-extension-incubator-1.28.0-alpha.jar:/Users/anubhavgupta/.m2/repository/io/opentelemetry/opentelemetry-sdk-logs/1.28.0/opentelemetry-sdk-logs-1.28.0.jar:/Users/anubhavgupta/.m2/repository/io/opentelemetry/opentelemetry-sdk-common/1.28.0/opentelemetry-sdk-common-1.28.0.jar:/Users/anubhavgupta/.m2/repository/io/opentelemetry/opentelemetry-sdk-extension-autoconfigure-spi/1.28.0/opentelemetry-sdk-extension-autoconfigure-spi-1.28.0.jar:/Users/anubhavgupta/.m2/repository/io/opentelemetry/opentelemetry-sdk-extension-autoconfigure/1.28.0/opentelemetry-sdk-extension-autoconfigure-1.28.0.jar:/Users/anubhavgupta/.m2/repository/io/opentelemetry/opentelemetry-api-events/1.28.0-alpha/opentelemetry-api-events-1.28.0-alpha.jar:/Users/anubhavgupta/.m2/repository/io/opentelemetry/opentelemetry-sdk-trace/1.28.0/opentelemetry-sdk-trace-1.28.0.jar:/Users/anubhavgupta/.m2/repository/io/opentelemetry/opentelemetry-sdk/1.28.0/opentelemetry-sdk-1.28.0.jar:/Users/anubhavgupta/.m2/repository/io/opentelemetry/opentelemetry-semconv/1.28.0-alpha/opentelemetry-semconv-1.28.0-alpha.jar:/Users/anubhavgupta/.m2/repository/net/bytebuddy/byte-buddy/1.14.5/byte-buddy-1.14.5.jar:/Users/anubhavgupta/.m2/repository/org/seleniumhq/selenium/selenium-http/4.16.1/selenium-http-4.16.1.jar:/Users/anubhavgupta/.m2/repository/dev/failsafe/failsafe/3.3.2/failsafe-3.3.2.jar:/Users/anubhavgupta/.m2/repository/org/seleniumhq/selenium/selenium-json/4.16.1/selenium-json-4.16.1.jar:/Users/anubhavgupta/.m2/repository/org/seleniumhq/selenium/selenium-manager/4.16.1/selenium-manager-4.16.1.jar:/Users/anubhavgupta/.m2/repository/org/seleniumhq/selenium/selenium-os/4.16.1/selenium-os-4.16.1.jar:/Users/anubhavgupta/.m2/repository/org/apache/commons/commons-exec/1.3/commons-exec-1.3.jar:/Users/anubhavgupta/.m2/repository/org/seleniumhq/selenium/selenium-support/4.16.1/selenium-support-4.16.1.jar:/Users/anubhavgupta/.m2/repository/com/google/code/gson/gson/2.10.1/gson-2.10.1.jar:/Users/anubhavgupta/.m2/repository/org/slf4j/slf4j-api/2.0.9/slf4j-api-2.0.9.jar:/Users/anubhavgupta/.m2/repository/org/testng/testng/7.8.0/testng-7.8.0.jar:/Users/anubhavgupta/.m2/repository/com/beust/jcommander/1.82/jcommander-1.82.jar:/Users/anubhavgupta/.m2/repository/org/webjars/jquery/3.6.1/jquery-3.6.1.jar:/Users/anubhavgupta/.m2/repository/commons-io/commons-io/2.15.0/commons-io-2.15.0.jar:/Users/anubhavgupta/.m2/repository/com/fasterxml/jackson/core/jackson-databind/2.16.1/jackson-databind-2.16.1.jar:/Users/anubhavgupta/.m2/repository/com/fasterxml/jackson/core/jackson-annotations/2.16.1/jackson-annotations-2.16.1.jar:/Users/anubhavgupta/.m2/repository/com/fasterxml/jackson/core/jackson-core/2.16.1/jackson-core-2.16.1.jar:/Users/anubhavgupta/.m2/repository/com/aventstack/extentreports/5.1.1/extentreports-5.1.1.jar:/Users/anubhavgupta/.m2/repository/io/reactivex/rxjava3/rxjava/3.1.6/rxjava-3.1.6.jar:/Users/anubhavgupta/.m2/repository/org/reactivestreams/reactive-streams/1.0.4/reactive-streams-1.0.4.jar:/Users/anubhavgupta/.m2/repository/org/freemarker/freemarker/2.3.32/freemarker-2.3.32.jar:/Users/anubhavgupta/.m2/repository/org/projectlombok/lombok/1.18.26/lombok-1.18.26.jar:"/>
    <property name="sun.cpu.endian" value="little"/>
    <property name="user.home" value="/Users/anubhavgupta"/>
    <property name="user.language" value="en"/>
    <property name="java.specification.vendor" value="Oracle Corporation"/>
    <property name="java.version.date" value="2023-07-18"/>
    <property name="java.home" value="/Library/Java/JavaVirtualMachines/jdk-17.jdk/Contents/Home"/>
    <property name="file.separator" value="/"/>
    <property name="basedir" value="/Users/anubhavgupta/Documents/eclipse-workspace(Java)/AppTestingFramework"/>
    <property name="java.vm.compressedOopsMode" value="Zero based"/>
    <property name="line.separator" value="&#10;"/>
    <property name="java.specification.name" value="Java Platform API Specification"/>
    <property name="java.vm.specification.vendor" value="Oracle Corporation"/>
    <property name="surefire.real.class.path" value="/Users/anubhavgupta/Documents/eclipse-workspace(Java)/AppTestingFramework/target/surefire/surefirebooter-20240115220035531_3.jar"/>
    <property name="sun.management.compiler" value="HotSpot 64-Bit Tiered Compilers"/>
    <property name="ftp.nonProxyHosts" value="local|*.local|169.254/16|*.169.254/16"/>
    <property name="java.runtime.version" value="17.0.8+9-LTS-211"/>
    <property name="user.name" value="anubhavgupta"/>
    <property name="path.separator" value=":"/>
    <property name="os.version" value="14.1.2"/>
    <property name="java.runtime.name" value="Java(TM) SE Runtime Environment"/>
    <property name="file.encoding" value="UTF-8"/>
    <property name="java.vm.name" value="Java HotSpot(TM) 64-Bit Server VM"/>
    <property name="localRepository" value="/Users/anubhavgupta/.m2/repository"/>
    <property name="java.vendor.url.bug" value="https://bugreport.java.com/bugreport/"/>
    <property name="java.io.tmpdir" value="/var/folders/50/h0kr4z853r38v7qk2rph_hph0000gn/T/"/>
    <property name="java.version" value="17.0.8"/>
    <property name="user.dir" value="/Users/anubhavgupta/Documents/eclipse-workspace(Java)/AppTestingFramework"/>
    <property name="os.arch" value="aarch64"/>
    <property name="java.vm.specification.name" value="Java Virtual Machine Specification"/>
    <property name="native.encoding" value="UTF-8"/>
    <property name="java.library.path" value="/Users/anubhavgupta/Library/Java/Extensions:/Library/Java/Extensions:/Network/Library/Java/Extensions:/System/Library/Java/Extensions:/usr/lib/java:."/>
    <property name="java.vm.info" value="mixed mode, sharing"/>
    <property name="java.vendor" value="Oracle Corporation"/>
    <property name="java.vm.version" value="17.0.8+9-LTS-211"/>
    <property name="sun.io.unicode.encoding" value="UnicodeBig"/>
    <property name="socksNonProxyHosts" value="local|*.local|169.254/16|*.169.254/16"/>
    <property name="java.class.version" value="61.0"/>
  </properties>
  <testcase name="Test" classname="TestFolders.IOSFlow" time="3.277">
    <system-out><![CDATA[&amp#27;[35m[Appium]&amp#27;[39m Welcome to Appium v2.3.0
&amp#27;[35m[Appium]&amp#27;[39m Non-default server args:
&amp#27;[35m[Appium]&amp#27;[39m { address: &amp#27;[32m'127.0.0.1'&amp#27;[39m, localTimezone: &amp#27;[33mtrue&amp#27;[39m }
&amp#27;[35m[Appium]&amp#27;[39m The autodetected Appium home path: /Users/anubhavgupta/.appium
&amp#27;[35m[Appium]&amp#27;[39m Attempting to load driver uiautomator2...
&amp#27;[35m[Appium]&amp#27;[39m Attempting to load driver xcuitest...
&amp#27;[35m[Appium]&amp#27;[39m Requiring driver at /Users/anubhavgupta/.appium/node_modules/appium-uiautomator2-driver/build/index.js
&amp#27;[35m[Appium]&amp#27;[39m Requiring driver at /Users/anubhavgupta/.appium/node_modules/appium-xcuitest-driver/build/index.js
[Appium] AndroidUiautomator2Driver has been successfully loaded in 0.894s
[Appium] XCUITestDriver has been successfully loaded in 0.894s
[Appium] Appium REST http interface listener started on http://127.0.0.1:4723
[Appium] Available drivers:
[Appium]   - uiautomator2@2.36.0 (automationName 'UiAutomator2')
[Appium]   - xcuitest@5.12.2 (automationName 'XCUITest')
[Appium] No plugins have been installed. Use the "appium plugin" command to install the one(s) you want to use.
&amp#27;[38;5;0m[HTTP]&amp#27;[0m &amp#27;[37m-->&amp#27;[39m &amp#27;[37mGET&amp#27;[39m &amp#27;[37m/status&amp#27;[39m
&amp#27;[38;5;0m[HTTP]&amp#27;[0m {}
&amp#27;[38;5;16m[AppiumDriver@c992]&amp#27;[0m Calling AppiumDriver.getStatus() with args: []
&amp#27;[38;5;16m[AppiumDriver@c992]&amp#27;[0m Responding to client with driver.getStatus() result: {"ready":true,"message":"The server is ready to accept new connections","build":{"version":"2.3.0"}}
&amp#27;[38;5;0m[HTTP]&amp#27;[0m <-- GET /status 200 3 ms - 110
&amp#27;[38;5;0m[HTTP]&amp#27;[0m 
&amp#27;[38;5;0m[HTTP]&amp#27;[0m Request idempotency key: 2e30bc29-5d23-46ad-a63d-374655675c97
&amp#27;[38;5;0m[HTTP]&amp#27;[0m &amp#27;[37m-->&amp#27;[39m &amp#27;[37mPOST&amp#27;[39m &amp#27;[37m/session&amp#27;[39m
&amp#27;[38;5;0m[HTTP]&amp#27;[0m {"capabilities":{"firstMatch":[{}],"alwaysMatch":{"appium:app":"/Users/anubhavgupta/Documents/eclipse-workspace(Java)/AppTestingFramework/src/main/java/APPS/UIKitCatalog.app","appium:automationName":"XCuiTest","appium:deviceName":"iPhone 15","appium:platformVersion":"17.2","appium:wdaLaunchTimeout":20000,"platformName":"IOS"}}}
&amp#27;[38;5;16m[AppiumDriver@c992]&amp#27;[0m Calling AppiumDriver.createSession() with args: [null,null,{"firstMatch":[{}],"alwaysMatch":{"appium:app":"/Users/anubhavgupta/Documents/eclipse-workspace(Java)/AppTestingFramework/src/main/java/APPS/UIKitCatalog.app","appium:automationName":"XCuiTest","appium:deviceName":"iPhone 15","appium:platformVersion":"17.2","appium:wdaLaunchTimeout":20000,"platformName":"IOS"}}]
&amp#27;[38;5;16m[AppiumDriver@c992]&amp#27;[0m Event 'newSessionRequested' logged at 1705336238155 (22:00:38 GMT+0530 (India Standard Time))
[Appium] Attempting to find matching driver for automationName 'XCuiTest' and platformName 'IOS'
[Appium] The 'xcuitest' driver was installed and matched caps.
[Appium] Will require it at /Users/anubhavgupta/.appium/node_modules/appium-xcuitest-driver
[Appium] Requiring driver at /Users/anubhavgupta/.appium/node_modules/appium-xcuitest-driver/build/index.js
&amp#27;[38;5;16m[AppiumDriver@c992]&amp#27;[0m Appium v2.3.0 creating new XCUITestDriver (v5.12.2) session
&amp#27;[38;5;16m[AppiumDriver@c992]&amp#27;[0m Checking BaseDriver versions for Appium and XCUITestDriver
&amp#27;[38;5;16m[AppiumDriver@c992]&amp#27;[0m Appium's BaseDriver version is 9.4.4
&amp#27;[38;5;16m[AppiumDriver@c992]&amp#27;[0m XCUITestDriver's BaseDriver version is 9.4.4
&amp#27;[38;5;32m[XCUITestDriver@f4cb]&amp#27;[0m Creating session with W3C capabilities: {
&amp#27;[38;5;32m[XCUITestDriver@f4cb]&amp#27;[0m   "alwaysMatch": {
&amp#27;[38;5;32m[XCUITestDriver@f4cb]&amp#27;[0m     "platformName": "IOS",
&amp#27;[38;5;32m[XCUITestDriver@f4cb]&amp#27;[0m     "appium:app": "/Users/anubhavgupta/Documents/eclipse-workspace(Java)/AppTestingFramework/src/main/java/APPS/UIKitCatalog.app",
&amp#27;[38;5;32m[XCUITestDriver@f4cb]&amp#27;[0m     "appium:automationName": "XCuiTest",
&amp#27;[38;5;32m[XCUITestDriver@f4cb]&amp#27;[0m     "appium:deviceName": "iPhone 15",
&amp#27;[38;5;32m[XCUITestDriver@f4cb]&amp#27;[0m     "appium:platformVersion": "17.2",
&amp#27;[38;5;32m[XCUITestDriver@f4cb]&amp#27;[0m     "appium:wdaLaunchTimeout": 20000
&amp#27;[38;5;32m[XCUITestDriver@f4cb]&amp#27;[0m   },
&amp#27;[38;5;32m[XCUITestDriver@f4cb]&amp#27;[0m   "firstMatch": [
&amp#27;[38;5;32m[XCUITestDriver@f4cb]&amp#27;[0m     {}
&amp#27;[38;5;32m[XCUITestDriver@f4cb]&amp#27;[0m   ]
&amp#27;[38;5;32m[XCUITestDriver@f4cb]&amp#27;[0m }
&amp#27;[38;5;32m[XCUITestDriver@f4cb (d624bd9b)]&amp#27;[0m Session created with session id: d624bd9b-4867-40a0-a52b-81615d900468
&amp#27;[38;5;48m[XCUITest]&amp#27;[0m Current user: 'anubhavgupta'
&amp#27;[38;5;32m[XCUITestDriver@f4cb (d624bd9b)]&amp#27;[0m No real device udid has been provided in capabilities. Will select a matching simulator to run the test.
&amp#27;[38;5;32m[XCUITestDriver@f4cb (d624bd9b)]&amp#27;[0m iOS SDK Version set to '17.2'
&amp#27;[38;5;48m[XCUITest]&amp#27;[0m Looking for an existing Simulator with platformName: iOS, platformVersion: 17.2, deviceName: iPhone 15
&amp#27;[38;5;64m[iOSSim]&amp#27;[0m Constructing iOS simulator for Xcode version 15.1 with udid 'EC140F98-7D0A-48B3-84BC-CC084FCA0BED'
&amp#27;[38;5;32m[XCUITestDriver@f4cb (d624bd9b)]&amp#27;[0m Determining device to run tests on: udid: 'EC140F98-7D0A-48B3-84BC-CC084FCA0BED', real device: false
&amp#27;[38;5;32m[XCUITestDriver@f4cb (d624bd9b)]&amp#27;[0m Event 'xcodeDetailsRetrieved' logged at 1705336238515 (22:00:38 GMT+0530 (India Standard Time))
&amp#27;[38;5;80m[BaseDriver]&amp#27;[0m Using local app '/Users/anubhavgupta/Documents/eclipse-workspace(Java)/AppTestingFramework/src/main/java/APPS/UIKitCatalog.app'
&amp#27;[38;5;32m[XCUITestDriver@f4cb (d624bd9b)]&amp#27;[0m Event 'appConfigured' logged at 1705336238520 (22:00:38 GMT+0530 (India Standard Time))
&amp#27;[38;5;48m[XCUITest]&amp#27;[0m Checking whether app '/Users/anubhavgupta/Documents/eclipse-workspace(Java)/AppTestingFramework/src/main/java/APPS/UIKitCatalog.app' is actually present on file system
&amp#27;[38;5;48m[XCUITest]&amp#27;[0m App is present
&amp#27;[38;5;48m[XCUITest]&amp#27;[0m Getting bundle ID from app '/Users/anubhavgupta/Documents/eclipse-workspace(Java)/AppTestingFramework/src/main/java/APPS/UIKitCatalog.app': 'com.example.apple-samplecode.UICatalog'
&amp#27;[38;5;32m[XCUITestDriver@f4cb (d624bd9b)]&amp#27;[0m Event 'resetStarted' logged at 1705336238529 (22:00:38 GMT+0530 (India Standard Time))
&amp#27;[38;5;96m[simctl]&amp#27;[0m Error running 'terminate': An error was encountered processing the command (domain=NSPOSIXErrorDomain, code=3):
Simulator device returned an error for the requested operation.
found nothing to terminate
Underlying error (domain=NSPOSIXErrorDomain, code=3):
	The request to terminate "com.example.apple-samplecode.UICatalog" failed. found nothing to terminate
	found nothing to terminate
&amp#27;[38;5;48m[XCUITest]&amp#27;[0m Reset: failed to terminate Simulator application with id "com.example.apple-samplecode.UICatalog"
&amp#27;[38;5;48m[XCUITest]&amp#27;[0m Not scrubbing third party app in anticipation of uninstall
&amp#27;[38;5;32m[XCUITestDriver@f4cb (d624bd9b)]&amp#27;[0m Event 'resetComplete' logged at 1705336238681 (22:00:38 GMT+0530 (India Standard Time))
&amp#27;[38;5;32m[XCUITestDriver@f4cb (d624bd9b)]&amp#27;[0m Using WDA path: '/Users/anubhavgupta/.appium/node_modules/appium-xcuitest-driver/node_modules/appium-webdriveragent'
&amp#27;[38;5;32m[XCUITestDriver@f4cb (d624bd9b)]&amp#27;[0m Using WDA agent: '/Users/anubhavgupta/.appium/node_modules/appium-xcuitest-driver/node_modules/appium-webdriveragent/WebDriverAgent.xcodeproj'
&amp#27;[38;5;112m[IOSSimulatorLog]&amp#27;[0m Starting log capture for iOS Simulator with udid 'EC140F98-7D0A-48B3-84BC-CC084FCA0BED' using simctl
&amp#27;[38;5;32m[XCUITestDriver@f4cb (d624bd9b)]&amp#27;[0m Event 'logCaptureStarted' logged at 1705336239204 (22:00:39 GMT+0530 (India Standard Time))
&amp#27;[38;5;32m[XCUITestDriver@f4cb (d624bd9b)]&amp#27;[0m Setting up simulator
&amp#27;[38;5;64m[iOSSim]&amp#27;[0m Setting preferences of EC140F98-7D0A-48B3-84BC-CC084FCA0BED Simulator to {"ConnectHardwareKeyboard":false}
&amp#27;[38;5;64m[iOSSim]&amp#27;[0m Setting common Simulator preferences to {"RotateWindowWhenSignaledByGuest":true,"StartLastDeviceOnLaunch":false,"DetachOnWindowClose":false,"AttachBootedOnStart":true,"ConnectHardwareKeyboard":false,"PasteboardAutomaticSync":false}
&amp#27;[38;5;64m[iOSSim]&amp#27;[0m Updated EC140F98-7D0A-48B3-84BC-CC084FCA0BED Simulator preferences at '/Users/anubhavgupta/Library/Preferences/com.apple.iphonesimulator.plist' with {"RotateWindowWhenSignaledByGuest":true,"StartLastDeviceOnLaunch":false,"DetachOnWindowClose":false,"AttachBootedOnStart":true,"ConnectHardwareKeyboard":false,"PasteboardAutomaticSync":false,"DevicePreferences":{"EC140F98-7D0A-48B3-84BC-CC084FCA0BED":{"SimulatorExternalDisplay":2114,"ConnectHardwareKeyboard":false,"SimulatorWindowGeometry":{"0975EAF7-5C20-4E7F-8FB0-FD9F103FF5AE":{"WindowCenter":"{720, 450}","WindowScale":0.9351230425055927}},"SimulatorWindowOrientation":"Portrait","SimulatorWindowRotationAngle":0,"ChromeTint":""}}}
&amp#27;[38;5;64m[iOSSim]&amp#27;[0m Got Simulator UI client PID: 33948
&amp#27;[38;5;64m[iOSSim]&amp#27;[0m Both Simulator with UDID 'EC140F98-7D0A-48B3-84BC-CC084FCA0BED' and the UI client are currently running
&amp#27;[38;5;32m[XCUITestDriver@f4cb (d624bd9b)]&amp#27;[0m Event 'simStarted' logged at 1705336239359 (22:00:39 GMT+0530 (India Standard Time))
&amp#27;[38;5;48m[XCUITest]&amp#27;[0m Verifying application platform
&amp#27;[38;5;48m[XCUITest]&amp#27;[0m CFBundleSupportedPlatforms: ["iPhoneSimulator"]
&amp#27;[38;5;32m[XCUITestDriver@f4cb (d624bd9b)]&amp#27;[0m App 'com.example.apple-samplecode.UICatalog' is already installed
&amp#27;[38;5;48m[XCUITest]&amp#27;[0m Reset requested. Removing app with id 'com.example.apple-samplecode.UICatalog' from the device
&amp#27;[38;5;48m[XCUITest]&amp#27;[0m Installing '/Users/anubhavgupta/Documents/eclipse-workspace(Java)/AppTestingFramework/src/main/java/APPS/UIKitCatalog.app' on Simulator with UUID 'EC140F98-7D0A-48B3-84BC-CC084FCA0BED'...
&amp#27;[38;5;48m[XCUITest]&amp#27;[0m The app has been installed successfully.
&amp#27;[38;5;32m[XCUITestDriver@f4cb (d624bd9b)]&amp#27;[0m Event 'appInstalled' logged at 1705336240837 (22:00:40 GMT+0530 (India Standard Time))
&amp#27;[38;5;32m[XCUITestDriver@f4cb (d624bd9b)]&amp#27;[0m No obsolete cached processes from previous WDA sessions listening on port 8100 have been found
&amp#27;[38;5;128m[DevCon Factory]&amp#27;[0m Requesting connection for device EC140F98-7D0A-48B3-84BC-CC084FCA0BED on local port 8100
&amp#27;[38;5;128m[DevCon Factory]&amp#27;[0m Cached connections count: 0
&amp#27;[38;5;128m[DevCon Factory]&amp#27;[0m Successfully requested the connection for EC140F98-7D0A-48B3-84BC-CC084FCA0BED:8100
&amp#27;[38;5;32m[XCUITestDriver@f4cb (d624bd9b)]&amp#27;[0m Starting WebDriverAgent initialization with the synchronization key 'XCUITestDriver'
&amp#27;[38;5;144m[WD Proxy]&amp#27;[0m Matched '/status' to command name 'getStatus'
&amp#27;[38;5;144m[WD Proxy]&amp#27;[0m Proxying [GET /status] to [GET http://127.0.0.1:8100/status] with no body
&amp#27;[38;5;144m[WD Proxy]&amp#27;[0m Got response with status 200: {"value":{"build":{"upgradedAt":"1703599410341","time":"Jan 15 2024 21:54:05","productBundleIdentifier":"com.facebook.WebDriverAgentRunner"},"os":{"testmanagerdVersion":65535,"name":"iOS","sdkVersion":"17.0","version":"17.2"},"device":"iphone","ios":{"simulatorVersion":"17.2","ip":"192.168.1.4"},"message":"WebDriverAgent is ready to accept commands","state":"success","ready":true},"sessionId":null}
&amp#27;[38;5;32m[XCUITestDriver@f4cb (d624bd9b)]&amp#27;[0m Upgrade timestamp of the currently bundled WDA: 1703599410341
&amp#27;[38;5;32m[XCUITestDriver@f4cb (d624bd9b)]&amp#27;[0m Upgrade timestamp of the WDA on the device: 1703599410341
&amp#27;[38;5;32m[XCUITestDriver@f4cb (d624bd9b)]&amp#27;[0m Will reuse previously cached WDA instance at 'http://127.0.0.1:8100/' with 'com.facebook.WebDriverAgentRunner'. Set the wdaLocalPort capability to a value different from 8100 if this is an undesired behavior.
&amp#27;[38;5;32m[XCUITestDriver@f4cb (d624bd9b)]&amp#27;[0m Trying to start WebDriverAgent 2 times with 10000ms interval
&amp#27;[38;5;32m[XCUITestDriver@f4cb (d624bd9b)]&amp#27;[0m These values can be customized by changing wdaStartupRetries/wdaStartupRetryInterval capabilities
&amp#27;[38;5;32m[XCUITestDriver@f4cb (d624bd9b)]&amp#27;[0m Event 'wdaStartAttempted' logged at 1705336241080 (22:00:41 GMT+0530 (India Standard Time))
&amp#27;[38;5;32m[XCUITestDriver@f4cb (d624bd9b)]&amp#27;[0m Using provided WebdriverAgent at 'http://127.0.0.1:8100/'
&amp#27;[38;5;144m[WD Proxy]&amp#27;[0m Matched '/status' to command name 'getStatus'
&amp#27;[38;5;144m[WD Proxy]&amp#27;[0m Proxying [GET /status] to [GET http://127.0.0.1:8100/status] with no body
&amp#27;[38;5;144m[WD Proxy]&amp#27;[0m Got response with status 200: {"value":{"build":{"upgradedAt":"1703599410341","time":"Jan 15 2024 21:54:05","productBundleIdentifier":"com.facebook.WebDriverAgentRunner"},"os":{"testmanagerdVersion":65535,"name":"iOS","sdkVersion":"17.0","version":"17.2"},"device":"iphone","ios":{"simulatorVersion":"17.2","ip":"192.168.1.4"},"message":"WebDriverAgent is ready to accept commands","state":"success","ready":true},"sessionId":null}
&amp#27;[38;5;32m[XCUITestDriver@f4cb (d624bd9b)]&amp#27;[0m Event 'wdaSessionAttempted' logged at 1705336241091 (22:00:41 GMT+0530 (India Standard Time))
&amp#27;[38;5;32m[XCUITestDriver@f4cb (d624bd9b)]&amp#27;[0m Sending createSession command to WDA
&amp#27;[38;5;32m[XCUITestDriver@f4cb (d624bd9b)]&amp#27;[0m Matched '/session' to command name 'createSession'
&amp#27;[38;5;32m[XCUITestDriver@f4cb (d624bd9b)]&amp#27;[0m Proxying [POST /session] to [POST http://127.0.0.1:8100/session] with body: {"capabilities":{"firstMatch":[{"bundleId":"com.example.apple-samplecode.UICatalog","arguments":[],"environment":{},"eventloopIdleDelaySec":0,"shouldWaitForQuiescence":true,"shouldUseTestManagerForVisibilityDetection":false,"maxTypingFrequency":60,"shouldUseSingletonTestManager":true,"shouldTerminateApp":true,"forceAppLaunch":true,"useNativeCachingStrategy":true,"forceSimulatorSoftwareKeyboardPresence":true}],"alwaysMatch":{}}}
&amp#27;[38;5;32m[XCUITestDriver@f4cb (d624bd9b)]&amp#27;[0m Got response with status 400: {"value":{"error":"invalid argument","message":"Error Domain=FBSOpenApplicationServiceErrorDomain Code=1 \"The request to open \"com.example.apple-samplecode.UICatalog\" failed.\" UserInfo={BSErrorCodeDescription=RequestDenied, NSUnderlyingError=0x600000d76880 {Error Domain=FBSOpenApplicationErrorDomain Code=4 \"Unknown application display identifier com.example.apple-samplecode.UICatalog.\" UserInfo={BSErrorCodeDescription=NotFound, NSLocalizedFailureReason=Unknown application display identifier com.example.apple-samplecode.UICatalog.}}, NSLocalizedDescription=The request to open \"com.example.apple-samplecode.UICatalog\" failed., FBSOpenApplicationRequestID=0x7a23, NSLocalizedFailureReason=The request was denied by service delegate (SBMainWorkspace) for reason: NotFound (\"Unknown application display identifier com.example.apple-samplecode.UICatalog\").}","traceback":"(\n\t0   CoreFoundation                      0x0000000180491128 __exceptionPreprocess + 172\n\t1   libobjc.A.dylib                     0x0...
&amp#27;[38;5;160m[W3C]&amp#27;[0m Matched W3C error code 'invalid argument' to InvalidArgumentError
&amp#27;[38;5;32m[XCUITestDriver@f4cb (d624bd9b)]&amp#27;[0m Failed to create WDA session (Error Domain=FBSOpenApplicationServiceErrorDomain Code=1 "The request to open "com.example.apple-samplecode.UICatalog" failed." UserInfo={BSErrorCodeDescription=RequestDenied, NSUnderlyingError=0x600000d76880 {Error Domain=FBSOpenApplicationErrorDomain Code=4 "Unknown application display identifier com.example.apple-samplecode.UICatalog." UserInfo={BSErrorCodeDescription=NotFound, NSLocalizedFailureReason=Unknown application display identifier com.example.apple-samplecode.UICatalog.}}, NSLocalizedDescription=The request to open "com.example.apple-samplecode.UICatalog" failed., FBSOpenApplicationRequestID=0x7a23, NSLocalizedFailureReason=The request was denied by service delegate (SBMainWorkspace) for reason: NotFound ("Unknown application display identifier com.example.apple-samplecode.UICatalog").}). Retrying...
&amp#27;[38;5;32m[XCUITestDriver@f4cb (d624bd9b)]&amp#27;[0m Event 'wdaSessionAttempted' logged at 1705336242510 (22:00:42 GMT+0530 (India Standard Time))
&amp#27;[38;5;32m[XCUITestDriver@f4cb (d624bd9b)]&amp#27;[0m Sending createSession command to WDA
&amp#27;[38;5;32m[XCUITestDriver@f4cb (d624bd9b)]&amp#27;[0m Matched '/session' to command name 'createSession'
&amp#27;[38;5;32m[XCUITestDriver@f4cb (d624bd9b)]&amp#27;[0m Proxying [POST /session] to [POST http://127.0.0.1:8100/session] with body: {"capabilities":{"firstMatch":[{"bundleId":"com.example.apple-samplecode.UICatalog","arguments":[],"environment":{},"eventloopIdleDelaySec":0,"shouldWaitForQuiescence":true,"shouldUseTestManagerForVisibilityDetection":false,"maxTypingFrequency":60,"shouldUseSingletonTestManager":true,"shouldTerminateApp":true,"forceAppLaunch":true,"useNativeCachingStrategy":true,"forceSimulatorSoftwareKeyboardPresence":true}],"alwaysMatch":{}}}
&amp#27;[38;5;32m[XCUITestDriver@f4cb (d624bd9b)]&amp#27;[0m Parsed BUILD_DIR configuration value: '/Users/anubhavgupta/Library/Developer/Xcode/DerivedData/WebDriverAgent-eqkxxyxsocqjobashtdgymrriltl/Build/Products'
&amp#27;[38;5;32m[XCUITestDriver@f4cb (d624bd9b)]&amp#27;[0m Got derived data root: '/Users/anubhavgupta/Library/Developer/Xcode/DerivedData/WebDriverAgent-eqkxxyxsocqjobashtdgymrriltl'
&amp#27;[38;5;32m[XCUITestDriver@f4cb (d624bd9b)]&amp#27;[0m Got response with status 200: {"value":{"sessionId":"A0E56B16-120A-4744-AA40-5BBA4878775C","capabilities":{"sdkVersion":"17.2","device":"iphone"}},"sessionId":"A0E56B16-120A-4744-AA40-5BBA4878775C"}
&amp#27;[38;5;32m[XCUITestDriver@f4cb (d624bd9b)]&amp#27;[0m Determined the downstream protocol as 'W3C'
&amp#27;[38;5;32m[XCUITestDriver@f4cb (d624bd9b)]&amp#27;[0m Event 'wdaSessionStarted' logged at 1705336245437 (22:00:45 GMT+0530 (India Standard Time))
&amp#27;[38;5;32m[XCUITestDriver@f4cb (d624bd9b)]&amp#27;[0m Event 'wdaStarted' logged at 1705336245438 (22:00:45 GMT+0530 (India Standard Time))
&amp#27;[38;5;80m[BaseDriver]&amp#27;[0m The value of 'elementResponseAttributes' setting did not change. Skipping the update for it
&amp#27;[38;5;80m[BaseDriver]&amp#27;[0m The value of 'shouldUseCompactResponses' setting did not change. Skipping the update for it
&amp#27;[38;5;16m[AppiumDriver@c992]&amp#27;[0m New XCUITestDriver session created successfully, session d624bd9b-4867-40a0-a52b-81615d900468 added to master session list
&amp#27;[38;5;16m[AppiumDriver@c992]&amp#27;[0m Event 'newSessionStarted' logged at 1705336245444 (22:00:45 GMT+0530 (India Standard Time))
&amp#27;[38;5;32m[XCUITestDriver@f4cb (d624bd9b)]&amp#27;[0m Cached the protocol value 'W3C' for the new session d624bd9b-4867-40a0-a52b-81615d900468
&amp#27;[38;5;32m[XCUITestDriver@f4cb (d624bd9b)]&amp#27;[0m Responding to client with driver.createSession() result: {"capabilities":{"webStorageEnabled":false,"locationContextEnabled":false,"browserName":"","platform":"MAC","javascriptEnabled":true,"databaseEnabled":false,"takesScreenshot":true,"networkConnectionEnabled":false,"platformName":"IOS","app":"/Users/anubhavgupta/Documents/eclipse-workspace(Java)/AppTestingFramework/src/main/java/APPS/UIKitCatalog.app","automationName":"XCuiTest","deviceName":"iPhone 15","platformVersion":"17.2","wdaLaunchTimeout":20000,"udid":"EC140F98-7D0A-48B3-84BC-CC084FCA0BED"}}
&amp#27;[38;5;0m[HTTP]&amp#27;[0m <-- POST /session 200 7297 ms - 563
&amp#27;[38;5;0m[HTTP]&amp#27;[0m 
&amp#27;[38;5;0m[HTTP]&amp#27;[0m &amp#27;[37m-->&amp#27;[39m &amp#27;[37mPOST&amp#27;[39m &amp#27;[37m/session/d624bd9b-4867-40a0-a52b-81615d900468/timeouts&amp#27;[39m
&amp#27;[38;5;0m[HTTP]&amp#27;[0m {"implicit":20000}
&amp#27;[38;5;32m[XCUITestDriver@f4cb (d624bd9b)]&amp#27;[0m Calling AppiumDriver.timeouts() with args: [null,null,null,null,20000,"d624bd9b-4867-40a0-a52b-81615d900468"]
&amp#27;[38;5;32m[XCUITestDriver@f4cb (d624bd9b)]&amp#27;[0m Executing command 'timeouts'
&amp#27;[38;5;32m[XCUITestDriver@f4cb (d624bd9b)]&amp#27;[0m W3C timeout argument: {"implicit":20000}}
&amp#27;[38;5;32m[XCUITestDriver@f4cb (d624bd9b)]&amp#27;[0m Set implicit wait to 20000ms
&amp#27;[38;5;32m[XCUITestDriver@f4cb (d624bd9b)]&amp#27;[0m Responding to client with driver.timeouts() result: null
&amp#27;[38;5;0m[HTTP]&amp#27;[0m <-- POST /session/d624bd9b-4867-40a0-a52b-81615d900468/timeouts 200 4 ms - 14
&amp#27;[38;5;0m[HTTP]&amp#27;[0m 
&amp#27;[38;5;0m[HTTP]&amp#27;[0m &amp#27;[37m-->&amp#27;[39m &amp#27;[37mGET&amp#27;[39m &amp#27;[37m/session/d624bd9b-4867-40a0-a52b-81615d900468/context&amp#27;[39m
&amp#27;[38;5;0m[HTTP]&amp#27;[0m {}
&amp#27;[38;5;32m[XCUITestDriver@f4cb (d624bd9b)]&amp#27;[0m Calling AppiumDriver.getCurrentContext() with args: ["d624bd9b-4867-40a0-a52b-81615d900468"]
&amp#27;[38;5;32m[XCUITestDriver@f4cb (d624bd9b)]&amp#27;[0m Executing command 'getCurrentContext'
&amp#27;[38;5;32m[XCUITestDriver@f4cb (d624bd9b)]&amp#27;[0m Responding to client with driver.getCurrentContext() result: "NATIVE_APP"
&amp#27;[38;5;0m[HTTP]&amp#27;[0m <-- GET /session/d624bd9b-4867-40a0-a52b-81615d900468/context 200 2 ms - 22
&amp#27;[38;5;0m[HTTP]&amp#27;[0m 
&amp#27;[38;5;0m[HTTP]&amp#27;[0m &amp#27;[37m-->&amp#27;[39m &amp#27;[37mPOST&amp#27;[39m &amp#27;[37m/session/d624bd9b-4867-40a0-a52b-81615d900468/element&amp#27;[39m
&amp#27;[38;5;0m[HTTP]&amp#27;[0m {"using":"accessibility id","value":"Alert Views"}
&amp#27;[38;5;32m[XCUITestDriver@f4cb (d624bd9b)]&amp#27;[0m Calling AppiumDriver.findElement() with args: ["accessibility id","Alert Views","d624bd9b-4867-40a0-a52b-81615d900468"]
&amp#27;[38;5;32m[XCUITestDriver@f4cb (d624bd9b)]&amp#27;[0m Executing command 'findElement'
&amp#27;[38;5;32m[XCUITestDriver@f4cb (d624bd9b)]&amp#27;[0m Valid locator strategies for this request: xpath, id, name, class name, -ios predicate string, -ios class chain, accessibility id, css selector
&amp#27;[38;5;32m[XCUITestDriver@f4cb (d624bd9b)]&amp#27;[0m Waiting up to 20000 ms for condition
&amp#27;[38;5;32m[XCUITestDriver@f4cb (d624bd9b)]&amp#27;[0m Matched '/element' to command name 'findElement'
&amp#27;[38;5;32m[XCUITestDriver@f4cb (d624bd9b)]&amp#27;[0m Proxying [POST /element] to [POST http://127.0.0.1:8100/session/A0E56B16-120A-4744-AA40-5BBA4878775C/element] with body: {"using":"accessibility id","value":"Alert Views"}
&amp#27;[38;5;32m[XCUITestDriver@f4cb (d624bd9b)]&amp#27;[0m Got response with status 200: {"value":{"ELEMENT":"2A000000-0000-0000-DD8B-000000000000","element-6066-11e4-a52e-4f735466cecf":"2A000000-0000-0000-DD8B-000000000000"},"sessionId":"A0E56B16-120A-4744-AA40-5BBA4878775C"}
&amp#27;[38;5;32m[XCUITestDriver@f4cb (d624bd9b)]&amp#27;[0m Responding to client with driver.findElement() result: {"element-6066-11e4-a52e-4f735466cecf":"2A000000-0000-0000-DD8B-000000000000","ELEMENT":"2A000000-0000-0000-DD8B-000000000000"}
&amp#27;[38;5;0m[HTTP]&amp#27;[0m <-- POST /session/d624bd9b-4867-40a0-a52b-81615d900468/element 200 277 ms - 137
&amp#27;[38;5;0m[HTTP]&amp#27;[0m 
&amp#27;[38;5;0m[HTTP]&amp#27;[0m &amp#27;[37m-->&amp#27;[39m &amp#27;[37mPOST&amp#27;[39m &amp#27;[37m/session/d624bd9b-4867-40a0-a52b-81615d900468/element/2A000000-0000-0000-DD8B-000000000000/click&amp#27;[39m
&amp#27;[38;5;0m[HTTP]&amp#27;[0m {"id":"2A000000-0000-0000-DD8B-000000000000"}
&amp#27;[38;5;32m[XCUITestDriver@f4cb (d624bd9b)]&amp#27;[0m Driver proxy active, passing request on via HTTP proxy
&amp#27;[38;5;32m[XCUITestDriver@f4cb (d624bd9b)]&amp#27;[0m Executing command 'proxyReqRes'
&amp#27;[38;5;32m[XCUITestDriver@f4cb (d624bd9b)]&amp#27;[0m Matched '/session/d624bd9b-4867-40a0-a52b-81615d900468/element/2A000000-0000-0000-DD8B-000000000000/click' to command name 'click'
&amp#27;[38;5;32m[XCUITestDriver@f4cb (d624bd9b)]&amp#27;[0m Proxying [POST /session/d624bd9b-4867-40a0-a52b-81615d900468/element/2A000000-0000-0000-DD8B-000000000000/click] to [POST http://127.0.0.1:8100/session/A0E56B16-120A-4744-AA40-5BBA4878775C/element/2A000000-0000-0000-DD8B-000000000000/click] with body: {"id":"2A000000-0000-0000-DD8B-000000000000"}
&amp#27;[38;5;32m[XCUITestDriver@f4cb (d624bd9b)]&amp#27;[0m Got response with status 200: {"value":null,"sessionId":"A0E56B16-120A-4744-AA40-5BBA4878775C"}
&amp#27;[38;5;32m[XCUITestDriver@f4cb (d624bd9b)]&amp#27;[0m Replacing sessionId A0E56B16-120A-4744-AA40-5BBA4878775C with d624bd9b-4867-40a0-a52b-81615d900468
&amp#27;[38;5;0m[HTTP]&amp#27;[0m <-- POST /session/d624bd9b-4867-40a0-a52b-81615d900468/element/2A000000-0000-0000-DD8B-000000000000/click 200 824 ms - 65
&amp#27;[38;5;0m[HTTP]&amp#27;[0m 
&amp#27;[38;5;0m[HTTP]&amp#27;[0m &amp#27;[37m-->&amp#27;[39m &amp#27;[37mGET&amp#27;[39m &amp#27;[37m/session/d624bd9b-4867-40a0-a52b-81615d900468/context&amp#27;[39m
&amp#27;[38;5;0m[HTTP]&amp#27;[0m {}
&amp#27;[38;5;32m[XCUITestDriver@f4cb (d624bd9b)]&amp#27;[0m Calling AppiumDriver.getCurrentContext() with args: ["d624bd9b-4867-40a0-a52b-81615d900468"]
&amp#27;[38;5;32m[XCUITestDriver@f4cb (d624bd9b)]&amp#27;[0m Executing command 'getCurrentContext'
&amp#27;[38;5;32m[XCUITestDriver@f4cb (d624bd9b)]&amp#27;[0m Responding to client with driver.getCurrentContext() result: "NATIVE_APP"
&amp#27;[38;5;0m[HTTP]&amp#27;[0m <-- GET /session/d624bd9b-4867-40a0-a52b-81615d900468/context 200 2 ms - 22
&amp#27;[38;5;0m[HTTP]&amp#27;[0m 
&amp#27;[38;5;0m[HTTP]&amp#27;[0m &amp#27;[37m-->&amp#27;[39m &amp#27;[37mPOST&amp#27;[39m &amp#27;[37m/session/d624bd9b-4867-40a0-a52b-81615d900468/element&amp#27;[39m
&amp#27;[38;5;0m[HTTP]&amp#27;[0m {"using":"accessibility id","value":"Text Entry"}
&amp#27;[38;5;32m[XCUITestDriver@f4cb (d624bd9b)]&amp#27;[0m Calling AppiumDriver.findElement() with args: ["accessibility id","Text Entry","d624bd9b-4867-40a0-a52b-81615d900468"]
&amp#27;[38;5;32m[XCUITestDriver@f4cb (d624bd9b)]&amp#27;[0m Executing command 'findElement'
&amp#27;[38;5;32m[XCUITestDriver@f4cb (d624bd9b)]&amp#27;[0m Valid locator strategies for this request: xpath, id, name, class name, -ios predicate string, -ios class chain, accessibility id, css selector
&amp#27;[38;5;32m[XCUITestDriver@f4cb (d624bd9b)]&amp#27;[0m Waiting up to 20000 ms for condition
&amp#27;[38;5;32m[XCUITestDriver@f4cb (d624bd9b)]&amp#27;[0m Matched '/element' to command name 'findElement'
&amp#27;[38;5;32m[XCUITestDriver@f4cb (d624bd9b)]&amp#27;[0m Proxying [POST /element] to [POST http://127.0.0.1:8100/session/A0E56B16-120A-4744-AA40-5BBA4878775C/element] with body: {"using":"accessibility id","value":"Text Entry"}
&amp#27;[38;5;32m[XCUITestDriver@f4cb (d624bd9b)]&amp#27;[0m Got response with status 200: {"value":{"ELEMENT":"BC000000-0000-0000-DD8B-000000000000","element-6066-11e4-a52e-4f735466cecf":"BC000000-0000-0000-DD8B-000000000000"},"sessionId":"A0E56B16-120A-4744-AA40-5BBA4878775C"}
&amp#27;[38;5;32m[XCUITestDriver@f4cb (d624bd9b)]&amp#27;[0m Responding to client with driver.findElement() result: {"element-6066-11e4-a52e-4f735466cecf":"BC000000-0000-0000-DD8B-000000000000","ELEMENT":"BC000000-0000-0000-DD8B-000000000000"}
&amp#27;[38;5;0m[HTTP]&amp#27;[0m <-- POST /session/d624bd9b-4867-40a0-a52b-81615d900468/element 200 93 ms - 137
&amp#27;[38;5;0m[HTTP]&amp#27;[0m 
&amp#27;[38;5;0m[HTTP]&amp#27;[0m &amp#27;[37m-->&amp#27;[39m &amp#27;[37mPOST&amp#27;[39m &amp#27;[37m/session/d624bd9b-4867-40a0-a52b-81615d900468/element/BC000000-0000-0000-DD8B-000000000000/click&amp#27;[39m
&amp#27;[38;5;0m[HTTP]&amp#27;[0m {"id":"BC000000-0000-0000-DD8B-000000000000"}
&amp#27;[38;5;32m[XCUITestDriver@f4cb (d624bd9b)]&amp#27;[0m Driver proxy active, passing request on via HTTP proxy
&amp#27;[38;5;32m[XCUITestDriver@f4cb (d624bd9b)]&amp#27;[0m Executing command 'proxyReqRes'
&amp#27;[38;5;32m[XCUITestDriver@f4cb (d624bd9b)]&amp#27;[0m Matched '/session/d624bd9b-4867-40a0-a52b-81615d900468/element/BC000000-0000-0000-DD8B-000000000000/click' to command name 'click'
&amp#27;[38;5;32m[XCUITestDriver@f4cb (d624bd9b)]&amp#27;[0m Proxying [POST /session/d624bd9b-4867-40a0-a52b-81615d900468/element/BC000000-0000-0000-DD8B-000000000000/click] to [POST http://127.0.0.1:8100/session/A0E56B16-120A-4744-AA40-5BBA4878775C/element/BC000000-0000-0000-DD8B-000000000000/click] with body: {"id":"BC000000-0000-0000-DD8B-000000000000"}
&amp#27;[38;5;32m[XCUITestDriver@f4cb (d624bd9b)]&amp#27;[0m Got response with status 200: {"value":null,"sessionId":"A0E56B16-120A-4744-AA40-5BBA4878775C"}
&amp#27;[38;5;32m[XCUITestDriver@f4cb (d624bd9b)]&amp#27;[0m Replacing sessionId A0E56B16-120A-4744-AA40-5BBA4878775C with d624bd9b-4867-40a0-a52b-81615d900468
&amp#27;[38;5;0m[HTTP]&amp#27;[0m <-- POST /session/d624bd9b-4867-40a0-a52b-81615d900468/element/BC000000-0000-0000-DD8B-000000000000/click 200 370 ms - 65
&amp#27;[38;5;0m[HTTP]&amp#27;[0m 
&amp#27;[38;5;0m[HTTP]&amp#27;[0m &amp#27;[37m-->&amp#27;[39m &amp#27;[37mGET&amp#27;[39m &amp#27;[37m/session/d624bd9b-4867-40a0-a52b-81615d900468/alert/text&amp#27;[39m
&amp#27;[38;5;0m[HTTP]&amp#27;[0m {}
&amp#27;[38;5;32m[XCUITestDriver@f4cb (d624bd9b)]&amp#27;[0m Calling AppiumDriver.getAlertText() with args: ["d624bd9b-4867-40a0-a52b-81615d900468"]
&amp#27;[38;5;32m[XCUITestDriver@f4cb (d624bd9b)]&amp#27;[0m Executing command 'getAlertText'
&amp#27;[38;5;32m[XCUITestDriver@f4cb (d624bd9b)]&amp#27;[0m Matched '/alert/text' to command name 'getAlertText'
&amp#27;[38;5;32m[XCUITestDriver@f4cb (d624bd9b)]&amp#27;[0m Proxying [GET /alert/text] to [GET http://127.0.0.1:8100/session/A0E56B16-120A-4744-AA40-5BBA4878775C/alert/text] with no body
&amp#27;[38;5;32m[XCUITestDriver@f4cb (d624bd9b)]&amp#27;[0m Got response with status 200: {"value":"A Short Title Is Best\nA message should be a short, complete sentence.","sessionId":"A0E56B16-120A-4744-AA40-5BBA4878775C"}
&amp#27;[38;5;32m[XCUITestDriver@f4cb (d624bd9b)]&amp#27;[0m Responding to client with driver.getAlertText() result: "A Short Title Is Best\nA message should be a short, complete sentence."
&amp#27;[38;5;0m[HTTP]&amp#27;[0m <-- GET /session/d624bd9b-4867-40a0-a52b-81615d900468/alert/text 200 223 ms - 82
&amp#27;[38;5;0m[HTTP]&amp#27;[0m 
&amp#27;[38;5;0m[HTTP]&amp#27;[0m &amp#27;[37m-->&amp#27;[39m &amp#27;[37mPOST&amp#27;[39m &amp#27;[37m/session/d624bd9b-4867-40a0-a52b-81615d900468/alert/text&amp#27;[39m
&amp#27;[38;5;0m[HTTP]&amp#27;[0m {"value":"Hello"}
&amp#27;[38;5;32m[XCUITestDriver@f4cb (d624bd9b)]&amp#27;[0m Calling AppiumDriver.setAlertText() with args: ["Hello","d624bd9b-4867-40a0-a52b-81615d900468"]
&amp#27;[38;5;32m[XCUITestDriver@f4cb (d624bd9b)]&amp#27;[0m Executing command 'setAlertText'
&amp#27;[38;5;32m[XCUITestDriver@f4cb (d624bd9b)]&amp#27;[0m Matched '/alert/text' to command name 'setAlertText'
&amp#27;[38;5;32m[XCUITestDriver@f4cb (d624bd9b)]&amp#27;[0m Proxying [POST /alert/text] to [POST http://127.0.0.1:8100/session/A0E56B16-120A-4744-AA40-5BBA4878775C/alert/text] with body: {"value":"Hello"}
&amp#27;[38;5;32m[XCUITestDriver@f4cb (d624bd9b)]&amp#27;[0m Got response with status 200: {"value":null,"sessionId":"A0E56B16-120A-4744-AA40-5BBA4878775C"}
&amp#27;[38;5;32m[XCUITestDriver@f4cb (d624bd9b)]&amp#27;[0m Responding to client with driver.setAlertText() result: null
&amp#27;[38;5;0m[HTTP]&amp#27;[0m <-- POST /session/d624bd9b-4867-40a0-a52b-81615d900468/alert/text 200 498 ms - 14
&amp#27;[38;5;0m[HTTP]&amp#27;[0m 
&amp#27;[38;5;0m[HTTP]&amp#27;[0m &amp#27;[37m-->&amp#27;[39m &amp#27;[37mPOST&amp#27;[39m &amp#27;[37m/session/d624bd9b-4867-40a0-a52b-81615d900468/alert/accept&amp#27;[39m
&amp#27;[38;5;0m[HTTP]&amp#27;[0m {}
&amp#27;[38;5;32m[XCUITestDriver@f4cb (d624bd9b)]&amp#27;[0m Calling AppiumDriver.postAcceptAlert() with args: ["d624bd9b-4867-40a0-a52b-81615d900468"]
&amp#27;[38;5;32m[XCUITestDriver@f4cb (d624bd9b)]&amp#27;[0m Executing command 'postAcceptAlert'
&amp#27;[38;5;32m[XCUITestDriver@f4cb (d624bd9b)]&amp#27;[0m Matched '/alert/accept' to command name 'postAcceptAlert'
&amp#27;[38;5;32m[XCUITestDriver@f4cb (d624bd9b)]&amp#27;[0m Proxying [POST /alert/accept] to [POST http://127.0.0.1:8100/session/A0E56B16-120A-4744-AA40-5BBA4878775C/alert/accept] with body: {}
&amp#27;[38;5;32m[XCUITestDriver@f4cb (d624bd9b)]&amp#27;[0m Got response with status 200: {"value":null,"sessionId":"A0E56B16-120A-4744-AA40-5BBA4878775C"}
&amp#27;[38;5;32m[XCUITestDriver@f4cb (d624bd9b)]&amp#27;[0m Responding to client with driver.postAcceptAlert() result: null
&amp#27;[38;5;0m[HTTP]&amp#27;[0m <-- POST /session/d624bd9b-4867-40a0-a52b-81615d900468/alert/accept 200 864 ms - 14
&amp#27;[38;5;0m[HTTP]&amp#27;[0m 
]]></system-out>
    <system-err><![CDATA[SLF4J: No SLF4J providers were found.
SLF4J: Defaulting to no-operation (NOP) logger implementation
SLF4J: See https://www.slf4j.org/codes.html#noProviders for further details.
]]></system-err>
  </testcase>
  <testcase name="fillForm_ErrorValidation" classname="TestFolders.AndroidFlow" time="10.835">
    <system-out><![CDATA[&amp#27;[38;5;0m[HTTP]&amp#27;[0m &amp#27;[37m-->&amp#27;[39m &amp#27;[37mDELETE&amp#27;[39m &amp#27;[37m/session/d624bd9b-4867-40a0-a52b-81615d900468&amp#27;[39m
&amp#27;[38;5;0m[HTTP]&amp#27;[0m {}
&amp#27;[38;5;32m[XCUITestDriver@f4cb (d624bd9b)]&amp#27;[0m Calling AppiumDriver.deleteSession() with args: ["d624bd9b-4867-40a0-a52b-81615d900468"]
&amp#27;[38;5;16m[AppiumDriver@c992]&amp#27;[0m Event 'quitSessionRequested' logged at 1705336249027 (22:00:49 GMT+0530 (India Standard Time))
&amp#27;[38;5;16m[AppiumDriver@c992]&amp#27;[0m Removing session d624bd9b-4867-40a0-a52b-81615d900468 from our master session list
&amp#27;[38;5;32m[XCUITestDriver@f4cb (d624bd9b)]&amp#27;[0m Matched '/session/d624bd9b-4867-40a0-a52b-81615d900468' to command name 'deleteSession'
&amp#27;[38;5;32m[XCUITestDriver@f4cb (d624bd9b)]&amp#27;[0m Proxying [DELETE /session/d624bd9b-4867-40a0-a52b-81615d900468] to [DELETE http://127.0.0.1:8100/session/A0E56B16-120A-4744-AA40-5BBA4878775C] with no body
&amp#27;[38;5;32m[XCUITestDriver@f4cb (d624bd9b)]&amp#27;[0m Got response with status 200: {"value":null,"sessionId":null}
&amp#27;[38;5;128m[DevCon Factory]&amp#27;[0m Releasing connections for EC140F98-7D0A-48B3-84BC-CC084FCA0BED device on any port number
&amp#27;[38;5;128m[DevCon Factory]&amp#27;[0m Found cached connections to release: ["EC140F98-7D0A-48B3-84BC-CC084FCA0BED:8100"]
&amp#27;[38;5;128m[DevCon Factory]&amp#27;[0m Cached connections count: 0
&amp#27;[38;5;32m[XCUITestDriver@f4cb (d624bd9b)]&amp#27;[0m Not clearing log files. Use `clearSystemFiles` capability to turn on.
&amp#27;[38;5;112m[IOSSimulatorLog]&amp#27;[0m Stopping iOS log capture
&amp#27;[38;5;16m[AppiumDriver@c992]&amp#27;[0m Event 'quitSessionFinished' logged at 1705336250106 (22:00:50 GMT+0530 (India Standard Time))
&amp#27;[38;5;16m[AppiumDriver@c992]&amp#27;[0m Received response: null
&amp#27;[38;5;16m[AppiumDriver@c992]&amp#27;[0m But deleting session, so not returning
&amp#27;[38;5;16m[AppiumDriver@c992]&amp#27;[0m Responding to client with driver.deleteSession() result: null
&amp#27;[38;5;0m[HTTP]&amp#27;[0m <-- DELETE /session/d624bd9b-4867-40a0-a52b-81615d900468 200 1082 ms - 14
&amp#27;[38;5;0m[HTTP]&amp#27;[0m 
&amp#27;[35m[Appium]&amp#27;[39m Welcome to Appium v2.3.0
&amp#27;[35m[Appium]&amp#27;[39m Non-default server args:
&amp#27;[35m[Appium]&amp#27;[39m { address: &amp#27;[32m'127.0.0.1'&amp#27;[39m, localTimezone: &amp#27;[33mtrue&amp#27;[39m }
&amp#27;[35m[Appium]&amp#27;[39m The autodetected Appium home path: /Users/anubhavgupta/.appium
&amp#27;[35m[Appium]&amp#27;[39m Attempting to load driver uiautomator2...
&amp#27;[35m[Appium]&amp#27;[39m Attempting to load driver xcuitest...
&amp#27;[35m[Appium]&amp#27;[39m Requiring driver at /Users/anubhavgupta/.appium/node_modules/appium-uiautomator2-driver/build/index.js
&amp#27;[35m[Appium]&amp#27;[39m Requiring driver at /Users/anubhavgupta/.appium/node_modules/appium-xcuitest-driver/build/index.js
[Appium] AndroidUiautomator2Driver has been successfully loaded in 0.712s
[Appium] XCUITestDriver has been successfully loaded in 0.712s
[Appium] Appium REST http interface listener started on http://127.0.0.1:4723
[Appium] Available drivers:
[Appium]   - uiautomator2@2.36.0 (automationName 'UiAutomator2')
[Appium]   - xcuitest@5.12.2 (automationName 'XCUITest')
[Appium] No plugins have been installed. Use the "appium plugin" command to install the one(s) you want to use.
&amp#27;[38;5;0m[HTTP]&amp#27;[0m &amp#27;[37m-->&amp#27;[39m &amp#27;[37mGET&amp#27;[39m &amp#27;[37m/status&amp#27;[39m
&amp#27;[38;5;0m[HTTP]&amp#27;[0m {}
&amp#27;[38;5;16m[AppiumDriver@3eb4]&amp#27;[0m Calling AppiumDriver.getStatus() with args: []
&amp#27;[38;5;16m[AppiumDriver@3eb4]&amp#27;[0m Responding to client with driver.getStatus() result: {"ready":true,"message":"The server is ready to accept new connections","build":{"version":"2.3.0"}}
&amp#27;[38;5;0m[HTTP]&amp#27;[0m <-- GET /status 200 3 ms - 110
&amp#27;[38;5;0m[HTTP]&amp#27;[0m 
&amp#27;[38;5;0m[HTTP]&amp#27;[0m Request idempotency key: dcbe5cce-ab9f-4af3-a65e-d1bf2dac954d
&amp#27;[38;5;0m[HTTP]&amp#27;[0m &amp#27;[37m-->&amp#27;[39m &amp#27;[37mPOST&amp#27;[39m &amp#27;[37m/session&amp#27;[39m
&amp#27;[38;5;0m[HTTP]&amp#27;[0m {"capabilities":{"firstMatch":[{}],"alwaysMatch":{"appium:app":"/Users/anubhavgupta/Documents/eclipse-workspace(Java)/AppTestingFramework/src/main/java/APPS/General-Store.apk","appium:automationName":"UIAutomator2","appium:chromedriverExecutable":"/Users/anubhavgupta/Documents/Drivers/chromedriver_103","appium:deviceName":"Anubhav Small Phone","platformName":"ANDROID"}}}
&amp#27;[38;5;16m[AppiumDriver@3eb4]&amp#27;[0m Calling AppiumDriver.createSession() with args: [null,null,{"firstMatch":[{}],"alwaysMatch":{"appium:app":"/Users/anubhavgupta/Documents/eclipse-workspace(Java)/AppTestingFramework/src/main/java/APPS/General-Store.apk","appium:automationName":"UIAutomator2","appium:chromedriverExecutable":"/Users/anubhavgupta/Documents/Drivers/chromedriver_103","appium:deviceName":"Anubhav Small Phone","platformName":"ANDROID"}}]
&amp#27;[38;5;16m[AppiumDriver@3eb4]&amp#27;[0m Event 'newSessionRequested' logged at 1705336256724 (22:00:56 GMT+0530 (India Standard Time))
[Appium] Attempting to find matching driver for automationName 'UIAutomator2' and platformName 'ANDROID'
[Appium] The 'uiautomator2' driver was installed and matched caps.
[Appium] Will require it at /Users/anubhavgupta/.appium/node_modules/appium-uiautomator2-driver
[Appium] Requiring driver at /Users/anubhavgupta/.appium/node_modules/appium-uiautomator2-driver/build/index.js
&amp#27;[38;5;16m[AppiumDriver@3eb4]&amp#27;[0m Appium v2.3.0 creating new AndroidUiautomator2Driver (v2.36.0) session
&amp#27;[38;5;16m[AppiumDriver@3eb4]&amp#27;[0m Checking BaseDriver versions for Appium and AndroidUiautomator2Driver
&amp#27;[38;5;16m[AppiumDriver@3eb4]&amp#27;[0m Appium's BaseDriver version is 9.4.4
&amp#27;[38;5;16m[AppiumDriver@3eb4]&amp#27;[0m AndroidUiautomator2Driver's BaseDriver version is 9.4.4
&amp#27;[38;5;32m[AndroidUiautomator2Driver@6c70]&amp#27;[0m Creating session with W3C capabilities: {
&amp#27;[38;5;32m[AndroidUiautomator2Driver@6c70]&amp#27;[0m   "alwaysMatch": {
&amp#27;[38;5;32m[AndroidUiautomator2Driver@6c70]&amp#27;[0m     "platformName": "ANDROID",
&amp#27;[38;5;32m[AndroidUiautomator2Driver@6c70]&amp#27;[0m     "appium:app": "/Users/anubhavgupta/Documents/eclipse-workspace(Java)/AppTestingFramework/src/main/java/APPS/General-Store.apk",
&amp#27;[38;5;32m[AndroidUiautomator2Driver@6c70]&amp#27;[0m     "appium:automationName": "UIAutomator2",
&amp#27;[38;5;32m[AndroidUiautomator2Driver@6c70]&amp#27;[0m     "appium:chromedriverExecutable": "/Users/anubhavgupta/Documents/Drivers/chromedriver_103",
&amp#27;[38;5;32m[AndroidUiautomator2Driver@6c70]&amp#27;[0m     "appium:deviceName": "Anubhav Small Phone"
&amp#27;[38;5;32m[AndroidUiautomator2Driver@6c70]&amp#27;[0m   },
&amp#27;[38;5;32m[AndroidUiautomator2Driver@6c70]&amp#27;[0m   "firstMatch": [
&amp#27;[38;5;32m[AndroidUiautomator2Driver@6c70]&amp#27;[0m     {}
&amp#27;[38;5;32m[AndroidUiautomator2Driver@6c70]&amp#27;[0m   ]
&amp#27;[38;5;32m[AndroidUiautomator2Driver@6c70]&amp#27;[0m }
&amp#27;[38;5;32m[AndroidUiautomator2Driver@6c70 (183c57b5)]&amp#27;[0m Session created with session id: 183c57b5-36bd-4146-8b7d-d1fc7b6499f2
&amp#27;[38;5;48m[BaseDriver]&amp#27;[0m Using local app '/Users/anubhavgupta/Documents/eclipse-workspace(Java)/AppTestingFramework/src/main/java/APPS/General-Store.apk'
&amp#27;[38;5;32m[AndroidUiautomator2Driver@6c70 (183c57b5)]&amp#27;[0m Checking whether app is actually present
&amp#27;[38;5;64m[ADB]&amp#27;[0m Found 1 'build-tools' folders under '/Users/anubhavgupta/Library/Android/sdk' (newest first):
&amp#27;[38;5;64m[ADB]&amp#27;[0m     /Users/anubhavgupta/Library/Android/sdk/build-tools/34.0.0
&amp#27;[38;5;64m[ADB]&amp#27;[0m Using 'adb' from '/Users/anubhavgupta/Library/Android/sdk/platform-tools/adb'
&amp#27;[38;5;64m[ADB]&amp#27;[0m Running '/Users/anubhavgupta/Library/Android/sdk/platform-tools/adb -P 5037 start-server'
&amp#27;[38;5;80m[AndroidDriver]&amp#27;[0m Retrieving device list
&amp#27;[38;5;64m[ADB]&amp#27;[0m Trying to find connected Android devices
&amp#27;[38;5;64m[ADB]&amp#27;[0m Getting connected devices
&amp#27;[38;5;64m[ADB]&amp#27;[0m Connected devices: [{"udid":"emulator-5554","state":"device"}]
&amp#27;[38;5;80m[AndroidDriver]&amp#27;[0m Using device: emulator-5554
&amp#27;[38;5;64m[ADB]&amp#27;[0m Using 'adb' from '/Users/anubhavgupta/Library/Android/sdk/platform-tools/adb'
&amp#27;[38;5;64m[ADB]&amp#27;[0m Running '/Users/anubhavgupta/Library/Android/sdk/platform-tools/adb -P 5037 start-server'
&amp#27;[38;5;64m[ADB]&amp#27;[0m Setting device id to emulator-5554
&amp#27;[38;5;64m[ADB]&amp#27;[0m Running '/Users/anubhavgupta/Library/Android/sdk/platform-tools/adb -P 5037 -s emulator-5554 shell getprop ro.build.version.sdk'
&amp#27;[38;5;64m[ADB]&amp#27;[0m Current device property 'ro.build.version.sdk': 33
&amp#27;[38;5;64m[ADB]&amp#27;[0m Getting device platform version
&amp#27;[38;5;64m[ADB]&amp#27;[0m Running '/Users/anubhavgupta/Library/Android/sdk/platform-tools/adb -P 5037 -s emulator-5554 shell getprop ro.build.version.release'
&amp#27;[38;5;64m[ADB]&amp#27;[0m Current device property 'ro.build.version.release': 13
&amp#27;[38;5;64m[ADB]&amp#27;[0m Device API level: 33
&amp#27;[38;5;32m[AndroidUiautomator2Driver@6c70 (183c57b5)]&amp#27;[0m Relaxing hidden api policy
&amp#27;[38;5;64m[ADB]&amp#27;[0m Running '/Users/anubhavgupta/Library/Android/sdk/platform-tools/adb -P 5037 -s emulator-5554 shell 'settings put global hidden_api_policy_pre_p_apps 1;settings put global hidden_api_policy_p_apps 1;settings put global hidden_api_policy 1''
&amp#27;[38;5;80m[AndroidDriver]&amp#27;[0m Parsing package and activity from app manifest
&amp#27;[38;5;64m[ADB]&amp#27;[0m Package name: 'com.androidsample.generalstore'
&amp#27;[38;5;64m[ADB]&amp#27;[0m Main activity name: 'com.androidsample.generalstore.SplashActivity'
&amp#27;[38;5;80m[AndroidDriver]&amp#27;[0m Parsed package and activity are: com.androidsample.generalstore/com.androidsample.generalstore.SplashActivity
&amp#27;[38;5;64m[ADB]&amp#27;[0m Running '/Users/anubhavgupta/Library/Android/sdk/platform-tools/adb -P 5037 -s emulator-5554 wait-for-device'
&amp#27;[38;5;64m[ADB]&amp#27;[0m Running '/Users/anubhavgupta/Library/Android/sdk/platform-tools/adb -P 5037 -s emulator-5554 shell echo ping'
&amp#27;[38;5;80m[AndroidDriver]&amp#27;[0m Pushing settings apk to device...
&amp#27;[38;5;64m[ADB]&amp#27;[0m Getting package info for 'io.appium.settings'
&amp#27;[38;5;64m[ADB]&amp#27;[0m Running '/Users/anubhavgupta/Library/Android/sdk/platform-tools/adb -P 5037 -s emulator-5554 shell dumpsys package io.appium.settings'
&amp#27;[38;5;64m[ADB]&amp#27;[0m The version name of the installed 'io.appium.settings' is greater or equal to the application version name ('5.2.0' >= '5.2.0')
&amp#27;[38;5;64m[ADB]&amp#27;[0m There is no need to install/upgrade '/Users/anubhavgupta/.appium/node_modules/appium-uiautomator2-driver/node_modules/io.appium.settings/apks/settings_apk-debug.apk'
&amp#27;[38;5;64m[ADB]&amp#27;[0m Getting IDs of all 'io.appium.settings' processes
&amp#27;[38;5;64m[ADB]&amp#27;[0m Running '/Users/anubhavgupta/Library/Android/sdk/platform-tools/adb -P 5037 -s emulator-5554 shell 'pgrep --help; echo $?''
&amp#27;[38;5;64m[ADB]&amp#27;[0m Running '/Users/anubhavgupta/Library/Android/sdk/platform-tools/adb -P 5037 -s emulator-5554 shell pgrep -f \(\[\[:blank:\]\]\|\^\)io\.appium\.settings\(\[\[:blank:\]\]\|\$\)'
&amp#27;[38;5;80m[AndroidDriver]&amp#27;[0m io.appium.settings is already running. There is no need to reset its permissions.
&amp#27;[38;5;96m[Logcat]&amp#27;[0m Starting logs capture with command: /Users/anubhavgupta/Library/Android/sdk/platform-tools/adb -P 5037 -s emulator-5554 logcat -v threadtime
&amp#27;[38;5;32m[AndroidUiautomator2Driver@6c70 (183c57b5)]&amp#27;[0m Forwarding UiAutomator2 Server port 6790 to local port 8200
&amp#27;[38;5;64m[ADB]&amp#27;[0m Forwarding system: 8200 to device: 6790
&amp#27;[38;5;64m[ADB]&amp#27;[0m Running '/Users/anubhavgupta/Library/Android/sdk/platform-tools/adb -P 5037 -s emulator-5554 forward tcp:8200 tcp:6790'
&amp#27;[38;5;64m[ADB]&amp#27;[0m Checking app cert for /Users/anubhavgupta/.appium/node_modules/appium-uiautomator2-driver/node_modules/appium-uiautomator2-server/apks/appium-uiautomator2-server-v5.13.0.apk
&amp#27;[38;5;64m[ADB]&amp#27;[0m Checking app cert for /Users/anubhavgupta/.appium/node_modules/appium-uiautomator2-driver/node_modules/appium-uiautomator2-server/apks/appium-uiautomator2-server-debug-androidTest.apk
&amp#27;[38;5;64m[ADB]&amp#27;[0m Using 'apksigner.jar' from '/Users/anubhavgupta/Library/Android/sdk/build-tools/34.0.0/lib/apksigner.jar'
&amp#27;[38;5;64m[ADB]&amp#27;[0m Starting apksigner: /usr/bin/java -Xmx1024M -Xss1m -jar /Users/anubhavgupta/Library/Android/sdk/build-tools/34.0.0/lib/apksigner.jar verify --print-certs /Users/anubhavgupta/.appium/node_modules/appium-uiautomator2-driver/node_modules/appium-uiautomator2-server/apks/appium-uiautomator2-server-debug-androidTest.apk
&amp#27;[38;5;64m[ADB]&amp#27;[0m Starting apksigner: /usr/bin/java -Xmx1024M -Xss1m -jar /Users/anubhavgupta/Library/Android/sdk/build-tools/34.0.0/lib/apksigner.jar verify --print-certs /Users/anubhavgupta/.appium/node_modules/appium-uiautomator2-driver/node_modules/appium-uiautomator2-server/apks/appium-uiautomator2-server-v5.13.0.apk
&amp#27;[38;5;64m[ADB]&amp#27;[0m apksigner stdout: Signer #1 certificate DN: EMAILADDRESS=android@android.com, CN=Android, OU=Android, O=Android, L=Mountain View, ST=California, C=US
&amp#27;[38;5;64m[ADB]&amp#27;[0m Signer #1 certificate SHA-256 digest: a40da80a59d170caa950cf15c18c454d47a39b26989d8b640ecd745ba71bf5dc
&amp#27;[38;5;64m[ADB]&amp#27;[0m Signer #1 certificate SHA-1 digest: 61ed377e85d386a8dfee6b864bd85b0bfaa5af81
&amp#27;[38;5;64m[ADB]&amp#27;[0m Signer #1 certificate MD5 digest: e89b158e4bcf988ebd09eb83f5378e87
&amp#27;[38;5;64m[ADB]&amp#27;[0m 
&amp#27;[38;5;64m[ADB]&amp#27;[0m sha256 hash did match for 'appium-uiautomator2-server-debug-androidTest.apk'
&amp#27;[38;5;64m[ADB]&amp#27;[0m '/Users/anubhavgupta/.appium/node_modules/appium-uiautomator2-driver/node_modules/appium-uiautomator2-server/apks/appium-uiautomator2-server-debug-androidTest.apk' is signed with the default certificate
&amp#27;[38;5;64m[ADB]&amp#27;[0m Getting install status for io.appium.uiautomator2.server.test
&amp#27;[38;5;64m[ADB]&amp#27;[0m Running '/Users/anubhavgupta/Library/Android/sdk/platform-tools/adb -P 5037 -s emulator-5554 shell pm path io.appium.uiautomator2.server.test'
&amp#27;[38;5;64m[ADB]&amp#27;[0m 'io.appium.uiautomator2.server.test' is installed
&amp#27;[38;5;64m[ADB]&amp#27;[0m apksigner stdout: Signer #1 certificate DN: EMAILADDRESS=android@android.com, CN=Android, OU=Android, O=Android, L=Mountain View, ST=California, C=US
&amp#27;[38;5;64m[ADB]&amp#27;[0m Signer #1 certificate SHA-256 digest: a40da80a59d170caa950cf15c18c454d47a39b26989d8b640ecd745ba71bf5dc
&amp#27;[38;5;64m[ADB]&amp#27;[0m Signer #1 certificate SHA-1 digest: 61ed377e85d386a8dfee6b864bd85b0bfaa5af81
&amp#27;[38;5;64m[ADB]&amp#27;[0m Signer #1 certificate MD5 digest: e89b158e4bcf988ebd09eb83f5378e87
&amp#27;[38;5;64m[ADB]&amp#27;[0m 
&amp#27;[38;5;64m[ADB]&amp#27;[0m sha256 hash did match for 'appium-uiautomator2-server-v5.13.0.apk'
&amp#27;[38;5;64m[ADB]&amp#27;[0m '/Users/anubhavgupta/.appium/node_modules/appium-uiautomator2-driver/node_modules/appium-uiautomator2-server/apks/appium-uiautomator2-server-v5.13.0.apk' is signed with the default certificate
&amp#27;[38;5;64m[ADB]&amp#27;[0m Getting package info for 'io.appium.uiautomator2.server'
&amp#27;[38;5;64m[ADB]&amp#27;[0m Running '/Users/anubhavgupta/Library/Android/sdk/platform-tools/adb -P 5037 -s emulator-5554 shell dumpsys package io.appium.uiautomator2.server'
&amp#27;[38;5;64m[ADB]&amp#27;[0m The version name of the installed 'io.appium.uiautomator2.server' is greater or equal to the application version name ('5.13.0' >= '5.13.0')
&amp#27;[38;5;32m[AndroidUiautomator2Driver@6c70 (183c57b5)]&amp#27;[0m Server packages status: [{"wasSigned":true,"installState":"sameVersionInstalled","appPath":"/Users/anubhavgupta/.appium/node_modules/appium-uiautomator2-driver/node_modules/appium-uiautomator2-server/apks/appium-uiautomator2-server-v5.13.0.apk","appId":"io.appium.uiautomator2.server"},{"wasSigned":true,"installState":"sameVersionInstalled","appPath":"/Users/anubhavgupta/.appium/node_modules/appium-uiautomator2-driver/node_modules/appium-uiautomator2-server/apks/appium-uiautomator2-server-debug-androidTest.apk","appId":"io.appium.uiautomator2.server.test"}]
&amp#27;[38;5;32m[AndroidUiautomator2Driver@6c70 (183c57b5)]&amp#27;[0m Server packages are not going to be (re)installed
&amp#27;[38;5;32m[AndroidUiautomator2Driver@6c70 (183c57b5)]&amp#27;[0m Waiting up to 30000ms for services to be available
&amp#27;[38;5;64m[ADB]&amp#27;[0m Running '/Users/anubhavgupta/Library/Android/sdk/platform-tools/adb -P 5037 -s emulator-5554 shell pm list instrumentation'
&amp#27;[38;5;32m[AndroidUiautomator2Driver@6c70 (183c57b5)]&amp#27;[0m Instrumentation target 'io.appium.uiautomator2.server.test/androidx.test.runner.AndroidJUnitRunner' is available
&amp#27;[38;5;64m[ADB]&amp#27;[0m Adding packages ["io.appium.settings","io.appium.uiautomator2.server","io.appium.uiautomator2.server.test"] to Doze whitelist
&amp#27;[38;5;64m[ADB]&amp#27;[0m Got the following command chunks to execute: [["dumpsys","deviceidle","whitelist","+io.appium.settings",";","dumpsys","deviceidle","whitelist","+io.appium.uiautomator2.server",";","dumpsys","deviceidle","whitelist","+io.appium.uiautomator2.server.test",";"]]
&amp#27;[38;5;64m[ADB]&amp#27;[0m Running '/Users/anubhavgupta/Library/Android/sdk/platform-tools/adb -P 5037 -s emulator-5554 shell dumpsys deviceidle whitelist +io.appium.settings ; dumpsys deviceidle whitelist +io.appium.uiautomator2.server ; dumpsys deviceidle whitelist +io.appium.uiautomator2.server.test ;'
&amp#27;[38;5;64m[ADB]&amp#27;[0m Checking app cert for /Users/anubhavgupta/Documents/eclipse-workspace(Java)/AppTestingFramework/src/main/java/APPS/General-Store.apk
&amp#27;[38;5;64m[ADB]&amp#27;[0m Starting apksigner: /usr/bin/java -Xmx1024M -Xss1m -jar /Users/anubhavgupta/Library/Android/sdk/build-tools/34.0.0/lib/apksigner.jar verify --print-certs /Users/anubhavgupta/Documents/eclipse-workspace\(Java\)/AppTestingFramework/src/main/java/APPS/General-Store.apk
&amp#27;[38;5;64m[ADB]&amp#27;[0m apksigner stdout: Signer #1 certificate DN: C=US, O=Android, CN=Android Debug
&amp#27;[38;5;64m[ADB]&amp#27;[0m Signer #1 certificate SHA-256 digest: f5f5931c019be6bff8a26255f76ae9ef8a8e631d2a702ec10e91110231549eef
&amp#27;[38;5;64m[ADB]&amp#27;[0m Signer #1 certificate SHA-1 digest: b250161db8b5d0a1bd39154c9fd749bdad79c1a3
&amp#27;[38;5;64m[ADB]&amp#27;[0m Signer #1 certificate MD5 digest: 7a5550323d84472ca25a0861c63e0a6c
&amp#27;[38;5;64m[ADB]&amp#27;[0m 
&amp#27;[38;5;64m[ADB]&amp#27;[0m '/Users/anubhavgupta/Documents/eclipse-workspace(Java)/AppTestingFramework/src/main/java/APPS/General-Store.apk' is signed with a non-default certificate
&amp#27;[38;5;64m[ADB]&amp#27;[0m Getting package info for 'com.androidsample.generalstore'
&amp#27;[38;5;64m[ADB]&amp#27;[0m Running '/Users/anubhavgupta/Library/Android/sdk/platform-tools/adb -P 5037 -s emulator-5554 shell dumpsys package com.androidsample.generalstore'
&amp#27;[38;5;64m[ADB]&amp#27;[0m The version name of the installed 'com.androidsample.generalstore' is greater or equal to the application version name ('1.0.0' >= '1.0.0')
&amp#27;[38;5;64m[ADB]&amp#27;[0m There is no need to install/upgrade '/Users/anubhavgupta/Documents/eclipse-workspace(Java)/AppTestingFramework/src/main/java/APPS/General-Store.apk'
&amp#27;[38;5;80m[AndroidDriver]&amp#27;[0m Performing fast reset on 'com.androidsample.generalstore'
&amp#27;[38;5;64m[ADB]&amp#27;[0m Getting install status for com.androidsample.generalstore
&amp#27;[38;5;64m[ADB]&amp#27;[0m Running '/Users/anubhavgupta/Library/Android/sdk/platform-tools/adb -P 5037 -s emulator-5554 shell pm path com.androidsample.generalstore'
&amp#27;[38;5;64m[ADB]&amp#27;[0m 'com.androidsample.generalstore' is installed
&amp#27;[38;5;64m[ADB]&amp#27;[0m Running '/Users/anubhavgupta/Library/Android/sdk/platform-tools/adb -P 5037 -s emulator-5554 shell am force-stop com.androidsample.generalstore'
&amp#27;[38;5;64m[ADB]&amp#27;[0m Running '/Users/anubhavgupta/Library/Android/sdk/platform-tools/adb -P 5037 -s emulator-5554 shell pm clear com.androidsample.generalstore'
&amp#27;[38;5;80m[AndroidDriver]&amp#27;[0m Performed fast reset on the installed 'com.androidsample.generalstore' application (stop and clear)
&amp#27;[38;5;32m[AndroidUiautomator2Driver@6c70 (183c57b5)]&amp#27;[0m Performing shallow cleanup of automation leftovers
&amp#27;[38;5;32m[AndroidUiautomator2Driver@6c70 (183c57b5)]&amp#27;[0m No obsolete sessions have been detected (socket hang up)
&amp#27;[38;5;64m[ADB]&amp#27;[0m Running '/Users/anubhavgupta/Library/Android/sdk/platform-tools/adb -P 5037 -s emulator-5554 shell am force-stop io.appium.uiautomator2.server.test'
&amp#27;[38;5;32m[AndroidUiautomator2Driver@6c70 (183c57b5)]&amp#27;[0m Starting UIAutomator2 server 5.13.0
&amp#27;[38;5;32m[AndroidUiautomator2Driver@6c70 (183c57b5)]&amp#27;[0m Using UIAutomator2 server from '/Users/anubhavgupta/.appium/node_modules/appium-uiautomator2-driver/node_modules/appium-uiautomator2-server/apks/appium-uiautomator2-server-v5.13.0.apk' and test from '/Users/anubhavgupta/.appium/node_modules/appium-uiautomator2-driver/node_modules/appium-uiautomator2-server/apks/appium-uiautomator2-server-debug-androidTest.apk'
&amp#27;[38;5;32m[AndroidUiautomator2Driver@6c70 (183c57b5)]&amp#27;[0m Waiting up to 30000ms for UiAutomator2 to be online...
&amp#27;[38;5;64m[ADB]&amp#27;[0m Creating ADB subprocess with args: ["-P","5037","-s","emulator-5554","shell","am","instrument","-w","-e","disableAnalytics","true","io.appium.uiautomator2.server.test/androidx.test.runner.AndroidJUnitRunner"]
&amp#27;[38;5;32m[AndroidUiautomator2Driver@6c70 (183c57b5)]&amp#27;[0m Matched '/status' to command name 'getStatus'
&amp#27;[38;5;32m[AndroidUiautomator2Driver@6c70 (183c57b5)]&amp#27;[0m Proxying [GET /status] to [GET http://127.0.0.1:8200/status] with no body
&amp#27;[38;5;32m[AndroidUiautomator2Driver@6c70 (183c57b5)]&amp#27;[0m socket hang up
&amp#27;[38;5;32m[AndroidUiautomator2Driver@6c70 (183c57b5)]&amp#27;[0m Matched '/status' to command name 'getStatus'
&amp#27;[38;5;32m[AndroidUiautomator2Driver@6c70 (183c57b5)]&amp#27;[0m Proxying [GET /status] to [GET http://127.0.0.1:8200/status] with no body
&amp#27;[38;5;32m[AndroidUiautomator2Driver@6c70 (183c57b5)]&amp#27;[0m socket hang up
&amp#27;[38;5;32m[AndroidUiautomator2Driver@6c70 (183c57b5)]&amp#27;[0m Matched '/status' to command name 'getStatus'
&amp#27;[38;5;32m[AndroidUiautomator2Driver@6c70 (183c57b5)]&amp#27;[0m Proxying [GET /status] to [GET http://127.0.0.1:8200/status] with no body
&amp#27;[38;5;32m[AndroidUiautomator2Driver@6c70 (183c57b5)]&amp#27;[0m socket hang up
&amp#27;[38;5;112m[Instrumentation]&amp#27;[0m io.appium.uiautomator2.server.test.AppiumUiAutomator2Server:
&amp#27;[38;5;32m[AndroidUiautomator2Driver@6c70 (183c57b5)]&amp#27;[0m Matched '/status' to command name 'getStatus'
&amp#27;[38;5;32m[AndroidUiautomator2Driver@6c70 (183c57b5)]&amp#27;[0m Proxying [GET /status] to [GET http://127.0.0.1:8200/status] with no body
&amp#27;[38;5;32m[AndroidUiautomator2Driver@6c70 (183c57b5)]&amp#27;[0m socket hang up
&amp#27;[38;5;32m[AndroidUiautomator2Driver@6c70 (183c57b5)]&amp#27;[0m Matched '/status' to command name 'getStatus'
&amp#27;[38;5;32m[AndroidUiautomator2Driver@6c70 (183c57b5)]&amp#27;[0m Proxying [GET /status] to [GET http://127.0.0.1:8200/status] with no body
&amp#27;[38;5;32m[AndroidUiautomator2Driver@6c70 (183c57b5)]&amp#27;[0m Got response with status 200: {"sessionId":"None","value":{"message":"UiAutomator2 Server is ready to accept commands","ready":true}}
&amp#27;[38;5;32m[AndroidUiautomator2Driver@6c70 (183c57b5)]&amp#27;[0m The initialization of the instrumentation process took 4111ms
&amp#27;[38;5;32m[AndroidUiautomator2Driver@6c70 (183c57b5)]&amp#27;[0m Matched '/session' to command name 'createSession'
&amp#27;[38;5;32m[AndroidUiautomator2Driver@6c70 (183c57b5)]&amp#27;[0m Proxying [POST /session] to [POST http://127.0.0.1:8200/session] with body: {"capabilities":{"firstMatch":[{"platformName":"ANDROID","app":"/Users/anubhavgupta/Documents/eclipse-workspace(Java)/AppTestingFramework/src/main/java/APPS/General-Store.apk","automationName":"UIAutomator2","chromedriverExecutable":"/Users/anubhavgupta/Documents/Drivers/chromedriver_103","deviceName":"emulator-5554","platform":"LINUX","webStorageEnabled":false,"takesScreenshot":true,"javascriptEnabled":true,"databaseEnabled":false,"networkConnectionEnabled":true,"locationContextEnabled":false,"warnings":{},"desired":{"platformName":"ANDROID","app":"/Users/anubhavgupta/Documents/eclipse-workspace(Java)/AppTestingFramework/src/main/java/APPS/General-Store.apk","automationName":"UIAutomator2","chromedriverExecutable":"/Users/anubhavgupta/Documents/Drivers/chromedriver_103","deviceName":"Anubhav Small Phone"},"deviceUDID":"emulator-5554","appPackage":"com.androidsample.generalstore"}],"alwaysMatch":{}}}
&amp#27;[38;5;32m[AndroidUiautomator2Driver@6c70 (183c57b5)]&amp#27;[0m Got response with status 200: {"sessionId":"ec4878d2-2814-4743-92d0-2901aefe9e7f","value":{"capabilities":{"firstMatch":[{"platformName":"ANDROID","app":"/Users/anubhavgupta/Documents/eclipse-workspace(Java)/AppTestingFramework/src/main/java/APPS/General-Store.apk","automationName":"UIAutomator2","chromedriverExecutable":"/Users/anubhavgupta/Documents/Drivers/chromedriver_103","deviceName":"emulator-5554","platform":"LINUX","webStorageEnabled":false,"takesScreenshot":true,"javascriptEnabled":true,"databaseEnabled":false,"networkConnectionEnabled":true,"locationContextEnabled":false,"warnings":{},"desired":{"platformName":"ANDROID","app":"/Users/anubhavgupta/Documents/eclipse-workspace(Java)/AppTestingFramework/src/main/java/APPS/General-Store.apk","automationName":"UIAutomator2","chromedriverExecutable":"/Users/anubhavgupta/Documents/Drivers/chromedriver_103","deviceName":"Anubhav Small Phone"},"deviceUDID":"emulator-5554","appPackage":"com.androidsample.generalstore"}],"alwaysMatch":{}},"sessionId":"ec4878d2-2814-4743-92d0-2901aefe9e7...
&amp#27;[38;5;32m[AndroidUiautomator2Driver@6c70 (183c57b5)]&amp#27;[0m Determined the downstream protocol as 'W3C'
&amp#27;[38;5;32m[AndroidUiautomator2Driver@6c70 (183c57b5)]&amp#27;[0m Proxying [GET /appium/device/pixel_ratio] to [GET http://127.0.0.1:8200/session/ec4878d2-2814-4743-92d0-2901aefe9e7f/appium/device/pixel_ratio] with no body
&amp#27;[38;5;32m[AndroidUiautomator2Driver@6c70 (183c57b5)]&amp#27;[0m Matched '/appium/device/system_bars' to command name 'getSystemBars'
&amp#27;[38;5;32m[AndroidUiautomator2Driver@6c70 (183c57b5)]&amp#27;[0m Proxying [GET /appium/device/system_bars] to [GET http://127.0.0.1:8200/session/ec4878d2-2814-4743-92d0-2901aefe9e7f/appium/device/system_bars] with no body
&amp#27;[38;5;32m[AndroidUiautomator2Driver@6c70 (183c57b5)]&amp#27;[0m Matched '/window/current/size' to command name 'getWindowSize'
&amp#27;[38;5;32m[AndroidUiautomator2Driver@6c70 (183c57b5)]&amp#27;[0m Proxying [GET /window/current/size] to [GET http://127.0.0.1:8200/session/ec4878d2-2814-4743-92d0-2901aefe9e7f/window/current/size] with no body
&amp#27;[38;5;32m[AndroidUiautomator2Driver@6c70 (183c57b5)]&amp#27;[0m Proxying [GET /appium/device/info] to [GET http://127.0.0.1:8200/session/ec4878d2-2814-4743-92d0-2901aefe9e7f/appium/device/info] with no body
&amp#27;[38;5;64m[ADB]&amp#27;[0m Running '/Users/anubhavgupta/Library/Android/sdk/platform-tools/adb -P 5037 -s emulator-5554 shell dumpsys window'
&amp#27;[38;5;32m[AndroidUiautomator2Driver@6c70 (183c57b5)]&amp#27;[0m Got response with status 200: {"sessionId":"ec4878d2-2814-4743-92d0-2901aefe9e7f","value":2.75}
&amp#27;[38;5;32m[AndroidUiautomator2Driver@6c70 (183c57b5)]&amp#27;[0m Got response with status 200: {"sessionId":"ec4878d2-2814-4743-92d0-2901aefe9e7f","value":{"height":2214,"width":1080}}
&amp#27;[38;5;32m[AndroidUiautomator2Driver@6c70 (183c57b5)]&amp#27;[0m Got response with status 200: {"sessionId":"ec4878d2-2814-4743-92d0-2901aefe9e7f","value":{"statusBar":83}}
&amp#27;[38;5;32m[AndroidUiautomator2Driver@6c70 (183c57b5)]&amp#27;[0m Got response with status 200: {"sessionId":"ec4878d2-2814-4743-92d0-2901aefe9e7f","value":{"androidId":"dd4768480b6a0288","apiVersion":"33","bluetooth":{"state":"ON"},"brand":"google","carrierName":"T-Mobile","displayDensity":440,"locale":"en_US","manufacturer":"Google","model":"sdk_gphone64_arm64","networks":[{"capabilities":{"SSID":null,"linkDownBandwidthKbps":30000,"linkUpstreamBandwidthKbps":12000,"networkCapabilities":"NET_CAPABILITY_NOT_METERED,NET_CAPABILITY_INTERNET,NET_CAPABILITY_NOT_RESTRICTED,NET_CAPABILITY_TRUSTED,NET_CAPABILITY_NOT_VPN,NET_CAPABILITY_VALIDATED,NET_CAPABILITY_NOT_ROAMING,NET_CAPABILITY_FOREGROUND,NET_CAPABILITY_NOT_CONGESTED,NET_CAPABILITY_NOT_SUSPENDED","signalStrength":-50,"transportTypes":"TRANSPORT_WIFI"},"detailedState":"CONNECTED","extraInfo":"","isAvailable":true,"isConnected":true,"isFailover":false,"isRoaming":false,"state":"CONNECTED","subtype":-1,"subtypeName":"","type":1,"typeName":"WIFI"},{"capabilities":{"SSID":null,"linkDownBandwidthKbps":4300,"linkUpstreamBandwidthKbps":1800,"networkCapabili...
&amp#27;[38;5;80m[AndroidDriver]&amp#27;[0m Screen already unlocked, doing nothing
&amp#27;[38;5;32m[AndroidUiautomator2Driver@6c70 (183c57b5)]&amp#27;[0m Starting 'com.androidsample.generalstore/com.androidsample.generalstore.SplashActivity and waiting for 'com.androidsample.generalstore/com.androidsample.generalstore.SplashActivity'
&amp#27;[38;5;64m[ADB]&amp#27;[0m Running '/Users/anubhavgupta/Library/Android/sdk/platform-tools/adb -P 5037 -s emulator-5554 shell am start -W -n com.androidsample.generalstore/com.androidsample.generalstore.SplashActivity -S -a android.intent.action.MAIN -c android.intent.category.LAUNCHER -f 0x10200000'
&amp#27;[38;5;64m[ADB]&amp#27;[0m Waiting up to 20000ms for activity matching pkg: 'com.androidsample.generalstore' and activity: 'com.androidsample.generalstore.SplashActivity' to be focused
&amp#27;[38;5;64m[ADB]&amp#27;[0m Possible activities, to be checked: 'com.androidsample.generalstore.SplashActivity', 'com.androidsample.generalstore.com.androidsample.generalstore.SplashActivity'
&amp#27;[38;5;64m[ADB]&amp#27;[0m Getting focused package and activity
&amp#27;[38;5;64m[ADB]&amp#27;[0m Running '/Users/anubhavgupta/Library/Android/sdk/platform-tools/adb -P 5037 -s emulator-5554 shell dumpsys window displays'
&amp#27;[38;5;64m[ADB]&amp#27;[0m Found package: 'com.androidsample.generalstore' and fully qualified activity name : 'com.androidsample.generalstore.SplashActivity'
&amp#27;[38;5;16m[AppiumDriver@3eb4]&amp#27;[0m New AndroidUiautomator2Driver session created successfully, session 183c57b5-36bd-4146-8b7d-d1fc7b6499f2 added to master session list
&amp#27;[38;5;16m[AppiumDriver@3eb4]&amp#27;[0m Event 'newSessionStarted' logged at 1705336265690 (22:01:05 GMT+0530 (India Standard Time))
&amp#27;[38;5;32m[AndroidUiautomator2Driver@6c70 (183c57b5)]&amp#27;[0m Cached the protocol value 'W3C' for the new session 183c57b5-36bd-4146-8b7d-d1fc7b6499f2
&amp#27;[38;5;32m[AndroidUiautomator2Driver@6c70 (183c57b5)]&amp#27;[0m Responding to client with driver.createSession() result: {"capabilities":{"platformName":"ANDROID","app":"/Users/anubhavgupta/Documents/eclipse-workspace(Java)/AppTestingFramework/src/main/java/APPS/General-Store.apk","automationName":"UIAutomator2","chromedriverExecutable":"/Users/anubhavgupta/Documents/Drivers/chromedriver_103","deviceName":"emulator-5554","platform":"LINUX","webStorageEnabled":false,"takesScreenshot":true,"javascriptEnabled":true,"databaseEnabled":false,"networkConnectionEnabled":true,"locationContextEnabled":false,"warnings":{},"desired":{"platformName":"ANDROID","app":"/Users/anubhavgupta/Documents/eclipse-workspace(Java)/AppTestingFramework/src/main/java/APPS/General-Store.apk","automationName":"UIAutomator2","chromedriverExecutable":"/Users/anubhavgupta/Documents/Drivers/chromedriver_103","deviceName":"Anubhav Small Phone"},"deviceUDID":"emulator-5554","appPackage":"com.androidsample.generalstore","pixelRatio":"2.75","statBarHeight":83,"viewportRect":{"left":0,"top":83,"width":1080,"height":2131},"deviceApiLevel":33,"platformVersion":"13"...
&amp#27;[38;5;0m[HTTP]&amp#27;[0m <-- POST /session 200 8968 ms - 1206
&amp#27;[38;5;0m[HTTP]&amp#27;[0m 
&amp#27;[38;5;0m[HTTP]&amp#27;[0m &amp#27;[37m-->&amp#27;[39m &amp#27;[37mPOST&amp#27;[39m &amp#27;[37m/session/183c57b5-36bd-4146-8b7d-d1fc7b6499f2/timeouts&amp#27;[39m
&amp#27;[38;5;0m[HTTP]&amp#27;[0m {"implicit":10000}
&amp#27;[38;5;32m[AndroidUiautomator2Driver@6c70 (183c57b5)]&amp#27;[0m Calling AppiumDriver.timeouts() with args: [null,null,null,null,10000,"183c57b5-36bd-4146-8b7d-d1fc7b6499f2"]
&amp#27;[38;5;32m[AndroidUiautomator2Driver@6c70 (183c57b5)]&amp#27;[0m W3C timeout argument: {"implicit":10000}}
&amp#27;[38;5;32m[AndroidUiautomator2Driver@6c70 (183c57b5)]&amp#27;[0m Set implicit wait to 10000ms
&amp#27;[38;5;32m[AndroidUiautomator2Driver@6c70 (183c57b5)]&amp#27;[0m Responding to client with driver.timeouts() result: null
&amp#27;[38;5;0m[HTTP]&amp#27;[0m <-- POST /session/183c57b5-36bd-4146-8b7d-d1fc7b6499f2/timeouts 200 2 ms - 14
&amp#27;[38;5;0m[HTTP]&amp#27;[0m 
&amp#27;[38;5;0m[HTTP]&amp#27;[0m &amp#27;[37m-->&amp#27;[39m &amp#27;[37mGET&amp#27;[39m &amp#27;[37m/session/183c57b5-36bd-4146-8b7d-d1fc7b6499f2/context&amp#27;[39m
&amp#27;[38;5;0m[HTTP]&amp#27;[0m {}
&amp#27;[38;5;32m[AndroidUiautomator2Driver@6c70 (183c57b5)]&amp#27;[0m Calling AppiumDriver.getCurrentContext() with args: ["183c57b5-36bd-4146-8b7d-d1fc7b6499f2"]
&amp#27;[38;5;32m[AndroidUiautomator2Driver@6c70 (183c57b5)]&amp#27;[0m Responding to client with driver.getCurrentContext() result: "NATIVE_APP"
&amp#27;[38;5;0m[HTTP]&amp#27;[0m <-- GET /session/183c57b5-36bd-4146-8b7d-d1fc7b6499f2/context 200 7 ms - 22
&amp#27;[38;5;0m[HTTP]&amp#27;[0m 
&amp#27;[38;5;0m[HTTP]&amp#27;[0m &amp#27;[37m-->&amp#27;[39m &amp#27;[37mPOST&amp#27;[39m &amp#27;[37m/session/183c57b5-36bd-4146-8b7d-d1fc7b6499f2/element&amp#27;[39m
&amp#27;[38;5;0m[HTTP]&amp#27;[0m {"using":"id","value":"com.androidsample.generalstore:id/spinnerCountry"}
&amp#27;[38;5;32m[AndroidUiautomator2Driver@6c70 (183c57b5)]&amp#27;[0m Calling AppiumDriver.findElement() with args: ["id","com.androidsample.generalstore:id/spinnerCountry","183c57b5-36bd-4146-8b7d-d1fc7b6499f2"]
&amp#27;[38;5;32m[AndroidUiautomator2Driver@6c70 (183c57b5)]&amp#27;[0m Valid locator strategies for this request: xpath, id, class name, accessibility id, css selector, -android uiautomator
&amp#27;[38;5;32m[AndroidUiautomator2Driver@6c70 (183c57b5)]&amp#27;[0m Waiting up to 10000 ms for condition
&amp#27;[38;5;32m[AndroidUiautomator2Driver@6c70 (183c57b5)]&amp#27;[0m Matched '/element' to command name 'findElement'
&amp#27;[38;5;32m[AndroidUiautomator2Driver@6c70 (183c57b5)]&amp#27;[0m Proxying [POST /element] to [POST http://127.0.0.1:8200/session/ec4878d2-2814-4743-92d0-2901aefe9e7f/element] with body: {"strategy":"id","selector":"com.androidsample.generalstore:id/spinnerCountry","context":"","multiple":false}
&amp#27;[38;5;32m[AndroidUiautomator2Driver@6c70 (183c57b5)]&amp#27;[0m Got response with status 404: {"sessionId":"ec4878d2-2814-4743-92d0-2901aefe9e7f","value":{"error":"no such element","message":"An element could not be located on the page using the given search parameters","stacktrace":"io.appium.uiautomator2.common.exceptions.ElementNotFoundException: An element could not be located on the page using the given search parameters\n\tat io.appium.uiautomator2.handler.FindElement.safeHandle(FindElement.java:63)\n\tat io.appium.uiautomator2.handler.request.SafeRequestHandler.handle(SafeRequestHandler.java:59)\n\tat io.appium.uiautomator2.server.AppiumServlet.handleRequest(AppiumServlet.java:277)\n\tat io.appium.uiautomator2.server.AppiumServlet.handleHttpRequest(AppiumServlet.java:271)\n\tat io.appium.uiautomator2.http.ServerHandler.channelRead(ServerHandler.java:77)\n\tat io.netty.channel.AbstractChannelHandlerContext.invokeChannelRead(AbstractChannelHandlerContext.java:366)\n\tat io.netty.channel.AbstractChannelHandlerContext.invokeChannelRead(AbstractChannelHandlerContext.java:352)\n\tat io.netty.chann...
&amp#27;[38;5;128m[W3C]&amp#27;[0m Matched W3C error code 'no such element' to NoSuchElementError
&amp#27;[38;5;32m[AndroidUiautomator2Driver@6c70 (183c57b5)]&amp#27;[0m Waited for 584 ms so far
&amp#27;[38;5;32m[AndroidUiautomator2Driver@6c70 (183c57b5)]&amp#27;[0m Matched '/element' to command name 'findElement'
&amp#27;[38;5;32m[AndroidUiautomator2Driver@6c70 (183c57b5)]&amp#27;[0m Proxying [POST /element] to [POST http://127.0.0.1:8200/session/ec4878d2-2814-4743-92d0-2901aefe9e7f/element] with body: {"strategy":"id","selector":"com.androidsample.generalstore:id/spinnerCountry","context":"","multiple":false}
&amp#27;[38;5;32m[AndroidUiautomator2Driver@6c70 (183c57b5)]&amp#27;[0m Got response with status 404: {"sessionId":"ec4878d2-2814-4743-92d0-2901aefe9e7f","value":{"error":"no such element","message":"An element could not be located on the page using the given search parameters","stacktrace":"io.appium.uiautomator2.common.exceptions.ElementNotFoundException: An element could not be located on the page using the given search parameters\n\tat io.appium.uiautomator2.handler.FindElement.safeHandle(FindElement.java:63)\n\tat io.appium.uiautomator2.handler.request.SafeRequestHandler.handle(SafeRequestHandler.java:59)\n\tat io.appium.uiautomator2.server.AppiumServlet.handleRequest(AppiumServlet.java:277)\n\tat io.appium.uiautomator2.server.AppiumServlet.handleHttpRequest(AppiumServlet.java:271)\n\tat io.appium.uiautomator2.http.ServerHandler.channelRead(ServerHandler.java:77)\n\tat io.netty.channel.AbstractChannelHandlerContext.invokeChannelRead(AbstractChannelHandlerContext.java:366)\n\tat io.netty.channel.AbstractChannelHandlerContext.invokeChannelRead(AbstractChannelHandlerContext.java:352)\n\tat io.netty.chann...
&amp#27;[38;5;128m[W3C]&amp#27;[0m Matched W3C error code 'no such element' to NoSuchElementError
&amp#27;[38;5;32m[AndroidUiautomator2Driver@6c70 (183c57b5)]&amp#27;[0m Waited for 1113 ms so far
&amp#27;[38;5;32m[AndroidUiautomator2Driver@6c70 (183c57b5)]&amp#27;[0m Matched '/element' to command name 'findElement'
&amp#27;[38;5;32m[AndroidUiautomator2Driver@6c70 (183c57b5)]&amp#27;[0m Proxying [POST /element] to [POST http://127.0.0.1:8200/session/ec4878d2-2814-4743-92d0-2901aefe9e7f/element] with body: {"strategy":"id","selector":"com.androidsample.generalstore:id/spinnerCountry","context":"","multiple":false}
&amp#27;[38;5;32m[AndroidUiautomator2Driver@6c70 (183c57b5)]&amp#27;[0m Got response with status 404: {"sessionId":"ec4878d2-2814-4743-92d0-2901aefe9e7f","value":{"error":"no such element","message":"An element could not be located on the page using the given search parameters","stacktrace":"io.appium.uiautomator2.common.exceptions.ElementNotFoundException: An element could not be located on the page using the given search parameters\n\tat io.appium.uiautomator2.handler.FindElement.safeHandle(FindElement.java:63)\n\tat io.appium.uiautomator2.handler.request.SafeRequestHandler.handle(SafeRequestHandler.java:59)\n\tat io.appium.uiautomator2.server.AppiumServlet.handleRequest(AppiumServlet.java:277)\n\tat io.appium.uiautomator2.server.AppiumServlet.handleHttpRequest(AppiumServlet.java:271)\n\tat io.appium.uiautomator2.http.ServerHandler.channelRead(ServerHandler.java:77)\n\tat io.netty.channel.AbstractChannelHandlerContext.invokeChannelRead(AbstractChannelHandlerContext.java:366)\n\tat io.netty.channel.AbstractChannelHandlerContext.invokeChannelRead(AbstractChannelHandlerContext.java:352)\n\tat io.netty.chann...
&amp#27;[38;5;128m[W3C]&amp#27;[0m Matched W3C error code 'no such element' to NoSuchElementError
&amp#27;[38;5;32m[AndroidUiautomator2Driver@6c70 (183c57b5)]&amp#27;[0m Waited for 1642 ms so far
&amp#27;[38;5;32m[AndroidUiautomator2Driver@6c70 (183c57b5)]&amp#27;[0m Matched '/element' to command name 'findElement'
&amp#27;[38;5;32m[AndroidUiautomator2Driver@6c70 (183c57b5)]&amp#27;[0m Proxying [POST /element] to [POST http://127.0.0.1:8200/session/ec4878d2-2814-4743-92d0-2901aefe9e7f/element] with body: {"strategy":"id","selector":"com.androidsample.generalstore:id/spinnerCountry","context":"","multiple":false}
&amp#27;[38;5;32m[AndroidUiautomator2Driver@6c70 (183c57b5)]&amp#27;[0m Got response with status 404: {"sessionId":"ec4878d2-2814-4743-92d0-2901aefe9e7f","value":{"error":"no such element","message":"An element could not be located on the page using the given search parameters","stacktrace":"io.appium.uiautomator2.common.exceptions.ElementNotFoundException: An element could not be located on the page using the given search parameters\n\tat io.appium.uiautomator2.handler.FindElement.safeHandle(FindElement.java:63)\n\tat io.appium.uiautomator2.handler.request.SafeRequestHandler.handle(SafeRequestHandler.java:59)\n\tat io.appium.uiautomator2.server.AppiumServlet.handleRequest(AppiumServlet.java:277)\n\tat io.appium.uiautomator2.server.AppiumServlet.handleHttpRequest(AppiumServlet.java:271)\n\tat io.appium.uiautomator2.http.ServerHandler.channelRead(ServerHandler.java:77)\n\tat io.netty.channel.AbstractChannelHandlerContext.invokeChannelRead(AbstractChannelHandlerContext.java:366)\n\tat io.netty.channel.AbstractChannelHandlerContext.invokeChannelRead(AbstractChannelHandlerContext.java:352)\n\tat io.netty.chann...
&amp#27;[38;5;128m[W3C]&amp#27;[0m Matched W3C error code 'no such element' to NoSuchElementError
&amp#27;[38;5;32m[AndroidUiautomator2Driver@6c70 (183c57b5)]&amp#27;[0m Waited for 2165 ms so far
&amp#27;[38;5;32m[AndroidUiautomator2Driver@6c70 (183c57b5)]&amp#27;[0m Matched '/element' to command name 'findElement'
&amp#27;[38;5;32m[AndroidUiautomator2Driver@6c70 (183c57b5)]&amp#27;[0m Proxying [POST /element] to [POST http://127.0.0.1:8200/session/ec4878d2-2814-4743-92d0-2901aefe9e7f/element] with body: {"strategy":"id","selector":"com.androidsample.generalstore:id/spinnerCountry","context":"","multiple":false}
&amp#27;[38;5;32m[AndroidUiautomator2Driver@6c70 (183c57b5)]&amp#27;[0m Got response with status 404: {"sessionId":"ec4878d2-2814-4743-92d0-2901aefe9e7f","value":{"error":"no such element","message":"An element could not be located on the page using the given search parameters","stacktrace":"io.appium.uiautomator2.common.exceptions.ElementNotFoundException: An element could not be located on the page using the given search parameters\n\tat io.appium.uiautomator2.handler.FindElement.safeHandle(FindElement.java:63)\n\tat io.appium.uiautomator2.handler.request.SafeRequestHandler.handle(SafeRequestHandler.java:59)\n\tat io.appium.uiautomator2.server.AppiumServlet.handleRequest(AppiumServlet.java:277)\n\tat io.appium.uiautomator2.server.AppiumServlet.handleHttpRequest(AppiumServlet.java:271)\n\tat io.appium.uiautomator2.http.ServerHandler.channelRead(ServerHandler.java:77)\n\tat io.netty.channel.AbstractChannelHandlerContext.invokeChannelRead(AbstractChannelHandlerContext.java:366)\n\tat io.netty.channel.AbstractChannelHandlerContext.invokeChannelRead(AbstractChannelHandlerContext.java:352)\n\tat io.netty.chann...
&amp#27;[38;5;128m[W3C]&amp#27;[0m Matched W3C error code 'no such element' to NoSuchElementError
&amp#27;[38;5;32m[AndroidUiautomator2Driver@6c70 (183c57b5)]&amp#27;[0m Waited for 2968 ms so far
&amp#27;[38;5;32m[AndroidUiautomator2Driver@6c70 (183c57b5)]&amp#27;[0m Matched '/element' to command name 'findElement'
&amp#27;[38;5;32m[AndroidUiautomator2Driver@6c70 (183c57b5)]&amp#27;[0m Proxying [POST /element] to [POST http://127.0.0.1:8200/session/ec4878d2-2814-4743-92d0-2901aefe9e7f/element] with body: {"strategy":"id","selector":"com.androidsample.generalstore:id/spinnerCountry","context":"","multiple":false}
&amp#27;[38;5;32m[AndroidUiautomator2Driver@6c70 (183c57b5)]&amp#27;[0m Got response with status 200: {"sessionId":"ec4878d2-2814-4743-92d0-2901aefe9e7f","value":{"ELEMENT":"00000000-0000-016e-ffff-ffff0000001a","element-6066-11e4-a52e-4f735466cecf":"00000000-0000-016e-ffff-ffff0000001a"}}
&amp#27;[38;5;32m[AndroidUiautomator2Driver@6c70 (183c57b5)]&amp#27;[0m Responding to client with driver.findElement() result: {"element-6066-11e4-a52e-4f735466cecf":"00000000-0000-016e-ffff-ffff0000001a","ELEMENT":"00000000-0000-016e-ffff-ffff0000001a"}
&amp#27;[38;5;0m[HTTP]&amp#27;[0m <-- POST /session/183c57b5-36bd-4146-8b7d-d1fc7b6499f2/element 200 3562 ms - 137
&amp#27;[38;5;0m[HTTP]&amp#27;[0m 
&amp#27;[38;5;0m[HTTP]&amp#27;[0m &amp#27;[37m-->&amp#27;[39m &amp#27;[37mPOST&amp#27;[39m &amp#27;[37m/session/183c57b5-36bd-4146-8b7d-d1fc7b6499f2/element/00000000-0000-016e-ffff-ffff0000001a/click&amp#27;[39m
&amp#27;[38;5;0m[HTTP]&amp#27;[0m {"id":"00000000-0000-016e-ffff-ffff0000001a"}
&amp#27;[38;5;32m[AndroidUiautomator2Driver@6c70 (183c57b5)]&amp#27;[0m Calling AppiumDriver.click() with args: ["00000000-0000-016e-ffff-ffff0000001a","183c57b5-36bd-4146-8b7d-d1fc7b6499f2"]
&amp#27;[38;5;32m[AndroidUiautomator2Driver@6c70 (183c57b5)]&amp#27;[0m Matched '/element/00000000-0000-016e-ffff-ffff0000001a/click' to command name 'click'
&amp#27;[38;5;32m[AndroidUiautomator2Driver@6c70 (183c57b5)]&amp#27;[0m Proxying [POST /element/00000000-0000-016e-ffff-ffff0000001a/click] to [POST http://127.0.0.1:8200/session/ec4878d2-2814-4743-92d0-2901aefe9e7f/element/00000000-0000-016e-ffff-ffff0000001a/click] with body: {"element":"00000000-0000-016e-ffff-ffff0000001a"}
&amp#27;[38;5;32m[AndroidUiautomator2Driver@6c70 (183c57b5)]&amp#27;[0m Got response with status 200: {"sessionId":"ec4878d2-2814-4743-92d0-2901aefe9e7f","value":null}
&amp#27;[38;5;32m[AndroidUiautomator2Driver@6c70 (183c57b5)]&amp#27;[0m Responding to client with driver.click() result: null
&amp#27;[38;5;0m[HTTP]&amp#27;[0m <-- POST /session/183c57b5-36bd-4146-8b7d-d1fc7b6499f2/element/00000000-0000-016e-ffff-ffff0000001a/click 200 675 ms - 14
&amp#27;[38;5;0m[HTTP]&amp#27;[0m 
&amp#27;[38;5;0m[HTTP]&amp#27;[0m &amp#27;[37m-->&amp#27;[39m &amp#27;[37mPOST&amp#27;[39m &amp#27;[37m/session/183c57b5-36bd-4146-8b7d-d1fc7b6499f2/element&amp#27;[39m
&amp#27;[38;5;0m[HTTP]&amp#27;[0m {"using":"-android uiautomator","value":"new UiScrollable(new UiSelector()).scrollIntoView(text(\"Australia\"))"}
&amp#27;[38;5;32m[AndroidUiautomator2Driver@6c70 (183c57b5)]&amp#27;[0m Calling AppiumDriver.findElement() with args: ["-android uiautomator","new UiScrollable(new UiSelector()).scrollIntoView(text(\"Australia\"))","183c57b5-36bd-4146-8b7d-d1fc7b6499f2"]
&amp#27;[38;5;32m[AndroidUiautomator2Driver@6c70 (183c57b5)]&amp#27;[0m Valid locator strategies for this request: xpath, id, class name, accessibility id, css selector, -android uiautomator
&amp#27;[38;5;32m[AndroidUiautomator2Driver@6c70 (183c57b5)]&amp#27;[0m Waiting up to 10000 ms for condition
&amp#27;[38;5;32m[AndroidUiautomator2Driver@6c70 (183c57b5)]&amp#27;[0m Matched '/element' to command name 'findElement'
&amp#27;[38;5;32m[AndroidUiautomator2Driver@6c70 (183c57b5)]&amp#27;[0m Proxying [POST /element] to [POST http://127.0.0.1:8200/session/ec4878d2-2814-4743-92d0-2901aefe9e7f/element] with body: {"strategy":"-android uiautomator","selector":"new UiScrollable(new UiSelector()).scrollIntoView(text(\"Australia\"))","context":"","multiple":false}
&amp#27;[38;5;32m[AndroidUiautomator2Driver@6c70 (183c57b5)]&amp#27;[0m Got response with status 200: {"sessionId":"ec4878d2-2814-4743-92d0-2901aefe9e7f","value":{"ELEMENT":"00000000-0000-016f-ffff-ffff0000002b","element-6066-11e4-a52e-4f735466cecf":"00000000-0000-016f-ffff-ffff0000002b"}}
&amp#27;[38;5;32m[AndroidUiautomator2Driver@6c70 (183c57b5)]&amp#27;[0m Responding to client with driver.findElement() result: {"element-6066-11e4-a52e-4f735466cecf":"00000000-0000-016f-ffff-ffff0000002b","ELEMENT":"00000000-0000-016f-ffff-ffff0000002b"}
&amp#27;[38;5;0m[HTTP]&amp#27;[0m <-- POST /session/183c57b5-36bd-4146-8b7d-d1fc7b6499f2/element 200 4397 ms - 137
&amp#27;[38;5;0m[HTTP]&amp#27;[0m 
&amp#27;[38;5;0m[HTTP]&amp#27;[0m &amp#27;[37m-->&amp#27;[39m &amp#27;[37mPOST&amp#27;[39m &amp#27;[37m/session/183c57b5-36bd-4146-8b7d-d1fc7b6499f2/element/00000000-0000-016f-ffff-ffff0000002b/click&amp#27;[39m
&amp#27;[38;5;0m[HTTP]&amp#27;[0m {"id":"00000000-0000-016f-ffff-ffff0000002b"}
&amp#27;[38;5;32m[AndroidUiautomator2Driver@6c70 (183c57b5)]&amp#27;[0m Calling AppiumDriver.click() with args: ["00000000-0000-016f-ffff-ffff0000002b","183c57b5-36bd-4146-8b7d-d1fc7b6499f2"]
&amp#27;[38;5;32m[AndroidUiautomator2Driver@6c70 (183c57b5)]&amp#27;[0m Matched '/element/00000000-0000-016f-ffff-ffff0000002b/click' to command name 'click'
&amp#27;[38;5;32m[AndroidUiautomator2Driver@6c70 (183c57b5)]&amp#27;[0m Proxying [POST /element/00000000-0000-016f-ffff-ffff0000002b/click] to [POST http://127.0.0.1:8200/session/ec4878d2-2814-4743-92d0-2901aefe9e7f/element/00000000-0000-016f-ffff-ffff0000002b/click] with body: {"element":"00000000-0000-016f-ffff-ffff0000002b"}
&amp#27;[38;5;32m[AndroidUiautomator2Driver@6c70 (183c57b5)]&amp#27;[0m Got response with status 200: {"sessionId":"ec4878d2-2814-4743-92d0-2901aefe9e7f","value":null}
&amp#27;[38;5;32m[AndroidUiautomator2Driver@6c70 (183c57b5)]&amp#27;[0m Responding to client with driver.click() result: null
&amp#27;[38;5;0m[HTTP]&amp#27;[0m <-- POST /session/183c57b5-36bd-4146-8b7d-d1fc7b6499f2/element/00000000-0000-016f-ffff-ffff0000002b/click 200 792 ms - 14
&amp#27;[38;5;0m[HTTP]&amp#27;[0m 
&amp#27;[38;5;0m[HTTP]&amp#27;[0m &amp#27;[37m-->&amp#27;[39m &amp#27;[37mGET&amp#27;[39m &amp#27;[37m/session/183c57b5-36bd-4146-8b7d-d1fc7b6499f2/context&amp#27;[39m
&amp#27;[38;5;0m[HTTP]&amp#27;[0m {}
&amp#27;[38;5;32m[AndroidUiautomator2Driver@6c70 (183c57b5)]&amp#27;[0m Calling AppiumDriver.getCurrentContext() with args: ["183c57b5-36bd-4146-8b7d-d1fc7b6499f2"]
&amp#27;[38;5;32m[AndroidUiautomator2Driver@6c70 (183c57b5)]&amp#27;[0m Responding to client with driver.getCurrentContext() result: "NATIVE_APP"
&amp#27;[38;5;0m[HTTP]&amp#27;[0m <-- GET /session/183c57b5-36bd-4146-8b7d-d1fc7b6499f2/context 200 5 ms - 22
&amp#27;[38;5;0m[HTTP]&amp#27;[0m 
&amp#27;[38;5;0m[HTTP]&amp#27;[0m &amp#27;[37m-->&amp#27;[39m &amp#27;[37mPOST&amp#27;[39m &amp#27;[37m/session/183c57b5-36bd-4146-8b7d-d1fc7b6499f2/element&amp#27;[39m
&amp#27;[38;5;0m[HTTP]&amp#27;[0m {"using":"id","value":"com.androidsample.generalstore:id/radioFemale"}
&amp#27;[38;5;32m[AndroidUiautomator2Driver@6c70 (183c57b5)]&amp#27;[0m Calling AppiumDriver.findElement() with args: ["id","com.androidsample.generalstore:id/radioFemale","183c57b5-36bd-4146-8b7d-d1fc7b6499f2"]
&amp#27;[38;5;32m[AndroidUiautomator2Driver@6c70 (183c57b5)]&amp#27;[0m Valid locator strategies for this request: xpath, id, class name, accessibility id, css selector, -android uiautomator
&amp#27;[38;5;32m[AndroidUiautomator2Driver@6c70 (183c57b5)]&amp#27;[0m Waiting up to 10000 ms for condition
&amp#27;[38;5;32m[AndroidUiautomator2Driver@6c70 (183c57b5)]&amp#27;[0m Matched '/element' to command name 'findElement'
&amp#27;[38;5;32m[AndroidUiautomator2Driver@6c70 (183c57b5)]&amp#27;[0m Proxying [POST /element] to [POST http://127.0.0.1:8200/session/ec4878d2-2814-4743-92d0-2901aefe9e7f/element] with body: {"strategy":"id","selector":"com.androidsample.generalstore:id/radioFemale","context":"","multiple":false}
&amp#27;[38;5;32m[AndroidUiautomator2Driver@6c70 (183c57b5)]&amp#27;[0m Got response with status 200: {"sessionId":"ec4878d2-2814-4743-92d0-2901aefe9e7f","value":{"ELEMENT":"00000000-0000-016e-ffff-ffff00000020","element-6066-11e4-a52e-4f735466cecf":"00000000-0000-016e-ffff-ffff00000020"}}
&amp#27;[38;5;32m[AndroidUiautomator2Driver@6c70 (183c57b5)]&amp#27;[0m Responding to client with driver.findElement() result: {"element-6066-11e4-a52e-4f735466cecf":"00000000-0000-016e-ffff-ffff00000020","ELEMENT":"00000000-0000-016e-ffff-ffff00000020"}
&amp#27;[38;5;0m[HTTP]&amp#27;[0m <-- POST /session/183c57b5-36bd-4146-8b7d-d1fc7b6499f2/element 200 40 ms - 137
&amp#27;[38;5;0m[HTTP]&amp#27;[0m 
&amp#27;[38;5;0m[HTTP]&amp#27;[0m &amp#27;[37m-->&amp#27;[39m &amp#27;[37mPOST&amp#27;[39m &amp#27;[37m/session/183c57b5-36bd-4146-8b7d-d1fc7b6499f2/element/00000000-0000-016e-ffff-ffff00000020/click&amp#27;[39m
&amp#27;[38;5;0m[HTTP]&amp#27;[0m {"id":"00000000-0000-016e-ffff-ffff00000020"}
&amp#27;[38;5;32m[AndroidUiautomator2Driver@6c70 (183c57b5)]&amp#27;[0m Calling AppiumDriver.click() with args: ["00000000-0000-016e-ffff-ffff00000020","183c57b5-36bd-4146-8b7d-d1fc7b6499f2"]
&amp#27;[38;5;32m[AndroidUiautomator2Driver@6c70 (183c57b5)]&amp#27;[0m Matched '/element/00000000-0000-016e-ffff-ffff00000020/click' to command name 'click'
&amp#27;[38;5;32m[AndroidUiautomator2Driver@6c70 (183c57b5)]&amp#27;[0m Proxying [POST /element/00000000-0000-016e-ffff-ffff00000020/click] to [POST http://127.0.0.1:8200/session/ec4878d2-2814-4743-92d0-2901aefe9e7f/element/00000000-0000-016e-ffff-ffff00000020/click] with body: {"element":"00000000-0000-016e-ffff-ffff00000020"}
&amp#27;[38;5;32m[AndroidUiautomator2Driver@6c70 (183c57b5)]&amp#27;[0m Got response with status 200: {"sessionId":"ec4878d2-2814-4743-92d0-2901aefe9e7f","value":null}
&amp#27;[38;5;32m[AndroidUiautomator2Driver@6c70 (183c57b5)]&amp#27;[0m Responding to client with driver.click() result: null
&amp#27;[38;5;0m[HTTP]&amp#27;[0m <-- POST /session/183c57b5-36bd-4146-8b7d-d1fc7b6499f2/element/00000000-0000-016e-ffff-ffff00000020/click 200 68 ms - 14
&amp#27;[38;5;0m[HTTP]&amp#27;[0m 
&amp#27;[38;5;0m[HTTP]&amp#27;[0m &amp#27;[37m-->&amp#27;[39m &amp#27;[37mGET&amp#27;[39m &amp#27;[37m/session/183c57b5-36bd-4146-8b7d-d1fc7b6499f2/context&amp#27;[39m
&amp#27;[38;5;0m[HTTP]&amp#27;[0m {}
&amp#27;[38;5;32m[AndroidUiautomator2Driver@6c70 (183c57b5)]&amp#27;[0m Calling AppiumDriver.getCurrentContext() with args: ["183c57b5-36bd-4146-8b7d-d1fc7b6499f2"]
&amp#27;[38;5;32m[AndroidUiautomator2Driver@6c70 (183c57b5)]&amp#27;[0m Responding to client with driver.getCurrentContext() result: "NATIVE_APP"
&amp#27;[38;5;0m[HTTP]&amp#27;[0m <-- GET /session/183c57b5-36bd-4146-8b7d-d1fc7b6499f2/context 200 2 ms - 22
&amp#27;[38;5;0m[HTTP]&amp#27;[0m 
&amp#27;[38;5;0m[HTTP]&amp#27;[0m &amp#27;[37m-->&amp#27;[39m &amp#27;[37mPOST&amp#27;[39m &amp#27;[37m/session/183c57b5-36bd-4146-8b7d-d1fc7b6499f2/element&amp#27;[39m
&amp#27;[38;5;0m[HTTP]&amp#27;[0m {"using":"id","value":"com.androidsample.generalstore:id/btnLetsShop"}
&amp#27;[38;5;32m[AndroidUiautomator2Driver@6c70 (183c57b5)]&amp#27;[0m Calling AppiumDriver.findElement() with args: ["id","com.androidsample.generalstore:id/btnLetsShop","183c57b5-36bd-4146-8b7d-d1fc7b6499f2"]
&amp#27;[38;5;32m[AndroidUiautomator2Driver@6c70 (183c57b5)]&amp#27;[0m Valid locator strategies for this request: xpath, id, class name, accessibility id, css selector, -android uiautomator
&amp#27;[38;5;32m[AndroidUiautomator2Driver@6c70 (183c57b5)]&amp#27;[0m Waiting up to 10000 ms for condition
&amp#27;[38;5;32m[AndroidUiautomator2Driver@6c70 (183c57b5)]&amp#27;[0m Matched '/element' to command name 'findElement'
&amp#27;[38;5;32m[AndroidUiautomator2Driver@6c70 (183c57b5)]&amp#27;[0m Proxying [POST /element] to [POST http://127.0.0.1:8200/session/ec4878d2-2814-4743-92d0-2901aefe9e7f/element] with body: {"strategy":"id","selector":"com.androidsample.generalstore:id/btnLetsShop","context":"","multiple":false}
&amp#27;[38;5;32m[AndroidUiautomator2Driver@6c70 (183c57b5)]&amp#27;[0m Got response with status 200: {"sessionId":"ec4878d2-2814-4743-92d0-2901aefe9e7f","value":{"ELEMENT":"00000000-0000-016e-ffff-ffff00000021","element-6066-11e4-a52e-4f735466cecf":"00000000-0000-016e-ffff-ffff00000021"}}
&amp#27;[38;5;32m[AndroidUiautomator2Driver@6c70 (183c57b5)]&amp#27;[0m Responding to client with driver.findElement() result: {"element-6066-11e4-a52e-4f735466cecf":"00000000-0000-016e-ffff-ffff00000021","ELEMENT":"00000000-0000-016e-ffff-ffff00000021"}
&amp#27;[38;5;0m[HTTP]&amp#27;[0m <-- POST /session/183c57b5-36bd-4146-8b7d-d1fc7b6499f2/element 200 25 ms - 137
&amp#27;[38;5;0m[HTTP]&amp#27;[0m 
&amp#27;[38;5;0m[HTTP]&amp#27;[0m &amp#27;[37m-->&amp#27;[39m &amp#27;[37mPOST&amp#27;[39m &amp#27;[37m/session/183c57b5-36bd-4146-8b7d-d1fc7b6499f2/element/00000000-0000-016e-ffff-ffff00000021/click&amp#27;[39m
&amp#27;[38;5;0m[HTTP]&amp#27;[0m {"id":"00000000-0000-016e-ffff-ffff00000021"}
&amp#27;[38;5;32m[AndroidUiautomator2Driver@6c70 (183c57b5)]&amp#27;[0m Calling AppiumDriver.click() with args: ["00000000-0000-016e-ffff-ffff00000021","183c57b5-36bd-4146-8b7d-d1fc7b6499f2"]
&amp#27;[38;5;32m[AndroidUiautomator2Driver@6c70 (183c57b5)]&amp#27;[0m Matched '/element/00000000-0000-016e-ffff-ffff00000021/click' to command name 'click'
&amp#27;[38;5;32m[AndroidUiautomator2Driver@6c70 (183c57b5)]&amp#27;[0m Proxying [POST /element/00000000-0000-016e-ffff-ffff00000021/click] to [POST http://127.0.0.1:8200/session/ec4878d2-2814-4743-92d0-2901aefe9e7f/element/00000000-0000-016e-ffff-ffff00000021/click] with body: {"element":"00000000-0000-016e-ffff-ffff00000021"}
&amp#27;[38;5;32m[AndroidUiautomator2Driver@6c70 (183c57b5)]&amp#27;[0m Got response with status 200: {"sessionId":"ec4878d2-2814-4743-92d0-2901aefe9e7f","value":null}
&amp#27;[38;5;32m[AndroidUiautomator2Driver@6c70 (183c57b5)]&amp#27;[0m Responding to client with driver.click() result: null
&amp#27;[38;5;0m[HTTP]&amp#27;[0m <-- POST /session/183c57b5-36bd-4146-8b7d-d1fc7b6499f2/element/00000000-0000-016e-ffff-ffff00000021/click 200 603 ms - 14
&amp#27;[38;5;0m[HTTP]&amp#27;[0m 
&amp#27;[38;5;0m[HTTP]&amp#27;[0m &amp#27;[37m-->&amp#27;[39m &amp#27;[37mGET&amp#27;[39m &amp#27;[37m/session/183c57b5-36bd-4146-8b7d-d1fc7b6499f2/context&amp#27;[39m
&amp#27;[38;5;0m[HTTP]&amp#27;[0m {}
&amp#27;[38;5;32m[AndroidUiautomator2Driver@6c70 (183c57b5)]&amp#27;[0m Calling AppiumDriver.getCurrentContext() with args: ["183c57b5-36bd-4146-8b7d-d1fc7b6499f2"]
&amp#27;[38;5;32m[AndroidUiautomator2Driver@6c70 (183c57b5)]&amp#27;[0m Responding to client with driver.getCurrentContext() result: "NATIVE_APP"
&amp#27;[38;5;0m[HTTP]&amp#27;[0m <-- GET /session/183c57b5-36bd-4146-8b7d-d1fc7b6499f2/context 200 2 ms - 22
&amp#27;[38;5;0m[HTTP]&amp#27;[0m 
&amp#27;[38;5;0m[HTTP]&amp#27;[0m &amp#27;[37m-->&amp#27;[39m &amp#27;[37mPOST&amp#27;[39m &amp#27;[37m/session/183c57b5-36bd-4146-8b7d-d1fc7b6499f2/element&amp#27;[39m
&amp#27;[38;5;0m[HTTP]&amp#27;[0m {"using":"xpath","value":"//android.widget.Toast"}
&amp#27;[38;5;32m[AndroidUiautomator2Driver@6c70 (183c57b5)]&amp#27;[0m Calling AppiumDriver.findElement() with args: ["xpath","//android.widget.Toast","183c57b5-36bd-4146-8b7d-d1fc7b6499f2"]
&amp#27;[38;5;32m[AndroidUiautomator2Driver@6c70 (183c57b5)]&amp#27;[0m Valid locator strategies for this request: xpath, id, class name, accessibility id, css selector, -android uiautomator
&amp#27;[38;5;32m[AndroidUiautomator2Driver@6c70 (183c57b5)]&amp#27;[0m Waiting up to 10000 ms for condition
&amp#27;[38;5;32m[AndroidUiautomator2Driver@6c70 (183c57b5)]&amp#27;[0m Matched '/element' to command name 'findElement'
&amp#27;[38;5;32m[AndroidUiautomator2Driver@6c70 (183c57b5)]&amp#27;[0m Proxying [POST /element] to [POST http://127.0.0.1:8200/session/ec4878d2-2814-4743-92d0-2901aefe9e7f/element] with body: {"strategy":"xpath","selector":"//android.widget.Toast","context":"","multiple":false}
&amp#27;[38;5;32m[AndroidUiautomator2Driver@6c70 (183c57b5)]&amp#27;[0m Got response with status 200: {"sessionId":"ec4878d2-2814-4743-92d0-2901aefe9e7f","value":{"ELEMENT":"b8e0a06d-5bee-4177-9883-b67442eae864","element-6066-11e4-a52e-4f735466cecf":"b8e0a06d-5bee-4177-9883-b67442eae864"}}
&amp#27;[38;5;32m[AndroidUiautomator2Driver@6c70 (183c57b5)]&amp#27;[0m Responding to client with driver.findElement() result: {"element-6066-11e4-a52e-4f735466cecf":"b8e0a06d-5bee-4177-9883-b67442eae864","ELEMENT":"b8e0a06d-5bee-4177-9883-b67442eae864"}
&amp#27;[38;5;0m[HTTP]&amp#27;[0m <-- POST /session/183c57b5-36bd-4146-8b7d-d1fc7b6499f2/element 200 189 ms - 137
&amp#27;[38;5;0m[HTTP]&amp#27;[0m 
&amp#27;[38;5;0m[HTTP]&amp#27;[0m &amp#27;[37m-->&amp#27;[39m &amp#27;[37mGET&amp#27;[39m &amp#27;[37m/session/183c57b5-36bd-4146-8b7d-d1fc7b6499f2/element/b8e0a06d-5bee-4177-9883-b67442eae864/attribute/name&amp#27;[39m
&amp#27;[38;5;0m[HTTP]&amp#27;[0m {}
&amp#27;[38;5;32m[AndroidUiautomator2Driver@6c70 (183c57b5)]&amp#27;[0m Calling AppiumDriver.getAttribute() with args: ["name","b8e0a06d-5bee-4177-9883-b67442eae864","183c57b5-36bd-4146-8b7d-d1fc7b6499f2"]
&amp#27;[38;5;32m[AndroidUiautomator2Driver@6c70 (183c57b5)]&amp#27;[0m Matched '/element/b8e0a06d-5bee-4177-9883-b67442eae864/attribute/name' to command name 'getAttribute'
&amp#27;[38;5;32m[AndroidUiautomator2Driver@6c70 (183c57b5)]&amp#27;[0m Proxying [GET /element/b8e0a06d-5bee-4177-9883-b67442eae864/attribute/name] to [GET http://127.0.0.1:8200/session/ec4878d2-2814-4743-92d0-2901aefe9e7f/element/b8e0a06d-5bee-4177-9883-b67442eae864/attribute/name] with no body
&amp#27;[38;5;32m[AndroidUiautomator2Driver@6c70 (183c57b5)]&amp#27;[0m Got response with status 200: {"sessionId":"ec4878d2-2814-4743-92d0-2901aefe9e7f","value":"Please enter your name"}
&amp#27;[38;5;32m[AndroidUiautomator2Driver@6c70 (183c57b5)]&amp#27;[0m Responding to client with driver.getAttribute() result: "Please enter your name"
&amp#27;[38;5;0m[HTTP]&amp#27;[0m <-- GET /session/183c57b5-36bd-4146-8b7d-d1fc7b6499f2/element/b8e0a06d-5bee-4177-9883-b67442eae864/attribute/name 200 352 ms - 34
&amp#27;[38;5;0m[HTTP]&amp#27;[0m 
]]></system-out>
  </testcase>
  <testcase name="fillForm_PositiveFlow[{Product_1=Air Jordan 9 Retro, Country=India, Product_2=PG 3, Gender=Male, Name=Anubhav Gupta}](1)" classname="TestFolders.AndroidFlow" time="54.057">
    <system-out><![CDATA[&amp#27;[38;5;0m[HTTP]&amp#27;[0m &amp#27;[37m-->&amp#27;[39m &amp#27;[37mDELETE&amp#27;[39m &amp#27;[37m/session/183c57b5-36bd-4146-8b7d-d1fc7b6499f2&amp#27;[39m
&amp#27;[38;5;0m[HTTP]&amp#27;[0m {}
&amp#27;[38;5;32m[AndroidUiautomator2Driver@6c70 (183c57b5)]&amp#27;[0m Calling AppiumDriver.deleteSession() with args: ["183c57b5-36bd-4146-8b7d-d1fc7b6499f2"]
&amp#27;[38;5;16m[AppiumDriver@3eb4]&amp#27;[0m Event 'quitSessionRequested' logged at 1705336276701 (22:01:16 GMT+0530 (India Standard Time))
&amp#27;[38;5;16m[AppiumDriver@3eb4]&amp#27;[0m Removing session 183c57b5-36bd-4146-8b7d-d1fc7b6499f2 from our master session list
&amp#27;[38;5;32m[AndroidUiautomator2Driver@6c70 (183c57b5)]&amp#27;[0m Deleting UiAutomator2 session
&amp#27;[38;5;32m[AndroidUiautomator2Driver@6c70 (183c57b5)]&amp#27;[0m Deleting UiAutomator2 server session
&amp#27;[38;5;32m[AndroidUiautomator2Driver@6c70 (183c57b5)]&amp#27;[0m Matched '/' to command name 'deleteSession'
&amp#27;[38;5;32m[AndroidUiautomator2Driver@6c70 (183c57b5)]&amp#27;[0m Proxying [DELETE /] to [DELETE http://127.0.0.1:8200/session/ec4878d2-2814-4743-92d0-2901aefe9e7f] with no body
&amp#27;[38;5;32m[AndroidUiautomator2Driver@6c70 (183c57b5)]&amp#27;[0m Got response with status 200: {"sessionId":"ec4878d2-2814-4743-92d0-2901aefe9e7f","value":null}
&amp#27;[38;5;64m[ADB]&amp#27;[0m Running '/Users/anubhavgupta/Library/Android/sdk/platform-tools/adb -P 5037 -s emulator-5554 shell dumpsys activity services io.appium.settings/.recorder.RecorderService'
&amp#27;[38;5;64m[ADB]&amp#27;[0m Running '/Users/anubhavgupta/Library/Android/sdk/platform-tools/adb -P 5037 -s emulator-5554 shell am force-stop com.androidsample.generalstore'
&amp#27;[38;5;96m[Logcat]&amp#27;[0m Stopping logcat capture
&amp#27;[38;5;64m[ADB]&amp#27;[0m Removing forwarded port socket connection: 8200 
&amp#27;[38;5;64m[ADB]&amp#27;[0m Running '/Users/anubhavgupta/Library/Android/sdk/platform-tools/adb -P 5037 -s emulator-5554 forward --remove tcp:8200'
&amp#27;[38;5;32m[AndroidUiautomator2Driver@6c70 (183c57b5)]&amp#27;[0m Restoring hidden api policy to the device default configuration
&amp#27;[38;5;64m[ADB]&amp#27;[0m Running '/Users/anubhavgupta/Library/Android/sdk/platform-tools/adb -P 5037 -s emulator-5554 shell 'settings delete global hidden_api_policy_pre_p_apps;settings delete global hidden_api_policy_p_apps;settings delete global hidden_api_policy''
&amp#27;[38;5;112m[Instrumentation]&amp#27;[0m .
&amp#27;[38;5;112m[Instrumentation]&amp#27;[0m Time: 14.068
&amp#27;[38;5;112m[Instrumentation]&amp#27;[0m 
&amp#27;[38;5;112m[Instrumentation]&amp#27;[0m OK (1 test)
&amp#27;[38;5;112m[Instrumentation]&amp#27;[0m The process has exited with code 0
&amp#27;[38;5;16m[AppiumDriver@3eb4]&amp#27;[0m Event 'quitSessionFinished' logged at 1705336277018 (22:01:17 GMT+0530 (India Standard Time))
&amp#27;[38;5;16m[AppiumDriver@3eb4]&amp#27;[0m Received response: null
&amp#27;[38;5;16m[AppiumDriver@3eb4]&amp#27;[0m But deleting session, so not returning
&amp#27;[38;5;16m[AppiumDriver@3eb4]&amp#27;[0m Responding to client with driver.deleteSession() result: null
&amp#27;[38;5;0m[HTTP]&amp#27;[0m <-- DELETE /session/183c57b5-36bd-4146-8b7d-d1fc7b6499f2 200 319 ms - 14
&amp#27;[38;5;0m[HTTP]&amp#27;[0m 
&amp#27;[38;5;0m[HTTP]&amp#27;[0m Request idempotency key: 68d03cf9-b3ab-4ae0-bdb7-ec067bdf1896
&amp#27;[38;5;0m[HTTP]&amp#27;[0m &amp#27;[37m-->&amp#27;[39m &amp#27;[37mPOST&amp#27;[39m &amp#27;[37m/session&amp#27;[39m
&amp#27;[38;5;0m[HTTP]&amp#27;[0m {"capabilities":{"firstMatch":[{}],"alwaysMatch":{"appium:app":"/Users/anubhavgupta/Documents/eclipse-workspace(Java)/AppTestingFramework/src/main/java/APPS/General-Store.apk","appium:automationName":"UIAutomator2","appium:chromedriverExecutable":"/Users/anubhavgupta/Documents/Drivers/chromedriver_103","appium:deviceName":"Anubhav Small Phone","platformName":"ANDROID"}}}
&amp#27;[38;5;16m[AppiumDriver@3eb4]&amp#27;[0m Calling AppiumDriver.createSession() with args: [null,null,{"firstMatch":[{}],"alwaysMatch":{"appium:app":"/Users/anubhavgupta/Documents/eclipse-workspace(Java)/AppTestingFramework/src/main/java/APPS/General-Store.apk","appium:automationName":"UIAutomator2","appium:chromedriverExecutable":"/Users/anubhavgupta/Documents/Drivers/chromedriver_103","appium:deviceName":"Anubhav Small Phone","platformName":"ANDROID"}}]
&amp#27;[38;5;16m[AppiumDriver@3eb4]&amp#27;[0m Event 'newSessionRequested' logged at 1705336277201 (22:01:17 GMT+0530 (India Standard Time))
[Appium] Attempting to find matching driver for automationName 'UIAutomator2' and platformName 'ANDROID'
[Appium] The 'uiautomator2' driver was installed and matched caps.
[Appium] Will require it at /Users/anubhavgupta/.appium/node_modules/appium-uiautomator2-driver
[Appium] Requiring driver at /Users/anubhavgupta/.appium/node_modules/appium-uiautomator2-driver/build/index.js
&amp#27;[38;5;16m[AppiumDriver@3eb4]&amp#27;[0m Appium v2.3.0 creating new AndroidUiautomator2Driver (v2.36.0) session
&amp#27;[38;5;16m[AppiumDriver@3eb4]&amp#27;[0m Checking BaseDriver versions for Appium and AndroidUiautomator2Driver
&amp#27;[38;5;16m[AppiumDriver@3eb4]&amp#27;[0m Appium's BaseDriver version is 9.4.4
&amp#27;[38;5;16m[AppiumDriver@3eb4]&amp#27;[0m AndroidUiautomator2Driver's BaseDriver version is 9.4.4
&amp#27;[38;5;32m[AndroidUiautomator2Driver@1712]&amp#27;[0m Creating session with W3C capabilities: {
&amp#27;[38;5;32m[AndroidUiautomator2Driver@1712]&amp#27;[0m   "alwaysMatch": {
&amp#27;[38;5;32m[AndroidUiautomator2Driver@1712]&amp#27;[0m     "platformName": "ANDROID",
&amp#27;[38;5;32m[AndroidUiautomator2Driver@1712]&amp#27;[0m     "appium:app": "/Users/anubhavgupta/Documents/eclipse-workspace(Java)/AppTestingFramework/src/main/java/APPS/General-Store.apk",
&amp#27;[38;5;32m[AndroidUiautomator2Driver@1712]&amp#27;[0m     "appium:automationName": "UIAutomator2",
&amp#27;[38;5;32m[AndroidUiautomator2Driver@1712]&amp#27;[0m     "appium:chromedriverExecutable": "/Users/anubhavgupta/Documents/Drivers/chromedriver_103",
&amp#27;[38;5;32m[AndroidUiautomator2Driver@1712]&amp#27;[0m     "appium:deviceName": "Anubhav Small Phone"
&amp#27;[38;5;32m[AndroidUiautomator2Driver@1712]&amp#27;[0m   },
&amp#27;[38;5;32m[AndroidUiautomator2Driver@1712]&amp#27;[0m   "firstMatch": [
&amp#27;[38;5;32m[AndroidUiautomator2Driver@1712]&amp#27;[0m     {}
&amp#27;[38;5;32m[AndroidUiautomator2Driver@1712]&amp#27;[0m   ]
&amp#27;[38;5;32m[AndroidUiautomator2Driver@1712]&amp#27;[0m }
&amp#27;[38;5;32m[AndroidUiautomator2Driver@1712 (a8347294)]&amp#27;[0m Session created with session id: a8347294-1299-40da-b9d7-6a994ce5895e
&amp#27;[38;5;48m[BaseDriver]&amp#27;[0m Using local app '/Users/anubhavgupta/Documents/eclipse-workspace(Java)/AppTestingFramework/src/main/java/APPS/General-Store.apk'
&amp#27;[38;5;32m[AndroidUiautomator2Driver@1712 (a8347294)]&amp#27;[0m Checking whether app is actually present
&amp#27;[38;5;64m[ADB]&amp#27;[0m Using 'adb' from '/Users/anubhavgupta/Library/Android/sdk/platform-tools/adb'
&amp#27;[38;5;64m[ADB]&amp#27;[0m Running '/Users/anubhavgupta/Library/Android/sdk/platform-tools/adb -P 5037 start-server'
&amp#27;[38;5;80m[AndroidDriver]&amp#27;[0m Retrieving device list
&amp#27;[38;5;64m[ADB]&amp#27;[0m Trying to find connected Android devices
&amp#27;[38;5;64m[ADB]&amp#27;[0m Getting connected devices
&amp#27;[38;5;64m[ADB]&amp#27;[0m Connected devices: [{"udid":"emulator-5554","state":"device"}]
&amp#27;[38;5;80m[AndroidDriver]&amp#27;[0m Using device: emulator-5554
&amp#27;[38;5;64m[ADB]&amp#27;[0m Using 'adb' from '/Users/anubhavgupta/Library/Android/sdk/platform-tools/adb'
&amp#27;[38;5;64m[ADB]&amp#27;[0m Running '/Users/anubhavgupta/Library/Android/sdk/platform-tools/adb -P 5037 start-server'
&amp#27;[38;5;64m[ADB]&amp#27;[0m Setting device id to emulator-5554
&amp#27;[38;5;64m[ADB]&amp#27;[0m Running '/Users/anubhavgupta/Library/Android/sdk/platform-tools/adb -P 5037 -s emulator-5554 shell getprop ro.build.version.sdk'
&amp#27;[38;5;64m[ADB]&amp#27;[0m Current device property 'ro.build.version.sdk': 33
&amp#27;[38;5;64m[ADB]&amp#27;[0m Getting device platform version
&amp#27;[38;5;64m[ADB]&amp#27;[0m Running '/Users/anubhavgupta/Library/Android/sdk/platform-tools/adb -P 5037 -s emulator-5554 shell getprop ro.build.version.release'
&amp#27;[38;5;64m[ADB]&amp#27;[0m Current device property 'ro.build.version.release': 13
&amp#27;[38;5;64m[ADB]&amp#27;[0m Device API level: 33
&amp#27;[38;5;32m[AndroidUiautomator2Driver@1712 (a8347294)]&amp#27;[0m Relaxing hidden api policy
&amp#27;[38;5;64m[ADB]&amp#27;[0m Running '/Users/anubhavgupta/Library/Android/sdk/platform-tools/adb -P 5037 -s emulator-5554 shell 'settings put global hidden_api_policy_pre_p_apps 1;settings put global hidden_api_policy_p_apps 1;settings put global hidden_api_policy 1''
&amp#27;[38;5;80m[AndroidDriver]&amp#27;[0m Parsing package and activity from app manifest
&amp#27;[38;5;64m[ADB]&amp#27;[0m Package name: 'com.androidsample.generalstore'
&amp#27;[38;5;64m[ADB]&amp#27;[0m Main activity name: 'com.androidsample.generalstore.SplashActivity'
&amp#27;[38;5;80m[AndroidDriver]&amp#27;[0m Parsed package and activity are: com.androidsample.generalstore/com.androidsample.generalstore.SplashActivity
&amp#27;[38;5;64m[ADB]&amp#27;[0m Running '/Users/anubhavgupta/Library/Android/sdk/platform-tools/adb -P 5037 -s emulator-5554 wait-for-device'
&amp#27;[38;5;64m[ADB]&amp#27;[0m Running '/Users/anubhavgupta/Library/Android/sdk/platform-tools/adb -P 5037 -s emulator-5554 shell echo ping'
&amp#27;[38;5;80m[AndroidDriver]&amp#27;[0m Pushing settings apk to device...
&amp#27;[38;5;64m[ADB]&amp#27;[0m Getting package info for 'io.appium.settings'
&amp#27;[38;5;64m[ADB]&amp#27;[0m Running '/Users/anubhavgupta/Library/Android/sdk/platform-tools/adb -P 5037 -s emulator-5554 shell dumpsys package io.appium.settings'
&amp#27;[38;5;64m[ADB]&amp#27;[0m The version name of the installed 'io.appium.settings' is greater or equal to the application version name ('5.2.0' >= '5.2.0')
&amp#27;[38;5;64m[ADB]&amp#27;[0m There is no need to install/upgrade '/Users/anubhavgupta/.appium/node_modules/appium-uiautomator2-driver/node_modules/io.appium.settings/apks/settings_apk-debug.apk'
&amp#27;[38;5;64m[ADB]&amp#27;[0m Getting IDs of all 'io.appium.settings' processes
&amp#27;[38;5;64m[ADB]&amp#27;[0m Running '/Users/anubhavgupta/Library/Android/sdk/platform-tools/adb -P 5037 -s emulator-5554 shell 'pgrep --help; echo $?''
&amp#27;[38;5;64m[ADB]&amp#27;[0m Running '/Users/anubhavgupta/Library/Android/sdk/platform-tools/adb -P 5037 -s emulator-5554 shell pgrep -f \(\[\[:blank:\]\]\|\^\)io\.appium\.settings\(\[\[:blank:\]\]\|\$\)'
&amp#27;[38;5;80m[AndroidDriver]&amp#27;[0m io.appium.settings is already running. There is no need to reset its permissions.
&amp#27;[38;5;96m[Logcat]&amp#27;[0m Starting logs capture with command: /Users/anubhavgupta/Library/Android/sdk/platform-tools/adb -P 5037 -s emulator-5554 logcat -v threadtime
&amp#27;[38;5;32m[AndroidUiautomator2Driver@1712 (a8347294)]&amp#27;[0m Forwarding UiAutomator2 Server port 6790 to local port 8200
&amp#27;[38;5;64m[ADB]&amp#27;[0m Forwarding system: 8200 to device: 6790
&amp#27;[38;5;64m[ADB]&amp#27;[0m Running '/Users/anubhavgupta/Library/Android/sdk/platform-tools/adb -P 5037 -s emulator-5554 forward tcp:8200 tcp:6790'
&amp#27;[38;5;64m[ADB]&amp#27;[0m Checking app cert for /Users/anubhavgupta/.appium/node_modules/appium-uiautomator2-driver/node_modules/appium-uiautomator2-server/apks/appium-uiautomator2-server-v5.13.0.apk
&amp#27;[38;5;64m[ADB]&amp#27;[0m Checking app cert for /Users/anubhavgupta/.appium/node_modules/appium-uiautomator2-driver/node_modules/appium-uiautomator2-server/apks/appium-uiautomator2-server-debug-androidTest.apk
&amp#27;[38;5;64m[ADB]&amp#27;[0m Using the previously cached signature entry for 'appium-uiautomator2-server-debug-androidTest.apk'
&amp#27;[38;5;64m[ADB]&amp#27;[0m sha256 hash did match for 'appium-uiautomator2-server-debug-androidTest.apk'
&amp#27;[38;5;64m[ADB]&amp#27;[0m Getting install status for io.appium.uiautomator2.server.test
&amp#27;[38;5;64m[ADB]&amp#27;[0m Running '/Users/anubhavgupta/Library/Android/sdk/platform-tools/adb -P 5037 -s emulator-5554 shell pm path io.appium.uiautomator2.server.test'
&amp#27;[38;5;64m[ADB]&amp#27;[0m Using the previously cached signature entry for 'appium-uiautomator2-server-v5.13.0.apk'
&amp#27;[38;5;64m[ADB]&amp#27;[0m sha256 hash did match for 'appium-uiautomator2-server-v5.13.0.apk'
&amp#27;[38;5;64m[ADB]&amp#27;[0m Getting package info for 'io.appium.uiautomator2.server'
&amp#27;[38;5;64m[ADB]&amp#27;[0m Running '/Users/anubhavgupta/Library/Android/sdk/platform-tools/adb -P 5037 -s emulator-5554 shell dumpsys package io.appium.uiautomator2.server'
&amp#27;[38;5;64m[ADB]&amp#27;[0m 'io.appium.uiautomator2.server.test' is installed
&amp#27;[38;5;64m[ADB]&amp#27;[0m The version name of the installed 'io.appium.uiautomator2.server' is greater or equal to the application version name ('5.13.0' >= '5.13.0')
&amp#27;[38;5;32m[AndroidUiautomator2Driver@1712 (a8347294)]&amp#27;[0m Server packages status: [{"wasSigned":true,"installState":"sameVersionInstalled","appPath":"/Users/anubhavgupta/.appium/node_modules/appium-uiautomator2-driver/node_modules/appium-uiautomator2-server/apks/appium-uiautomator2-server-v5.13.0.apk","appId":"io.appium.uiautomator2.server"},{"wasSigned":true,"installState":"sameVersionInstalled","appPath":"/Users/anubhavgupta/.appium/node_modules/appium-uiautomator2-driver/node_modules/appium-uiautomator2-server/apks/appium-uiautomator2-server-debug-androidTest.apk","appId":"io.appium.uiautomator2.server.test"}]
&amp#27;[38;5;32m[AndroidUiautomator2Driver@1712 (a8347294)]&amp#27;[0m Server packages are not going to be (re)installed
&amp#27;[38;5;32m[AndroidUiautomator2Driver@1712 (a8347294)]&amp#27;[0m Waiting up to 30000ms for services to be available
&amp#27;[38;5;64m[ADB]&amp#27;[0m Running '/Users/anubhavgupta/Library/Android/sdk/platform-tools/adb -P 5037 -s emulator-5554 shell pm list instrumentation'
&amp#27;[38;5;32m[AndroidUiautomator2Driver@1712 (a8347294)]&amp#27;[0m Instrumentation target 'io.appium.uiautomator2.server.test/androidx.test.runner.AndroidJUnitRunner' is available
&amp#27;[38;5;64m[ADB]&amp#27;[0m Adding packages ["io.appium.settings","io.appium.uiautomator2.server","io.appium.uiautomator2.server.test"] to Doze whitelist
&amp#27;[38;5;64m[ADB]&amp#27;[0m Got the following command chunks to execute: [["dumpsys","deviceidle","whitelist","+io.appium.settings",";","dumpsys","deviceidle","whitelist","+io.appium.uiautomator2.server",";","dumpsys","deviceidle","whitelist","+io.appium.uiautomator2.server.test",";"]]
&amp#27;[38;5;64m[ADB]&amp#27;[0m Running '/Users/anubhavgupta/Library/Android/sdk/platform-tools/adb -P 5037 -s emulator-5554 shell dumpsys deviceidle whitelist +io.appium.settings ; dumpsys deviceidle whitelist +io.appium.uiautomator2.server ; dumpsys deviceidle whitelist +io.appium.uiautomator2.server.test ;'
&amp#27;[38;5;64m[ADB]&amp#27;[0m Checking app cert for /Users/anubhavgupta/Documents/eclipse-workspace(Java)/AppTestingFramework/src/main/java/APPS/General-Store.apk
&amp#27;[38;5;64m[ADB]&amp#27;[0m Using the previously cached signature entry for 'General-Store.apk'
&amp#27;[38;5;64m[ADB]&amp#27;[0m Getting package info for 'com.androidsample.generalstore'
&amp#27;[38;5;64m[ADB]&amp#27;[0m Running '/Users/anubhavgupta/Library/Android/sdk/platform-tools/adb -P 5037 -s emulator-5554 shell dumpsys package com.androidsample.generalstore'
&amp#27;[38;5;64m[ADB]&amp#27;[0m The version name of the installed 'com.androidsample.generalstore' is greater or equal to the application version name ('1.0.0' >= '1.0.0')
&amp#27;[38;5;64m[ADB]&amp#27;[0m There is no need to install/upgrade '/Users/anubhavgupta/Documents/eclipse-workspace(Java)/AppTestingFramework/src/main/java/APPS/General-Store.apk'
&amp#27;[38;5;80m[AndroidDriver]&amp#27;[0m Performing fast reset on 'com.androidsample.generalstore'
&amp#27;[38;5;64m[ADB]&amp#27;[0m Getting install status for com.androidsample.generalstore
&amp#27;[38;5;64m[ADB]&amp#27;[0m Running '/Users/anubhavgupta/Library/Android/sdk/platform-tools/adb -P 5037 -s emulator-5554 shell pm path com.androidsample.generalstore'
&amp#27;[38;5;64m[ADB]&amp#27;[0m 'com.androidsample.generalstore' is installed
&amp#27;[38;5;64m[ADB]&amp#27;[0m Running '/Users/anubhavgupta/Library/Android/sdk/platform-tools/adb -P 5037 -s emulator-5554 shell am force-stop com.androidsample.generalstore'
&amp#27;[38;5;64m[ADB]&amp#27;[0m Running '/Users/anubhavgupta/Library/Android/sdk/platform-tools/adb -P 5037 -s emulator-5554 shell pm clear com.androidsample.generalstore'
&amp#27;[38;5;80m[AndroidDriver]&amp#27;[0m Performed fast reset on the installed 'com.androidsample.generalstore' application (stop and clear)
&amp#27;[38;5;32m[AndroidUiautomator2Driver@1712 (a8347294)]&amp#27;[0m Performing shallow cleanup of automation leftovers
&amp#27;[38;5;32m[AndroidUiautomator2Driver@1712 (a8347294)]&amp#27;[0m No obsolete sessions have been detected (socket hang up)
&amp#27;[38;5;64m[ADB]&amp#27;[0m Running '/Users/anubhavgupta/Library/Android/sdk/platform-tools/adb -P 5037 -s emulator-5554 shell am force-stop io.appium.uiautomator2.server.test'
&amp#27;[38;5;32m[AndroidUiautomator2Driver@1712 (a8347294)]&amp#27;[0m Starting UIAutomator2 server 5.13.0
&amp#27;[38;5;32m[AndroidUiautomator2Driver@1712 (a8347294)]&amp#27;[0m Using UIAutomator2 server from '/Users/anubhavgupta/.appium/node_modules/appium-uiautomator2-driver/node_modules/appium-uiautomator2-server/apks/appium-uiautomator2-server-v5.13.0.apk' and test from '/Users/anubhavgupta/.appium/node_modules/appium-uiautomator2-driver/node_modules/appium-uiautomator2-server/apks/appium-uiautomator2-server-debug-androidTest.apk'
&amp#27;[38;5;32m[AndroidUiautomator2Driver@1712 (a8347294)]&amp#27;[0m Waiting up to 30000ms for UiAutomator2 to be online...
&amp#27;[38;5;64m[ADB]&amp#27;[0m Creating ADB subprocess with args: ["-P","5037","-s","emulator-5554","shell","am","instrument","-w","-e","disableAnalytics","true","io.appium.uiautomator2.server.test/androidx.test.runner.AndroidJUnitRunner"]
&amp#27;[38;5;32m[AndroidUiautomator2Driver@1712 (a8347294)]&amp#27;[0m Matched '/status' to command name 'getStatus'
&amp#27;[38;5;32m[AndroidUiautomator2Driver@1712 (a8347294)]&amp#27;[0m Proxying [GET /status] to [GET http://127.0.0.1:8200/status] with no body
&amp#27;[38;5;32m[AndroidUiautomator2Driver@1712 (a8347294)]&amp#27;[0m socket hang up
&amp#27;[38;5;112m[Instrumentation]&amp#27;[0m io.appium.uiautomator2.server.test.AppiumUiAutomator2Server:
&amp#27;[38;5;32m[AndroidUiautomator2Driver@1712 (a8347294)]&amp#27;[0m Matched '/status' to command name 'getStatus'
&amp#27;[38;5;32m[AndroidUiautomator2Driver@1712 (a8347294)]&amp#27;[0m Proxying [GET /status] to [GET http://127.0.0.1:8200/status] with no body
&amp#27;[38;5;32m[AndroidUiautomator2Driver@1712 (a8347294)]&amp#27;[0m socket hang up
&amp#27;[38;5;32m[AndroidUiautomator2Driver@1712 (a8347294)]&amp#27;[0m Matched '/status' to command name 'getStatus'
&amp#27;[38;5;32m[AndroidUiautomator2Driver@1712 (a8347294)]&amp#27;[0m Proxying [GET /status] to [GET http://127.0.0.1:8200/status] with no body
&amp#27;[38;5;32m[AndroidUiautomator2Driver@1712 (a8347294)]&amp#27;[0m Got response with status 200: {"sessionId":"None","value":{"message":"UiAutomator2 Server is ready to accept commands","ready":true}}
&amp#27;[38;5;32m[AndroidUiautomator2Driver@1712 (a8347294)]&amp#27;[0m The initialization of the instrumentation process took 2064ms
&amp#27;[38;5;32m[AndroidUiautomator2Driver@1712 (a8347294)]&amp#27;[0m Matched '/session' to command name 'createSession'
&amp#27;[38;5;32m[AndroidUiautomator2Driver@1712 (a8347294)]&amp#27;[0m Proxying [POST /session] to [POST http://127.0.0.1:8200/session] with body: {"capabilities":{"firstMatch":[{"platformName":"ANDROID","app":"/Users/anubhavgupta/Documents/eclipse-workspace(Java)/AppTestingFramework/src/main/java/APPS/General-Store.apk","automationName":"UIAutomator2","chromedriverExecutable":"/Users/anubhavgupta/Documents/Drivers/chromedriver_103","deviceName":"emulator-5554","platform":"LINUX","webStorageEnabled":false,"takesScreenshot":true,"javascriptEnabled":true,"databaseEnabled":false,"networkConnectionEnabled":true,"locationContextEnabled":false,"warnings":{},"desired":{"platformName":"ANDROID","app":"/Users/anubhavgupta/Documents/eclipse-workspace(Java)/AppTestingFramework/src/main/java/APPS/General-Store.apk","automationName":"UIAutomator2","chromedriverExecutable":"/Users/anubhavgupta/Documents/Drivers/chromedriver_103","deviceName":"Anubhav Small Phone"},"deviceUDID":"emulator-5554","appPackage":"com.androidsample.generalstore"}],"alwaysMatch":{}}}
&amp#27;[38;5;32m[AndroidUiautomator2Driver@1712 (a8347294)]&amp#27;[0m Got response with status 200: {"sessionId":"7ccb4661-48e3-4685-8e05-9db96d4301f0","value":{"capabilities":{"firstMatch":[{"platformName":"ANDROID","app":"/Users/anubhavgupta/Documents/eclipse-workspace(Java)/AppTestingFramework/src/main/java/APPS/General-Store.apk","automationName":"UIAutomator2","chromedriverExecutable":"/Users/anubhavgupta/Documents/Drivers/chromedriver_103","deviceName":"emulator-5554","platform":"LINUX","webStorageEnabled":false,"takesScreenshot":true,"javascriptEnabled":true,"databaseEnabled":false,"networkConnectionEnabled":true,"locationContextEnabled":false,"warnings":{},"desired":{"platformName":"ANDROID","app":"/Users/anubhavgupta/Documents/eclipse-workspace(Java)/AppTestingFramework/src/main/java/APPS/General-Store.apk","automationName":"UIAutomator2","chromedriverExecutable":"/Users/anubhavgupta/Documents/Drivers/chromedriver_103","deviceName":"Anubhav Small Phone"},"deviceUDID":"emulator-5554","appPackage":"com.androidsample.generalstore"}],"alwaysMatch":{}},"sessionId":"7ccb4661-48e3-4685-8e05-9db96d4301f...
&amp#27;[38;5;32m[AndroidUiautomator2Driver@1712 (a8347294)]&amp#27;[0m Determined the downstream protocol as 'W3C'
&amp#27;[38;5;32m[AndroidUiautomator2Driver@1712 (a8347294)]&amp#27;[0m Proxying [GET /appium/device/pixel_ratio] to [GET http://127.0.0.1:8200/session/7ccb4661-48e3-4685-8e05-9db96d4301f0/appium/device/pixel_ratio] with no body
&amp#27;[38;5;32m[AndroidUiautomator2Driver@1712 (a8347294)]&amp#27;[0m Matched '/appium/device/system_bars' to command name 'getSystemBars'
&amp#27;[38;5;32m[AndroidUiautomator2Driver@1712 (a8347294)]&amp#27;[0m Proxying [GET /appium/device/system_bars] to [GET http://127.0.0.1:8200/session/7ccb4661-48e3-4685-8e05-9db96d4301f0/appium/device/system_bars] with no body
&amp#27;[38;5;32m[AndroidUiautomator2Driver@1712 (a8347294)]&amp#27;[0m Matched '/window/current/size' to command name 'getWindowSize'
&amp#27;[38;5;32m[AndroidUiautomator2Driver@1712 (a8347294)]&amp#27;[0m Proxying [GET /window/current/size] to [GET http://127.0.0.1:8200/session/7ccb4661-48e3-4685-8e05-9db96d4301f0/window/current/size] with no body
&amp#27;[38;5;32m[AndroidUiautomator2Driver@1712 (a8347294)]&amp#27;[0m Proxying [GET /appium/device/info] to [GET http://127.0.0.1:8200/session/7ccb4661-48e3-4685-8e05-9db96d4301f0/appium/device/info] with no body
&amp#27;[38;5;64m[ADB]&amp#27;[0m Running '/Users/anubhavgupta/Library/Android/sdk/platform-tools/adb -P 5037 -s emulator-5554 shell dumpsys window'
&amp#27;[38;5;32m[AndroidUiautomator2Driver@1712 (a8347294)]&amp#27;[0m Got response with status 200: {"sessionId":"7ccb4661-48e3-4685-8e05-9db96d4301f0","value":2.75}
&amp#27;[38;5;32m[AndroidUiautomator2Driver@1712 (a8347294)]&amp#27;[0m Got response with status 200: {"sessionId":"7ccb4661-48e3-4685-8e05-9db96d4301f0","value":{"height":2214,"width":1080}}
&amp#27;[38;5;32m[AndroidUiautomator2Driver@1712 (a8347294)]&amp#27;[0m Got response with status 200: {"sessionId":"7ccb4661-48e3-4685-8e05-9db96d4301f0","value":{"statusBar":83}}
&amp#27;[38;5;32m[AndroidUiautomator2Driver@1712 (a8347294)]&amp#27;[0m Got response with status 200: {"sessionId":"7ccb4661-48e3-4685-8e05-9db96d4301f0","value":{"androidId":"dd4768480b6a0288","apiVersion":"33","bluetooth":{"state":"ON"},"brand":"google","carrierName":"T-Mobile","displayDensity":440,"locale":"en_US","manufacturer":"Google","model":"sdk_gphone64_arm64","networks":[{"capabilities":{"SSID":null,"linkDownBandwidthKbps":30000,"linkUpstreamBandwidthKbps":12000,"networkCapabilities":"NET_CAPABILITY_NOT_METERED,NET_CAPABILITY_INTERNET,NET_CAPABILITY_NOT_RESTRICTED,NET_CAPABILITY_TRUSTED,NET_CAPABILITY_NOT_VPN,NET_CAPABILITY_VALIDATED,NET_CAPABILITY_NOT_ROAMING,NET_CAPABILITY_FOREGROUND,NET_CAPABILITY_NOT_CONGESTED,NET_CAPABILITY_NOT_SUSPENDED","signalStrength":-50,"transportTypes":"TRANSPORT_WIFI"},"detailedState":"CONNECTED","extraInfo":"","isAvailable":true,"isConnected":true,"isFailover":false,"isRoaming":false,"state":"CONNECTED","subtype":-1,"subtypeName":"","type":1,"typeName":"WIFI"},{"capabilities":{"SSID":null,"linkDownBandwidthKbps":4300,"linkUpstreamBandwidthKbps":1800,"networkCapabili...
&amp#27;[38;5;80m[AndroidDriver]&amp#27;[0m Screen already unlocked, doing nothing
&amp#27;[38;5;32m[AndroidUiautomator2Driver@1712 (a8347294)]&amp#27;[0m Starting 'com.androidsample.generalstore/com.androidsample.generalstore.SplashActivity and waiting for 'com.androidsample.generalstore/com.androidsample.generalstore.SplashActivity'
&amp#27;[38;5;64m[ADB]&amp#27;[0m Running '/Users/anubhavgupta/Library/Android/sdk/platform-tools/adb -P 5037 -s emulator-5554 shell am start -W -n com.androidsample.generalstore/com.androidsample.generalstore.SplashActivity -S -a android.intent.action.MAIN -c android.intent.category.LAUNCHER -f 0x10200000'
&amp#27;[38;5;64m[ADB]&amp#27;[0m Waiting up to 20000ms for activity matching pkg: 'com.androidsample.generalstore' and activity: 'com.androidsample.generalstore.SplashActivity' to be focused
&amp#27;[38;5;64m[ADB]&amp#27;[0m Possible activities, to be checked: 'com.androidsample.generalstore.SplashActivity', 'com.androidsample.generalstore.com.androidsample.generalstore.SplashActivity'
&amp#27;[38;5;64m[ADB]&amp#27;[0m Getting focused package and activity
&amp#27;[38;5;64m[ADB]&amp#27;[0m Running '/Users/anubhavgupta/Library/Android/sdk/platform-tools/adb -P 5037 -s emulator-5554 shell dumpsys window displays'
&amp#27;[38;5;64m[ADB]&amp#27;[0m Found package: 'com.androidsample.generalstore' and fully qualified activity name : 'com.androidsample.generalstore.SplashActivity'
&amp#27;[38;5;16m[AppiumDriver@3eb4]&amp#27;[0m New AndroidUiautomator2Driver session created successfully, session a8347294-1299-40da-b9d7-6a994ce5895e added to master session list
&amp#27;[38;5;16m[AppiumDriver@3eb4]&amp#27;[0m Event 'newSessionStarted' logged at 1705336282007 (22:01:22 GMT+0530 (India Standard Time))
&amp#27;[38;5;32m[AndroidUiautomator2Driver@1712 (a8347294)]&amp#27;[0m Cached the protocol value 'W3C' for the new session a8347294-1299-40da-b9d7-6a994ce5895e
&amp#27;[38;5;32m[AndroidUiautomator2Driver@1712 (a8347294)]&amp#27;[0m Responding to client with driver.createSession() result: {"capabilities":{"platformName":"ANDROID","app":"/Users/anubhavgupta/Documents/eclipse-workspace(Java)/AppTestingFramework/src/main/java/APPS/General-Store.apk","automationName":"UIAutomator2","chromedriverExecutable":"/Users/anubhavgupta/Documents/Drivers/chromedriver_103","deviceName":"emulator-5554","platform":"LINUX","webStorageEnabled":false,"takesScreenshot":true,"javascriptEnabled":true,"databaseEnabled":false,"networkConnectionEnabled":true,"locationContextEnabled":false,"warnings":{},"desired":{"platformName":"ANDROID","app":"/Users/anubhavgupta/Documents/eclipse-workspace(Java)/AppTestingFramework/src/main/java/APPS/General-Store.apk","automationName":"UIAutomator2","chromedriverExecutable":"/Users/anubhavgupta/Documents/Drivers/chromedriver_103","deviceName":"Anubhav Small Phone"},"deviceUDID":"emulator-5554","appPackage":"com.androidsample.generalstore","pixelRatio":"2.75","statBarHeight":83,"viewportRect":{"left":0,"top":83,"width":1080,"height":2131},"deviceApiLevel":33,"platformVersion":"13"...
&amp#27;[38;5;0m[HTTP]&amp#27;[0m <-- POST /session 200 4815 ms - 1206
&amp#27;[38;5;0m[HTTP]&amp#27;[0m 
&amp#27;[38;5;0m[HTTP]&amp#27;[0m &amp#27;[37m-->&amp#27;[39m &amp#27;[37mPOST&amp#27;[39m &amp#27;[37m/session/a8347294-1299-40da-b9d7-6a994ce5895e/timeouts&amp#27;[39m
&amp#27;[38;5;0m[HTTP]&amp#27;[0m {"implicit":10000}
&amp#27;[38;5;32m[AndroidUiautomator2Driver@1712 (a8347294)]&amp#27;[0m Calling AppiumDriver.timeouts() with args: [null,null,null,null,10000,"a8347294-1299-40da-b9d7-6a994ce5895e"]
&amp#27;[38;5;32m[AndroidUiautomator2Driver@1712 (a8347294)]&amp#27;[0m W3C timeout argument: {"implicit":10000}}
&amp#27;[38;5;32m[AndroidUiautomator2Driver@1712 (a8347294)]&amp#27;[0m Set implicit wait to 10000ms
&amp#27;[38;5;32m[AndroidUiautomator2Driver@1712 (a8347294)]&amp#27;[0m Responding to client with driver.timeouts() result: null
&amp#27;[38;5;0m[HTTP]&amp#27;[0m <-- POST /session/a8347294-1299-40da-b9d7-6a994ce5895e/timeouts 200 2 ms - 14
&amp#27;[38;5;0m[HTTP]&amp#27;[0m 
&amp#27;[38;5;0m[HTTP]&amp#27;[0m &amp#27;[37m-->&amp#27;[39m &amp#27;[37mGET&amp#27;[39m &amp#27;[37m/session/a8347294-1299-40da-b9d7-6a994ce5895e/context&amp#27;[39m
&amp#27;[38;5;0m[HTTP]&amp#27;[0m {}
&amp#27;[38;5;32m[AndroidUiautomator2Driver@1712 (a8347294)]&amp#27;[0m Calling AppiumDriver.getCurrentContext() with args: ["a8347294-1299-40da-b9d7-6a994ce5895e"]
&amp#27;[38;5;32m[AndroidUiautomator2Driver@1712 (a8347294)]&amp#27;[0m Responding to client with driver.getCurrentContext() result: "NATIVE_APP"
&amp#27;[38;5;0m[HTTP]&amp#27;[0m <-- GET /session/a8347294-1299-40da-b9d7-6a994ce5895e/context 200 3 ms - 22
&amp#27;[38;5;0m[HTTP]&amp#27;[0m 
&amp#27;[38;5;0m[HTTP]&amp#27;[0m &amp#27;[37m-->&amp#27;[39m &amp#27;[37mPOST&amp#27;[39m &amp#27;[37m/session/a8347294-1299-40da-b9d7-6a994ce5895e/element&amp#27;[39m
&amp#27;[38;5;0m[HTTP]&amp#27;[0m {"using":"id","value":"com.androidsample.generalstore:id/nameField"}
&amp#27;[38;5;32m[AndroidUiautomator2Driver@1712 (a8347294)]&amp#27;[0m Calling AppiumDriver.findElement() with args: ["id","com.androidsample.generalstore:id/nameField","a8347294-1299-40da-b9d7-6a994ce5895e"]
&amp#27;[38;5;32m[AndroidUiautomator2Driver@1712 (a8347294)]&amp#27;[0m Valid locator strategies for this request: xpath, id, class name, accessibility id, css selector, -android uiautomator
&amp#27;[38;5;32m[AndroidUiautomator2Driver@1712 (a8347294)]&amp#27;[0m Waiting up to 10000 ms for condition
&amp#27;[38;5;32m[AndroidUiautomator2Driver@1712 (a8347294)]&amp#27;[0m Matched '/element' to command name 'findElement'
&amp#27;[38;5;32m[AndroidUiautomator2Driver@1712 (a8347294)]&amp#27;[0m Proxying [POST /element] to [POST http://127.0.0.1:8200/session/7ccb4661-48e3-4685-8e05-9db96d4301f0/element] with body: {"strategy":"id","selector":"com.androidsample.generalstore:id/nameField","context":"","multiple":false}
&amp#27;[38;5;32m[AndroidUiautomator2Driver@1712 (a8347294)]&amp#27;[0m Got response with status 404: {"sessionId":"7ccb4661-48e3-4685-8e05-9db96d4301f0","value":{"error":"no such element","message":"An element could not be located on the page using the given search parameters","stacktrace":"io.appium.uiautomator2.common.exceptions.ElementNotFoundException: An element could not be located on the page using the given search parameters\n\tat io.appium.uiautomator2.handler.FindElement.safeHandle(FindElement.java:63)\n\tat io.appium.uiautomator2.handler.request.SafeRequestHandler.handle(SafeRequestHandler.java:59)\n\tat io.appium.uiautomator2.server.AppiumServlet.handleRequest(AppiumServlet.java:277)\n\tat io.appium.uiautomator2.server.AppiumServlet.handleHttpRequest(AppiumServlet.java:271)\n\tat io.appium.uiautomator2.http.ServerHandler.channelRead(ServerHandler.java:77)\n\tat io.netty.channel.AbstractChannelHandlerContext.invokeChannelRead(AbstractChannelHandlerContext.java:366)\n\tat io.netty.channel.AbstractChannelHandlerContext.invokeChannelRead(AbstractChannelHandlerContext.java:352)\n\tat io.netty.chann...
&amp#27;[38;5;128m[W3C]&amp#27;[0m Matched W3C error code 'no such element' to NoSuchElementError
&amp#27;[38;5;32m[AndroidUiautomator2Driver@1712 (a8347294)]&amp#27;[0m Waited for 469 ms so far
&amp#27;[38;5;32m[AndroidUiautomator2Driver@1712 (a8347294)]&amp#27;[0m Matched '/element' to command name 'findElement'
&amp#27;[38;5;32m[AndroidUiautomator2Driver@1712 (a8347294)]&amp#27;[0m Proxying [POST /element] to [POST http://127.0.0.1:8200/session/7ccb4661-48e3-4685-8e05-9db96d4301f0/element] with body: {"strategy":"id","selector":"com.androidsample.generalstore:id/nameField","context":"","multiple":false}
&amp#27;[38;5;32m[AndroidUiautomator2Driver@1712 (a8347294)]&amp#27;[0m Got response with status 404: {"sessionId":"7ccb4661-48e3-4685-8e05-9db96d4301f0","value":{"error":"no such element","message":"An element could not be located on the page using the given search parameters","stacktrace":"io.appium.uiautomator2.common.exceptions.ElementNotFoundException: An element could not be located on the page using the given search parameters\n\tat io.appium.uiautomator2.handler.FindElement.safeHandle(FindElement.java:63)\n\tat io.appium.uiautomator2.handler.request.SafeRequestHandler.handle(SafeRequestHandler.java:59)\n\tat io.appium.uiautomator2.server.AppiumServlet.handleRequest(AppiumServlet.java:277)\n\tat io.appium.uiautomator2.server.AppiumServlet.handleHttpRequest(AppiumServlet.java:271)\n\tat io.appium.uiautomator2.http.ServerHandler.channelRead(ServerHandler.java:77)\n\tat io.netty.channel.AbstractChannelHandlerContext.invokeChannelRead(AbstractChannelHandlerContext.java:366)\n\tat io.netty.channel.AbstractChannelHandlerContext.invokeChannelRead(AbstractChannelHandlerContext.java:352)\n\tat io.netty.chann...
&amp#27;[38;5;128m[W3C]&amp#27;[0m Matched W3C error code 'no such element' to NoSuchElementError
&amp#27;[38;5;32m[AndroidUiautomator2Driver@1712 (a8347294)]&amp#27;[0m Waited for 1009 ms so far
&amp#27;[38;5;32m[AndroidUiautomator2Driver@1712 (a8347294)]&amp#27;[0m Matched '/element' to command name 'findElement'
&amp#27;[38;5;32m[AndroidUiautomator2Driver@1712 (a8347294)]&amp#27;[0m Proxying [POST /element] to [POST http://127.0.0.1:8200/session/7ccb4661-48e3-4685-8e05-9db96d4301f0/element] with body: {"strategy":"id","selector":"com.androidsample.generalstore:id/nameField","context":"","multiple":false}
&amp#27;[38;5;32m[AndroidUiautomator2Driver@1712 (a8347294)]&amp#27;[0m Got response with status 404: {"sessionId":"7ccb4661-48e3-4685-8e05-9db96d4301f0","value":{"error":"no such element","message":"An element could not be located on the page using the given search parameters","stacktrace":"io.appium.uiautomator2.common.exceptions.ElementNotFoundException: An element could not be located on the page using the given search parameters\n\tat io.appium.uiautomator2.handler.FindElement.safeHandle(FindElement.java:63)\n\tat io.appium.uiautomator2.handler.request.SafeRequestHandler.handle(SafeRequestHandler.java:59)\n\tat io.appium.uiautomator2.server.AppiumServlet.handleRequest(AppiumServlet.java:277)\n\tat io.appium.uiautomator2.server.AppiumServlet.handleHttpRequest(AppiumServlet.java:271)\n\tat io.appium.uiautomator2.http.ServerHandler.channelRead(ServerHandler.java:77)\n\tat io.netty.channel.AbstractChannelHandlerContext.invokeChannelRead(AbstractChannelHandlerContext.java:366)\n\tat io.netty.channel.AbstractChannelHandlerContext.invokeChannelRead(AbstractChannelHandlerContext.java:352)\n\tat io.netty.chann...
&amp#27;[38;5;128m[W3C]&amp#27;[0m Matched W3C error code 'no such element' to NoSuchElementError
&amp#27;[38;5;32m[AndroidUiautomator2Driver@1712 (a8347294)]&amp#27;[0m Waited for 1524 ms so far
&amp#27;[38;5;32m[AndroidUiautomator2Driver@1712 (a8347294)]&amp#27;[0m Matched '/element' to command name 'findElement'
&amp#27;[38;5;32m[AndroidUiautomator2Driver@1712 (a8347294)]&amp#27;[0m Proxying [POST /element] to [POST http://127.0.0.1:8200/session/7ccb4661-48e3-4685-8e05-9db96d4301f0/element] with body: {"strategy":"id","selector":"com.androidsample.generalstore:id/nameField","context":"","multiple":false}
&amp#27;[38;5;32m[AndroidUiautomator2Driver@1712 (a8347294)]&amp#27;[0m Got response with status 404: {"sessionId":"7ccb4661-48e3-4685-8e05-9db96d4301f0","value":{"error":"no such element","message":"An element could not be located on the page using the given search parameters","stacktrace":"io.appium.uiautomator2.common.exceptions.ElementNotFoundException: An element could not be located on the page using the given search parameters\n\tat io.appium.uiautomator2.handler.FindElement.safeHandle(FindElement.java:63)\n\tat io.appium.uiautomator2.handler.request.SafeRequestHandler.handle(SafeRequestHandler.java:59)\n\tat io.appium.uiautomator2.server.AppiumServlet.handleRequest(AppiumServlet.java:277)\n\tat io.appium.uiautomator2.server.AppiumServlet.handleHttpRequest(AppiumServlet.java:271)\n\tat io.appium.uiautomator2.http.ServerHandler.channelRead(ServerHandler.java:77)\n\tat io.netty.channel.AbstractChannelHandlerContext.invokeChannelRead(AbstractChannelHandlerContext.java:366)\n\tat io.netty.channel.AbstractChannelHandlerContext.invokeChannelRead(AbstractChannelHandlerContext.java:352)\n\tat io.netty.chann...
&amp#27;[38;5;128m[W3C]&amp#27;[0m Matched W3C error code 'no such element' to NoSuchElementError
&amp#27;[38;5;32m[AndroidUiautomator2Driver@1712 (a8347294)]&amp#27;[0m Waited for 2178 ms so far
&amp#27;[38;5;32m[AndroidUiautomator2Driver@1712 (a8347294)]&amp#27;[0m Matched '/element' to command name 'findElement'
&amp#27;[38;5;32m[AndroidUiautomator2Driver@1712 (a8347294)]&amp#27;[0m Proxying [POST /element] to [POST http://127.0.0.1:8200/session/7ccb4661-48e3-4685-8e05-9db96d4301f0/element] with body: {"strategy":"id","selector":"com.androidsample.generalstore:id/nameField","context":"","multiple":false}
&amp#27;[38;5;32m[AndroidUiautomator2Driver@1712 (a8347294)]&amp#27;[0m Got response with status 200: {"sessionId":"7ccb4661-48e3-4685-8e05-9db96d4301f0","value":{"ELEMENT":"00000000-0000-017d-ffff-ffff0000001c","element-6066-11e4-a52e-4f735466cecf":"00000000-0000-017d-ffff-ffff0000001c"}}
&amp#27;[38;5;32m[AndroidUiautomator2Driver@1712 (a8347294)]&amp#27;[0m Responding to client with driver.findElement() result: {"element-6066-11e4-a52e-4f735466cecf":"00000000-0000-017d-ffff-ffff0000001c","ELEMENT":"00000000-0000-017d-ffff-ffff0000001c"}
&amp#27;[38;5;0m[HTTP]&amp#27;[0m <-- POST /session/a8347294-1299-40da-b9d7-6a994ce5895e/element 200 3556 ms - 137
&amp#27;[38;5;0m[HTTP]&amp#27;[0m 
&amp#27;[38;5;0m[HTTP]&amp#27;[0m &amp#27;[37m-->&amp#27;[39m &amp#27;[37mPOST&amp#27;[39m &amp#27;[37m/session/a8347294-1299-40da-b9d7-6a994ce5895e/element/00000000-0000-017d-ffff-ffff0000001c/value&amp#27;[39m
&amp#27;[38;5;0m[HTTP]&amp#27;[0m {"id":"00000000-0000-017d-ffff-ffff0000001c","text":"Anubhav Gupta","value":["A","n","u","b","h","a","v"," ","G","u","p","t","a"]}
&amp#27;[38;5;32m[AndroidUiautomator2Driver@1712 (a8347294)]&amp#27;[0m Calling AppiumDriver.setValue() with args: [["A","n","u","b","h","a","v"," ","G","u","p","t","a"],"00000000-0000-017d-ffff-ffff0000001c","a8347294-1299-40da-b9d7-6a994ce5895e"]
&amp#27;[38;5;32m[AndroidUiautomator2Driver@1712 (a8347294)]&amp#27;[0m Matched '/element/00000000-0000-017d-ffff-ffff0000001c/value' to command name 'setValue'
&amp#27;[38;5;32m[AndroidUiautomator2Driver@1712 (a8347294)]&amp#27;[0m Added 'value' property ["A","n","u","b","h","a","v"," ","G","u","p","t","a"] to 'setValue' request body
&amp#27;[38;5;32m[AndroidUiautomator2Driver@1712 (a8347294)]&amp#27;[0m Proxying [POST /element/00000000-0000-017d-ffff-ffff0000001c/value] to [POST http://127.0.0.1:8200/session/7ccb4661-48e3-4685-8e05-9db96d4301f0/element/00000000-0000-017d-ffff-ffff0000001c/value] with body: {"elementId":"00000000-0000-017d-ffff-ffff0000001c","text":"Anubhav Gupta","replace":false,"value":["A","n","u","b","h","a","v"," ","G","u","p","t","a"]}
&amp#27;[38;5;32m[AndroidUiautomator2Driver@1712 (a8347294)]&amp#27;[0m Got response with status 200: {"sessionId":"7ccb4661-48e3-4685-8e05-9db96d4301f0","value":null}
&amp#27;[38;5;32m[AndroidUiautomator2Driver@1712 (a8347294)]&amp#27;[0m Responding to client with driver.setValue() result: null
&amp#27;[38;5;0m[HTTP]&amp#27;[0m <-- POST /session/a8347294-1299-40da-b9d7-6a994ce5895e/element/00000000-0000-017d-ffff-ffff0000001c/value 200 203 ms - 14
&amp#27;[38;5;0m[HTTP]&amp#27;[0m 
&amp#27;[38;5;0m[HTTP]&amp#27;[0m &amp#27;[37m-->&amp#27;[39m &amp#27;[37mGET&amp#27;[39m &amp#27;[37m/session/a8347294-1299-40da-b9d7-6a994ce5895e/context&amp#27;[39m
&amp#27;[38;5;0m[HTTP]&amp#27;[0m {}
&amp#27;[38;5;32m[AndroidUiautomator2Driver@1712 (a8347294)]&amp#27;[0m Calling AppiumDriver.getCurrentContext() with args: ["a8347294-1299-40da-b9d7-6a994ce5895e"]
&amp#27;[38;5;32m[AndroidUiautomator2Driver@1712 (a8347294)]&amp#27;[0m Responding to client with driver.getCurrentContext() result: "NATIVE_APP"
&amp#27;[38;5;0m[HTTP]&amp#27;[0m <-- GET /session/a8347294-1299-40da-b9d7-6a994ce5895e/context 200 1 ms - 22
&amp#27;[38;5;0m[HTTP]&amp#27;[0m 
&amp#27;[38;5;0m[HTTP]&amp#27;[0m &amp#27;[37m-->&amp#27;[39m &amp#27;[37mPOST&amp#27;[39m &amp#27;[37m/session/a8347294-1299-40da-b9d7-6a994ce5895e/element&amp#27;[39m
&amp#27;[38;5;0m[HTTP]&amp#27;[0m {"using":"id","value":"com.androidsample.generalstore:id/radioMale"}
&amp#27;[38;5;32m[AndroidUiautomator2Driver@1712 (a8347294)]&amp#27;[0m Calling AppiumDriver.findElement() with args: ["id","com.androidsample.generalstore:id/radioMale","a8347294-1299-40da-b9d7-6a994ce5895e"]
&amp#27;[38;5;32m[AndroidUiautomator2Driver@1712 (a8347294)]&amp#27;[0m Valid locator strategies for this request: xpath, id, class name, accessibility id, css selector, -android uiautomator
&amp#27;[38;5;32m[AndroidUiautomator2Driver@1712 (a8347294)]&amp#27;[0m Waiting up to 10000 ms for condition
&amp#27;[38;5;32m[AndroidUiautomator2Driver@1712 (a8347294)]&amp#27;[0m Matched '/element' to command name 'findElement'
&amp#27;[38;5;32m[AndroidUiautomator2Driver@1712 (a8347294)]&amp#27;[0m Proxying [POST /element] to [POST http://127.0.0.1:8200/session/7ccb4661-48e3-4685-8e05-9db96d4301f0/element] with body: {"strategy":"id","selector":"com.androidsample.generalstore:id/radioMale","context":"","multiple":false}
&amp#27;[38;5;32m[AndroidUiautomator2Driver@1712 (a8347294)]&amp#27;[0m Got response with status 200: {"sessionId":"7ccb4661-48e3-4685-8e05-9db96d4301f0","value":{"ELEMENT":"00000000-0000-017d-ffff-ffff0000001f","element-6066-11e4-a52e-4f735466cecf":"00000000-0000-017d-ffff-ffff0000001f"}}
&amp#27;[38;5;32m[AndroidUiautomator2Driver@1712 (a8347294)]&amp#27;[0m Responding to client with driver.findElement() result: {"element-6066-11e4-a52e-4f735466cecf":"00000000-0000-017d-ffff-ffff0000001f","ELEMENT":"00000000-0000-017d-ffff-ffff0000001f"}
&amp#27;[38;5;0m[HTTP]&amp#27;[0m <-- POST /session/a8347294-1299-40da-b9d7-6a994ce5895e/element 200 492 ms - 137
&amp#27;[38;5;0m[HTTP]&amp#27;[0m 
&amp#27;[38;5;0m[HTTP]&amp#27;[0m &amp#27;[37m-->&amp#27;[39m &amp#27;[37mPOST&amp#27;[39m &amp#27;[37m/session/a8347294-1299-40da-b9d7-6a994ce5895e/element/00000000-0000-017d-ffff-ffff0000001f/click&amp#27;[39m
&amp#27;[38;5;0m[HTTP]&amp#27;[0m {"id":"00000000-0000-017d-ffff-ffff0000001f"}
&amp#27;[38;5;32m[AndroidUiautomator2Driver@1712 (a8347294)]&amp#27;[0m Calling AppiumDriver.click() with args: ["00000000-0000-017d-ffff-ffff0000001f","a8347294-1299-40da-b9d7-6a994ce5895e"]
&amp#27;[38;5;32m[AndroidUiautomator2Driver@1712 (a8347294)]&amp#27;[0m Matched '/element/00000000-0000-017d-ffff-ffff0000001f/click' to command name 'click'
&amp#27;[38;5;32m[AndroidUiautomator2Driver@1712 (a8347294)]&amp#27;[0m Proxying [POST /element/00000000-0000-017d-ffff-ffff0000001f/click] to [POST http://127.0.0.1:8200/session/7ccb4661-48e3-4685-8e05-9db96d4301f0/element/00000000-0000-017d-ffff-ffff0000001f/click] with body: {"element":"00000000-0000-017d-ffff-ffff0000001f"}
&amp#27;[38;5;32m[AndroidUiautomator2Driver@1712 (a8347294)]&amp#27;[0m Got response with status 200: {"sessionId":"7ccb4661-48e3-4685-8e05-9db96d4301f0","value":null}
&amp#27;[38;5;32m[AndroidUiautomator2Driver@1712 (a8347294)]&amp#27;[0m Responding to client with driver.click() result: null
&amp#27;[38;5;0m[HTTP]&amp#27;[0m <-- POST /session/a8347294-1299-40da-b9d7-6a994ce5895e/element/00000000-0000-017d-ffff-ffff0000001f/click 200 70 ms - 14
&amp#27;[38;5;0m[HTTP]&amp#27;[0m 
&amp#27;[38;5;0m[HTTP]&amp#27;[0m &amp#27;[37m-->&amp#27;[39m &amp#27;[37mGET&amp#27;[39m &amp#27;[37m/session/a8347294-1299-40da-b9d7-6a994ce5895e/context&amp#27;[39m
&amp#27;[38;5;0m[HTTP]&amp#27;[0m {}
&amp#27;[38;5;32m[AndroidUiautomator2Driver@1712 (a8347294)]&amp#27;[0m Calling AppiumDriver.getCurrentContext() with args: ["a8347294-1299-40da-b9d7-6a994ce5895e"]
&amp#27;[38;5;32m[AndroidUiautomator2Driver@1712 (a8347294)]&amp#27;[0m Responding to client with driver.getCurrentContext() result: "NATIVE_APP"
&amp#27;[38;5;0m[HTTP]&amp#27;[0m <-- GET /session/a8347294-1299-40da-b9d7-6a994ce5895e/context 200 2 ms - 22
&amp#27;[38;5;0m[HTTP]&amp#27;[0m 
&amp#27;[38;5;0m[HTTP]&amp#27;[0m &amp#27;[37m-->&amp#27;[39m &amp#27;[37mPOST&amp#27;[39m &amp#27;[37m/session/a8347294-1299-40da-b9d7-6a994ce5895e/element&amp#27;[39m
&amp#27;[38;5;0m[HTTP]&amp#27;[0m {"using":"id","value":"com.androidsample.generalstore:id/spinnerCountry"}
&amp#27;[38;5;32m[AndroidUiautomator2Driver@1712 (a8347294)]&amp#27;[0m Calling AppiumDriver.findElement() with args: ["id","com.androidsample.generalstore:id/spinnerCountry","a8347294-1299-40da-b9d7-6a994ce5895e"]
&amp#27;[38;5;32m[AndroidUiautomator2Driver@1712 (a8347294)]&amp#27;[0m Valid locator strategies for this request: xpath, id, class name, accessibility id, css selector, -android uiautomator
&amp#27;[38;5;32m[AndroidUiautomator2Driver@1712 (a8347294)]&amp#27;[0m Waiting up to 10000 ms for condition
&amp#27;[38;5;32m[AndroidUiautomator2Driver@1712 (a8347294)]&amp#27;[0m Matched '/element' to command name 'findElement'
&amp#27;[38;5;32m[AndroidUiautomator2Driver@1712 (a8347294)]&amp#27;[0m Proxying [POST /element] to [POST http://127.0.0.1:8200/session/7ccb4661-48e3-4685-8e05-9db96d4301f0/element] with body: {"strategy":"id","selector":"com.androidsample.generalstore:id/spinnerCountry","context":"","multiple":false}
&amp#27;[38;5;32m[AndroidUiautomator2Driver@1712 (a8347294)]&amp#27;[0m Got response with status 200: {"sessionId":"7ccb4661-48e3-4685-8e05-9db96d4301f0","value":{"ELEMENT":"00000000-0000-017d-ffff-ffff0000001a","element-6066-11e4-a52e-4f735466cecf":"00000000-0000-017d-ffff-ffff0000001a"}}
&amp#27;[38;5;32m[AndroidUiautomator2Driver@1712 (a8347294)]&amp#27;[0m Responding to client with driver.findElement() result: {"element-6066-11e4-a52e-4f735466cecf":"00000000-0000-017d-ffff-ffff0000001a","ELEMENT":"00000000-0000-017d-ffff-ffff0000001a"}
&amp#27;[38;5;0m[HTTP]&amp#27;[0m <-- POST /session/a8347294-1299-40da-b9d7-6a994ce5895e/element 200 93 ms - 137
&amp#27;[38;5;0m[HTTP]&amp#27;[0m 
&amp#27;[38;5;0m[HTTP]&amp#27;[0m &amp#27;[37m-->&amp#27;[39m &amp#27;[37mPOST&amp#27;[39m &amp#27;[37m/session/a8347294-1299-40da-b9d7-6a994ce5895e/element/00000000-0000-017d-ffff-ffff0000001a/click&amp#27;[39m
&amp#27;[38;5;0m[HTTP]&amp#27;[0m {"id":"00000000-0000-017d-ffff-ffff0000001a"}
&amp#27;[38;5;32m[AndroidUiautomator2Driver@1712 (a8347294)]&amp#27;[0m Calling AppiumDriver.click() with args: ["00000000-0000-017d-ffff-ffff0000001a","a8347294-1299-40da-b9d7-6a994ce5895e"]
&amp#27;[38;5;32m[AndroidUiautomator2Driver@1712 (a8347294)]&amp#27;[0m Matched '/element/00000000-0000-017d-ffff-ffff0000001a/click' to command name 'click'
&amp#27;[38;5;32m[AndroidUiautomator2Driver@1712 (a8347294)]&amp#27;[0m Proxying [POST /element/00000000-0000-017d-ffff-ffff0000001a/click] to [POST http://127.0.0.1:8200/session/7ccb4661-48e3-4685-8e05-9db96d4301f0/element/00000000-0000-017d-ffff-ffff0000001a/click] with body: {"element":"00000000-0000-017d-ffff-ffff0000001a"}
&amp#27;[38;5;32m[AndroidUiautomator2Driver@1712 (a8347294)]&amp#27;[0m Got response with status 200: {"sessionId":"7ccb4661-48e3-4685-8e05-9db96d4301f0","value":null}
&amp#27;[38;5;32m[AndroidUiautomator2Driver@1712 (a8347294)]&amp#27;[0m Responding to client with driver.click() result: null
&amp#27;[38;5;0m[HTTP]&amp#27;[0m <-- POST /session/a8347294-1299-40da-b9d7-6a994ce5895e/element/00000000-0000-017d-ffff-ffff0000001a/click 200 425 ms - 14
&amp#27;[38;5;0m[HTTP]&amp#27;[0m 
&amp#27;[38;5;0m[HTTP]&amp#27;[0m &amp#27;[37m-->&amp#27;[39m &amp#27;[37mPOST&amp#27;[39m &amp#27;[37m/session/a8347294-1299-40da-b9d7-6a994ce5895e/element&amp#27;[39m
&amp#27;[38;5;0m[HTTP]&amp#27;[0m {"using":"-android uiautomator","value":"new UiScrollable(new UiSelector()).scrollIntoView(text(\"India\"))"}
&amp#27;[38;5;32m[AndroidUiautomator2Driver@1712 (a8347294)]&amp#27;[0m Calling AppiumDriver.findElement() with args: ["-android uiautomator","new UiScrollable(new UiSelector()).scrollIntoView(text(\"India\"))","a8347294-1299-40da-b9d7-6a994ce5895e"]
&amp#27;[38;5;32m[AndroidUiautomator2Driver@1712 (a8347294)]&amp#27;[0m Valid locator strategies for this request: xpath, id, class name, accessibility id, css selector, -android uiautomator
&amp#27;[38;5;32m[AndroidUiautomator2Driver@1712 (a8347294)]&amp#27;[0m Waiting up to 10000 ms for condition
&amp#27;[38;5;32m[AndroidUiautomator2Driver@1712 (a8347294)]&amp#27;[0m Matched '/element' to command name 'findElement'
&amp#27;[38;5;32m[AndroidUiautomator2Driver@1712 (a8347294)]&amp#27;[0m Proxying [POST /element] to [POST http://127.0.0.1:8200/session/7ccb4661-48e3-4685-8e05-9db96d4301f0/element] with body: {"strategy":"-android uiautomator","selector":"new UiScrollable(new UiSelector()).scrollIntoView(text(\"India\"))","context":"","multiple":false}
&amp#27;[38;5;32m[AndroidUiautomator2Driver@1712 (a8347294)]&amp#27;[0m Got response with status 200: {"sessionId":"7ccb4661-48e3-4685-8e05-9db96d4301f0","value":{"ELEMENT":"00000000-0000-017e-ffff-ffff00000029","element-6066-11e4-a52e-4f735466cecf":"00000000-0000-017e-ffff-ffff00000029"}}
&amp#27;[38;5;32m[AndroidUiautomator2Driver@1712 (a8347294)]&amp#27;[0m Responding to client with driver.findElement() result: {"element-6066-11e4-a52e-4f735466cecf":"00000000-0000-017e-ffff-ffff00000029","ELEMENT":"00000000-0000-017e-ffff-ffff00000029"}
&amp#27;[38;5;0m[HTTP]&amp#27;[0m <-- POST /session/a8347294-1299-40da-b9d7-6a994ce5895e/element 200 25178 ms - 137
&amp#27;[38;5;0m[HTTP]&amp#27;[0m 
&amp#27;[38;5;0m[HTTP]&amp#27;[0m &amp#27;[37m-->&amp#27;[39m &amp#27;[37mPOST&amp#27;[39m &amp#27;[37m/session/a8347294-1299-40da-b9d7-6a994ce5895e/element/00000000-0000-017e-ffff-ffff00000029/click&amp#27;[39m
&amp#27;[38;5;0m[HTTP]&amp#27;[0m {"id":"00000000-0000-017e-ffff-ffff00000029"}
&amp#27;[38;5;32m[AndroidUiautomator2Driver@1712 (a8347294)]&amp#27;[0m Calling AppiumDriver.click() with args: ["00000000-0000-017e-ffff-ffff00000029","a8347294-1299-40da-b9d7-6a994ce5895e"]
&amp#27;[38;5;32m[AndroidUiautomator2Driver@1712 (a8347294)]&amp#27;[0m Matched '/element/00000000-0000-017e-ffff-ffff00000029/click' to command name 'click'
&amp#27;[38;5;32m[AndroidUiautomator2Driver@1712 (a8347294)]&amp#27;[0m Proxying [POST /element/00000000-0000-017e-ffff-ffff00000029/click] to [POST http://127.0.0.1:8200/session/7ccb4661-48e3-4685-8e05-9db96d4301f0/element/00000000-0000-017e-ffff-ffff00000029/click] with body: {"element":"00000000-0000-017e-ffff-ffff00000029"}
&amp#27;[38;5;32m[AndroidUiautomator2Driver@1712 (a8347294)]&amp#27;[0m Got response with status 200: {"sessionId":"7ccb4661-48e3-4685-8e05-9db96d4301f0","value":null}
&amp#27;[38;5;32m[AndroidUiautomator2Driver@1712 (a8347294)]&amp#27;[0m Responding to client with driver.click() result: null
&amp#27;[38;5;0m[HTTP]&amp#27;[0m <-- POST /session/a8347294-1299-40da-b9d7-6a994ce5895e/element/00000000-0000-017e-ffff-ffff00000029/click 200 713 ms - 14
&amp#27;[38;5;0m[HTTP]&amp#27;[0m 
&amp#27;[38;5;0m[HTTP]&amp#27;[0m &amp#27;[37m-->&amp#27;[39m &amp#27;[37mGET&amp#27;[39m &amp#27;[37m/session/a8347294-1299-40da-b9d7-6a994ce5895e/context&amp#27;[39m
&amp#27;[38;5;0m[HTTP]&amp#27;[0m {}
&amp#27;[38;5;32m[AndroidUiautomator2Driver@1712 (a8347294)]&amp#27;[0m Calling AppiumDriver.getCurrentContext() with args: ["a8347294-1299-40da-b9d7-6a994ce5895e"]
&amp#27;[38;5;32m[AndroidUiautomator2Driver@1712 (a8347294)]&amp#27;[0m Responding to client with driver.getCurrentContext() result: "NATIVE_APP"
&amp#27;[38;5;0m[HTTP]&amp#27;[0m <-- GET /session/a8347294-1299-40da-b9d7-6a994ce5895e/context 200 2 ms - 22
&amp#27;[38;5;0m[HTTP]&amp#27;[0m 
&amp#27;[38;5;0m[HTTP]&amp#27;[0m &amp#27;[37m-->&amp#27;[39m &amp#27;[37mPOST&amp#27;[39m &amp#27;[37m/session/a8347294-1299-40da-b9d7-6a994ce5895e/element&amp#27;[39m
&amp#27;[38;5;0m[HTTP]&amp#27;[0m {"using":"id","value":"com.androidsample.generalstore:id/btnLetsShop"}
&amp#27;[38;5;32m[AndroidUiautomator2Driver@1712 (a8347294)]&amp#27;[0m Calling AppiumDriver.findElement() with args: ["id","com.androidsample.generalstore:id/btnLetsShop","a8347294-1299-40da-b9d7-6a994ce5895e"]
&amp#27;[38;5;32m[AndroidUiautomator2Driver@1712 (a8347294)]&amp#27;[0m Valid locator strategies for this request: xpath, id, class name, accessibility id, css selector, -android uiautomator
&amp#27;[38;5;32m[AndroidUiautomator2Driver@1712 (a8347294)]&amp#27;[0m Waiting up to 10000 ms for condition
&amp#27;[38;5;32m[AndroidUiautomator2Driver@1712 (a8347294)]&amp#27;[0m Matched '/element' to command name 'findElement'
&amp#27;[38;5;32m[AndroidUiautomator2Driver@1712 (a8347294)]&amp#27;[0m Proxying [POST /element] to [POST http://127.0.0.1:8200/session/7ccb4661-48e3-4685-8e05-9db96d4301f0/element] with body: {"strategy":"id","selector":"com.androidsample.generalstore:id/btnLetsShop","context":"","multiple":false}
&amp#27;[38;5;32m[AndroidUiautomator2Driver@1712 (a8347294)]&amp#27;[0m Got response with status 200: {"sessionId":"7ccb4661-48e3-4685-8e05-9db96d4301f0","value":{"ELEMENT":"00000000-0000-017d-ffff-ffff00000021","element-6066-11e4-a52e-4f735466cecf":"00000000-0000-017d-ffff-ffff00000021"}}
&amp#27;[38;5;32m[AndroidUiautomator2Driver@1712 (a8347294)]&amp#27;[0m Responding to client with driver.findElement() result: {"element-6066-11e4-a52e-4f735466cecf":"00000000-0000-017d-ffff-ffff00000021","ELEMENT":"00000000-0000-017d-ffff-ffff00000021"}
&amp#27;[38;5;0m[HTTP]&amp#27;[0m <-- POST /session/a8347294-1299-40da-b9d7-6a994ce5895e/element 200 33 ms - 137
&amp#27;[38;5;0m[HTTP]&amp#27;[0m 
&amp#27;[38;5;0m[HTTP]&amp#27;[0m &amp#27;[37m-->&amp#27;[39m &amp#27;[37mPOST&amp#27;[39m &amp#27;[37m/session/a8347294-1299-40da-b9d7-6a994ce5895e/element/00000000-0000-017d-ffff-ffff00000021/click&amp#27;[39m
&amp#27;[38;5;0m[HTTP]&amp#27;[0m {"id":"00000000-0000-017d-ffff-ffff00000021"}
&amp#27;[38;5;32m[AndroidUiautomator2Driver@1712 (a8347294)]&amp#27;[0m Calling AppiumDriver.click() with args: ["00000000-0000-017d-ffff-ffff00000021","a8347294-1299-40da-b9d7-6a994ce5895e"]
&amp#27;[38;5;32m[AndroidUiautomator2Driver@1712 (a8347294)]&amp#27;[0m Matched '/element/00000000-0000-017d-ffff-ffff00000021/click' to command name 'click'
&amp#27;[38;5;32m[AndroidUiautomator2Driver@1712 (a8347294)]&amp#27;[0m Proxying [POST /element/00000000-0000-017d-ffff-ffff00000021/click] to [POST http://127.0.0.1:8200/session/7ccb4661-48e3-4685-8e05-9db96d4301f0/element/00000000-0000-017d-ffff-ffff00000021/click] with body: {"element":"00000000-0000-017d-ffff-ffff00000021"}
&amp#27;[38;5;32m[AndroidUiautomator2Driver@1712 (a8347294)]&amp#27;[0m Got response with status 200: {"sessionId":"7ccb4661-48e3-4685-8e05-9db96d4301f0","value":null}
&amp#27;[38;5;32m[AndroidUiautomator2Driver@1712 (a8347294)]&amp#27;[0m Responding to client with driver.click() result: null
&amp#27;[38;5;0m[HTTP]&amp#27;[0m <-- POST /session/a8347294-1299-40da-b9d7-6a994ce5895e/element/00000000-0000-017d-ffff-ffff00000021/click 200 49 ms - 14
&amp#27;[38;5;0m[HTTP]&amp#27;[0m 
&amp#27;[38;5;0m[HTTP]&amp#27;[0m &amp#27;[37m-->&amp#27;[39m &amp#27;[37mPOST&amp#27;[39m &amp#27;[37m/session/a8347294-1299-40da-b9d7-6a994ce5895e/element&amp#27;[39m
&amp#27;[38;5;0m[HTTP]&amp#27;[0m {"using":"-android uiautomator","value":"new UiScrollable(new UiSelector()).scrollIntoView(text(\"Air Jordan 9 Retro\"))"}
&amp#27;[38;5;32m[AndroidUiautomator2Driver@1712 (a8347294)]&amp#27;[0m Calling AppiumDriver.findElement() with args: ["-android uiautomator","new UiScrollable(new UiSelector()).scrollIntoView(text(\"Air Jordan 9 Retro\"))","a8347294-1299-40da-b9d7-6a994ce5895e"]
&amp#27;[38;5;32m[AndroidUiautomator2Driver@1712 (a8347294)]&amp#27;[0m Valid locator strategies for this request: xpath, id, class name, accessibility id, css selector, -android uiautomator
&amp#27;[38;5;32m[AndroidUiautomator2Driver@1712 (a8347294)]&amp#27;[0m Waiting up to 10000 ms for condition
&amp#27;[38;5;32m[AndroidUiautomator2Driver@1712 (a8347294)]&amp#27;[0m Matched '/element' to command name 'findElement'
&amp#27;[38;5;32m[AndroidUiautomator2Driver@1712 (a8347294)]&amp#27;[0m Proxying [POST /element] to [POST http://127.0.0.1:8200/session/7ccb4661-48e3-4685-8e05-9db96d4301f0/element] with body: {"strategy":"-android uiautomator","selector":"new UiScrollable(new UiSelector()).scrollIntoView(text(\"Air Jordan 9 Retro\"))","context":"","multiple":false}
&amp#27;[38;5;32m[AndroidUiautomator2Driver@1712 (a8347294)]&amp#27;[0m Got response with status 200: {"sessionId":"7ccb4661-48e3-4685-8e05-9db96d4301f0","value":{"ELEMENT":"00000000-0000-017f-ffff-ffff0000006e","element-6066-11e4-a52e-4f735466cecf":"00000000-0000-017f-ffff-ffff0000006e"}}
&amp#27;[38;5;32m[AndroidUiautomator2Driver@1712 (a8347294)]&amp#27;[0m Responding to client with driver.findElement() result: {"element-6066-11e4-a52e-4f735466cecf":"00000000-0000-017f-ffff-ffff0000006e","ELEMENT":"00000000-0000-017f-ffff-ffff0000006e"}
&amp#27;[38;5;0m[HTTP]&amp#27;[0m <-- POST /session/a8347294-1299-40da-b9d7-6a994ce5895e/element 200 4189 ms - 137
&amp#27;[38;5;0m[HTTP]&amp#27;[0m 
&amp#27;[38;5;0m[HTTP]&amp#27;[0m &amp#27;[37m-->&amp#27;[39m &amp#27;[37mPOST&amp#27;[39m &amp#27;[37m/session/a8347294-1299-40da-b9d7-6a994ce5895e/elements&amp#27;[39m
&amp#27;[38;5;0m[HTTP]&amp#27;[0m {"using":"id","value":"com.androidsample.generalstore:id/productName"}
&amp#27;[38;5;32m[AndroidUiautomator2Driver@1712 (a8347294)]&amp#27;[0m Calling AppiumDriver.findElements() with args: ["id","com.androidsample.generalstore:id/productName","a8347294-1299-40da-b9d7-6a994ce5895e"]
&amp#27;[38;5;32m[AndroidUiautomator2Driver@1712 (a8347294)]&amp#27;[0m Valid locator strategies for this request: xpath, id, class name, accessibility id, css selector, -android uiautomator
&amp#27;[38;5;32m[AndroidUiautomator2Driver@1712 (a8347294)]&amp#27;[0m Waiting up to 10000 ms for condition
&amp#27;[38;5;32m[AndroidUiautomator2Driver@1712 (a8347294)]&amp#27;[0m Matched '/elements' to command name 'findElements'
&amp#27;[38;5;32m[AndroidUiautomator2Driver@1712 (a8347294)]&amp#27;[0m Proxying [POST /elements] to [POST http://127.0.0.1:8200/session/7ccb4661-48e3-4685-8e05-9db96d4301f0/elements] with body: {"strategy":"id","selector":"com.androidsample.generalstore:id/productName","context":"","multiple":true}
&amp#27;[38;5;32m[AndroidUiautomator2Driver@1712 (a8347294)]&amp#27;[0m Got response with status 200: {"sessionId":"7ccb4661-48e3-4685-8e05-9db96d4301f0","value":[{"ELEMENT":"00000000-0000-017f-ffff-ffff0000005d","element-6066-11e4-a52e-4f735466cecf":"00000000-0000-017f-ffff-ffff0000005d"},{"ELEMENT":"00000000-0000-017f-ffff-ffff00000066","element-6066-11e4-a52e-4f735466cecf":"00000000-0000-017f-ffff-ffff00000066"},{"ELEMENT":"00000000-0000-017f-ffff-ffff0000006e","element-6066-11e4-a52e-4f735466cecf":"00000000-0000-017f-ffff-ffff0000006e"}]}
&amp#27;[38;5;32m[AndroidUiautomator2Driver@1712 (a8347294)]&amp#27;[0m Responding to client with driver.findElements() result: [{"element-6066-11e4-a52e-4f735466cecf":"00000000-0000-017f-ffff-ffff0000005d","ELEMENT":"00000000-0000-017f-ffff-ffff0000005d"},{"element-6066-11e4-a52e-4f735466cecf":"00000000-0000-017f-ffff-ffff00000066","ELEMENT":"00000000-0000-017f-ffff-ffff00000066"},{"element-6066-11e4-a52e-4f735466cecf":"00000000-0000-017f-ffff-ffff0000006e","ELEMENT":"00000000-0000-017f-ffff-ffff0000006e"}]
&amp#27;[38;5;0m[HTTP]&amp#27;[0m <-- POST /session/a8347294-1299-40da-b9d7-6a994ce5895e/elements 200 34 ms - 395
&amp#27;[38;5;0m[HTTP]&amp#27;[0m 
&amp#27;[38;5;0m[HTTP]&amp#27;[0m &amp#27;[37m-->&amp#27;[39m &amp#27;[37mPOST&amp#27;[39m &amp#27;[37m/session/a8347294-1299-40da-b9d7-6a994ce5895e/elements&amp#27;[39m
&amp#27;[38;5;0m[HTTP]&amp#27;[0m {"using":"id","value":"com.androidsample.generalstore:id/productName"}
&amp#27;[38;5;32m[AndroidUiautomator2Driver@1712 (a8347294)]&amp#27;[0m Calling AppiumDriver.findElements() with args: ["id","com.androidsample.generalstore:id/productName","a8347294-1299-40da-b9d7-6a994ce5895e"]
&amp#27;[38;5;32m[AndroidUiautomator2Driver@1712 (a8347294)]&amp#27;[0m Valid locator strategies for this request: xpath, id, class name, accessibility id, css selector, -android uiautomator
&amp#27;[38;5;32m[AndroidUiautomator2Driver@1712 (a8347294)]&amp#27;[0m Waiting up to 10000 ms for condition
&amp#27;[38;5;32m[AndroidUiautomator2Driver@1712 (a8347294)]&amp#27;[0m Matched '/elements' to command name 'findElements'
&amp#27;[38;5;32m[AndroidUiautomator2Driver@1712 (a8347294)]&amp#27;[0m Proxying [POST /elements] to [POST http://127.0.0.1:8200/session/7ccb4661-48e3-4685-8e05-9db96d4301f0/elements] with body: {"strategy":"id","selector":"com.androidsample.generalstore:id/productName","context":"","multiple":true}
&amp#27;[38;5;32m[AndroidUiautomator2Driver@1712 (a8347294)]&amp#27;[0m Got response with status 200: {"sessionId":"7ccb4661-48e3-4685-8e05-9db96d4301f0","value":[{"ELEMENT":"00000000-0000-017f-ffff-ffff0000005d","element-6066-11e4-a52e-4f735466cecf":"00000000-0000-017f-ffff-ffff0000005d"},{"ELEMENT":"00000000-0000-017f-ffff-ffff00000066","element-6066-11e4-a52e-4f735466cecf":"00000000-0000-017f-ffff-ffff00000066"},{"ELEMENT":"00000000-0000-017f-ffff-ffff0000006e","element-6066-11e4-a52e-4f735466cecf":"00000000-0000-017f-ffff-ffff0000006e"}]}
&amp#27;[38;5;32m[AndroidUiautomator2Driver@1712 (a8347294)]&amp#27;[0m Responding to client with driver.findElements() result: [{"element-6066-11e4-a52e-4f735466cecf":"00000000-0000-017f-ffff-ffff0000005d","ELEMENT":"00000000-0000-017f-ffff-ffff0000005d"},{"element-6066-11e4-a52e-4f735466cecf":"00000000-0000-017f-ffff-ffff00000066","ELEMENT":"00000000-0000-017f-ffff-ffff00000066"},{"element-6066-11e4-a52e-4f735466cecf":"00000000-0000-017f-ffff-ffff0000006e","ELEMENT":"00000000-0000-017f-ffff-ffff0000006e"}]
&amp#27;[38;5;0m[HTTP]&amp#27;[0m <-- POST /session/a8347294-1299-40da-b9d7-6a994ce5895e/elements 200 26 ms - 395
&amp#27;[38;5;0m[HTTP]&amp#27;[0m 
&amp#27;[38;5;0m[HTTP]&amp#27;[0m &amp#27;[37m-->&amp#27;[39m &amp#27;[37mGET&amp#27;[39m &amp#27;[37m/session/a8347294-1299-40da-b9d7-6a994ce5895e/element/00000000-0000-017f-ffff-ffff0000005d/text&amp#27;[39m
&amp#27;[38;5;0m[HTTP]&amp#27;[0m {}
&amp#27;[38;5;32m[AndroidUiautomator2Driver@1712 (a8347294)]&amp#27;[0m Driver proxy active, passing request on via HTTP proxy
&amp#27;[38;5;32m[AndroidUiautomator2Driver@1712 (a8347294)]&amp#27;[0m Matched '/session/a8347294-1299-40da-b9d7-6a994ce5895e/element/00000000-0000-017f-ffff-ffff0000005d/text' to command name 'getText'
&amp#27;[38;5;32m[AndroidUiautomator2Driver@1712 (a8347294)]&amp#27;[0m Proxying [GET /session/a8347294-1299-40da-b9d7-6a994ce5895e/element/00000000-0000-017f-ffff-ffff0000005d/text] to [GET http://127.0.0.1:8200/session/7ccb4661-48e3-4685-8e05-9db96d4301f0/element/00000000-0000-017f-ffff-ffff0000005d/text] with no body
&amp#27;[38;5;32m[AndroidUiautomator2Driver@1712 (a8347294)]&amp#27;[0m Got response with status 200: {"sessionId":"7ccb4661-48e3-4685-8e05-9db96d4301f0","value":"Nike Blazer Mid '77"}
&amp#27;[38;5;32m[AndroidUiautomator2Driver@1712 (a8347294)]&amp#27;[0m Replacing sessionId 7ccb4661-48e3-4685-8e05-9db96d4301f0 with a8347294-1299-40da-b9d7-6a994ce5895e
&amp#27;[38;5;0m[HTTP]&amp#27;[0m <-- GET /session/a8347294-1299-40da-b9d7-6a994ce5895e/element/00000000-0000-017f-ffff-ffff0000005d/text 200 10 ms - 82
&amp#27;[38;5;0m[HTTP]&amp#27;[0m 
&amp#27;[38;5;0m[HTTP]&amp#27;[0m &amp#27;[37m-->&amp#27;[39m &amp#27;[37mPOST&amp#27;[39m &amp#27;[37m/session/a8347294-1299-40da-b9d7-6a994ce5895e/elements&amp#27;[39m
&amp#27;[38;5;0m[HTTP]&amp#27;[0m {"using":"id","value":"com.androidsample.generalstore:id/productName"}
&amp#27;[38;5;32m[AndroidUiautomator2Driver@1712 (a8347294)]&amp#27;[0m Calling AppiumDriver.findElements() with args: ["id","com.androidsample.generalstore:id/productName","a8347294-1299-40da-b9d7-6a994ce5895e"]
&amp#27;[38;5;32m[AndroidUiautomator2Driver@1712 (a8347294)]&amp#27;[0m Valid locator strategies for this request: xpath, id, class name, accessibility id, css selector, -android uiautomator
&amp#27;[38;5;32m[AndroidUiautomator2Driver@1712 (a8347294)]&amp#27;[0m Waiting up to 10000 ms for condition
&amp#27;[38;5;32m[AndroidUiautomator2Driver@1712 (a8347294)]&amp#27;[0m Matched '/elements' to command name 'findElements'
&amp#27;[38;5;32m[AndroidUiautomator2Driver@1712 (a8347294)]&amp#27;[0m Proxying [POST /elements] to [POST http://127.0.0.1:8200/session/7ccb4661-48e3-4685-8e05-9db96d4301f0/elements] with body: {"strategy":"id","selector":"com.androidsample.generalstore:id/productName","context":"","multiple":true}
&amp#27;[38;5;32m[AndroidUiautomator2Driver@1712 (a8347294)]&amp#27;[0m Got response with status 200: {"sessionId":"7ccb4661-48e3-4685-8e05-9db96d4301f0","value":[{"ELEMENT":"00000000-0000-017f-ffff-ffff0000005d","element-6066-11e4-a52e-4f735466cecf":"00000000-0000-017f-ffff-ffff0000005d"},{"ELEMENT":"00000000-0000-017f-ffff-ffff00000066","element-6066-11e4-a52e-4f735466cecf":"00000000-0000-017f-ffff-ffff00000066"},{"ELEMENT":"00000000-0000-017f-ffff-ffff0000006e","element-6066-11e4-a52e-4f735466cecf":"00000000-0000-017f-ffff-ffff0000006e"}]}
&amp#27;[38;5;32m[AndroidUiautomator2Driver@1712 (a8347294)]&amp#27;[0m Responding to client with driver.findElements() result: [{"element-6066-11e4-a52e-4f735466cecf":"00000000-0000-017f-ffff-ffff0000005d","ELEMENT":"00000000-0000-017f-ffff-ffff0000005d"},{"element-6066-11e4-a52e-4f735466cecf":"00000000-0000-017f-ffff-ffff00000066","ELEMENT":"00000000-0000-017f-ffff-ffff00000066"},{"element-6066-11e4-a52e-4f735466cecf":"00000000-0000-017f-ffff-ffff0000006e","ELEMENT":"00000000-0000-017f-ffff-ffff0000006e"}]
&amp#27;[38;5;0m[HTTP]&amp#27;[0m <-- POST /session/a8347294-1299-40da-b9d7-6a994ce5895e/elements 200 20 ms - 395
&amp#27;[38;5;0m[HTTP]&amp#27;[0m 
&amp#27;[38;5;0m[HTTP]&amp#27;[0m &amp#27;[37m-->&amp#27;[39m &amp#27;[37mGET&amp#27;[39m &amp#27;[37m/session/a8347294-1299-40da-b9d7-6a994ce5895e/element/00000000-0000-017f-ffff-ffff00000066/text&amp#27;[39m
&amp#27;[38;5;0m[HTTP]&amp#27;[0m {}
&amp#27;[38;5;32m[AndroidUiautomator2Driver@1712 (a8347294)]&amp#27;[0m Driver proxy active, passing request on via HTTP proxy
&amp#27;[38;5;32m[AndroidUiautomator2Driver@1712 (a8347294)]&amp#27;[0m Matched '/session/a8347294-1299-40da-b9d7-6a994ce5895e/element/00000000-0000-017f-ffff-ffff00000066/text' to command name 'getText'
&amp#27;[38;5;32m[AndroidUiautomator2Driver@1712 (a8347294)]&amp#27;[0m Proxying [GET /session/a8347294-1299-40da-b9d7-6a994ce5895e/element/00000000-0000-017f-ffff-ffff00000066/text] to [GET http://127.0.0.1:8200/session/7ccb4661-48e3-4685-8e05-9db96d4301f0/element/00000000-0000-017f-ffff-ffff00000066/text] with no body
&amp#27;[38;5;32m[AndroidUiautomator2Driver@1712 (a8347294)]&amp#27;[0m Got response with status 200: {"sessionId":"7ccb4661-48e3-4685-8e05-9db96d4301f0","value":"Converse All Star"}
&amp#27;[38;5;32m[AndroidUiautomator2Driver@1712 (a8347294)]&amp#27;[0m Replacing sessionId 7ccb4661-48e3-4685-8e05-9db96d4301f0 with a8347294-1299-40da-b9d7-6a994ce5895e
&amp#27;[38;5;0m[HTTP]&amp#27;[0m <-- GET /session/a8347294-1299-40da-b9d7-6a994ce5895e/element/00000000-0000-017f-ffff-ffff00000066/text 200 7 ms - 80
&amp#27;[38;5;0m[HTTP]&amp#27;[0m 
&amp#27;[38;5;0m[HTTP]&amp#27;[0m &amp#27;[37m-->&amp#27;[39m &amp#27;[37mPOST&amp#27;[39m &amp#27;[37m/session/a8347294-1299-40da-b9d7-6a994ce5895e/elements&amp#27;[39m
&amp#27;[38;5;0m[HTTP]&amp#27;[0m {"using":"id","value":"com.androidsample.generalstore:id/productName"}
&amp#27;[38;5;32m[AndroidUiautomator2Driver@1712 (a8347294)]&amp#27;[0m Calling AppiumDriver.findElements() with args: ["id","com.androidsample.generalstore:id/productName","a8347294-1299-40da-b9d7-6a994ce5895e"]
&amp#27;[38;5;32m[AndroidUiautomator2Driver@1712 (a8347294)]&amp#27;[0m Valid locator strategies for this request: xpath, id, class name, accessibility id, css selector, -android uiautomator
&amp#27;[38;5;32m[AndroidUiautomator2Driver@1712 (a8347294)]&amp#27;[0m Waiting up to 10000 ms for condition
&amp#27;[38;5;32m[AndroidUiautomator2Driver@1712 (a8347294)]&amp#27;[0m Matched '/elements' to command name 'findElements'
&amp#27;[38;5;32m[AndroidUiautomator2Driver@1712 (a8347294)]&amp#27;[0m Proxying [POST /elements] to [POST http://127.0.0.1:8200/session/7ccb4661-48e3-4685-8e05-9db96d4301f0/elements] with body: {"strategy":"id","selector":"com.androidsample.generalstore:id/productName","context":"","multiple":true}
&amp#27;[38;5;32m[AndroidUiautomator2Driver@1712 (a8347294)]&amp#27;[0m Got response with status 200: {"sessionId":"7ccb4661-48e3-4685-8e05-9db96d4301f0","value":[{"ELEMENT":"00000000-0000-017f-ffff-ffff0000005d","element-6066-11e4-a52e-4f735466cecf":"00000000-0000-017f-ffff-ffff0000005d"},{"ELEMENT":"00000000-0000-017f-ffff-ffff00000066","element-6066-11e4-a52e-4f735466cecf":"00000000-0000-017f-ffff-ffff00000066"},{"ELEMENT":"00000000-0000-017f-ffff-ffff0000006e","element-6066-11e4-a52e-4f735466cecf":"00000000-0000-017f-ffff-ffff0000006e"}]}
&amp#27;[38;5;32m[AndroidUiautomator2Driver@1712 (a8347294)]&amp#27;[0m Responding to client with driver.findElements() result: [{"element-6066-11e4-a52e-4f735466cecf":"00000000-0000-017f-ffff-ffff0000005d","ELEMENT":"00000000-0000-017f-ffff-ffff0000005d"},{"element-6066-11e4-a52e-4f735466cecf":"00000000-0000-017f-ffff-ffff00000066","ELEMENT":"00000000-0000-017f-ffff-ffff00000066"},{"element-6066-11e4-a52e-4f735466cecf":"00000000-0000-017f-ffff-ffff0000006e","ELEMENT":"00000000-0000-017f-ffff-ffff0000006e"}]
&amp#27;[38;5;0m[HTTP]&amp#27;[0m <-- POST /session/a8347294-1299-40da-b9d7-6a994ce5895e/elements 200 16 ms - 395
&amp#27;[38;5;0m[HTTP]&amp#27;[0m 
&amp#27;[38;5;0m[HTTP]&amp#27;[0m &amp#27;[37m-->&amp#27;[39m &amp#27;[37mGET&amp#27;[39m &amp#27;[37m/session/a8347294-1299-40da-b9d7-6a994ce5895e/element/00000000-0000-017f-ffff-ffff0000006e/text&amp#27;[39m
&amp#27;[38;5;0m[HTTP]&amp#27;[0m {}
&amp#27;[38;5;32m[AndroidUiautomator2Driver@1712 (a8347294)]&amp#27;[0m Driver proxy active, passing request on via HTTP proxy
&amp#27;[38;5;32m[AndroidUiautomator2Driver@1712 (a8347294)]&amp#27;[0m Matched '/session/a8347294-1299-40da-b9d7-6a994ce5895e/element/00000000-0000-017f-ffff-ffff0000006e/text' to command name 'getText'
&amp#27;[38;5;32m[AndroidUiautomator2Driver@1712 (a8347294)]&amp#27;[0m Proxying [GET /session/a8347294-1299-40da-b9d7-6a994ce5895e/element/00000000-0000-017f-ffff-ffff0000006e/text] to [GET http://127.0.0.1:8200/session/7ccb4661-48e3-4685-8e05-9db96d4301f0/element/00000000-0000-017f-ffff-ffff0000006e/text] with no body
&amp#27;[38;5;32m[AndroidUiautomator2Driver@1712 (a8347294)]&amp#27;[0m Got response with status 200: {"sessionId":"7ccb4661-48e3-4685-8e05-9db96d4301f0","value":"Air Jordan 9 Retro"}
&amp#27;[38;5;32m[AndroidUiautomator2Driver@1712 (a8347294)]&amp#27;[0m Replacing sessionId 7ccb4661-48e3-4685-8e05-9db96d4301f0 with a8347294-1299-40da-b9d7-6a994ce5895e
&amp#27;[38;5;0m[HTTP]&amp#27;[0m <-- GET /session/a8347294-1299-40da-b9d7-6a994ce5895e/element/00000000-0000-017f-ffff-ffff0000006e/text 200 8 ms - 81
&amp#27;[38;5;0m[HTTP]&amp#27;[0m 
&amp#27;[38;5;0m[HTTP]&amp#27;[0m &amp#27;[37m-->&amp#27;[39m &amp#27;[37mPOST&amp#27;[39m &amp#27;[37m/session/a8347294-1299-40da-b9d7-6a994ce5895e/elements&amp#27;[39m
&amp#27;[38;5;0m[HTTP]&amp#27;[0m {"using":"id","value":"com.androidsample.generalstore:id/productAddCart"}
&amp#27;[38;5;32m[AndroidUiautomator2Driver@1712 (a8347294)]&amp#27;[0m Calling AppiumDriver.findElements() with args: ["id","com.androidsample.generalstore:id/productAddCart","a8347294-1299-40da-b9d7-6a994ce5895e"]
&amp#27;[38;5;32m[AndroidUiautomator2Driver@1712 (a8347294)]&amp#27;[0m Valid locator strategies for this request: xpath, id, class name, accessibility id, css selector, -android uiautomator
&amp#27;[38;5;32m[AndroidUiautomator2Driver@1712 (a8347294)]&amp#27;[0m Waiting up to 10000 ms for condition
&amp#27;[38;5;32m[AndroidUiautomator2Driver@1712 (a8347294)]&amp#27;[0m Matched '/elements' to command name 'findElements'
&amp#27;[38;5;32m[AndroidUiautomator2Driver@1712 (a8347294)]&amp#27;[0m Proxying [POST /elements] to [POST http://127.0.0.1:8200/session/7ccb4661-48e3-4685-8e05-9db96d4301f0/elements] with body: {"strategy":"id","selector":"com.androidsample.generalstore:id/productAddCart","context":"","multiple":true}
&amp#27;[38;5;32m[AndroidUiautomator2Driver@1712 (a8347294)]&amp#27;[0m Got response with status 200: {"sessionId":"7ccb4661-48e3-4685-8e05-9db96d4301f0","value":[{"ELEMENT":"00000000-0000-017f-ffff-ffff00000061","element-6066-11e4-a52e-4f735466cecf":"00000000-0000-017f-ffff-ffff00000061"},{"ELEMENT":"00000000-0000-017f-ffff-ffff0000006a","element-6066-11e4-a52e-4f735466cecf":"00000000-0000-017f-ffff-ffff0000006a"},{"ELEMENT":"00000000-0000-017f-ffff-ffff00000072","element-6066-11e4-a52e-4f735466cecf":"00000000-0000-017f-ffff-ffff00000072"}]}
&amp#27;[38;5;32m[AndroidUiautomator2Driver@1712 (a8347294)]&amp#27;[0m Responding to client with driver.findElements() result: [{"element-6066-11e4-a52e-4f735466cecf":"00000000-0000-017f-ffff-ffff00000061","ELEMENT":"00000000-0000-017f-ffff-ffff00000061"},{"element-6066-11e4-a52e-4f735466cecf":"00000000-0000-017f-ffff-ffff0000006a","ELEMENT":"00000000-0000-017f-ffff-ffff0000006a"},{"element-6066-11e4-a52e-4f735466cecf":"00000000-0000-017f-ffff-ffff00000072","ELEMENT":"00000000-0000-017f-ffff-ffff00000072"}]
&amp#27;[38;5;0m[HTTP]&amp#27;[0m <-- POST /session/a8347294-1299-40da-b9d7-6a994ce5895e/elements 200 14 ms - 395
&amp#27;[38;5;0m[HTTP]&amp#27;[0m 
&amp#27;[38;5;0m[HTTP]&amp#27;[0m &amp#27;[37m-->&amp#27;[39m &amp#27;[37mPOST&amp#27;[39m &amp#27;[37m/session/a8347294-1299-40da-b9d7-6a994ce5895e/element/00000000-0000-017f-ffff-ffff00000072/click&amp#27;[39m
&amp#27;[38;5;0m[HTTP]&amp#27;[0m {"id":"00000000-0000-017f-ffff-ffff00000072"}
&amp#27;[38;5;32m[AndroidUiautomator2Driver@1712 (a8347294)]&amp#27;[0m Calling AppiumDriver.click() with args: ["00000000-0000-017f-ffff-ffff00000072","a8347294-1299-40da-b9d7-6a994ce5895e"]
&amp#27;[38;5;32m[AndroidUiautomator2Driver@1712 (a8347294)]&amp#27;[0m Matched '/element/00000000-0000-017f-ffff-ffff00000072/click' to command name 'click'
&amp#27;[38;5;32m[AndroidUiautomator2Driver@1712 (a8347294)]&amp#27;[0m Proxying [POST /element/00000000-0000-017f-ffff-ffff00000072/click] to [POST http://127.0.0.1:8200/session/7ccb4661-48e3-4685-8e05-9db96d4301f0/element/00000000-0000-017f-ffff-ffff00000072/click] with body: {"element":"00000000-0000-017f-ffff-ffff00000072"}
&amp#27;[38;5;32m[AndroidUiautomator2Driver@1712 (a8347294)]&amp#27;[0m Got response with status 200: {"sessionId":"7ccb4661-48e3-4685-8e05-9db96d4301f0","value":null}
&amp#27;[38;5;32m[AndroidUiautomator2Driver@1712 (a8347294)]&amp#27;[0m Responding to client with driver.click() result: null
&amp#27;[38;5;0m[HTTP]&amp#27;[0m <-- POST /session/a8347294-1299-40da-b9d7-6a994ce5895e/element/00000000-0000-017f-ffff-ffff00000072/click 200 537 ms - 14
&amp#27;[38;5;0m[HTTP]&amp#27;[0m 
&amp#27;[38;5;0m[HTTP]&amp#27;[0m &amp#27;[37m-->&amp#27;[39m &amp#27;[37mPOST&amp#27;[39m &amp#27;[37m/session/a8347294-1299-40da-b9d7-6a994ce5895e/element&amp#27;[39m
&amp#27;[38;5;0m[HTTP]&amp#27;[0m {"using":"-android uiautomator","value":"new UiScrollable(new UiSelector()).scrollIntoView(text(\"PG 3\"))"}
&amp#27;[38;5;32m[AndroidUiautomator2Driver@1712 (a8347294)]&amp#27;[0m Calling AppiumDriver.findElement() with args: ["-android uiautomator","new UiScrollable(new UiSelector()).scrollIntoView(text(\"PG 3\"))","a8347294-1299-40da-b9d7-6a994ce5895e"]
&amp#27;[38;5;32m[AndroidUiautomator2Driver@1712 (a8347294)]&amp#27;[0m Valid locator strategies for this request: xpath, id, class name, accessibility id, css selector, -android uiautomator
&amp#27;[38;5;32m[AndroidUiautomator2Driver@1712 (a8347294)]&amp#27;[0m Waiting up to 10000 ms for condition
&amp#27;[38;5;32m[AndroidUiautomator2Driver@1712 (a8347294)]&amp#27;[0m Matched '/element' to command name 'findElement'
&amp#27;[38;5;32m[AndroidUiautomator2Driver@1712 (a8347294)]&amp#27;[0m Proxying [POST /element] to [POST http://127.0.0.1:8200/session/7ccb4661-48e3-4685-8e05-9db96d4301f0/element] with body: {"strategy":"-android uiautomator","selector":"new UiScrollable(new UiSelector()).scrollIntoView(text(\"PG 3\"))","context":"","multiple":false}
&amp#27;[38;5;32m[AndroidUiautomator2Driver@1712 (a8347294)]&amp#27;[0m Got response with status 200: {"sessionId":"7ccb4661-48e3-4685-8e05-9db96d4301f0","value":{"ELEMENT":"00000000-0000-017f-ffff-ffff00000055","element-6066-11e4-a52e-4f735466cecf":"00000000-0000-017f-ffff-ffff00000055"}}
&amp#27;[38;5;32m[AndroidUiautomator2Driver@1712 (a8347294)]&amp#27;[0m Responding to client with driver.findElement() result: {"element-6066-11e4-a52e-4f735466cecf":"00000000-0000-017f-ffff-ffff00000055","ELEMENT":"00000000-0000-017f-ffff-ffff00000055"}
&amp#27;[38;5;0m[HTTP]&amp#27;[0m <-- POST /session/a8347294-1299-40da-b9d7-6a994ce5895e/element 200 7878 ms - 137
&amp#27;[38;5;0m[HTTP]&amp#27;[0m 
&amp#27;[38;5;0m[HTTP]&amp#27;[0m &amp#27;[37m-->&amp#27;[39m &amp#27;[37mPOST&amp#27;[39m &amp#27;[37m/session/a8347294-1299-40da-b9d7-6a994ce5895e/elements&amp#27;[39m
&amp#27;[38;5;0m[HTTP]&amp#27;[0m {"using":"id","value":"com.androidsample.generalstore:id/productName"}
&amp#27;[38;5;32m[AndroidUiautomator2Driver@1712 (a8347294)]&amp#27;[0m Calling AppiumDriver.findElements() with args: ["id","com.androidsample.generalstore:id/productName","a8347294-1299-40da-b9d7-6a994ce5895e"]
&amp#27;[38;5;32m[AndroidUiautomator2Driver@1712 (a8347294)]&amp#27;[0m Valid locator strategies for this request: xpath, id, class name, accessibility id, css selector, -android uiautomator
&amp#27;[38;5;32m[AndroidUiautomator2Driver@1712 (a8347294)]&amp#27;[0m Waiting up to 10000 ms for condition
&amp#27;[38;5;32m[AndroidUiautomator2Driver@1712 (a8347294)]&amp#27;[0m Matched '/elements' to command name 'findElements'
&amp#27;[38;5;32m[AndroidUiautomator2Driver@1712 (a8347294)]&amp#27;[0m Proxying [POST /elements] to [POST http://127.0.0.1:8200/session/7ccb4661-48e3-4685-8e05-9db96d4301f0/elements] with body: {"strategy":"id","selector":"com.androidsample.generalstore:id/productName","context":"","multiple":true}
&amp#27;[38;5;32m[AndroidUiautomator2Driver@1712 (a8347294)]&amp#27;[0m Got response with status 200: {"sessionId":"7ccb4661-48e3-4685-8e05-9db96d4301f0","value":[{"ELEMENT":"00000000-0000-017f-ffff-ffff0000004d","element-6066-11e4-a52e-4f735466cecf":"00000000-0000-017f-ffff-ffff0000004d"},{"ELEMENT":"00000000-0000-017f-ffff-ffff00000055","element-6066-11e4-a52e-4f735466cecf":"00000000-0000-017f-ffff-ffff00000055"},{"ELEMENT":"00000000-0000-017f-ffff-ffff0000005d","element-6066-11e4-a52e-4f735466cecf":"00000000-0000-017f-ffff-ffff0000005d"}]}
&amp#27;[38;5;32m[AndroidUiautomator2Driver@1712 (a8347294)]&amp#27;[0m Responding to client with driver.findElements() result: [{"element-6066-11e4-a52e-4f735466cecf":"00000000-0000-017f-ffff-ffff0000004d","ELEMENT":"00000000-0000-017f-ffff-ffff0000004d"},{"element-6066-11e4-a52e-4f735466cecf":"00000000-0000-017f-ffff-ffff00000055","ELEMENT":"00000000-0000-017f-ffff-ffff00000055"},{"element-6066-11e4-a52e-4f735466cecf":"00000000-0000-017f-ffff-ffff0000005d","ELEMENT":"00000000-0000-017f-ffff-ffff0000005d"}]
&amp#27;[38;5;0m[HTTP]&amp#27;[0m <-- POST /session/a8347294-1299-40da-b9d7-6a994ce5895e/elements 200 24 ms - 395
&amp#27;[38;5;0m[HTTP]&amp#27;[0m 
&amp#27;[38;5;0m[HTTP]&amp#27;[0m &amp#27;[37m-->&amp#27;[39m &amp#27;[37mPOST&amp#27;[39m &amp#27;[37m/session/a8347294-1299-40da-b9d7-6a994ce5895e/elements&amp#27;[39m
&amp#27;[38;5;0m[HTTP]&amp#27;[0m {"using":"id","value":"com.androidsample.generalstore:id/productName"}
&amp#27;[38;5;32m[AndroidUiautomator2Driver@1712 (a8347294)]&amp#27;[0m Calling AppiumDriver.findElements() with args: ["id","com.androidsample.generalstore:id/productName","a8347294-1299-40da-b9d7-6a994ce5895e"]
&amp#27;[38;5;32m[AndroidUiautomator2Driver@1712 (a8347294)]&amp#27;[0m Valid locator strategies for this request: xpath, id, class name, accessibility id, css selector, -android uiautomator
&amp#27;[38;5;32m[AndroidUiautomator2Driver@1712 (a8347294)]&amp#27;[0m Waiting up to 10000 ms for condition
&amp#27;[38;5;32m[AndroidUiautomator2Driver@1712 (a8347294)]&amp#27;[0m Matched '/elements' to command name 'findElements'
&amp#27;[38;5;32m[AndroidUiautomator2Driver@1712 (a8347294)]&amp#27;[0m Proxying [POST /elements] to [POST http://127.0.0.1:8200/session/7ccb4661-48e3-4685-8e05-9db96d4301f0/elements] with body: {"strategy":"id","selector":"com.androidsample.generalstore:id/productName","context":"","multiple":true}
&amp#27;[38;5;32m[AndroidUiautomator2Driver@1712 (a8347294)]&amp#27;[0m Got response with status 200: {"sessionId":"7ccb4661-48e3-4685-8e05-9db96d4301f0","value":[{"ELEMENT":"00000000-0000-017f-ffff-ffff0000004d","element-6066-11e4-a52e-4f735466cecf":"00000000-0000-017f-ffff-ffff0000004d"},{"ELEMENT":"00000000-0000-017f-ffff-ffff00000055","element-6066-11e4-a52e-4f735466cecf":"00000000-0000-017f-ffff-ffff00000055"},{"ELEMENT":"00000000-0000-017f-ffff-ffff0000005d","element-6066-11e4-a52e-4f735466cecf":"00000000-0000-017f-ffff-ffff0000005d"}]}
&amp#27;[38;5;32m[AndroidUiautomator2Driver@1712 (a8347294)]&amp#27;[0m Responding to client with driver.findElements() result: [{"element-6066-11e4-a52e-4f735466cecf":"00000000-0000-017f-ffff-ffff0000004d","ELEMENT":"00000000-0000-017f-ffff-ffff0000004d"},{"element-6066-11e4-a52e-4f735466cecf":"00000000-0000-017f-ffff-ffff00000055","ELEMENT":"00000000-0000-017f-ffff-ffff00000055"},{"element-6066-11e4-a52e-4f735466cecf":"00000000-0000-017f-ffff-ffff0000005d","ELEMENT":"00000000-0000-017f-ffff-ffff0000005d"}]
&amp#27;[38;5;0m[HTTP]&amp#27;[0m <-- POST /session/a8347294-1299-40da-b9d7-6a994ce5895e/elements 200 16 ms - 395
&amp#27;[38;5;0m[HTTP]&amp#27;[0m 
&amp#27;[38;5;0m[HTTP]&amp#27;[0m &amp#27;[37m-->&amp#27;[39m &amp#27;[37mGET&amp#27;[39m &amp#27;[37m/session/a8347294-1299-40da-b9d7-6a994ce5895e/element/00000000-0000-017f-ffff-ffff0000004d/text&amp#27;[39m
&amp#27;[38;5;0m[HTTP]&amp#27;[0m {}
&amp#27;[38;5;32m[AndroidUiautomator2Driver@1712 (a8347294)]&amp#27;[0m Driver proxy active, passing request on via HTTP proxy
&amp#27;[38;5;32m[AndroidUiautomator2Driver@1712 (a8347294)]&amp#27;[0m Matched '/session/a8347294-1299-40da-b9d7-6a994ce5895e/element/00000000-0000-017f-ffff-ffff0000004d/text' to command name 'getText'
&amp#27;[38;5;32m[AndroidUiautomator2Driver@1712 (a8347294)]&amp#27;[0m Proxying [GET /session/a8347294-1299-40da-b9d7-6a994ce5895e/element/00000000-0000-017f-ffff-ffff0000004d/text] to [GET http://127.0.0.1:8200/session/7ccb4661-48e3-4685-8e05-9db96d4301f0/element/00000000-0000-017f-ffff-ffff0000004d/text] with no body
&amp#27;[38;5;32m[AndroidUiautomator2Driver@1712 (a8347294)]&amp#27;[0m Got response with status 200: {"sessionId":"7ccb4661-48e3-4685-8e05-9db96d4301f0","value":"LeBron Soldier 12 "}
&amp#27;[38;5;32m[AndroidUiautomator2Driver@1712 (a8347294)]&amp#27;[0m Replacing sessionId 7ccb4661-48e3-4685-8e05-9db96d4301f0 with a8347294-1299-40da-b9d7-6a994ce5895e
&amp#27;[38;5;0m[HTTP]&amp#27;[0m <-- GET /session/a8347294-1299-40da-b9d7-6a994ce5895e/element/00000000-0000-017f-ffff-ffff0000004d/text 200 7 ms - 81
&amp#27;[38;5;0m[HTTP]&amp#27;[0m 
&amp#27;[38;5;0m[HTTP]&amp#27;[0m &amp#27;[37m-->&amp#27;[39m &amp#27;[37mPOST&amp#27;[39m &amp#27;[37m/session/a8347294-1299-40da-b9d7-6a994ce5895e/elements&amp#27;[39m
&amp#27;[38;5;0m[HTTP]&amp#27;[0m {"using":"id","value":"com.androidsample.generalstore:id/productName"}
&amp#27;[38;5;32m[AndroidUiautomator2Driver@1712 (a8347294)]&amp#27;[0m Calling AppiumDriver.findElements() with args: ["id","com.androidsample.generalstore:id/productName","a8347294-1299-40da-b9d7-6a994ce5895e"]
&amp#27;[38;5;32m[AndroidUiautomator2Driver@1712 (a8347294)]&amp#27;[0m Valid locator strategies for this request: xpath, id, class name, accessibility id, css selector, -android uiautomator
&amp#27;[38;5;32m[AndroidUiautomator2Driver@1712 (a8347294)]&amp#27;[0m Waiting up to 10000 ms for condition
&amp#27;[38;5;32m[AndroidUiautomator2Driver@1712 (a8347294)]&amp#27;[0m Matched '/elements' to command name 'findElements'
&amp#27;[38;5;32m[AndroidUiautomator2Driver@1712 (a8347294)]&amp#27;[0m Proxying [POST /elements] to [POST http://127.0.0.1:8200/session/7ccb4661-48e3-4685-8e05-9db96d4301f0/elements] with body: {"strategy":"id","selector":"com.androidsample.generalstore:id/productName","context":"","multiple":true}
&amp#27;[38;5;32m[AndroidUiautomator2Driver@1712 (a8347294)]&amp#27;[0m Got response with status 200: {"sessionId":"7ccb4661-48e3-4685-8e05-9db96d4301f0","value":[{"ELEMENT":"00000000-0000-017f-ffff-ffff0000004d","element-6066-11e4-a52e-4f735466cecf":"00000000-0000-017f-ffff-ffff0000004d"},{"ELEMENT":"00000000-0000-017f-ffff-ffff00000055","element-6066-11e4-a52e-4f735466cecf":"00000000-0000-017f-ffff-ffff00000055"},{"ELEMENT":"00000000-0000-017f-ffff-ffff0000005d","element-6066-11e4-a52e-4f735466cecf":"00000000-0000-017f-ffff-ffff0000005d"}]}
&amp#27;[38;5;32m[AndroidUiautomator2Driver@1712 (a8347294)]&amp#27;[0m Responding to client with driver.findElements() result: [{"element-6066-11e4-a52e-4f735466cecf":"00000000-0000-017f-ffff-ffff0000004d","ELEMENT":"00000000-0000-017f-ffff-ffff0000004d"},{"element-6066-11e4-a52e-4f735466cecf":"00000000-0000-017f-ffff-ffff00000055","ELEMENT":"00000000-0000-017f-ffff-ffff00000055"},{"element-6066-11e4-a52e-4f735466cecf":"00000000-0000-017f-ffff-ffff0000005d","ELEMENT":"00000000-0000-017f-ffff-ffff0000005d"}]
&amp#27;[38;5;0m[HTTP]&amp#27;[0m <-- POST /session/a8347294-1299-40da-b9d7-6a994ce5895e/elements 200 13 ms - 395
&amp#27;[38;5;0m[HTTP]&amp#27;[0m 
&amp#27;[38;5;0m[HTTP]&amp#27;[0m &amp#27;[37m-->&amp#27;[39m &amp#27;[37mGET&amp#27;[39m &amp#27;[37m/session/a8347294-1299-40da-b9d7-6a994ce5895e/element/00000000-0000-017f-ffff-ffff00000055/text&amp#27;[39m
&amp#27;[38;5;0m[HTTP]&amp#27;[0m {}
&amp#27;[38;5;32m[AndroidUiautomator2Driver@1712 (a8347294)]&amp#27;[0m Driver proxy active, passing request on via HTTP proxy
&amp#27;[38;5;32m[AndroidUiautomator2Driver@1712 (a8347294)]&amp#27;[0m Matched '/session/a8347294-1299-40da-b9d7-6a994ce5895e/element/00000000-0000-017f-ffff-ffff00000055/text' to command name 'getText'
&amp#27;[38;5;32m[AndroidUiautomator2Driver@1712 (a8347294)]&amp#27;[0m Proxying [GET /session/a8347294-1299-40da-b9d7-6a994ce5895e/element/00000000-0000-017f-ffff-ffff00000055/text] to [GET http://127.0.0.1:8200/session/7ccb4661-48e3-4685-8e05-9db96d4301f0/element/00000000-0000-017f-ffff-ffff00000055/text] with no body
&amp#27;[38;5;32m[AndroidUiautomator2Driver@1712 (a8347294)]&amp#27;[0m Got response with status 200: {"sessionId":"7ccb4661-48e3-4685-8e05-9db96d4301f0","value":"PG 3"}
&amp#27;[38;5;32m[AndroidUiautomator2Driver@1712 (a8347294)]&amp#27;[0m Replacing sessionId 7ccb4661-48e3-4685-8e05-9db96d4301f0 with a8347294-1299-40da-b9d7-6a994ce5895e
&amp#27;[38;5;0m[HTTP]&amp#27;[0m <-- GET /session/a8347294-1299-40da-b9d7-6a994ce5895e/element/00000000-0000-017f-ffff-ffff00000055/text 200 6 ms - 67
&amp#27;[38;5;0m[HTTP]&amp#27;[0m 
&amp#27;[38;5;0m[HTTP]&amp#27;[0m &amp#27;[37m-->&amp#27;[39m &amp#27;[37mPOST&amp#27;[39m &amp#27;[37m/session/a8347294-1299-40da-b9d7-6a994ce5895e/elements&amp#27;[39m
&amp#27;[38;5;0m[HTTP]&amp#27;[0m {"using":"id","value":"com.androidsample.generalstore:id/productAddCart"}
&amp#27;[38;5;32m[AndroidUiautomator2Driver@1712 (a8347294)]&amp#27;[0m Calling AppiumDriver.findElements() with args: ["id","com.androidsample.generalstore:id/productAddCart","a8347294-1299-40da-b9d7-6a994ce5895e"]
&amp#27;[38;5;32m[AndroidUiautomator2Driver@1712 (a8347294)]&amp#27;[0m Valid locator strategies for this request: xpath, id, class name, accessibility id, css selector, -android uiautomator
&amp#27;[38;5;32m[AndroidUiautomator2Driver@1712 (a8347294)]&amp#27;[0m Waiting up to 10000 ms for condition
&amp#27;[38;5;32m[AndroidUiautomator2Driver@1712 (a8347294)]&amp#27;[0m Matched '/elements' to command name 'findElements'
&amp#27;[38;5;32m[AndroidUiautomator2Driver@1712 (a8347294)]&amp#27;[0m Proxying [POST /elements] to [POST http://127.0.0.1:8200/session/7ccb4661-48e3-4685-8e05-9db96d4301f0/elements] with body: {"strategy":"id","selector":"com.androidsample.generalstore:id/productAddCart","context":"","multiple":true}
&amp#27;[38;5;32m[AndroidUiautomator2Driver@1712 (a8347294)]&amp#27;[0m Got response with status 200: {"sessionId":"7ccb4661-48e3-4685-8e05-9db96d4301f0","value":[{"ELEMENT":"00000000-0000-017f-ffff-ffff00000051","element-6066-11e4-a52e-4f735466cecf":"00000000-0000-017f-ffff-ffff00000051"},{"ELEMENT":"00000000-0000-017f-ffff-ffff00000059","element-6066-11e4-a52e-4f735466cecf":"00000000-0000-017f-ffff-ffff00000059"}]}
&amp#27;[38;5;32m[AndroidUiautomator2Driver@1712 (a8347294)]&amp#27;[0m Responding to client with driver.findElements() result: [{"element-6066-11e4-a52e-4f735466cecf":"00000000-0000-017f-ffff-ffff00000051","ELEMENT":"00000000-0000-017f-ffff-ffff00000051"},{"element-6066-11e4-a52e-4f735466cecf":"00000000-0000-017f-ffff-ffff00000059","ELEMENT":"00000000-0000-017f-ffff-ffff00000059"}]
&amp#27;[38;5;0m[HTTP]&amp#27;[0m <-- POST /session/a8347294-1299-40da-b9d7-6a994ce5895e/elements 200 30 ms - 267
&amp#27;[38;5;0m[HTTP]&amp#27;[0m 
&amp#27;[38;5;0m[HTTP]&amp#27;[0m &amp#27;[37m-->&amp#27;[39m &amp#27;[37mPOST&amp#27;[39m &amp#27;[37m/session/a8347294-1299-40da-b9d7-6a994ce5895e/element/00000000-0000-017f-ffff-ffff00000059/click&amp#27;[39m
&amp#27;[38;5;0m[HTTP]&amp#27;[0m {"id":"00000000-0000-017f-ffff-ffff00000059"}
&amp#27;[38;5;32m[AndroidUiautomator2Driver@1712 (a8347294)]&amp#27;[0m Calling AppiumDriver.click() with args: ["00000000-0000-017f-ffff-ffff00000059","a8347294-1299-40da-b9d7-6a994ce5895e"]
&amp#27;[38;5;32m[AndroidUiautomator2Driver@1712 (a8347294)]&amp#27;[0m Matched '/element/00000000-0000-017f-ffff-ffff00000059/click' to command name 'click'
&amp#27;[38;5;32m[AndroidUiautomator2Driver@1712 (a8347294)]&amp#27;[0m Proxying [POST /element/00000000-0000-017f-ffff-ffff00000059/click] to [POST http://127.0.0.1:8200/session/7ccb4661-48e3-4685-8e05-9db96d4301f0/element/00000000-0000-017f-ffff-ffff00000059/click] with body: {"element":"00000000-0000-017f-ffff-ffff00000059"}
&amp#27;[38;5;32m[AndroidUiautomator2Driver@1712 (a8347294)]&amp#27;[0m Got response with status 200: {"sessionId":"7ccb4661-48e3-4685-8e05-9db96d4301f0","value":null}
&amp#27;[38;5;32m[AndroidUiautomator2Driver@1712 (a8347294)]&amp#27;[0m Responding to client with driver.click() result: null
&amp#27;[38;5;0m[HTTP]&amp#27;[0m <-- POST /session/a8347294-1299-40da-b9d7-6a994ce5895e/element/00000000-0000-017f-ffff-ffff00000059/click 200 120 ms - 14
&amp#27;[38;5;0m[HTTP]&amp#27;[0m 
&amp#27;[38;5;0m[HTTP]&amp#27;[0m &amp#27;[37m-->&amp#27;[39m &amp#27;[37mPOST&amp#27;[39m &amp#27;[37m/session/a8347294-1299-40da-b9d7-6a994ce5895e/elements&amp#27;[39m
&amp#27;[38;5;0m[HTTP]&amp#27;[0m {"using":"id","value":"com.androidsample.generalstore:id/productName"}
&amp#27;[38;5;32m[AndroidUiautomator2Driver@1712 (a8347294)]&amp#27;[0m Calling AppiumDriver.findElements() with args: ["id","com.androidsample.generalstore:id/productName","a8347294-1299-40da-b9d7-6a994ce5895e"]
&amp#27;[38;5;32m[AndroidUiautomator2Driver@1712 (a8347294)]&amp#27;[0m Valid locator strategies for this request: xpath, id, class name, accessibility id, css selector, -android uiautomator
&amp#27;[38;5;32m[AndroidUiautomator2Driver@1712 (a8347294)]&amp#27;[0m Waiting up to 10000 ms for condition
&amp#27;[38;5;32m[AndroidUiautomator2Driver@1712 (a8347294)]&amp#27;[0m Matched '/elements' to command name 'findElements'
&amp#27;[38;5;32m[AndroidUiautomator2Driver@1712 (a8347294)]&amp#27;[0m Proxying [POST /elements] to [POST http://127.0.0.1:8200/session/7ccb4661-48e3-4685-8e05-9db96d4301f0/elements] with body: {"strategy":"id","selector":"com.androidsample.generalstore:id/productName","context":"","multiple":true}
&amp#27;[38;5;32m[AndroidUiautomator2Driver@1712 (a8347294)]&amp#27;[0m Got response with status 200: {"sessionId":"7ccb4661-48e3-4685-8e05-9db96d4301f0","value":[{"ELEMENT":"00000000-0000-017f-ffff-ffff0000004d","element-6066-11e4-a52e-4f735466cecf":"00000000-0000-017f-ffff-ffff0000004d"},{"ELEMENT":"00000000-0000-017f-ffff-ffff00000055","element-6066-11e4-a52e-4f735466cecf":"00000000-0000-017f-ffff-ffff00000055"},{"ELEMENT":"00000000-0000-017f-ffff-ffff0000005d","element-6066-11e4-a52e-4f735466cecf":"00000000-0000-017f-ffff-ffff0000005d"}]}
&amp#27;[38;5;32m[AndroidUiautomator2Driver@1712 (a8347294)]&amp#27;[0m Responding to client with driver.findElements() result: [{"element-6066-11e4-a52e-4f735466cecf":"00000000-0000-017f-ffff-ffff0000004d","ELEMENT":"00000000-0000-017f-ffff-ffff0000004d"},{"element-6066-11e4-a52e-4f735466cecf":"00000000-0000-017f-ffff-ffff00000055","ELEMENT":"00000000-0000-017f-ffff-ffff00000055"},{"element-6066-11e4-a52e-4f735466cecf":"00000000-0000-017f-ffff-ffff0000005d","ELEMENT":"00000000-0000-017f-ffff-ffff0000005d"}]
&amp#27;[38;5;0m[HTTP]&amp#27;[0m <-- POST /session/a8347294-1299-40da-b9d7-6a994ce5895e/elements 200 635 ms - 395
&amp#27;[38;5;0m[HTTP]&amp#27;[0m 
&amp#27;[38;5;0m[HTTP]&amp#27;[0m &amp#27;[37m-->&amp#27;[39m &amp#27;[37mGET&amp#27;[39m &amp#27;[37m/session/a8347294-1299-40da-b9d7-6a994ce5895e/element/00000000-0000-017f-ffff-ffff0000005d/text&amp#27;[39m
&amp#27;[38;5;0m[HTTP]&amp#27;[0m {}
&amp#27;[38;5;32m[AndroidUiautomator2Driver@1712 (a8347294)]&amp#27;[0m Driver proxy active, passing request on via HTTP proxy
&amp#27;[38;5;32m[AndroidUiautomator2Driver@1712 (a8347294)]&amp#27;[0m Matched '/session/a8347294-1299-40da-b9d7-6a994ce5895e/element/00000000-0000-017f-ffff-ffff0000005d/text' to command name 'getText'
&amp#27;[38;5;32m[AndroidUiautomator2Driver@1712 (a8347294)]&amp#27;[0m Proxying [GET /session/a8347294-1299-40da-b9d7-6a994ce5895e/element/00000000-0000-017f-ffff-ffff0000005d/text] to [GET http://127.0.0.1:8200/session/7ccb4661-48e3-4685-8e05-9db96d4301f0/element/00000000-0000-017f-ffff-ffff0000005d/text] with no body
&amp#27;[38;5;32m[AndroidUiautomator2Driver@1712 (a8347294)]&amp#27;[0m Got response with status 200: {"sessionId":"7ccb4661-48e3-4685-8e05-9db96d4301f0","value":"Nike SFB Jungle"}
&amp#27;[38;5;32m[AndroidUiautomator2Driver@1712 (a8347294)]&amp#27;[0m Replacing sessionId 7ccb4661-48e3-4685-8e05-9db96d4301f0 with a8347294-1299-40da-b9d7-6a994ce5895e
&amp#27;[38;5;0m[HTTP]&amp#27;[0m <-- GET /session/a8347294-1299-40da-b9d7-6a994ce5895e/element/00000000-0000-017f-ffff-ffff0000005d/text 200 14 ms - 78
&amp#27;[38;5;0m[HTTP]&amp#27;[0m 
&amp#27;[38;5;0m[HTTP]&amp#27;[0m &amp#27;[37m-->&amp#27;[39m &amp#27;[37mGET&amp#27;[39m &amp#27;[37m/session/a8347294-1299-40da-b9d7-6a994ce5895e/context&amp#27;[39m
&amp#27;[38;5;0m[HTTP]&amp#27;[0m {}
&amp#27;[38;5;32m[AndroidUiautomator2Driver@1712 (a8347294)]&amp#27;[0m Calling AppiumDriver.getCurrentContext() with args: ["a8347294-1299-40da-b9d7-6a994ce5895e"]
&amp#27;[38;5;32m[AndroidUiautomator2Driver@1712 (a8347294)]&amp#27;[0m Responding to client with driver.getCurrentContext() result: "NATIVE_APP"
&amp#27;[38;5;0m[HTTP]&amp#27;[0m <-- GET /session/a8347294-1299-40da-b9d7-6a994ce5895e/context 200 3 ms - 22
&amp#27;[38;5;0m[HTTP]&amp#27;[0m 
&amp#27;[38;5;0m[HTTP]&amp#27;[0m &amp#27;[37m-->&amp#27;[39m &amp#27;[37mPOST&amp#27;[39m &amp#27;[37m/session/a8347294-1299-40da-b9d7-6a994ce5895e/element&amp#27;[39m
&amp#27;[38;5;0m[HTTP]&amp#27;[0m {"using":"id","value":"com.androidsample.generalstore:id/appbar_btn_cart"}
&amp#27;[38;5;32m[AndroidUiautomator2Driver@1712 (a8347294)]&amp#27;[0m Calling AppiumDriver.findElement() with args: ["id","com.androidsample.generalstore:id/appbar_btn_cart","a8347294-1299-40da-b9d7-6a994ce5895e"]
&amp#27;[38;5;32m[AndroidUiautomator2Driver@1712 (a8347294)]&amp#27;[0m Valid locator strategies for this request: xpath, id, class name, accessibility id, css selector, -android uiautomator
&amp#27;[38;5;32m[AndroidUiautomator2Driver@1712 (a8347294)]&amp#27;[0m Waiting up to 10000 ms for condition
&amp#27;[38;5;32m[AndroidUiautomator2Driver@1712 (a8347294)]&amp#27;[0m Matched '/element' to command name 'findElement'
&amp#27;[38;5;32m[AndroidUiautomator2Driver@1712 (a8347294)]&amp#27;[0m Proxying [POST /element] to [POST http://127.0.0.1:8200/session/7ccb4661-48e3-4685-8e05-9db96d4301f0/element] with body: {"strategy":"id","selector":"com.androidsample.generalstore:id/appbar_btn_cart","context":"","multiple":false}
&amp#27;[38;5;32m[AndroidUiautomator2Driver@1712 (a8347294)]&amp#27;[0m Got response with status 200: {"sessionId":"7ccb4661-48e3-4685-8e05-9db96d4301f0","value":{"ELEMENT":"00000000-0000-017f-ffff-ffff00000044","element-6066-11e4-a52e-4f735466cecf":"00000000-0000-017f-ffff-ffff00000044"}}
&amp#27;[38;5;32m[AndroidUiautomator2Driver@1712 (a8347294)]&amp#27;[0m Responding to client with driver.findElement() result: {"element-6066-11e4-a52e-4f735466cecf":"00000000-0000-017f-ffff-ffff00000044","ELEMENT":"00000000-0000-017f-ffff-ffff00000044"}
&amp#27;[38;5;0m[HTTP]&amp#27;[0m <-- POST /session/a8347294-1299-40da-b9d7-6a994ce5895e/element 200 56 ms - 137
&amp#27;[38;5;0m[HTTP]&amp#27;[0m 
&amp#27;[38;5;0m[HTTP]&amp#27;[0m &amp#27;[37m-->&amp#27;[39m &amp#27;[37mPOST&amp#27;[39m &amp#27;[37m/session/a8347294-1299-40da-b9d7-6a994ce5895e/element/00000000-0000-017f-ffff-ffff00000044/click&amp#27;[39m
&amp#27;[38;5;0m[HTTP]&amp#27;[0m {"id":"00000000-0000-017f-ffff-ffff00000044"}
&amp#27;[38;5;32m[AndroidUiautomator2Driver@1712 (a8347294)]&amp#27;[0m Calling AppiumDriver.click() with args: ["00000000-0000-017f-ffff-ffff00000044","a8347294-1299-40da-b9d7-6a994ce5895e"]
&amp#27;[38;5;32m[AndroidUiautomator2Driver@1712 (a8347294)]&amp#27;[0m Matched '/element/00000000-0000-017f-ffff-ffff00000044/click' to command name 'click'
&amp#27;[38;5;32m[AndroidUiautomator2Driver@1712 (a8347294)]&amp#27;[0m Proxying [POST /element/00000000-0000-017f-ffff-ffff00000044/click] to [POST http://127.0.0.1:8200/session/7ccb4661-48e3-4685-8e05-9db96d4301f0/element/00000000-0000-017f-ffff-ffff00000044/click] with body: {"element":"00000000-0000-017f-ffff-ffff00000044"}
&amp#27;[38;5;32m[AndroidUiautomator2Driver@1712 (a8347294)]&amp#27;[0m Got response with status 200: {"sessionId":"7ccb4661-48e3-4685-8e05-9db96d4301f0","value":null}
&amp#27;[38;5;32m[AndroidUiautomator2Driver@1712 (a8347294)]&amp#27;[0m Responding to client with driver.click() result: null
&amp#27;[38;5;0m[HTTP]&amp#27;[0m <-- POST /session/a8347294-1299-40da-b9d7-6a994ce5895e/element/00000000-0000-017f-ffff-ffff00000044/click 200 90 ms - 14
&amp#27;[38;5;0m[HTTP]&amp#27;[0m 
&amp#27;[38;5;0m[HTTP]&amp#27;[0m &amp#27;[37m-->&amp#27;[39m &amp#27;[37mGET&amp#27;[39m &amp#27;[37m/session/a8347294-1299-40da-b9d7-6a994ce5895e/context&amp#27;[39m
&amp#27;[38;5;0m[HTTP]&amp#27;[0m {}
&amp#27;[38;5;32m[AndroidUiautomator2Driver@1712 (a8347294)]&amp#27;[0m Calling AppiumDriver.getCurrentContext() with args: ["a8347294-1299-40da-b9d7-6a994ce5895e"]
&amp#27;[38;5;32m[AndroidUiautomator2Driver@1712 (a8347294)]&amp#27;[0m Responding to client with driver.getCurrentContext() result: "NATIVE_APP"
&amp#27;[38;5;0m[HTTP]&amp#27;[0m <-- GET /session/a8347294-1299-40da-b9d7-6a994ce5895e/context 200 2 ms - 22
&amp#27;[38;5;0m[HTTP]&amp#27;[0m 
&amp#27;[38;5;0m[HTTP]&amp#27;[0m &amp#27;[37m-->&amp#27;[39m &amp#27;[37mPOST&amp#27;[39m &amp#27;[37m/session/a8347294-1299-40da-b9d7-6a994ce5895e/elements&amp#27;[39m
&amp#27;[38;5;0m[HTTP]&amp#27;[0m {"using":"id","value":"com.androidsample.generalstore:id/productPrice"}
&amp#27;[38;5;32m[AndroidUiautomator2Driver@1712 (a8347294)]&amp#27;[0m Calling AppiumDriver.findElements() with args: ["id","com.androidsample.generalstore:id/productPrice","a8347294-1299-40da-b9d7-6a994ce5895e"]
&amp#27;[38;5;32m[AndroidUiautomator2Driver@1712 (a8347294)]&amp#27;[0m Valid locator strategies for this request: xpath, id, class name, accessibility id, css selector, -android uiautomator
&amp#27;[38;5;32m[AndroidUiautomator2Driver@1712 (a8347294)]&amp#27;[0m Waiting up to 10000 ms for condition
&amp#27;[38;5;32m[AndroidUiautomator2Driver@1712 (a8347294)]&amp#27;[0m Matched '/elements' to command name 'findElements'
&amp#27;[38;5;32m[AndroidUiautomator2Driver@1712 (a8347294)]&amp#27;[0m Proxying [POST /elements] to [POST http://127.0.0.1:8200/session/7ccb4661-48e3-4685-8e05-9db96d4301f0/elements] with body: {"strategy":"id","selector":"com.androidsample.generalstore:id/productPrice","context":"","multiple":true}
&amp#27;[38;5;32m[AndroidUiautomator2Driver@1712 (a8347294)]&amp#27;[0m Got response with status 200: {"sessionId":"7ccb4661-48e3-4685-8e05-9db96d4301f0","value":[{"ELEMENT":"00000000-0000-0180-ffff-ffff000000a6","element-6066-11e4-a52e-4f735466cecf":"00000000-0000-0180-ffff-ffff000000a6"},{"ELEMENT":"00000000-0000-0180-ffff-ffff000000ae","element-6066-11e4-a52e-4f735466cecf":"00000000-0000-0180-ffff-ffff000000ae"}]}
&amp#27;[38;5;32m[AndroidUiautomator2Driver@1712 (a8347294)]&amp#27;[0m Responding to client with driver.findElements() result: [{"element-6066-11e4-a52e-4f735466cecf":"00000000-0000-0180-ffff-ffff000000a6","ELEMENT":"00000000-0000-0180-ffff-ffff000000a6"},{"element-6066-11e4-a52e-4f735466cecf":"00000000-0000-0180-ffff-ffff000000ae","ELEMENT":"00000000-0000-0180-ffff-ffff000000ae"}]
&amp#27;[38;5;0m[HTTP]&amp#27;[0m <-- POST /session/a8347294-1299-40da-b9d7-6a994ce5895e/elements 200 73 ms - 267
&amp#27;[38;5;0m[HTTP]&amp#27;[0m 
&amp#27;[38;5;0m[HTTP]&amp#27;[0m &amp#27;[37m-->&amp#27;[39m &amp#27;[37mGET&amp#27;[39m &amp#27;[37m/session/a8347294-1299-40da-b9d7-6a994ce5895e/context&amp#27;[39m
&amp#27;[38;5;0m[HTTP]&amp#27;[0m {}
&amp#27;[38;5;32m[AndroidUiautomator2Driver@1712 (a8347294)]&amp#27;[0m Calling AppiumDriver.getCurrentContext() with args: ["a8347294-1299-40da-b9d7-6a994ce5895e"]
&amp#27;[38;5;32m[AndroidUiautomator2Driver@1712 (a8347294)]&amp#27;[0m Responding to client with driver.getCurrentContext() result: "NATIVE_APP"
&amp#27;[38;5;0m[HTTP]&amp#27;[0m <-- GET /session/a8347294-1299-40da-b9d7-6a994ce5895e/context 200 1 ms - 22
&amp#27;[38;5;0m[HTTP]&amp#27;[0m 
&amp#27;[38;5;0m[HTTP]&amp#27;[0m &amp#27;[37m-->&amp#27;[39m &amp#27;[37mPOST&amp#27;[39m &amp#27;[37m/session/a8347294-1299-40da-b9d7-6a994ce5895e/elements&amp#27;[39m
&amp#27;[38;5;0m[HTTP]&amp#27;[0m {"using":"id","value":"com.androidsample.generalstore:id/productPrice"}
&amp#27;[38;5;32m[AndroidUiautomator2Driver@1712 (a8347294)]&amp#27;[0m Calling AppiumDriver.findElements() with args: ["id","com.androidsample.generalstore:id/productPrice","a8347294-1299-40da-b9d7-6a994ce5895e"]
&amp#27;[38;5;32m[AndroidUiautomator2Driver@1712 (a8347294)]&amp#27;[0m Valid locator strategies for this request: xpath, id, class name, accessibility id, css selector, -android uiautomator
&amp#27;[38;5;32m[AndroidUiautomator2Driver@1712 (a8347294)]&amp#27;[0m Waiting up to 10000 ms for condition
&amp#27;[38;5;32m[AndroidUiautomator2Driver@1712 (a8347294)]&amp#27;[0m Matched '/elements' to command name 'findElements'
&amp#27;[38;5;32m[AndroidUiautomator2Driver@1712 (a8347294)]&amp#27;[0m Proxying [POST /elements] to [POST http://127.0.0.1:8200/session/7ccb4661-48e3-4685-8e05-9db96d4301f0/elements] with body: {"strategy":"id","selector":"com.androidsample.generalstore:id/productPrice","context":"","multiple":true}
&amp#27;[38;5;32m[AndroidUiautomator2Driver@1712 (a8347294)]&amp#27;[0m Got response with status 200: {"sessionId":"7ccb4661-48e3-4685-8e05-9db96d4301f0","value":[{"ELEMENT":"00000000-0000-0180-ffff-ffff000000a6","element-6066-11e4-a52e-4f735466cecf":"00000000-0000-0180-ffff-ffff000000a6"},{"ELEMENT":"00000000-0000-0180-ffff-ffff000000ae","element-6066-11e4-a52e-4f735466cecf":"00000000-0000-0180-ffff-ffff000000ae"}]}
&amp#27;[38;5;32m[AndroidUiautomator2Driver@1712 (a8347294)]&amp#27;[0m Responding to client with driver.findElements() result: [{"element-6066-11e4-a52e-4f735466cecf":"00000000-0000-0180-ffff-ffff000000a6","ELEMENT":"00000000-0000-0180-ffff-ffff000000a6"},{"element-6066-11e4-a52e-4f735466cecf":"00000000-0000-0180-ffff-ffff000000ae","ELEMENT":"00000000-0000-0180-ffff-ffff000000ae"}]
&amp#27;[38;5;0m[HTTP]&amp#27;[0m <-- POST /session/a8347294-1299-40da-b9d7-6a994ce5895e/elements 200 13 ms - 267
&amp#27;[38;5;0m[HTTP]&amp#27;[0m 
&amp#27;[38;5;0m[HTTP]&amp#27;[0m &amp#27;[37m-->&amp#27;[39m &amp#27;[37mGET&amp#27;[39m &amp#27;[37m/session/a8347294-1299-40da-b9d7-6a994ce5895e/element/00000000-0000-0180-ffff-ffff000000a6/text&amp#27;[39m
&amp#27;[38;5;0m[HTTP]&amp#27;[0m {}
&amp#27;[38;5;32m[AndroidUiautomator2Driver@1712 (a8347294)]&amp#27;[0m Driver proxy active, passing request on via HTTP proxy
&amp#27;[38;5;32m[AndroidUiautomator2Driver@1712 (a8347294)]&amp#27;[0m Matched '/session/a8347294-1299-40da-b9d7-6a994ce5895e/element/00000000-0000-0180-ffff-ffff000000a6/text' to command name 'getText'
&amp#27;[38;5;32m[AndroidUiautomator2Driver@1712 (a8347294)]&amp#27;[0m Proxying [GET /session/a8347294-1299-40da-b9d7-6a994ce5895e/element/00000000-0000-0180-ffff-ffff000000a6/text] to [GET http://127.0.0.1:8200/session/7ccb4661-48e3-4685-8e05-9db96d4301f0/element/00000000-0000-0180-ffff-ffff000000a6/text] with no body
&amp#27;[38;5;32m[AndroidUiautomator2Driver@1712 (a8347294)]&amp#27;[0m Got response with status 200: {"sessionId":"7ccb4661-48e3-4685-8e05-9db96d4301f0","value":"$170.97"}
&amp#27;[38;5;32m[AndroidUiautomator2Driver@1712 (a8347294)]&amp#27;[0m Replacing sessionId 7ccb4661-48e3-4685-8e05-9db96d4301f0 with a8347294-1299-40da-b9d7-6a994ce5895e
&amp#27;[38;5;0m[HTTP]&amp#27;[0m <-- GET /session/a8347294-1299-40da-b9d7-6a994ce5895e/element/00000000-0000-0180-ffff-ffff000000a6/text 200 5 ms - 70
&amp#27;[38;5;0m[HTTP]&amp#27;[0m 
&amp#27;[38;5;0m[HTTP]&amp#27;[0m &amp#27;[37m-->&amp#27;[39m &amp#27;[37mGET&amp#27;[39m &amp#27;[37m/session/a8347294-1299-40da-b9d7-6a994ce5895e/context&amp#27;[39m
&amp#27;[38;5;0m[HTTP]&amp#27;[0m {}
&amp#27;[38;5;32m[AndroidUiautomator2Driver@1712 (a8347294)]&amp#27;[0m Calling AppiumDriver.getCurrentContext() with args: ["a8347294-1299-40da-b9d7-6a994ce5895e"]
&amp#27;[38;5;32m[AndroidUiautomator2Driver@1712 (a8347294)]&amp#27;[0m Responding to client with driver.getCurrentContext() result: "NATIVE_APP"
&amp#27;[38;5;0m[HTTP]&amp#27;[0m <-- GET /session/a8347294-1299-40da-b9d7-6a994ce5895e/context 200 0 ms - 22
&amp#27;[38;5;0m[HTTP]&amp#27;[0m 
&amp#27;[38;5;0m[HTTP]&amp#27;[0m &amp#27;[37m-->&amp#27;[39m &amp#27;[37mPOST&amp#27;[39m &amp#27;[37m/session/a8347294-1299-40da-b9d7-6a994ce5895e/elements&amp#27;[39m
&amp#27;[38;5;0m[HTTP]&amp#27;[0m {"using":"id","value":"com.androidsample.generalstore:id/productPrice"}
&amp#27;[38;5;32m[AndroidUiautomator2Driver@1712 (a8347294)]&amp#27;[0m Calling AppiumDriver.findElements() with args: ["id","com.androidsample.generalstore:id/productPrice","a8347294-1299-40da-b9d7-6a994ce5895e"]
&amp#27;[38;5;32m[AndroidUiautomator2Driver@1712 (a8347294)]&amp#27;[0m Valid locator strategies for this request: xpath, id, class name, accessibility id, css selector, -android uiautomator
&amp#27;[38;5;32m[AndroidUiautomator2Driver@1712 (a8347294)]&amp#27;[0m Waiting up to 10000 ms for condition
&amp#27;[38;5;32m[AndroidUiautomator2Driver@1712 (a8347294)]&amp#27;[0m Matched '/elements' to command name 'findElements'
&amp#27;[38;5;32m[AndroidUiautomator2Driver@1712 (a8347294)]&amp#27;[0m Proxying [POST /elements] to [POST http://127.0.0.1:8200/session/7ccb4661-48e3-4685-8e05-9db96d4301f0/elements] with body: {"strategy":"id","selector":"com.androidsample.generalstore:id/productPrice","context":"","multiple":true}
&amp#27;[38;5;32m[AndroidUiautomator2Driver@1712 (a8347294)]&amp#27;[0m Got response with status 200: {"sessionId":"7ccb4661-48e3-4685-8e05-9db96d4301f0","value":[{"ELEMENT":"00000000-0000-0180-ffff-ffff000000a6","element-6066-11e4-a52e-4f735466cecf":"00000000-0000-0180-ffff-ffff000000a6"},{"ELEMENT":"00000000-0000-0180-ffff-ffff000000ae","element-6066-11e4-a52e-4f735466cecf":"00000000-0000-0180-ffff-ffff000000ae"}]}
&amp#27;[38;5;32m[AndroidUiautomator2Driver@1712 (a8347294)]&amp#27;[0m Responding to client with driver.findElements() result: [{"element-6066-11e4-a52e-4f735466cecf":"00000000-0000-0180-ffff-ffff000000a6","ELEMENT":"00000000-0000-0180-ffff-ffff000000a6"},{"element-6066-11e4-a52e-4f735466cecf":"00000000-0000-0180-ffff-ffff000000ae","ELEMENT":"00000000-0000-0180-ffff-ffff000000ae"}]
&amp#27;[38;5;0m[HTTP]&amp#27;[0m <-- POST /session/a8347294-1299-40da-b9d7-6a994ce5895e/elements 200 14 ms - 267
&amp#27;[38;5;0m[HTTP]&amp#27;[0m 
&amp#27;[38;5;0m[HTTP]&amp#27;[0m &amp#27;[37m-->&amp#27;[39m &amp#27;[37mGET&amp#27;[39m &amp#27;[37m/session/a8347294-1299-40da-b9d7-6a994ce5895e/element/00000000-0000-0180-ffff-ffff000000ae/text&amp#27;[39m
&amp#27;[38;5;0m[HTTP]&amp#27;[0m {}
&amp#27;[38;5;32m[AndroidUiautomator2Driver@1712 (a8347294)]&amp#27;[0m Driver proxy active, passing request on via HTTP proxy
&amp#27;[38;5;32m[AndroidUiautomator2Driver@1712 (a8347294)]&amp#27;[0m Matched '/session/a8347294-1299-40da-b9d7-6a994ce5895e/element/00000000-0000-0180-ffff-ffff000000ae/text' to command name 'getText'
&amp#27;[38;5;32m[AndroidUiautomator2Driver@1712 (a8347294)]&amp#27;[0m Proxying [GET /session/a8347294-1299-40da-b9d7-6a994ce5895e/element/00000000-0000-0180-ffff-ffff000000ae/text] to [GET http://127.0.0.1:8200/session/7ccb4661-48e3-4685-8e05-9db96d4301f0/element/00000000-0000-0180-ffff-ffff000000ae/text] with no body
&amp#27;[38;5;32m[AndroidUiautomator2Driver@1712 (a8347294)]&amp#27;[0m Got response with status 200: {"sessionId":"7ccb4661-48e3-4685-8e05-9db96d4301f0","value":"$110.0"}
&amp#27;[38;5;32m[AndroidUiautomator2Driver@1712 (a8347294)]&amp#27;[0m Replacing sessionId 7ccb4661-48e3-4685-8e05-9db96d4301f0 with a8347294-1299-40da-b9d7-6a994ce5895e
&amp#27;[38;5;0m[HTTP]&amp#27;[0m <-- GET /session/a8347294-1299-40da-b9d7-6a994ce5895e/element/00000000-0000-0180-ffff-ffff000000ae/text 200 9 ms - 69
&amp#27;[38;5;0m[HTTP]&amp#27;[0m 
&amp#27;[38;5;0m[HTTP]&amp#27;[0m &amp#27;[37m-->&amp#27;[39m &amp#27;[37mGET&amp#27;[39m &amp#27;[37m/session/a8347294-1299-40da-b9d7-6a994ce5895e/context&amp#27;[39m
&amp#27;[38;5;0m[HTTP]&amp#27;[0m {}
&amp#27;[38;5;32m[AndroidUiautomator2Driver@1712 (a8347294)]&amp#27;[0m Calling AppiumDriver.getCurrentContext() with args: ["a8347294-1299-40da-b9d7-6a994ce5895e"]
&amp#27;[38;5;32m[AndroidUiautomator2Driver@1712 (a8347294)]&amp#27;[0m Responding to client with driver.getCurrentContext() result: "NATIVE_APP"
&amp#27;[38;5;0m[HTTP]&amp#27;[0m <-- GET /session/a8347294-1299-40da-b9d7-6a994ce5895e/context 200 1 ms - 22
&amp#27;[38;5;0m[HTTP]&amp#27;[0m 
&amp#27;[38;5;0m[HTTP]&amp#27;[0m &amp#27;[37m-->&amp#27;[39m &amp#27;[37mPOST&amp#27;[39m &amp#27;[37m/session/a8347294-1299-40da-b9d7-6a994ce5895e/element&amp#27;[39m
&amp#27;[38;5;0m[HTTP]&amp#27;[0m {"using":"id","value":"com.androidsample.generalstore:id/totalAmountLbl"}
&amp#27;[38;5;32m[AndroidUiautomator2Driver@1712 (a8347294)]&amp#27;[0m Calling AppiumDriver.findElement() with args: ["id","com.androidsample.generalstore:id/totalAmountLbl","a8347294-1299-40da-b9d7-6a994ce5895e"]
&amp#27;[38;5;32m[AndroidUiautomator2Driver@1712 (a8347294)]&amp#27;[0m Valid locator strategies for this request: xpath, id, class name, accessibility id, css selector, -android uiautomator
&amp#27;[38;5;32m[AndroidUiautomator2Driver@1712 (a8347294)]&amp#27;[0m Waiting up to 10000 ms for condition
&amp#27;[38;5;32m[AndroidUiautomator2Driver@1712 (a8347294)]&amp#27;[0m Matched '/element' to command name 'findElement'
&amp#27;[38;5;32m[AndroidUiautomator2Driver@1712 (a8347294)]&amp#27;[0m Proxying [POST /element] to [POST http://127.0.0.1:8200/session/7ccb4661-48e3-4685-8e05-9db96d4301f0/element] with body: {"strategy":"id","selector":"com.androidsample.generalstore:id/totalAmountLbl","context":"","multiple":false}
&amp#27;[38;5;32m[AndroidUiautomator2Driver@1712 (a8347294)]&amp#27;[0m Got response with status 200: {"sessionId":"7ccb4661-48e3-4685-8e05-9db96d4301f0","value":{"ELEMENT":"00000000-0000-0180-ffff-ffff0000009a","element-6066-11e4-a52e-4f735466cecf":"00000000-0000-0180-ffff-ffff0000009a"}}
&amp#27;[38;5;32m[AndroidUiautomator2Driver@1712 (a8347294)]&amp#27;[0m Responding to client with driver.findElement() result: {"element-6066-11e4-a52e-4f735466cecf":"00000000-0000-0180-ffff-ffff0000009a","ELEMENT":"00000000-0000-0180-ffff-ffff0000009a"}
&amp#27;[38;5;0m[HTTP]&amp#27;[0m <-- POST /session/a8347294-1299-40da-b9d7-6a994ce5895e/element 200 12 ms - 137
&amp#27;[38;5;0m[HTTP]&amp#27;[0m 
&amp#27;[38;5;0m[HTTP]&amp#27;[0m &amp#27;[37m-->&amp#27;[39m &amp#27;[37mGET&amp#27;[39m &amp#27;[37m/session/a8347294-1299-40da-b9d7-6a994ce5895e/element/00000000-0000-0180-ffff-ffff0000009a/attribute/text&amp#27;[39m
&amp#27;[38;5;0m[HTTP]&amp#27;[0m {}
&amp#27;[38;5;32m[AndroidUiautomator2Driver@1712 (a8347294)]&amp#27;[0m Calling AppiumDriver.getAttribute() with args: ["text","00000000-0000-0180-ffff-ffff0000009a","a8347294-1299-40da-b9d7-6a994ce5895e"]
&amp#27;[38;5;32m[AndroidUiautomator2Driver@1712 (a8347294)]&amp#27;[0m Matched '/element/00000000-0000-0180-ffff-ffff0000009a/attribute/text' to command name 'getAttribute'
&amp#27;[38;5;32m[AndroidUiautomator2Driver@1712 (a8347294)]&amp#27;[0m Proxying [GET /element/00000000-0000-0180-ffff-ffff0000009a/attribute/text] to [GET http://127.0.0.1:8200/session/7ccb4661-48e3-4685-8e05-9db96d4301f0/element/00000000-0000-0180-ffff-ffff0000009a/attribute/text] with no body
&amp#27;[38;5;32m[AndroidUiautomator2Driver@1712 (a8347294)]&amp#27;[0m Got response with status 200: {"sessionId":"7ccb4661-48e3-4685-8e05-9db96d4301f0","value":"$ 280.97"}
&amp#27;[38;5;32m[AndroidUiautomator2Driver@1712 (a8347294)]&amp#27;[0m Responding to client with driver.getAttribute() result: "$ 280.97"
&amp#27;[38;5;0m[HTTP]&amp#27;[0m <-- GET /session/a8347294-1299-40da-b9d7-6a994ce5895e/element/00000000-0000-0180-ffff-ffff0000009a/attribute/text 200 7 ms - 20
&amp#27;[38;5;0m[HTTP]&amp#27;[0m 
&amp#27;[38;5;0m[HTTP]&amp#27;[0m &amp#27;[37m-->&amp#27;[39m &amp#27;[37mGET&amp#27;[39m &amp#27;[37m/session/a8347294-1299-40da-b9d7-6a994ce5895e/context&amp#27;[39m
&amp#27;[38;5;0m[HTTP]&amp#27;[0m {}
&amp#27;[38;5;32m[AndroidUiautomator2Driver@1712 (a8347294)]&amp#27;[0m Calling AppiumDriver.getCurrentContext() with args: ["a8347294-1299-40da-b9d7-6a994ce5895e"]
&amp#27;[38;5;32m[AndroidUiautomator2Driver@1712 (a8347294)]&amp#27;[0m Responding to client with driver.getCurrentContext() result: "NATIVE_APP"
&amp#27;[38;5;0m[HTTP]&amp#27;[0m <-- GET /session/a8347294-1299-40da-b9d7-6a994ce5895e/context 200 1 ms - 22
&amp#27;[38;5;0m[HTTP]&amp#27;[0m 
&amp#27;[38;5;0m[HTTP]&amp#27;[0m &amp#27;[37m-->&amp#27;[39m &amp#27;[37mPOST&amp#27;[39m &amp#27;[37m/session/a8347294-1299-40da-b9d7-6a994ce5895e/element&amp#27;[39m
&amp#27;[38;5;0m[HTTP]&amp#27;[0m {"using":"xpath","value":"//android.widget.CheckBox[contains(@text, 'Send me e-mails on discounts')]"}
&amp#27;[38;5;32m[AndroidUiautomator2Driver@1712 (a8347294)]&amp#27;[0m Calling AppiumDriver.findElement() with args: ["xpath","//android.widget.CheckBox[contains(@text, 'Send me e-mails on discounts')]","a8347294-1299-40da-b9d7-6a994ce5895e"]
&amp#27;[38;5;32m[AndroidUiautomator2Driver@1712 (a8347294)]&amp#27;[0m Valid locator strategies for this request: xpath, id, class name, accessibility id, css selector, -android uiautomator
&amp#27;[38;5;32m[AndroidUiautomator2Driver@1712 (a8347294)]&amp#27;[0m Waiting up to 10000 ms for condition
&amp#27;[38;5;32m[AndroidUiautomator2Driver@1712 (a8347294)]&amp#27;[0m Matched '/element' to command name 'findElement'
&amp#27;[38;5;32m[AndroidUiautomator2Driver@1712 (a8347294)]&amp#27;[0m Proxying [POST /element] to [POST http://127.0.0.1:8200/session/7ccb4661-48e3-4685-8e05-9db96d4301f0/element] with body: {"strategy":"xpath","selector":"//android.widget.CheckBox[contains(@text, 'Send me e-mails on discounts')]","context":"","multiple":false}
&amp#27;[38;5;32m[AndroidUiautomator2Driver@1712 (a8347294)]&amp#27;[0m Got response with status 200: {"sessionId":"7ccb4661-48e3-4685-8e05-9db96d4301f0","value":{"ELEMENT":"00000000-0000-0180-ffff-ffff0000009b","element-6066-11e4-a52e-4f735466cecf":"00000000-0000-0180-ffff-ffff0000009b"}}
&amp#27;[38;5;32m[AndroidUiautomator2Driver@1712 (a8347294)]&amp#27;[0m Responding to client with driver.findElement() result: {"element-6066-11e4-a52e-4f735466cecf":"00000000-0000-0180-ffff-ffff0000009b","ELEMENT":"00000000-0000-0180-ffff-ffff0000009b"}
&amp#27;[38;5;0m[HTTP]&amp#27;[0m <-- POST /session/a8347294-1299-40da-b9d7-6a994ce5895e/element 200 225 ms - 137
&amp#27;[38;5;0m[HTTP]&amp#27;[0m 
&amp#27;[38;5;0m[HTTP]&amp#27;[0m &amp#27;[37m-->&amp#27;[39m &amp#27;[37mPOST&amp#27;[39m &amp#27;[37m/session/a8347294-1299-40da-b9d7-6a994ce5895e/element/00000000-0000-0180-ffff-ffff0000009b/click&amp#27;[39m
&amp#27;[38;5;0m[HTTP]&amp#27;[0m {"id":"00000000-0000-0180-ffff-ffff0000009b"}
&amp#27;[38;5;32m[AndroidUiautomator2Driver@1712 (a8347294)]&amp#27;[0m Calling AppiumDriver.click() with args: ["00000000-0000-0180-ffff-ffff0000009b","a8347294-1299-40da-b9d7-6a994ce5895e"]
&amp#27;[38;5;32m[AndroidUiautomator2Driver@1712 (a8347294)]&amp#27;[0m Matched '/element/00000000-0000-0180-ffff-ffff0000009b/click' to command name 'click'
&amp#27;[38;5;32m[AndroidUiautomator2Driver@1712 (a8347294)]&amp#27;[0m Proxying [POST /element/00000000-0000-0180-ffff-ffff0000009b/click] to [POST http://127.0.0.1:8200/session/7ccb4661-48e3-4685-8e05-9db96d4301f0/element/00000000-0000-0180-ffff-ffff0000009b/click] with body: {"element":"00000000-0000-0180-ffff-ffff0000009b"}
&amp#27;[38;5;32m[AndroidUiautomator2Driver@1712 (a8347294)]&amp#27;[0m Got response with status 200: {"sessionId":"7ccb4661-48e3-4685-8e05-9db96d4301f0","value":null}
&amp#27;[38;5;32m[AndroidUiautomator2Driver@1712 (a8347294)]&amp#27;[0m Responding to client with driver.click() result: null
&amp#27;[38;5;0m[HTTP]&amp#27;[0m <-- POST /session/a8347294-1299-40da-b9d7-6a994ce5895e/element/00000000-0000-0180-ffff-ffff0000009b/click 200 54 ms - 14
&amp#27;[38;5;0m[HTTP]&amp#27;[0m 
&amp#27;[38;5;0m[HTTP]&amp#27;[0m &amp#27;[37m-->&amp#27;[39m &amp#27;[37mGET&amp#27;[39m &amp#27;[37m/session/a8347294-1299-40da-b9d7-6a994ce5895e/context&amp#27;[39m
&amp#27;[38;5;0m[HTTP]&amp#27;[0m {}
&amp#27;[38;5;32m[AndroidUiautomator2Driver@1712 (a8347294)]&amp#27;[0m Calling AppiumDriver.getCurrentContext() with args: ["a8347294-1299-40da-b9d7-6a994ce5895e"]
&amp#27;[38;5;32m[AndroidUiautomator2Driver@1712 (a8347294)]&amp#27;[0m Responding to client with driver.getCurrentContext() result: "NATIVE_APP"
&amp#27;[38;5;0m[HTTP]&amp#27;[0m <-- GET /session/a8347294-1299-40da-b9d7-6a994ce5895e/context 200 3 ms - 22
&amp#27;[38;5;0m[HTTP]&amp#27;[0m 
&amp#27;[38;5;0m[HTTP]&amp#27;[0m &amp#27;[37m-->&amp#27;[39m &amp#27;[37mPOST&amp#27;[39m &amp#27;[37m/session/a8347294-1299-40da-b9d7-6a994ce5895e/element&amp#27;[39m
&amp#27;[38;5;0m[HTTP]&amp#27;[0m {"using":"id","value":"com.androidsample.generalstore:id/termsButton"}
&amp#27;[38;5;32m[AndroidUiautomator2Driver@1712 (a8347294)]&amp#27;[0m Calling AppiumDriver.findElement() with args: ["id","com.androidsample.generalstore:id/termsButton","a8347294-1299-40da-b9d7-6a994ce5895e"]
&amp#27;[38;5;32m[AndroidUiautomator2Driver@1712 (a8347294)]&amp#27;[0m Valid locator strategies for this request: xpath, id, class name, accessibility id, css selector, -android uiautomator
&amp#27;[38;5;32m[AndroidUiautomator2Driver@1712 (a8347294)]&amp#27;[0m Waiting up to 10000 ms for condition
&amp#27;[38;5;32m[AndroidUiautomator2Driver@1712 (a8347294)]&amp#27;[0m Matched '/element' to command name 'findElement'
&amp#27;[38;5;32m[AndroidUiautomator2Driver@1712 (a8347294)]&amp#27;[0m Proxying [POST /element] to [POST http://127.0.0.1:8200/session/7ccb4661-48e3-4685-8e05-9db96d4301f0/element] with body: {"strategy":"id","selector":"com.androidsample.generalstore:id/termsButton","context":"","multiple":false}
&amp#27;[38;5;32m[AndroidUiautomator2Driver@1712 (a8347294)]&amp#27;[0m Got response with status 200: {"sessionId":"7ccb4661-48e3-4685-8e05-9db96d4301f0","value":{"ELEMENT":"00000000-0000-0180-ffff-ffff0000009d","element-6066-11e4-a52e-4f735466cecf":"00000000-0000-0180-ffff-ffff0000009d"}}
&amp#27;[38;5;32m[AndroidUiautomator2Driver@1712 (a8347294)]&amp#27;[0m Responding to client with driver.findElement() result: {"element-6066-11e4-a52e-4f735466cecf":"00000000-0000-0180-ffff-ffff0000009d","ELEMENT":"00000000-0000-0180-ffff-ffff0000009d"}
&amp#27;[38;5;0m[HTTP]&amp#27;[0m <-- POST /session/a8347294-1299-40da-b9d7-6a994ce5895e/element 200 107 ms - 137
&amp#27;[38;5;0m[HTTP]&amp#27;[0m 
&amp#27;[38;5;0m[HTTP]&amp#27;[0m &amp#27;[37m-->&amp#27;[39m &amp#27;[37mPOST&amp#27;[39m &amp#27;[37m/session/a8347294-1299-40da-b9d7-6a994ce5895e/execute/sync&amp#27;[39m
&amp#27;[38;5;0m[HTTP]&amp#27;[0m {"script":"mobile: longClickGesture","args":[{"elementId":"00000000-0000-0180-ffff-ffff0000009d","duration":2000}]}
&amp#27;[38;5;32m[AndroidUiautomator2Driver@1712 (a8347294)]&amp#27;[0m Calling AppiumDriver.execute() with args: ["mobile: longClickGesture",[{"elementId":"00000000-0000-0180-ffff-ffff0000009d","duration":2000}],"a8347294-1299-40da-b9d7-6a994ce5895e"]
&amp#27;[38;5;32m[AndroidUiautomator2Driver@1712 (a8347294)]&amp#27;[0m Executing method 'mobile: longClickGesture'
&amp#27;[38;5;32m[AndroidUiautomator2Driver@1712 (a8347294)]&amp#27;[0m Proxying [POST /appium/gestures/long_click] to [POST http://127.0.0.1:8200/session/7ccb4661-48e3-4685-8e05-9db96d4301f0/appium/gestures/long_click] with body: {"origin":{"ELEMENT":"00000000-0000-0180-ffff-ffff0000009d","element-6066-11e4-a52e-4f735466cecf":"00000000-0000-0180-ffff-ffff0000009d"},"duration":2000}
&amp#27;[38;5;32m[AndroidUiautomator2Driver@1712 (a8347294)]&amp#27;[0m Got response with status 200: {"sessionId":"7ccb4661-48e3-4685-8e05-9db96d4301f0","value":null}
&amp#27;[38;5;32m[AndroidUiautomator2Driver@1712 (a8347294)]&amp#27;[0m Responding to client with driver.execute() result: null
&amp#27;[38;5;0m[HTTP]&amp#27;[0m <-- POST /session/a8347294-1299-40da-b9d7-6a994ce5895e/execute/sync 200 2574 ms - 14
&amp#27;[38;5;0m[HTTP]&amp#27;[0m 
&amp#27;[38;5;0m[HTTP]&amp#27;[0m &amp#27;[37m-->&amp#27;[39m &amp#27;[37mGET&amp#27;[39m &amp#27;[37m/session/a8347294-1299-40da-b9d7-6a994ce5895e/context&amp#27;[39m
&amp#27;[38;5;0m[HTTP]&amp#27;[0m {}
&amp#27;[38;5;32m[AndroidUiautomator2Driver@1712 (a8347294)]&amp#27;[0m Calling AppiumDriver.getCurrentContext() with args: ["a8347294-1299-40da-b9d7-6a994ce5895e"]
&amp#27;[38;5;32m[AndroidUiautomator2Driver@1712 (a8347294)]&amp#27;[0m Responding to client with driver.getCurrentContext() result: "NATIVE_APP"
&amp#27;[38;5;0m[HTTP]&amp#27;[0m <-- GET /session/a8347294-1299-40da-b9d7-6a994ce5895e/context 200 1 ms - 22
&amp#27;[38;5;0m[HTTP]&amp#27;[0m 
&amp#27;[38;5;0m[HTTP]&amp#27;[0m &amp#27;[37m-->&amp#27;[39m &amp#27;[37mPOST&amp#27;[39m &amp#27;[37m/session/a8347294-1299-40da-b9d7-6a994ce5895e/element&amp#27;[39m
&amp#27;[38;5;0m[HTTP]&amp#27;[0m {"using":"id","value":"android:id/button1"}
&amp#27;[38;5;32m[AndroidUiautomator2Driver@1712 (a8347294)]&amp#27;[0m Calling AppiumDriver.findElement() with args: ["id","android:id/button1","a8347294-1299-40da-b9d7-6a994ce5895e"]
&amp#27;[38;5;32m[AndroidUiautomator2Driver@1712 (a8347294)]&amp#27;[0m Valid locator strategies for this request: xpath, id, class name, accessibility id, css selector, -android uiautomator
&amp#27;[38;5;32m[AndroidUiautomator2Driver@1712 (a8347294)]&amp#27;[0m Waiting up to 10000 ms for condition
&amp#27;[38;5;32m[AndroidUiautomator2Driver@1712 (a8347294)]&amp#27;[0m Matched '/element' to command name 'findElement'
&amp#27;[38;5;32m[AndroidUiautomator2Driver@1712 (a8347294)]&amp#27;[0m Proxying [POST /element] to [POST http://127.0.0.1:8200/session/7ccb4661-48e3-4685-8e05-9db96d4301f0/element] with body: {"strategy":"id","selector":"android:id/button1","context":"","multiple":false}
&amp#27;[38;5;32m[AndroidUiautomator2Driver@1712 (a8347294)]&amp#27;[0m Got response with status 200: {"sessionId":"7ccb4661-48e3-4685-8e05-9db96d4301f0","value":{"ELEMENT":"00000000-0000-0181-ffff-ffff000000c9","element-6066-11e4-a52e-4f735466cecf":"00000000-0000-0181-ffff-ffff000000c9"}}
&amp#27;[38;5;32m[AndroidUiautomator2Driver@1712 (a8347294)]&amp#27;[0m Responding to client with driver.findElement() result: {"element-6066-11e4-a52e-4f735466cecf":"00000000-0000-0181-ffff-ffff000000c9","ELEMENT":"00000000-0000-0181-ffff-ffff000000c9"}
&amp#27;[38;5;0m[HTTP]&amp#27;[0m <-- POST /session/a8347294-1299-40da-b9d7-6a994ce5895e/element 200 20 ms - 137
&amp#27;[38;5;0m[HTTP]&amp#27;[0m 
&amp#27;[38;5;0m[HTTP]&amp#27;[0m &amp#27;[37m-->&amp#27;[39m &amp#27;[37mPOST&amp#27;[39m &amp#27;[37m/session/a8347294-1299-40da-b9d7-6a994ce5895e/element/00000000-0000-0181-ffff-ffff000000c9/click&amp#27;[39m
&amp#27;[38;5;0m[HTTP]&amp#27;[0m {"id":"00000000-0000-0181-ffff-ffff000000c9"}
&amp#27;[38;5;32m[AndroidUiautomator2Driver@1712 (a8347294)]&amp#27;[0m Calling AppiumDriver.click() with args: ["00000000-0000-0181-ffff-ffff000000c9","a8347294-1299-40da-b9d7-6a994ce5895e"]
&amp#27;[38;5;32m[AndroidUiautomator2Driver@1712 (a8347294)]&amp#27;[0m Matched '/element/00000000-0000-0181-ffff-ffff000000c9/click' to command name 'click'
&amp#27;[38;5;32m[AndroidUiautomator2Driver@1712 (a8347294)]&amp#27;[0m Proxying [POST /element/00000000-0000-0181-ffff-ffff000000c9/click] to [POST http://127.0.0.1:8200/session/7ccb4661-48e3-4685-8e05-9db96d4301f0/element/00000000-0000-0181-ffff-ffff000000c9/click] with body: {"element":"00000000-0000-0181-ffff-ffff000000c9"}
&amp#27;[38;5;32m[AndroidUiautomator2Driver@1712 (a8347294)]&amp#27;[0m Got response with status 200: {"sessionId":"7ccb4661-48e3-4685-8e05-9db96d4301f0","value":null}
&amp#27;[38;5;32m[AndroidUiautomator2Driver@1712 (a8347294)]&amp#27;[0m Responding to client with driver.click() result: null
&amp#27;[38;5;0m[HTTP]&amp#27;[0m <-- POST /session/a8347294-1299-40da-b9d7-6a994ce5895e/element/00000000-0000-0181-ffff-ffff000000c9/click 200 32 ms - 14
&amp#27;[38;5;0m[HTTP]&amp#27;[0m 
&amp#27;[38;5;0m[HTTP]&amp#27;[0m &amp#27;[37m-->&amp#27;[39m &amp#27;[37mGET&amp#27;[39m &amp#27;[37m/session/a8347294-1299-40da-b9d7-6a994ce5895e/context&amp#27;[39m
&amp#27;[38;5;0m[HTTP]&amp#27;[0m {}
&amp#27;[38;5;32m[AndroidUiautomator2Driver@1712 (a8347294)]&amp#27;[0m Calling AppiumDriver.getCurrentContext() with args: ["a8347294-1299-40da-b9d7-6a994ce5895e"]
&amp#27;[38;5;32m[AndroidUiautomator2Driver@1712 (a8347294)]&amp#27;[0m Responding to client with driver.getCurrentContext() result: "NATIVE_APP"
&amp#27;[38;5;0m[HTTP]&amp#27;[0m <-- GET /session/a8347294-1299-40da-b9d7-6a994ce5895e/context 200 1 ms - 22
&amp#27;[38;5;0m[HTTP]&amp#27;[0m 
&amp#27;[38;5;0m[HTTP]&amp#27;[0m &amp#27;[37m-->&amp#27;[39m &amp#27;[37mPOST&amp#27;[39m &amp#27;[37m/session/a8347294-1299-40da-b9d7-6a994ce5895e/element&amp#27;[39m
&amp#27;[38;5;0m[HTTP]&amp#27;[0m {"using":"id","value":"com.androidsample.generalstore:id/btnProceed"}
&amp#27;[38;5;32m[AndroidUiautomator2Driver@1712 (a8347294)]&amp#27;[0m Calling AppiumDriver.findElement() with args: ["id","com.androidsample.generalstore:id/btnProceed","a8347294-1299-40da-b9d7-6a994ce5895e"]
&amp#27;[38;5;32m[AndroidUiautomator2Driver@1712 (a8347294)]&amp#27;[0m Valid locator strategies for this request: xpath, id, class name, accessibility id, css selector, -android uiautomator
&amp#27;[38;5;32m[AndroidUiautomator2Driver@1712 (a8347294)]&amp#27;[0m Waiting up to 10000 ms for condition
&amp#27;[38;5;32m[AndroidUiautomator2Driver@1712 (a8347294)]&amp#27;[0m Matched '/element' to command name 'findElement'
&amp#27;[38;5;32m[AndroidUiautomator2Driver@1712 (a8347294)]&amp#27;[0m Proxying [POST /element] to [POST http://127.0.0.1:8200/session/7ccb4661-48e3-4685-8e05-9db96d4301f0/element] with body: {"strategy":"id","selector":"com.androidsample.generalstore:id/btnProceed","context":"","multiple":false}
&amp#27;[38;5;32m[AndroidUiautomator2Driver@1712 (a8347294)]&amp#27;[0m Got response with status 200: {"sessionId":"7ccb4661-48e3-4685-8e05-9db96d4301f0","value":{"ELEMENT":"00000000-0000-0180-ffff-ffff0000009c","element-6066-11e4-a52e-4f735466cecf":"00000000-0000-0180-ffff-ffff0000009c"}}
&amp#27;[38;5;32m[AndroidUiautomator2Driver@1712 (a8347294)]&amp#27;[0m Responding to client with driver.findElement() result: {"element-6066-11e4-a52e-4f735466cecf":"00000000-0000-0180-ffff-ffff0000009c","ELEMENT":"00000000-0000-0180-ffff-ffff0000009c"}
&amp#27;[38;5;0m[HTTP]&amp#27;[0m <-- POST /session/a8347294-1299-40da-b9d7-6a994ce5895e/element 200 294 ms - 137
&amp#27;[38;5;0m[HTTP]&amp#27;[0m 
&amp#27;[38;5;0m[HTTP]&amp#27;[0m &amp#27;[37m-->&amp#27;[39m &amp#27;[37mPOST&amp#27;[39m &amp#27;[37m/session/a8347294-1299-40da-b9d7-6a994ce5895e/element/00000000-0000-0180-ffff-ffff0000009c/click&amp#27;[39m
&amp#27;[38;5;0m[HTTP]&amp#27;[0m {"id":"00000000-0000-0180-ffff-ffff0000009c"}
&amp#27;[38;5;32m[AndroidUiautomator2Driver@1712 (a8347294)]&amp#27;[0m Calling AppiumDriver.click() with args: ["00000000-0000-0180-ffff-ffff0000009c","a8347294-1299-40da-b9d7-6a994ce5895e"]
&amp#27;[38;5;32m[AndroidUiautomator2Driver@1712 (a8347294)]&amp#27;[0m Matched '/element/00000000-0000-0180-ffff-ffff0000009c/click' to command name 'click'
&amp#27;[38;5;32m[AndroidUiautomator2Driver@1712 (a8347294)]&amp#27;[0m Proxying [POST /element/00000000-0000-0180-ffff-ffff0000009c/click] to [POST http://127.0.0.1:8200/session/7ccb4661-48e3-4685-8e05-9db96d4301f0/element/00000000-0000-0180-ffff-ffff0000009c/click] with body: {"element":"00000000-0000-0180-ffff-ffff0000009c"}
&amp#27;[38;5;32m[AndroidUiautomator2Driver@1712 (a8347294)]&amp#27;[0m Got response with status 200: {"sessionId":"7ccb4661-48e3-4685-8e05-9db96d4301f0","value":null}
&amp#27;[38;5;32m[AndroidUiautomator2Driver@1712 (a8347294)]&amp#27;[0m Responding to client with driver.click() result: null
&amp#27;[38;5;0m[HTTP]&amp#27;[0m <-- POST /session/a8347294-1299-40da-b9d7-6a994ce5895e/element/00000000-0000-0180-ffff-ffff0000009c/click 200 332 ms - 14
&amp#27;[38;5;0m[HTTP]&amp#27;[0m 
]]></system-out>
  </testcase>
  <testcase name="fillForm_PositiveFlow[{Product_1=Air Jordan 4 Retro, Country=Australia, Product_2=PG 3, Gender=Female, Name=Deepanshi Garg}](2)" classname="TestFolders.AndroidFlow" time="28.949">
    <system-out><![CDATA[&amp#27;[38;5;0m[HTTP]&amp#27;[0m &amp#27;[37m-->&amp#27;[39m &amp#27;[37mDELETE&amp#27;[39m &amp#27;[37m/session/a8347294-1299-40da-b9d7-6a994ce5895e&amp#27;[39m
&amp#27;[38;5;0m[HTTP]&amp#27;[0m {}
&amp#27;[38;5;32m[AndroidUiautomator2Driver@1712 (a8347294)]&amp#27;[0m Calling AppiumDriver.deleteSession() with args: ["a8347294-1299-40da-b9d7-6a994ce5895e"]
&amp#27;[38;5;16m[AppiumDriver@3eb4]&amp#27;[0m Event 'quitSessionRequested' logged at 1705336336383 (22:02:16 GMT+0530 (India Standard Time))
&amp#27;[38;5;16m[AppiumDriver@3eb4]&amp#27;[0m Removing session a8347294-1299-40da-b9d7-6a994ce5895e from our master session list
&amp#27;[38;5;32m[AndroidUiautomator2Driver@1712 (a8347294)]&amp#27;[0m Deleting UiAutomator2 session
&amp#27;[38;5;32m[AndroidUiautomator2Driver@1712 (a8347294)]&amp#27;[0m Deleting UiAutomator2 server session
&amp#27;[38;5;32m[AndroidUiautomator2Driver@1712 (a8347294)]&amp#27;[0m Matched '/' to command name 'deleteSession'
&amp#27;[38;5;32m[AndroidUiautomator2Driver@1712 (a8347294)]&amp#27;[0m Proxying [DELETE /] to [DELETE http://127.0.0.1:8200/session/7ccb4661-48e3-4685-8e05-9db96d4301f0] with no body
&amp#27;[38;5;32m[AndroidUiautomator2Driver@1712 (a8347294)]&amp#27;[0m Got response with status 200: {"sessionId":"7ccb4661-48e3-4685-8e05-9db96d4301f0","value":null}
&amp#27;[38;5;64m[ADB]&amp#27;[0m Running '/Users/anubhavgupta/Library/Android/sdk/platform-tools/adb -P 5037 -s emulator-5554 shell dumpsys activity services io.appium.settings/.recorder.RecorderService'
&amp#27;[38;5;64m[ADB]&amp#27;[0m Running '/Users/anubhavgupta/Library/Android/sdk/platform-tools/adb -P 5037 -s emulator-5554 shell am force-stop com.androidsample.generalstore'
&amp#27;[38;5;96m[Logcat]&amp#27;[0m Stopping logcat capture
&amp#27;[38;5;64m[ADB]&amp#27;[0m Removing forwarded port socket connection: 8200 
&amp#27;[38;5;64m[ADB]&amp#27;[0m Running '/Users/anubhavgupta/Library/Android/sdk/platform-tools/adb -P 5037 -s emulator-5554 forward --remove tcp:8200'
&amp#27;[38;5;32m[AndroidUiautomator2Driver@1712 (a8347294)]&amp#27;[0m Restoring hidden api policy to the device default configuration
&amp#27;[38;5;64m[ADB]&amp#27;[0m Running '/Users/anubhavgupta/Library/Android/sdk/platform-tools/adb -P 5037 -s emulator-5554 shell 'settings delete global hidden_api_policy_pre_p_apps;settings delete global hidden_api_policy_p_apps;settings delete global hidden_api_policy''
&amp#27;[38;5;16m[AppiumDriver@3eb4]&amp#27;[0m Event 'quitSessionFinished' logged at 1705336336998 (22:02:16 GMT+0530 (India Standard Time))
&amp#27;[38;5;16m[AppiumDriver@3eb4]&amp#27;[0m Received response: null
&amp#27;[38;5;16m[AppiumDriver@3eb4]&amp#27;[0m But deleting session, so not returning
&amp#27;[38;5;16m[AppiumDriver@3eb4]&amp#27;[0m Responding to client with driver.deleteSession() result: null
&amp#27;[38;5;0m[HTTP]&amp#27;[0m <-- DELETE /session/a8347294-1299-40da-b9d7-6a994ce5895e 200 627 ms - 14
&amp#27;[38;5;0m[HTTP]&amp#27;[0m 
&amp#27;[38;5;0m[HTTP]&amp#27;[0m Request idempotency key: e7e765f9-2245-4530-8a73-dfc100610904
&amp#27;[38;5;0m[HTTP]&amp#27;[0m &amp#27;[37m-->&amp#27;[39m &amp#27;[37mPOST&amp#27;[39m &amp#27;[37m/session&amp#27;[39m
&amp#27;[38;5;0m[HTTP]&amp#27;[0m {"capabilities":{"firstMatch":[{}],"alwaysMatch":{"appium:app":"/Users/anubhavgupta/Documents/eclipse-workspace(Java)/AppTestingFramework/src/main/java/APPS/General-Store.apk","appium:automationName":"UIAutomator2","appium:chromedriverExecutable":"/Users/anubhavgupta/Documents/Drivers/chromedriver_103","appium:deviceName":"Anubhav Small Phone","platformName":"ANDROID"}}}
&amp#27;[38;5;16m[AppiumDriver@3eb4]&amp#27;[0m Calling AppiumDriver.createSession() with args: [null,null,{"firstMatch":[{}],"alwaysMatch":{"appium:app":"/Users/anubhavgupta/Documents/eclipse-workspace(Java)/AppTestingFramework/src/main/java/APPS/General-Store.apk","appium:automationName":"UIAutomator2","appium:chromedriverExecutable":"/Users/anubhavgupta/Documents/Drivers/chromedriver_103","appium:deviceName":"Anubhav Small Phone","platformName":"ANDROID"}}]
&amp#27;[38;5;16m[AppiumDriver@3eb4]&amp#27;[0m Event 'newSessionRequested' logged at 1705336337147 (22:02:17 GMT+0530 (India Standard Time))
[Appium] Attempting to find matching driver for automationName 'UIAutomator2' and platformName 'ANDROID'
[Appium] The 'uiautomator2' driver was installed and matched caps.
[Appium] Will require it at /Users/anubhavgupta/.appium/node_modules/appium-uiautomator2-driver
[Appium] Requiring driver at /Users/anubhavgupta/.appium/node_modules/appium-uiautomator2-driver/build/index.js
&amp#27;[38;5;16m[AppiumDriver@3eb4]&amp#27;[0m Appium v2.3.0 creating new AndroidUiautomator2Driver (v2.36.0) session
&amp#27;[38;5;16m[AppiumDriver@3eb4]&amp#27;[0m Checking BaseDriver versions for Appium and AndroidUiautomator2Driver
&amp#27;[38;5;16m[AppiumDriver@3eb4]&amp#27;[0m Appium's BaseDriver version is 9.4.4
&amp#27;[38;5;16m[AppiumDriver@3eb4]&amp#27;[0m AndroidUiautomator2Driver's BaseDriver version is 9.4.4
&amp#27;[38;5;32m[AndroidUiautomator2Driver@11a5]&amp#27;[0m Creating session with W3C capabilities: {
&amp#27;[38;5;32m[AndroidUiautomator2Driver@11a5]&amp#27;[0m   "alwaysMatch": {
&amp#27;[38;5;32m[AndroidUiautomator2Driver@11a5]&amp#27;[0m     "platformName": "ANDROID",
&amp#27;[38;5;32m[AndroidUiautomator2Driver@11a5]&amp#27;[0m     "appium:app": "/Users/anubhavgupta/Documents/eclipse-workspace(Java)/AppTestingFramework/src/main/java/APPS/General-Store.apk",
&amp#27;[38;5;32m[AndroidUiautomator2Driver@11a5]&amp#27;[0m     "appium:automationName": "UIAutomator2",
&amp#27;[38;5;32m[AndroidUiautomator2Driver@11a5]&amp#27;[0m     "appium:chromedriverExecutable": "/Users/anubhavgupta/Documents/Drivers/chromedriver_103",
&amp#27;[38;5;32m[AndroidUiautomator2Driver@11a5]&amp#27;[0m     "appium:deviceName": "Anubhav Small Phone"
&amp#27;[38;5;32m[AndroidUiautomator2Driver@11a5]&amp#27;[0m   },
&amp#27;[38;5;32m[AndroidUiautomator2Driver@11a5]&amp#27;[0m   "firstMatch": [
&amp#27;[38;5;32m[AndroidUiautomator2Driver@11a5]&amp#27;[0m     {}
&amp#27;[38;5;32m[AndroidUiautomator2Driver@11a5]&amp#27;[0m   ]
&amp#27;[38;5;32m[AndroidUiautomator2Driver@11a5]&amp#27;[0m }
&amp#27;[38;5;32m[AndroidUiautomator2Driver@11a5 (752558e8)]&amp#27;[0m Session created with session id: 752558e8-aa33-4f29-993d-1b4a0f80a2c1
&amp#27;[38;5;48m[BaseDriver]&amp#27;[0m Using local app '/Users/anubhavgupta/Documents/eclipse-workspace(Java)/AppTestingFramework/src/main/java/APPS/General-Store.apk'
&amp#27;[38;5;112m[Instrumentation]&amp#27;[0m .
&amp#27;[38;5;32m[AndroidUiautomator2Driver@11a5 (752558e8)]&amp#27;[0m Checking whether app is actually present
&amp#27;[38;5;64m[ADB]&amp#27;[0m Using 'adb' from '/Users/anubhavgupta/Library/Android/sdk/platform-tools/adb'
&amp#27;[38;5;64m[ADB]&amp#27;[0m Running '/Users/anubhavgupta/Library/Android/sdk/platform-tools/adb -P 5037 start-server'
&amp#27;[38;5;80m[AndroidDriver]&amp#27;[0m Retrieving device list
&amp#27;[38;5;64m[ADB]&amp#27;[0m Trying to find connected Android devices
&amp#27;[38;5;64m[ADB]&amp#27;[0m Getting connected devices
&amp#27;[38;5;64m[ADB]&amp#27;[0m Connected devices: [{"udid":"emulator-5554","state":"device"}]
&amp#27;[38;5;80m[AndroidDriver]&amp#27;[0m Using device: emulator-5554
&amp#27;[38;5;64m[ADB]&amp#27;[0m Using 'adb' from '/Users/anubhavgupta/Library/Android/sdk/platform-tools/adb'
&amp#27;[38;5;64m[ADB]&amp#27;[0m Running '/Users/anubhavgupta/Library/Android/sdk/platform-tools/adb -P 5037 start-server'
&amp#27;[38;5;64m[ADB]&amp#27;[0m Setting device id to emulator-5554
&amp#27;[38;5;64m[ADB]&amp#27;[0m Running '/Users/anubhavgupta/Library/Android/sdk/platform-tools/adb -P 5037 -s emulator-5554 shell getprop ro.build.version.sdk'
&amp#27;[38;5;64m[ADB]&amp#27;[0m Current device property 'ro.build.version.sdk': 33
&amp#27;[38;5;64m[ADB]&amp#27;[0m Getting device platform version
&amp#27;[38;5;64m[ADB]&amp#27;[0m Running '/Users/anubhavgupta/Library/Android/sdk/platform-tools/adb -P 5037 -s emulator-5554 shell getprop ro.build.version.release'
&amp#27;[38;5;64m[ADB]&amp#27;[0m Current device property 'ro.build.version.release': 13
&amp#27;[38;5;64m[ADB]&amp#27;[0m Device API level: 33
&amp#27;[38;5;32m[AndroidUiautomator2Driver@11a5 (752558e8)]&amp#27;[0m Relaxing hidden api policy
&amp#27;[38;5;64m[ADB]&amp#27;[0m Running '/Users/anubhavgupta/Library/Android/sdk/platform-tools/adb -P 5037 -s emulator-5554 shell 'settings put global hidden_api_policy_pre_p_apps 1;settings put global hidden_api_policy_p_apps 1;settings put global hidden_api_policy 1''
&amp#27;[38;5;112m[Instrumentation]&amp#27;[0m Time: 58.242
&amp#27;[38;5;112m[Instrumentation]&amp#27;[0m 
&amp#27;[38;5;112m[Instrumentation]&amp#27;[0m OK (1 test)
&amp#27;[38;5;80m[AndroidDriver]&amp#27;[0m Parsing package and activity from app manifest
&amp#27;[38;5;112m[Instrumentation]&amp#27;[0m The process has exited with code 0
&amp#27;[38;5;64m[ADB]&amp#27;[0m Package name: 'com.androidsample.generalstore'
&amp#27;[38;5;64m[ADB]&amp#27;[0m Main activity name: 'com.androidsample.generalstore.SplashActivity'
&amp#27;[38;5;80m[AndroidDriver]&amp#27;[0m Parsed package and activity are: com.androidsample.generalstore/com.androidsample.generalstore.SplashActivity
&amp#27;[38;5;64m[ADB]&amp#27;[0m Running '/Users/anubhavgupta/Library/Android/sdk/platform-tools/adb -P 5037 -s emulator-5554 wait-for-device'
&amp#27;[38;5;64m[ADB]&amp#27;[0m Running '/Users/anubhavgupta/Library/Android/sdk/platform-tools/adb -P 5037 -s emulator-5554 shell echo ping'
&amp#27;[38;5;80m[AndroidDriver]&amp#27;[0m Pushing settings apk to device...
&amp#27;[38;5;64m[ADB]&amp#27;[0m Getting package info for 'io.appium.settings'
&amp#27;[38;5;64m[ADB]&amp#27;[0m Running '/Users/anubhavgupta/Library/Android/sdk/platform-tools/adb -P 5037 -s emulator-5554 shell dumpsys package io.appium.settings'
&amp#27;[38;5;64m[ADB]&amp#27;[0m The version name of the installed 'io.appium.settings' is greater or equal to the application version name ('5.2.0' >= '5.2.0')
&amp#27;[38;5;64m[ADB]&amp#27;[0m There is no need to install/upgrade '/Users/anubhavgupta/.appium/node_modules/appium-uiautomator2-driver/node_modules/io.appium.settings/apks/settings_apk-debug.apk'
&amp#27;[38;5;64m[ADB]&amp#27;[0m Getting IDs of all 'io.appium.settings' processes
&amp#27;[38;5;64m[ADB]&amp#27;[0m Running '/Users/anubhavgupta/Library/Android/sdk/platform-tools/adb -P 5037 -s emulator-5554 shell 'pgrep --help; echo $?''
&amp#27;[38;5;64m[ADB]&amp#27;[0m Running '/Users/anubhavgupta/Library/Android/sdk/platform-tools/adb -P 5037 -s emulator-5554 shell pgrep -f \(\[\[:blank:\]\]\|\^\)io\.appium\.settings\(\[\[:blank:\]\]\|\$\)'
&amp#27;[38;5;80m[AndroidDriver]&amp#27;[0m io.appium.settings is already running. There is no need to reset its permissions.
&amp#27;[38;5;96m[Logcat]&amp#27;[0m Starting logs capture with command: /Users/anubhavgupta/Library/Android/sdk/platform-tools/adb -P 5037 -s emulator-5554 logcat -v threadtime
&amp#27;[38;5;32m[AndroidUiautomator2Driver@11a5 (752558e8)]&amp#27;[0m Forwarding UiAutomator2 Server port 6790 to local port 8200
&amp#27;[38;5;64m[ADB]&amp#27;[0m Forwarding system: 8200 to device: 6790
&amp#27;[38;5;64m[ADB]&amp#27;[0m Running '/Users/anubhavgupta/Library/Android/sdk/platform-tools/adb -P 5037 -s emulator-5554 forward tcp:8200 tcp:6790'
&amp#27;[38;5;64m[ADB]&amp#27;[0m Checking app cert for /Users/anubhavgupta/.appium/node_modules/appium-uiautomator2-driver/node_modules/appium-uiautomator2-server/apks/appium-uiautomator2-server-v5.13.0.apk
&amp#27;[38;5;64m[ADB]&amp#27;[0m Checking app cert for /Users/anubhavgupta/.appium/node_modules/appium-uiautomator2-driver/node_modules/appium-uiautomator2-server/apks/appium-uiautomator2-server-debug-androidTest.apk
&amp#27;[38;5;64m[ADB]&amp#27;[0m Using the previously cached signature entry for 'appium-uiautomator2-server-debug-androidTest.apk'
&amp#27;[38;5;64m[ADB]&amp#27;[0m sha256 hash did match for 'appium-uiautomator2-server-debug-androidTest.apk'
&amp#27;[38;5;64m[ADB]&amp#27;[0m Getting install status for io.appium.uiautomator2.server.test
&amp#27;[38;5;64m[ADB]&amp#27;[0m Running '/Users/anubhavgupta/Library/Android/sdk/platform-tools/adb -P 5037 -s emulator-5554 shell pm path io.appium.uiautomator2.server.test'
&amp#27;[38;5;64m[ADB]&amp#27;[0m Using the previously cached signature entry for 'appium-uiautomator2-server-v5.13.0.apk'
&amp#27;[38;5;64m[ADB]&amp#27;[0m sha256 hash did match for 'appium-uiautomator2-server-v5.13.0.apk'
&amp#27;[38;5;64m[ADB]&amp#27;[0m Getting package info for 'io.appium.uiautomator2.server'
&amp#27;[38;5;64m[ADB]&amp#27;[0m Running '/Users/anubhavgupta/Library/Android/sdk/platform-tools/adb -P 5037 -s emulator-5554 shell dumpsys package io.appium.uiautomator2.server'
&amp#27;[38;5;64m[ADB]&amp#27;[0m 'io.appium.uiautomator2.server.test' is installed
&amp#27;[38;5;64m[ADB]&amp#27;[0m The version name of the installed 'io.appium.uiautomator2.server' is greater or equal to the application version name ('5.13.0' >= '5.13.0')
&amp#27;[38;5;32m[AndroidUiautomator2Driver@11a5 (752558e8)]&amp#27;[0m Server packages status: [{"wasSigned":true,"installState":"sameVersionInstalled","appPath":"/Users/anubhavgupta/.appium/node_modules/appium-uiautomator2-driver/node_modules/appium-uiautomator2-server/apks/appium-uiautomator2-server-v5.13.0.apk","appId":"io.appium.uiautomator2.server"},{"wasSigned":true,"installState":"sameVersionInstalled","appPath":"/Users/anubhavgupta/.appium/node_modules/appium-uiautomator2-driver/node_modules/appium-uiautomator2-server/apks/appium-uiautomator2-server-debug-androidTest.apk","appId":"io.appium.uiautomator2.server.test"}]
&amp#27;[38;5;32m[AndroidUiautomator2Driver@11a5 (752558e8)]&amp#27;[0m Server packages are not going to be (re)installed
&amp#27;[38;5;32m[AndroidUiautomator2Driver@11a5 (752558e8)]&amp#27;[0m Waiting up to 30000ms for services to be available
&amp#27;[38;5;64m[ADB]&amp#27;[0m Running '/Users/anubhavgupta/Library/Android/sdk/platform-tools/adb -P 5037 -s emulator-5554 shell pm list instrumentation'
&amp#27;[38;5;32m[AndroidUiautomator2Driver@11a5 (752558e8)]&amp#27;[0m Instrumentation target 'io.appium.uiautomator2.server.test/androidx.test.runner.AndroidJUnitRunner' is available
&amp#27;[38;5;64m[ADB]&amp#27;[0m Adding packages ["io.appium.settings","io.appium.uiautomator2.server","io.appium.uiautomator2.server.test"] to Doze whitelist
&amp#27;[38;5;64m[ADB]&amp#27;[0m Got the following command chunks to execute: [["dumpsys","deviceidle","whitelist","+io.appium.settings",";","dumpsys","deviceidle","whitelist","+io.appium.uiautomator2.server",";","dumpsys","deviceidle","whitelist","+io.appium.uiautomator2.server.test",";"]]
&amp#27;[38;5;64m[ADB]&amp#27;[0m Running '/Users/anubhavgupta/Library/Android/sdk/platform-tools/adb -P 5037 -s emulator-5554 shell dumpsys deviceidle whitelist +io.appium.settings ; dumpsys deviceidle whitelist +io.appium.uiautomator2.server ; dumpsys deviceidle whitelist +io.appium.uiautomator2.server.test ;'
&amp#27;[38;5;64m[ADB]&amp#27;[0m Checking app cert for /Users/anubhavgupta/Documents/eclipse-workspace(Java)/AppTestingFramework/src/main/java/APPS/General-Store.apk
&amp#27;[38;5;64m[ADB]&amp#27;[0m Using the previously cached signature entry for 'General-Store.apk'
&amp#27;[38;5;64m[ADB]&amp#27;[0m Getting package info for 'com.androidsample.generalstore'
&amp#27;[38;5;64m[ADB]&amp#27;[0m Running '/Users/anubhavgupta/Library/Android/sdk/platform-tools/adb -P 5037 -s emulator-5554 shell dumpsys package com.androidsample.generalstore'
&amp#27;[38;5;64m[ADB]&amp#27;[0m The version name of the installed 'com.androidsample.generalstore' is greater or equal to the application version name ('1.0.0' >= '1.0.0')
&amp#27;[38;5;64m[ADB]&amp#27;[0m There is no need to install/upgrade '/Users/anubhavgupta/Documents/eclipse-workspace(Java)/AppTestingFramework/src/main/java/APPS/General-Store.apk'
&amp#27;[38;5;80m[AndroidDriver]&amp#27;[0m Performing fast reset on 'com.androidsample.generalstore'
&amp#27;[38;5;64m[ADB]&amp#27;[0m Getting install status for com.androidsample.generalstore
&amp#27;[38;5;64m[ADB]&amp#27;[0m Running '/Users/anubhavgupta/Library/Android/sdk/platform-tools/adb -P 5037 -s emulator-5554 shell pm path com.androidsample.generalstore'
&amp#27;[38;5;64m[ADB]&amp#27;[0m 'com.androidsample.generalstore' is installed
&amp#27;[38;5;64m[ADB]&amp#27;[0m Running '/Users/anubhavgupta/Library/Android/sdk/platform-tools/adb -P 5037 -s emulator-5554 shell am force-stop com.androidsample.generalstore'
&amp#27;[38;5;64m[ADB]&amp#27;[0m Running '/Users/anubhavgupta/Library/Android/sdk/platform-tools/adb -P 5037 -s emulator-5554 shell pm clear com.androidsample.generalstore'
&amp#27;[38;5;80m[AndroidDriver]&amp#27;[0m Performed fast reset on the installed 'com.androidsample.generalstore' application (stop and clear)
&amp#27;[38;5;32m[AndroidUiautomator2Driver@11a5 (752558e8)]&amp#27;[0m Performing shallow cleanup of automation leftovers
&amp#27;[38;5;32m[AndroidUiautomator2Driver@11a5 (752558e8)]&amp#27;[0m No obsolete sessions have been detected (socket hang up)
&amp#27;[38;5;64m[ADB]&amp#27;[0m Running '/Users/anubhavgupta/Library/Android/sdk/platform-tools/adb -P 5037 -s emulator-5554 shell am force-stop io.appium.uiautomator2.server.test'
&amp#27;[38;5;32m[AndroidUiautomator2Driver@11a5 (752558e8)]&amp#27;[0m Starting UIAutomator2 server 5.13.0
&amp#27;[38;5;32m[AndroidUiautomator2Driver@11a5 (752558e8)]&amp#27;[0m Using UIAutomator2 server from '/Users/anubhavgupta/.appium/node_modules/appium-uiautomator2-driver/node_modules/appium-uiautomator2-server/apks/appium-uiautomator2-server-v5.13.0.apk' and test from '/Users/anubhavgupta/.appium/node_modules/appium-uiautomator2-driver/node_modules/appium-uiautomator2-server/apks/appium-uiautomator2-server-debug-androidTest.apk'
&amp#27;[38;5;32m[AndroidUiautomator2Driver@11a5 (752558e8)]&amp#27;[0m Waiting up to 30000ms for UiAutomator2 to be online...
&amp#27;[38;5;64m[ADB]&amp#27;[0m Creating ADB subprocess with args: ["-P","5037","-s","emulator-5554","shell","am","instrument","-w","-e","disableAnalytics","true","io.appium.uiautomator2.server.test/androidx.test.runner.AndroidJUnitRunner"]
&amp#27;[38;5;32m[AndroidUiautomator2Driver@11a5 (752558e8)]&amp#27;[0m Matched '/status' to command name 'getStatus'
&amp#27;[38;5;32m[AndroidUiautomator2Driver@11a5 (752558e8)]&amp#27;[0m Proxying [GET /status] to [GET http://127.0.0.1:8200/status] with no body
&amp#27;[38;5;32m[AndroidUiautomator2Driver@11a5 (752558e8)]&amp#27;[0m socket hang up
&amp#27;[38;5;32m[AndroidUiautomator2Driver@11a5 (752558e8)]&amp#27;[0m Matched '/status' to command name 'getStatus'
&amp#27;[38;5;32m[AndroidUiautomator2Driver@11a5 (752558e8)]&amp#27;[0m Proxying [GET /status] to [GET http://127.0.0.1:8200/status] with no body
&amp#27;[38;5;112m[Instrumentation]&amp#27;[0m io.appium.uiautomator2.server.test.AppiumUiAutomator2Server:
&amp#27;[38;5;32m[AndroidUiautomator2Driver@11a5 (752558e8)]&amp#27;[0m socket hang up
&amp#27;[38;5;32m[AndroidUiautomator2Driver@11a5 (752558e8)]&amp#27;[0m Matched '/status' to command name 'getStatus'
&amp#27;[38;5;32m[AndroidUiautomator2Driver@11a5 (752558e8)]&amp#27;[0m Proxying [GET /status] to [GET http://127.0.0.1:8200/status] with no body
&amp#27;[38;5;32m[AndroidUiautomator2Driver@11a5 (752558e8)]&amp#27;[0m socket hang up
&amp#27;[38;5;32m[AndroidUiautomator2Driver@11a5 (752558e8)]&amp#27;[0m Matched '/status' to command name 'getStatus'
&amp#27;[38;5;32m[AndroidUiautomator2Driver@11a5 (752558e8)]&amp#27;[0m Proxying [GET /status] to [GET http://127.0.0.1:8200/status] with no body
&amp#27;[38;5;32m[AndroidUiautomator2Driver@11a5 (752558e8)]&amp#27;[0m Got response with status 200: {"sessionId":"None","value":{"message":"UiAutomator2 Server is ready to accept commands","ready":true}}
&amp#27;[38;5;32m[AndroidUiautomator2Driver@11a5 (752558e8)]&amp#27;[0m The initialization of the instrumentation process took 3178ms
&amp#27;[38;5;32m[AndroidUiautomator2Driver@11a5 (752558e8)]&amp#27;[0m Matched '/session' to command name 'createSession'
&amp#27;[38;5;32m[AndroidUiautomator2Driver@11a5 (752558e8)]&amp#27;[0m Proxying [POST /session] to [POST http://127.0.0.1:8200/session] with body: {"capabilities":{"firstMatch":[{"platformName":"ANDROID","app":"/Users/anubhavgupta/Documents/eclipse-workspace(Java)/AppTestingFramework/src/main/java/APPS/General-Store.apk","automationName":"UIAutomator2","chromedriverExecutable":"/Users/anubhavgupta/Documents/Drivers/chromedriver_103","deviceName":"emulator-5554","platform":"LINUX","webStorageEnabled":false,"takesScreenshot":true,"javascriptEnabled":true,"databaseEnabled":false,"networkConnectionEnabled":true,"locationContextEnabled":false,"warnings":{},"desired":{"platformName":"ANDROID","app":"/Users/anubhavgupta/Documents/eclipse-workspace(Java)/AppTestingFramework/src/main/java/APPS/General-Store.apk","automationName":"UIAutomator2","chromedriverExecutable":"/Users/anubhavgupta/Documents/Drivers/chromedriver_103","deviceName":"Anubhav Small Phone"},"deviceUDID":"emulator-5554","appPackage":"com.androidsample.generalstore"}],"alwaysMatch":{}}}
&amp#27;[38;5;32m[AndroidUiautomator2Driver@11a5 (752558e8)]&amp#27;[0m Got response with status 200: {"sessionId":"2546ebe7-3247-4d43-9e86-a9e1d8682b36","value":{"capabilities":{"firstMatch":[{"platformName":"ANDROID","app":"/Users/anubhavgupta/Documents/eclipse-workspace(Java)/AppTestingFramework/src/main/java/APPS/General-Store.apk","automationName":"UIAutomator2","chromedriverExecutable":"/Users/anubhavgupta/Documents/Drivers/chromedriver_103","deviceName":"emulator-5554","platform":"LINUX","webStorageEnabled":false,"takesScreenshot":true,"javascriptEnabled":true,"databaseEnabled":false,"networkConnectionEnabled":true,"locationContextEnabled":false,"warnings":{},"desired":{"platformName":"ANDROID","app":"/Users/anubhavgupta/Documents/eclipse-workspace(Java)/AppTestingFramework/src/main/java/APPS/General-Store.apk","automationName":"UIAutomator2","chromedriverExecutable":"/Users/anubhavgupta/Documents/Drivers/chromedriver_103","deviceName":"Anubhav Small Phone"},"deviceUDID":"emulator-5554","appPackage":"com.androidsample.generalstore"}],"alwaysMatch":{}},"sessionId":"2546ebe7-3247-4d43-9e86-a9e1d8682b3...
&amp#27;[38;5;32m[AndroidUiautomator2Driver@11a5 (752558e8)]&amp#27;[0m Determined the downstream protocol as 'W3C'
&amp#27;[38;5;32m[AndroidUiautomator2Driver@11a5 (752558e8)]&amp#27;[0m Proxying [GET /appium/device/pixel_ratio] to [GET http://127.0.0.1:8200/session/2546ebe7-3247-4d43-9e86-a9e1d8682b36/appium/device/pixel_ratio] with no body
&amp#27;[38;5;32m[AndroidUiautomator2Driver@11a5 (752558e8)]&amp#27;[0m Matched '/appium/device/system_bars' to command name 'getSystemBars'
&amp#27;[38;5;32m[AndroidUiautomator2Driver@11a5 (752558e8)]&amp#27;[0m Proxying [GET /appium/device/system_bars] to [GET http://127.0.0.1:8200/session/2546ebe7-3247-4d43-9e86-a9e1d8682b36/appium/device/system_bars] with no body
&amp#27;[38;5;32m[AndroidUiautomator2Driver@11a5 (752558e8)]&amp#27;[0m Matched '/window/current/size' to command name 'getWindowSize'
&amp#27;[38;5;32m[AndroidUiautomator2Driver@11a5 (752558e8)]&amp#27;[0m Proxying [GET /window/current/size] to [GET http://127.0.0.1:8200/session/2546ebe7-3247-4d43-9e86-a9e1d8682b36/window/current/size] with no body
&amp#27;[38;5;32m[AndroidUiautomator2Driver@11a5 (752558e8)]&amp#27;[0m Proxying [GET /appium/device/info] to [GET http://127.0.0.1:8200/session/2546ebe7-3247-4d43-9e86-a9e1d8682b36/appium/device/info] with no body
&amp#27;[38;5;64m[ADB]&amp#27;[0m Running '/Users/anubhavgupta/Library/Android/sdk/platform-tools/adb -P 5037 -s emulator-5554 shell dumpsys window'
&amp#27;[38;5;32m[AndroidUiautomator2Driver@11a5 (752558e8)]&amp#27;[0m Got response with status 200: {"sessionId":"2546ebe7-3247-4d43-9e86-a9e1d8682b36","value":2.75}
&amp#27;[38;5;32m[AndroidUiautomator2Driver@11a5 (752558e8)]&amp#27;[0m Got response with status 200: {"sessionId":"2546ebe7-3247-4d43-9e86-a9e1d8682b36","value":{"height":2214,"width":1080}}
&amp#27;[38;5;32m[AndroidUiautomator2Driver@11a5 (752558e8)]&amp#27;[0m Got response with status 200: {"sessionId":"2546ebe7-3247-4d43-9e86-a9e1d8682b36","value":{"statusBar":83}}
&amp#27;[38;5;32m[AndroidUiautomator2Driver@11a5 (752558e8)]&amp#27;[0m Got response with status 200: {"sessionId":"2546ebe7-3247-4d43-9e86-a9e1d8682b36","value":{"androidId":"dd4768480b6a0288","apiVersion":"33","bluetooth":{"state":"ON"},"brand":"google","carrierName":"T-Mobile","displayDensity":440,"locale":"en_US","manufacturer":"Google","model":"sdk_gphone64_arm64","networks":[{"capabilities":{"SSID":null,"linkDownBandwidthKbps":30000,"linkUpstreamBandwidthKbps":12000,"networkCapabilities":"NET_CAPABILITY_NOT_METERED,NET_CAPABILITY_INTERNET,NET_CAPABILITY_NOT_RESTRICTED,NET_CAPABILITY_TRUSTED,NET_CAPABILITY_NOT_VPN,NET_CAPABILITY_VALIDATED,NET_CAPABILITY_NOT_ROAMING,NET_CAPABILITY_FOREGROUND,NET_CAPABILITY_NOT_CONGESTED,NET_CAPABILITY_NOT_SUSPENDED","signalStrength":-50,"transportTypes":"TRANSPORT_WIFI"},"detailedState":"CONNECTED","extraInfo":"","isAvailable":true,"isConnected":true,"isFailover":false,"isRoaming":false,"state":"CONNECTED","subtype":-1,"subtypeName":"","type":1,"typeName":"WIFI"},{"capabilities":{"SSID":null,"linkDownBandwidthKbps":4300,"linkUpstreamBandwidthKbps":1800,"networkCapabili...
&amp#27;[38;5;80m[AndroidDriver]&amp#27;[0m Screen already unlocked, doing nothing
&amp#27;[38;5;32m[AndroidUiautomator2Driver@11a5 (752558e8)]&amp#27;[0m Starting 'com.androidsample.generalstore/com.androidsample.generalstore.SplashActivity and waiting for 'com.androidsample.generalstore/com.androidsample.generalstore.SplashActivity'
&amp#27;[38;5;64m[ADB]&amp#27;[0m Running '/Users/anubhavgupta/Library/Android/sdk/platform-tools/adb -P 5037 -s emulator-5554 shell am start -W -n com.androidsample.generalstore/com.androidsample.generalstore.SplashActivity -S -a android.intent.action.MAIN -c android.intent.category.LAUNCHER -f 0x10200000'
&amp#27;[38;5;64m[ADB]&amp#27;[0m Waiting up to 20000ms for activity matching pkg: 'com.androidsample.generalstore' and activity: 'com.androidsample.generalstore.SplashActivity' to be focused
&amp#27;[38;5;64m[ADB]&amp#27;[0m Possible activities, to be checked: 'com.androidsample.generalstore.SplashActivity', 'com.androidsample.generalstore.com.androidsample.generalstore.SplashActivity'
&amp#27;[38;5;64m[ADB]&amp#27;[0m Getting focused package and activity
&amp#27;[38;5;64m[ADB]&amp#27;[0m Running '/Users/anubhavgupta/Library/Android/sdk/platform-tools/adb -P 5037 -s emulator-5554 shell dumpsys window displays'
&amp#27;[38;5;64m[ADB]&amp#27;[0m Found package: 'com.androidsample.generalstore' and fully qualified activity name : 'com.androidsample.generalstore.SplashActivity'
&amp#27;[38;5;16m[AppiumDriver@3eb4]&amp#27;[0m New AndroidUiautomator2Driver session created successfully, session 752558e8-aa33-4f29-993d-1b4a0f80a2c1 added to master session list
&amp#27;[38;5;16m[AppiumDriver@3eb4]&amp#27;[0m Event 'newSessionStarted' logged at 1705336343721 (22:02:23 GMT+0530 (India Standard Time))
&amp#27;[38;5;32m[AndroidUiautomator2Driver@11a5 (752558e8)]&amp#27;[0m Cached the protocol value 'W3C' for the new session 752558e8-aa33-4f29-993d-1b4a0f80a2c1
&amp#27;[38;5;32m[AndroidUiautomator2Driver@11a5 (752558e8)]&amp#27;[0m Responding to client with driver.createSession() result: {"capabilities":{"platformName":"ANDROID","app":"/Users/anubhavgupta/Documents/eclipse-workspace(Java)/AppTestingFramework/src/main/java/APPS/General-Store.apk","automationName":"UIAutomator2","chromedriverExecutable":"/Users/anubhavgupta/Documents/Drivers/chromedriver_103","deviceName":"emulator-5554","platform":"LINUX","webStorageEnabled":false,"takesScreenshot":true,"javascriptEnabled":true,"databaseEnabled":false,"networkConnectionEnabled":true,"locationContextEnabled":false,"warnings":{},"desired":{"platformName":"ANDROID","app":"/Users/anubhavgupta/Documents/eclipse-workspace(Java)/AppTestingFramework/src/main/java/APPS/General-Store.apk","automationName":"UIAutomator2","chromedriverExecutable":"/Users/anubhavgupta/Documents/Drivers/chromedriver_103","deviceName":"Anubhav Small Phone"},"deviceUDID":"emulator-5554","appPackage":"com.androidsample.generalstore","pixelRatio":"2.75","statBarHeight":83,"viewportRect":{"left":0,"top":83,"width":1080,"height":2131},"deviceApiLevel":33,"platformVersion":"13"...
&amp#27;[38;5;0m[HTTP]&amp#27;[0m <-- POST /session 200 6583 ms - 1206
&amp#27;[38;5;0m[HTTP]&amp#27;[0m 
&amp#27;[38;5;0m[HTTP]&amp#27;[0m &amp#27;[37m-->&amp#27;[39m &amp#27;[37mPOST&amp#27;[39m &amp#27;[37m/session/752558e8-aa33-4f29-993d-1b4a0f80a2c1/timeouts&amp#27;[39m
&amp#27;[38;5;0m[HTTP]&amp#27;[0m {"implicit":10000}
&amp#27;[38;5;32m[AndroidUiautomator2Driver@11a5 (752558e8)]&amp#27;[0m Calling AppiumDriver.timeouts() with args: [null,null,null,null,10000,"752558e8-aa33-4f29-993d-1b4a0f80a2c1"]
&amp#27;[38;5;32m[AndroidUiautomator2Driver@11a5 (752558e8)]&amp#27;[0m W3C timeout argument: {"implicit":10000}}
&amp#27;[38;5;32m[AndroidUiautomator2Driver@11a5 (752558e8)]&amp#27;[0m Set implicit wait to 10000ms
&amp#27;[38;5;32m[AndroidUiautomator2Driver@11a5 (752558e8)]&amp#27;[0m Responding to client with driver.timeouts() result: null
&amp#27;[38;5;0m[HTTP]&amp#27;[0m <-- POST /session/752558e8-aa33-4f29-993d-1b4a0f80a2c1/timeouts 200 2 ms - 14
&amp#27;[38;5;0m[HTTP]&amp#27;[0m 
&amp#27;[38;5;0m[HTTP]&amp#27;[0m &amp#27;[37m-->&amp#27;[39m &amp#27;[37mGET&amp#27;[39m &amp#27;[37m/session/752558e8-aa33-4f29-993d-1b4a0f80a2c1/context&amp#27;[39m
&amp#27;[38;5;0m[HTTP]&amp#27;[0m {}
&amp#27;[38;5;32m[AndroidUiautomator2Driver@11a5 (752558e8)]&amp#27;[0m Calling AppiumDriver.getCurrentContext() with args: ["752558e8-aa33-4f29-993d-1b4a0f80a2c1"]
&amp#27;[38;5;32m[AndroidUiautomator2Driver@11a5 (752558e8)]&amp#27;[0m Responding to client with driver.getCurrentContext() result: "NATIVE_APP"
&amp#27;[38;5;0m[HTTP]&amp#27;[0m <-- GET /session/752558e8-aa33-4f29-993d-1b4a0f80a2c1/context 200 2 ms - 22
&amp#27;[38;5;0m[HTTP]&amp#27;[0m 
&amp#27;[38;5;0m[HTTP]&amp#27;[0m &amp#27;[37m-->&amp#27;[39m &amp#27;[37mPOST&amp#27;[39m &amp#27;[37m/session/752558e8-aa33-4f29-993d-1b4a0f80a2c1/element&amp#27;[39m
&amp#27;[38;5;0m[HTTP]&amp#27;[0m {"using":"id","value":"com.androidsample.generalstore:id/nameField"}
&amp#27;[38;5;32m[AndroidUiautomator2Driver@11a5 (752558e8)]&amp#27;[0m Calling AppiumDriver.findElement() with args: ["id","com.androidsample.generalstore:id/nameField","752558e8-aa33-4f29-993d-1b4a0f80a2c1"]
&amp#27;[38;5;32m[AndroidUiautomator2Driver@11a5 (752558e8)]&amp#27;[0m Valid locator strategies for this request: xpath, id, class name, accessibility id, css selector, -android uiautomator
&amp#27;[38;5;32m[AndroidUiautomator2Driver@11a5 (752558e8)]&amp#27;[0m Waiting up to 10000 ms for condition
&amp#27;[38;5;32m[AndroidUiautomator2Driver@11a5 (752558e8)]&amp#27;[0m Matched '/element' to command name 'findElement'
&amp#27;[38;5;32m[AndroidUiautomator2Driver@11a5 (752558e8)]&amp#27;[0m Proxying [POST /element] to [POST http://127.0.0.1:8200/session/2546ebe7-3247-4d43-9e86-a9e1d8682b36/element] with body: {"strategy":"id","selector":"com.androidsample.generalstore:id/nameField","context":"","multiple":false}
&amp#27;[38;5;32m[AndroidUiautomator2Driver@11a5 (752558e8)]&amp#27;[0m Got response with status 404: {"sessionId":"2546ebe7-3247-4d43-9e86-a9e1d8682b36","value":{"error":"no such element","message":"An element could not be located on the page using the given search parameters","stacktrace":"io.appium.uiautomator2.common.exceptions.ElementNotFoundException: An element could not be located on the page using the given search parameters\n\tat io.appium.uiautomator2.handler.FindElement.safeHandle(FindElement.java:63)\n\tat io.appium.uiautomator2.handler.request.SafeRequestHandler.handle(SafeRequestHandler.java:59)\n\tat io.appium.uiautomator2.server.AppiumServlet.handleRequest(AppiumServlet.java:277)\n\tat io.appium.uiautomator2.server.AppiumServlet.handleHttpRequest(AppiumServlet.java:271)\n\tat io.appium.uiautomator2.http.ServerHandler.channelRead(ServerHandler.java:77)\n\tat io.netty.channel.AbstractChannelHandlerContext.invokeChannelRead(AbstractChannelHandlerContext.java:366)\n\tat io.netty.channel.AbstractChannelHandlerContext.invokeChannelRead(AbstractChannelHandlerContext.java:352)\n\tat io.netty.chann...
&amp#27;[38;5;128m[W3C]&amp#27;[0m Matched W3C error code 'no such element' to NoSuchElementError
&amp#27;[38;5;32m[AndroidUiautomator2Driver@11a5 (752558e8)]&amp#27;[0m Waited for 472 ms so far
&amp#27;[38;5;32m[AndroidUiautomator2Driver@11a5 (752558e8)]&amp#27;[0m Matched '/element' to command name 'findElement'
&amp#27;[38;5;32m[AndroidUiautomator2Driver@11a5 (752558e8)]&amp#27;[0m Proxying [POST /element] to [POST http://127.0.0.1:8200/session/2546ebe7-3247-4d43-9e86-a9e1d8682b36/element] with body: {"strategy":"id","selector":"com.androidsample.generalstore:id/nameField","context":"","multiple":false}
&amp#27;[38;5;32m[AndroidUiautomator2Driver@11a5 (752558e8)]&amp#27;[0m Got response with status 404: {"sessionId":"2546ebe7-3247-4d43-9e86-a9e1d8682b36","value":{"error":"no such element","message":"An element could not be located on the page using the given search parameters","stacktrace":"io.appium.uiautomator2.common.exceptions.ElementNotFoundException: An element could not be located on the page using the given search parameters\n\tat io.appium.uiautomator2.handler.FindElement.safeHandle(FindElement.java:63)\n\tat io.appium.uiautomator2.handler.request.SafeRequestHandler.handle(SafeRequestHandler.java:59)\n\tat io.appium.uiautomator2.server.AppiumServlet.handleRequest(AppiumServlet.java:277)\n\tat io.appium.uiautomator2.server.AppiumServlet.handleHttpRequest(AppiumServlet.java:271)\n\tat io.appium.uiautomator2.http.ServerHandler.channelRead(ServerHandler.java:77)\n\tat io.netty.channel.AbstractChannelHandlerContext.invokeChannelRead(AbstractChannelHandlerContext.java:366)\n\tat io.netty.channel.AbstractChannelHandlerContext.invokeChannelRead(AbstractChannelHandlerContext.java:352)\n\tat io.netty.chann...
&amp#27;[38;5;128m[W3C]&amp#27;[0m Matched W3C error code 'no such element' to NoSuchElementError
&amp#27;[38;5;32m[AndroidUiautomator2Driver@11a5 (752558e8)]&amp#27;[0m Waited for 996 ms so far
&amp#27;[38;5;32m[AndroidUiautomator2Driver@11a5 (752558e8)]&amp#27;[0m Matched '/element' to command name 'findElement'
&amp#27;[38;5;32m[AndroidUiautomator2Driver@11a5 (752558e8)]&amp#27;[0m Proxying [POST /element] to [POST http://127.0.0.1:8200/session/2546ebe7-3247-4d43-9e86-a9e1d8682b36/element] with body: {"strategy":"id","selector":"com.androidsample.generalstore:id/nameField","context":"","multiple":false}
&amp#27;[38;5;32m[AndroidUiautomator2Driver@11a5 (752558e8)]&amp#27;[0m Got response with status 404: {"sessionId":"2546ebe7-3247-4d43-9e86-a9e1d8682b36","value":{"error":"no such element","message":"An element could not be located on the page using the given search parameters","stacktrace":"io.appium.uiautomator2.common.exceptions.ElementNotFoundException: An element could not be located on the page using the given search parameters\n\tat io.appium.uiautomator2.handler.FindElement.safeHandle(FindElement.java:63)\n\tat io.appium.uiautomator2.handler.request.SafeRequestHandler.handle(SafeRequestHandler.java:59)\n\tat io.appium.uiautomator2.server.AppiumServlet.handleRequest(AppiumServlet.java:277)\n\tat io.appium.uiautomator2.server.AppiumServlet.handleHttpRequest(AppiumServlet.java:271)\n\tat io.appium.uiautomator2.http.ServerHandler.channelRead(ServerHandler.java:77)\n\tat io.netty.channel.AbstractChannelHandlerContext.invokeChannelRead(AbstractChannelHandlerContext.java:366)\n\tat io.netty.channel.AbstractChannelHandlerContext.invokeChannelRead(AbstractChannelHandlerContext.java:352)\n\tat io.netty.chann...
&amp#27;[38;5;128m[W3C]&amp#27;[0m Matched W3C error code 'no such element' to NoSuchElementError
&amp#27;[38;5;32m[AndroidUiautomator2Driver@11a5 (752558e8)]&amp#27;[0m Waited for 1518 ms so far
&amp#27;[38;5;32m[AndroidUiautomator2Driver@11a5 (752558e8)]&amp#27;[0m Matched '/element' to command name 'findElement'
&amp#27;[38;5;32m[AndroidUiautomator2Driver@11a5 (752558e8)]&amp#27;[0m Proxying [POST /element] to [POST http://127.0.0.1:8200/session/2546ebe7-3247-4d43-9e86-a9e1d8682b36/element] with body: {"strategy":"id","selector":"com.androidsample.generalstore:id/nameField","context":"","multiple":false}
&amp#27;[38;5;32m[AndroidUiautomator2Driver@11a5 (752558e8)]&amp#27;[0m Got response with status 404: {"sessionId":"2546ebe7-3247-4d43-9e86-a9e1d8682b36","value":{"error":"no such element","message":"An element could not be located on the page using the given search parameters","stacktrace":"io.appium.uiautomator2.common.exceptions.ElementNotFoundException: An element could not be located on the page using the given search parameters\n\tat io.appium.uiautomator2.handler.FindElement.safeHandle(FindElement.java:63)\n\tat io.appium.uiautomator2.handler.request.SafeRequestHandler.handle(SafeRequestHandler.java:59)\n\tat io.appium.uiautomator2.server.AppiumServlet.handleRequest(AppiumServlet.java:277)\n\tat io.appium.uiautomator2.server.AppiumServlet.handleHttpRequest(AppiumServlet.java:271)\n\tat io.appium.uiautomator2.http.ServerHandler.channelRead(ServerHandler.java:77)\n\tat io.netty.channel.AbstractChannelHandlerContext.invokeChannelRead(AbstractChannelHandlerContext.java:366)\n\tat io.netty.channel.AbstractChannelHandlerContext.invokeChannelRead(AbstractChannelHandlerContext.java:352)\n\tat io.netty.chann...
&amp#27;[38;5;128m[W3C]&amp#27;[0m Matched W3C error code 'no such element' to NoSuchElementError
&amp#27;[38;5;32m[AndroidUiautomator2Driver@11a5 (752558e8)]&amp#27;[0m Waited for 2042 ms so far
&amp#27;[38;5;32m[AndroidUiautomator2Driver@11a5 (752558e8)]&amp#27;[0m Matched '/element' to command name 'findElement'
&amp#27;[38;5;32m[AndroidUiautomator2Driver@11a5 (752558e8)]&amp#27;[0m Proxying [POST /element] to [POST http://127.0.0.1:8200/session/2546ebe7-3247-4d43-9e86-a9e1d8682b36/element] with body: {"strategy":"id","selector":"com.androidsample.generalstore:id/nameField","context":"","multiple":false}
&amp#27;[38;5;32m[AndroidUiautomator2Driver@11a5 (752558e8)]&amp#27;[0m Got response with status 404: {"sessionId":"2546ebe7-3247-4d43-9e86-a9e1d8682b36","value":{"error":"no such element","message":"An element could not be located on the page using the given search parameters","stacktrace":"io.appium.uiautomator2.common.exceptions.ElementNotFoundException: An element could not be located on the page using the given search parameters\n\tat io.appium.uiautomator2.handler.FindElement.safeHandle(FindElement.java:63)\n\tat io.appium.uiautomator2.handler.request.SafeRequestHandler.handle(SafeRequestHandler.java:59)\n\tat io.appium.uiautomator2.server.AppiumServlet.handleRequest(AppiumServlet.java:277)\n\tat io.appium.uiautomator2.server.AppiumServlet.handleHttpRequest(AppiumServlet.java:271)\n\tat io.appium.uiautomator2.http.ServerHandler.channelRead(ServerHandler.java:77)\n\tat io.netty.channel.AbstractChannelHandlerContext.invokeChannelRead(AbstractChannelHandlerContext.java:366)\n\tat io.netty.channel.AbstractChannelHandlerContext.invokeChannelRead(AbstractChannelHandlerContext.java:352)\n\tat io.netty.chann...
&amp#27;[38;5;128m[W3C]&amp#27;[0m Matched W3C error code 'no such element' to NoSuchElementError
&amp#27;[38;5;32m[AndroidUiautomator2Driver@11a5 (752558e8)]&amp#27;[0m Waited for 2855 ms so far
&amp#27;[38;5;32m[AndroidUiautomator2Driver@11a5 (752558e8)]&amp#27;[0m Matched '/element' to command name 'findElement'
&amp#27;[38;5;32m[AndroidUiautomator2Driver@11a5 (752558e8)]&amp#27;[0m Proxying [POST /element] to [POST http://127.0.0.1:8200/session/2546ebe7-3247-4d43-9e86-a9e1d8682b36/element] with body: {"strategy":"id","selector":"com.androidsample.generalstore:id/nameField","context":"","multiple":false}
&amp#27;[38;5;32m[AndroidUiautomator2Driver@11a5 (752558e8)]&amp#27;[0m Got response with status 200: {"sessionId":"2546ebe7-3247-4d43-9e86-a9e1d8682b36","value":{"ELEMENT":"00000000-0000-018e-ffff-ffff0000001c","element-6066-11e4-a52e-4f735466cecf":"00000000-0000-018e-ffff-ffff0000001c"}}
&amp#27;[38;5;32m[AndroidUiautomator2Driver@11a5 (752558e8)]&amp#27;[0m Responding to client with driver.findElement() result: {"element-6066-11e4-a52e-4f735466cecf":"00000000-0000-018e-ffff-ffff0000001c","ELEMENT":"00000000-0000-018e-ffff-ffff0000001c"}
&amp#27;[38;5;0m[HTTP]&amp#27;[0m <-- POST /session/752558e8-aa33-4f29-993d-1b4a0f80a2c1/element 200 3404 ms - 137
&amp#27;[38;5;0m[HTTP]&amp#27;[0m 
&amp#27;[38;5;0m[HTTP]&amp#27;[0m &amp#27;[37m-->&amp#27;[39m &amp#27;[37mPOST&amp#27;[39m &amp#27;[37m/session/752558e8-aa33-4f29-993d-1b4a0f80a2c1/element/00000000-0000-018e-ffff-ffff0000001c/value&amp#27;[39m
&amp#27;[38;5;0m[HTTP]&amp#27;[0m {"id":"00000000-0000-018e-ffff-ffff0000001c","text":"Deepanshi Garg","value":["D","e","e","p","a","n","s","h","i"," ","G","a","r","g"]}
&amp#27;[38;5;32m[AndroidUiautomator2Driver@11a5 (752558e8)]&amp#27;[0m Calling AppiumDriver.setValue() with args: [["D","e","e","p","a","n","s","h","i"," ","G","a","r","g"],"00000000-0000-018e-ffff-ffff0000001c","752558e8-aa33-4f29-993d-1b4a0f80a2c1"]
&amp#27;[38;5;32m[AndroidUiautomator2Driver@11a5 (752558e8)]&amp#27;[0m Matched '/element/00000000-0000-018e-ffff-ffff0000001c/value' to command name 'setValue'
&amp#27;[38;5;32m[AndroidUiautomator2Driver@11a5 (752558e8)]&amp#27;[0m Added 'value' property ["D","e","e","p","a","n","s","h","i"," ","G","a","r","g"] to 'setValue' request body
&amp#27;[38;5;32m[AndroidUiautomator2Driver@11a5 (752558e8)]&amp#27;[0m Proxying [POST /element/00000000-0000-018e-ffff-ffff0000001c/value] to [POST http://127.0.0.1:8200/session/2546ebe7-3247-4d43-9e86-a9e1d8682b36/element/00000000-0000-018e-ffff-ffff0000001c/value] with body: {"elementId":"00000000-0000-018e-ffff-ffff0000001c","text":"Deepanshi Garg","replace":false,"value":["D","e","e","p","a","n","s","h","i"," ","G","a","r","g"]}
&amp#27;[38;5;32m[AndroidUiautomator2Driver@11a5 (752558e8)]&amp#27;[0m Got response with status 200: {"sessionId":"2546ebe7-3247-4d43-9e86-a9e1d8682b36","value":null}
&amp#27;[38;5;32m[AndroidUiautomator2Driver@11a5 (752558e8)]&amp#27;[0m Responding to client with driver.setValue() result: null
&amp#27;[38;5;0m[HTTP]&amp#27;[0m <-- POST /session/752558e8-aa33-4f29-993d-1b4a0f80a2c1/element/00000000-0000-018e-ffff-ffff0000001c/value 200 1185 ms - 14
&amp#27;[38;5;0m[HTTP]&amp#27;[0m 
&amp#27;[38;5;0m[HTTP]&amp#27;[0m &amp#27;[37m-->&amp#27;[39m &amp#27;[37mGET&amp#27;[39m &amp#27;[37m/session/752558e8-aa33-4f29-993d-1b4a0f80a2c1/context&amp#27;[39m
&amp#27;[38;5;0m[HTTP]&amp#27;[0m {}
&amp#27;[38;5;32m[AndroidUiautomator2Driver@11a5 (752558e8)]&amp#27;[0m Calling AppiumDriver.getCurrentContext() with args: ["752558e8-aa33-4f29-993d-1b4a0f80a2c1"]
&amp#27;[38;5;32m[AndroidUiautomator2Driver@11a5 (752558e8)]&amp#27;[0m Responding to client with driver.getCurrentContext() result: "NATIVE_APP"
&amp#27;[38;5;0m[HTTP]&amp#27;[0m <-- GET /session/752558e8-aa33-4f29-993d-1b4a0f80a2c1/context 200 2 ms - 22
&amp#27;[38;5;0m[HTTP]&amp#27;[0m 
&amp#27;[38;5;0m[HTTP]&amp#27;[0m &amp#27;[37m-->&amp#27;[39m &amp#27;[37mPOST&amp#27;[39m &amp#27;[37m/session/752558e8-aa33-4f29-993d-1b4a0f80a2c1/element&amp#27;[39m
&amp#27;[38;5;0m[HTTP]&amp#27;[0m {"using":"id","value":"com.androidsample.generalstore:id/radioFemale"}
&amp#27;[38;5;32m[AndroidUiautomator2Driver@11a5 (752558e8)]&amp#27;[0m Calling AppiumDriver.findElement() with args: ["id","com.androidsample.generalstore:id/radioFemale","752558e8-aa33-4f29-993d-1b4a0f80a2c1"]
&amp#27;[38;5;32m[AndroidUiautomator2Driver@11a5 (752558e8)]&amp#27;[0m Valid locator strategies for this request: xpath, id, class name, accessibility id, css selector, -android uiautomator
&amp#27;[38;5;32m[AndroidUiautomator2Driver@11a5 (752558e8)]&amp#27;[0m Waiting up to 10000 ms for condition
&amp#27;[38;5;32m[AndroidUiautomator2Driver@11a5 (752558e8)]&amp#27;[0m Matched '/element' to command name 'findElement'
&amp#27;[38;5;32m[AndroidUiautomator2Driver@11a5 (752558e8)]&amp#27;[0m Proxying [POST /element] to [POST http://127.0.0.1:8200/session/2546ebe7-3247-4d43-9e86-a9e1d8682b36/element] with body: {"strategy":"id","selector":"com.androidsample.generalstore:id/radioFemale","context":"","multiple":false}
&amp#27;[38;5;32m[AndroidUiautomator2Driver@11a5 (752558e8)]&amp#27;[0m Got response with status 200: {"sessionId":"2546ebe7-3247-4d43-9e86-a9e1d8682b36","value":{"ELEMENT":"00000000-0000-018e-ffff-ffff00000020","element-6066-11e4-a52e-4f735466cecf":"00000000-0000-018e-ffff-ffff00000020"}}
&amp#27;[38;5;32m[AndroidUiautomator2Driver@11a5 (752558e8)]&amp#27;[0m Responding to client with driver.findElement() result: {"element-6066-11e4-a52e-4f735466cecf":"00000000-0000-018e-ffff-ffff00000020","ELEMENT":"00000000-0000-018e-ffff-ffff00000020"}
&amp#27;[38;5;0m[HTTP]&amp#27;[0m <-- POST /session/752558e8-aa33-4f29-993d-1b4a0f80a2c1/element 200 492 ms - 137
&amp#27;[38;5;0m[HTTP]&amp#27;[0m 
&amp#27;[38;5;0m[HTTP]&amp#27;[0m &amp#27;[37m-->&amp#27;[39m &amp#27;[37mPOST&amp#27;[39m &amp#27;[37m/session/752558e8-aa33-4f29-993d-1b4a0f80a2c1/element/00000000-0000-018e-ffff-ffff00000020/click&amp#27;[39m
&amp#27;[38;5;0m[HTTP]&amp#27;[0m {"id":"00000000-0000-018e-ffff-ffff00000020"}
&amp#27;[38;5;32m[AndroidUiautomator2Driver@11a5 (752558e8)]&amp#27;[0m Calling AppiumDriver.click() with args: ["00000000-0000-018e-ffff-ffff00000020","752558e8-aa33-4f29-993d-1b4a0f80a2c1"]
&amp#27;[38;5;32m[AndroidUiautomator2Driver@11a5 (752558e8)]&amp#27;[0m Matched '/element/00000000-0000-018e-ffff-ffff00000020/click' to command name 'click'
&amp#27;[38;5;32m[AndroidUiautomator2Driver@11a5 (752558e8)]&amp#27;[0m Proxying [POST /element/00000000-0000-018e-ffff-ffff00000020/click] to [POST http://127.0.0.1:8200/session/2546ebe7-3247-4d43-9e86-a9e1d8682b36/element/00000000-0000-018e-ffff-ffff00000020/click] with body: {"element":"00000000-0000-018e-ffff-ffff00000020"}
&amp#27;[38;5;32m[AndroidUiautomator2Driver@11a5 (752558e8)]&amp#27;[0m Got response with status 200: {"sessionId":"2546ebe7-3247-4d43-9e86-a9e1d8682b36","value":null}
&amp#27;[38;5;32m[AndroidUiautomator2Driver@11a5 (752558e8)]&amp#27;[0m Responding to client with driver.click() result: null
&amp#27;[38;5;0m[HTTP]&amp#27;[0m <-- POST /session/752558e8-aa33-4f29-993d-1b4a0f80a2c1/element/00000000-0000-018e-ffff-ffff00000020/click 200 36 ms - 14
&amp#27;[38;5;0m[HTTP]&amp#27;[0m 
&amp#27;[38;5;0m[HTTP]&amp#27;[0m &amp#27;[37m-->&amp#27;[39m &amp#27;[37mGET&amp#27;[39m &amp#27;[37m/session/752558e8-aa33-4f29-993d-1b4a0f80a2c1/context&amp#27;[39m
&amp#27;[38;5;0m[HTTP]&amp#27;[0m {}
&amp#27;[38;5;32m[AndroidUiautomator2Driver@11a5 (752558e8)]&amp#27;[0m Calling AppiumDriver.getCurrentContext() with args: ["752558e8-aa33-4f29-993d-1b4a0f80a2c1"]
&amp#27;[38;5;32m[AndroidUiautomator2Driver@11a5 (752558e8)]&amp#27;[0m Responding to client with driver.getCurrentContext() result: "NATIVE_APP"
&amp#27;[38;5;0m[HTTP]&amp#27;[0m <-- GET /session/752558e8-aa33-4f29-993d-1b4a0f80a2c1/context 200 2 ms - 22
&amp#27;[38;5;0m[HTTP]&amp#27;[0m 
&amp#27;[38;5;0m[HTTP]&amp#27;[0m &amp#27;[37m-->&amp#27;[39m &amp#27;[37mPOST&amp#27;[39m &amp#27;[37m/session/752558e8-aa33-4f29-993d-1b4a0f80a2c1/element&amp#27;[39m
&amp#27;[38;5;0m[HTTP]&amp#27;[0m {"using":"id","value":"com.androidsample.generalstore:id/spinnerCountry"}
&amp#27;[38;5;32m[AndroidUiautomator2Driver@11a5 (752558e8)]&amp#27;[0m Calling AppiumDriver.findElement() with args: ["id","com.androidsample.generalstore:id/spinnerCountry","752558e8-aa33-4f29-993d-1b4a0f80a2c1"]
&amp#27;[38;5;32m[AndroidUiautomator2Driver@11a5 (752558e8)]&amp#27;[0m Valid locator strategies for this request: xpath, id, class name, accessibility id, css selector, -android uiautomator
&amp#27;[38;5;32m[AndroidUiautomator2Driver@11a5 (752558e8)]&amp#27;[0m Waiting up to 10000 ms for condition
&amp#27;[38;5;32m[AndroidUiautomator2Driver@11a5 (752558e8)]&amp#27;[0m Matched '/element' to command name 'findElement'
&amp#27;[38;5;32m[AndroidUiautomator2Driver@11a5 (752558e8)]&amp#27;[0m Proxying [POST /element] to [POST http://127.0.0.1:8200/session/2546ebe7-3247-4d43-9e86-a9e1d8682b36/element] with body: {"strategy":"id","selector":"com.androidsample.generalstore:id/spinnerCountry","context":"","multiple":false}
&amp#27;[38;5;32m[AndroidUiautomator2Driver@11a5 (752558e8)]&amp#27;[0m Got response with status 200: {"sessionId":"2546ebe7-3247-4d43-9e86-a9e1d8682b36","value":{"ELEMENT":"00000000-0000-018e-ffff-ffff0000001a","element-6066-11e4-a52e-4f735466cecf":"00000000-0000-018e-ffff-ffff0000001a"}}
&amp#27;[38;5;32m[AndroidUiautomator2Driver@11a5 (752558e8)]&amp#27;[0m Responding to client with driver.findElement() result: {"element-6066-11e4-a52e-4f735466cecf":"00000000-0000-018e-ffff-ffff0000001a","ELEMENT":"00000000-0000-018e-ffff-ffff0000001a"}
&amp#27;[38;5;0m[HTTP]&amp#27;[0m <-- POST /session/752558e8-aa33-4f29-993d-1b4a0f80a2c1/element 200 119 ms - 137
&amp#27;[38;5;0m[HTTP]&amp#27;[0m 
&amp#27;[38;5;0m[HTTP]&amp#27;[0m &amp#27;[37m-->&amp#27;[39m &amp#27;[37mPOST&amp#27;[39m &amp#27;[37m/session/752558e8-aa33-4f29-993d-1b4a0f80a2c1/element/00000000-0000-018e-ffff-ffff0000001a/click&amp#27;[39m
&amp#27;[38;5;0m[HTTP]&amp#27;[0m {"id":"00000000-0000-018e-ffff-ffff0000001a"}
&amp#27;[38;5;32m[AndroidUiautomator2Driver@11a5 (752558e8)]&amp#27;[0m Calling AppiumDriver.click() with args: ["00000000-0000-018e-ffff-ffff0000001a","752558e8-aa33-4f29-993d-1b4a0f80a2c1"]
&amp#27;[38;5;32m[AndroidUiautomator2Driver@11a5 (752558e8)]&amp#27;[0m Matched '/element/00000000-0000-018e-ffff-ffff0000001a/click' to command name 'click'
&amp#27;[38;5;32m[AndroidUiautomator2Driver@11a5 (752558e8)]&amp#27;[0m Proxying [POST /element/00000000-0000-018e-ffff-ffff0000001a/click] to [POST http://127.0.0.1:8200/session/2546ebe7-3247-4d43-9e86-a9e1d8682b36/element/00000000-0000-018e-ffff-ffff0000001a/click] with body: {"element":"00000000-0000-018e-ffff-ffff0000001a"}
&amp#27;[38;5;32m[AndroidUiautomator2Driver@11a5 (752558e8)]&amp#27;[0m Got response with status 200: {"sessionId":"2546ebe7-3247-4d43-9e86-a9e1d8682b36","value":null}
&amp#27;[38;5;32m[AndroidUiautomator2Driver@11a5 (752558e8)]&amp#27;[0m Responding to client with driver.click() result: null
&amp#27;[38;5;0m[HTTP]&amp#27;[0m <-- POST /session/752558e8-aa33-4f29-993d-1b4a0f80a2c1/element/00000000-0000-018e-ffff-ffff0000001a/click 200 516 ms - 14
&amp#27;[38;5;0m[HTTP]&amp#27;[0m 
&amp#27;[38;5;0m[HTTP]&amp#27;[0m &amp#27;[37m-->&amp#27;[39m &amp#27;[37mPOST&amp#27;[39m &amp#27;[37m/session/752558e8-aa33-4f29-993d-1b4a0f80a2c1/element&amp#27;[39m
&amp#27;[38;5;0m[HTTP]&amp#27;[0m {"using":"-android uiautomator","value":"new UiScrollable(new UiSelector()).scrollIntoView(text(\"Australia\"))"}
&amp#27;[38;5;32m[AndroidUiautomator2Driver@11a5 (752558e8)]&amp#27;[0m Calling AppiumDriver.findElement() with args: ["-android uiautomator","new UiScrollable(new UiSelector()).scrollIntoView(text(\"Australia\"))","752558e8-aa33-4f29-993d-1b4a0f80a2c1"]
&amp#27;[38;5;32m[AndroidUiautomator2Driver@11a5 (752558e8)]&amp#27;[0m Valid locator strategies for this request: xpath, id, class name, accessibility id, css selector, -android uiautomator
&amp#27;[38;5;32m[AndroidUiautomator2Driver@11a5 (752558e8)]&amp#27;[0m Waiting up to 10000 ms for condition
&amp#27;[38;5;32m[AndroidUiautomator2Driver@11a5 (752558e8)]&amp#27;[0m Matched '/element' to command name 'findElement'
&amp#27;[38;5;32m[AndroidUiautomator2Driver@11a5 (752558e8)]&amp#27;[0m Proxying [POST /element] to [POST http://127.0.0.1:8200/session/2546ebe7-3247-4d43-9e86-a9e1d8682b36/element] with body: {"strategy":"-android uiautomator","selector":"new UiScrollable(new UiSelector()).scrollIntoView(text(\"Australia\"))","context":"","multiple":false}
&amp#27;[38;5;32m[AndroidUiautomator2Driver@11a5 (752558e8)]&amp#27;[0m Got response with status 200: {"sessionId":"2546ebe7-3247-4d43-9e86-a9e1d8682b36","value":{"ELEMENT":"00000000-0000-018f-ffff-ffff0000002b","element-6066-11e4-a52e-4f735466cecf":"00000000-0000-018f-ffff-ffff0000002b"}}
&amp#27;[38;5;32m[AndroidUiautomator2Driver@11a5 (752558e8)]&amp#27;[0m Responding to client with driver.findElement() result: {"element-6066-11e4-a52e-4f735466cecf":"00000000-0000-018f-ffff-ffff0000002b","ELEMENT":"00000000-0000-018f-ffff-ffff0000002b"}
&amp#27;[38;5;0m[HTTP]&amp#27;[0m <-- POST /session/752558e8-aa33-4f29-993d-1b4a0f80a2c1/element 200 3979 ms - 137
&amp#27;[38;5;0m[HTTP]&amp#27;[0m 
&amp#27;[38;5;0m[HTTP]&amp#27;[0m &amp#27;[37m-->&amp#27;[39m &amp#27;[37mPOST&amp#27;[39m &amp#27;[37m/session/752558e8-aa33-4f29-993d-1b4a0f80a2c1/element/00000000-0000-018f-ffff-ffff0000002b/click&amp#27;[39m
&amp#27;[38;5;0m[HTTP]&amp#27;[0m {"id":"00000000-0000-018f-ffff-ffff0000002b"}
&amp#27;[38;5;32m[AndroidUiautomator2Driver@11a5 (752558e8)]&amp#27;[0m Calling AppiumDriver.click() with args: ["00000000-0000-018f-ffff-ffff0000002b","752558e8-aa33-4f29-993d-1b4a0f80a2c1"]
&amp#27;[38;5;32m[AndroidUiautomator2Driver@11a5 (752558e8)]&amp#27;[0m Matched '/element/00000000-0000-018f-ffff-ffff0000002b/click' to command name 'click'
&amp#27;[38;5;32m[AndroidUiautomator2Driver@11a5 (752558e8)]&amp#27;[0m Proxying [POST /element/00000000-0000-018f-ffff-ffff0000002b/click] to [POST http://127.0.0.1:8200/session/2546ebe7-3247-4d43-9e86-a9e1d8682b36/element/00000000-0000-018f-ffff-ffff0000002b/click] with body: {"element":"00000000-0000-018f-ffff-ffff0000002b"}
&amp#27;[38;5;32m[AndroidUiautomator2Driver@11a5 (752558e8)]&amp#27;[0m Got response with status 200: {"sessionId":"2546ebe7-3247-4d43-9e86-a9e1d8682b36","value":null}
&amp#27;[38;5;32m[AndroidUiautomator2Driver@11a5 (752558e8)]&amp#27;[0m Responding to client with driver.click() result: null
&amp#27;[38;5;0m[HTTP]&amp#27;[0m <-- POST /session/752558e8-aa33-4f29-993d-1b4a0f80a2c1/element/00000000-0000-018f-ffff-ffff0000002b/click 200 696 ms - 14
&amp#27;[38;5;0m[HTTP]&amp#27;[0m 
&amp#27;[38;5;0m[HTTP]&amp#27;[0m &amp#27;[37m-->&amp#27;[39m &amp#27;[37mGET&amp#27;[39m &amp#27;[37m/session/752558e8-aa33-4f29-993d-1b4a0f80a2c1/context&amp#27;[39m
&amp#27;[38;5;0m[HTTP]&amp#27;[0m {}
&amp#27;[38;5;32m[AndroidUiautomator2Driver@11a5 (752558e8)]&amp#27;[0m Calling AppiumDriver.getCurrentContext() with args: ["752558e8-aa33-4f29-993d-1b4a0f80a2c1"]
&amp#27;[38;5;32m[AndroidUiautomator2Driver@11a5 (752558e8)]&amp#27;[0m Responding to client with driver.getCurrentContext() result: "NATIVE_APP"
&amp#27;[38;5;0m[HTTP]&amp#27;[0m <-- GET /session/752558e8-aa33-4f29-993d-1b4a0f80a2c1/context 200 1 ms - 22
&amp#27;[38;5;0m[HTTP]&amp#27;[0m 
&amp#27;[38;5;0m[HTTP]&amp#27;[0m &amp#27;[37m-->&amp#27;[39m &amp#27;[37mPOST&amp#27;[39m &amp#27;[37m/session/752558e8-aa33-4f29-993d-1b4a0f80a2c1/element&amp#27;[39m
&amp#27;[38;5;0m[HTTP]&amp#27;[0m {"using":"id","value":"com.androidsample.generalstore:id/btnLetsShop"}
&amp#27;[38;5;32m[AndroidUiautomator2Driver@11a5 (752558e8)]&amp#27;[0m Calling AppiumDriver.findElement() with args: ["id","com.androidsample.generalstore:id/btnLetsShop","752558e8-aa33-4f29-993d-1b4a0f80a2c1"]
&amp#27;[38;5;32m[AndroidUiautomator2Driver@11a5 (752558e8)]&amp#27;[0m Valid locator strategies for this request: xpath, id, class name, accessibility id, css selector, -android uiautomator
&amp#27;[38;5;32m[AndroidUiautomator2Driver@11a5 (752558e8)]&amp#27;[0m Waiting up to 10000 ms for condition
&amp#27;[38;5;32m[AndroidUiautomator2Driver@11a5 (752558e8)]&amp#27;[0m Matched '/element' to command name 'findElement'
&amp#27;[38;5;32m[AndroidUiautomator2Driver@11a5 (752558e8)]&amp#27;[0m Proxying [POST /element] to [POST http://127.0.0.1:8200/session/2546ebe7-3247-4d43-9e86-a9e1d8682b36/element] with body: {"strategy":"id","selector":"com.androidsample.generalstore:id/btnLetsShop","context":"","multiple":false}
&amp#27;[38;5;32m[AndroidUiautomator2Driver@11a5 (752558e8)]&amp#27;[0m Got response with status 200: {"sessionId":"2546ebe7-3247-4d43-9e86-a9e1d8682b36","value":{"ELEMENT":"00000000-0000-018e-ffff-ffff00000021","element-6066-11e4-a52e-4f735466cecf":"00000000-0000-018e-ffff-ffff00000021"}}
&amp#27;[38;5;32m[AndroidUiautomator2Driver@11a5 (752558e8)]&amp#27;[0m Responding to client with driver.findElement() result: {"element-6066-11e4-a52e-4f735466cecf":"00000000-0000-018e-ffff-ffff00000021","ELEMENT":"00000000-0000-018e-ffff-ffff00000021"}
&amp#27;[38;5;0m[HTTP]&amp#27;[0m <-- POST /session/752558e8-aa33-4f29-993d-1b4a0f80a2c1/element 200 32 ms - 137
&amp#27;[38;5;0m[HTTP]&amp#27;[0m 
&amp#27;[38;5;0m[HTTP]&amp#27;[0m &amp#27;[37m-->&amp#27;[39m &amp#27;[37mPOST&amp#27;[39m &amp#27;[37m/session/752558e8-aa33-4f29-993d-1b4a0f80a2c1/element/00000000-0000-018e-ffff-ffff00000021/click&amp#27;[39m
&amp#27;[38;5;0m[HTTP]&amp#27;[0m {"id":"00000000-0000-018e-ffff-ffff00000021"}
&amp#27;[38;5;32m[AndroidUiautomator2Driver@11a5 (752558e8)]&amp#27;[0m Calling AppiumDriver.click() with args: ["00000000-0000-018e-ffff-ffff00000021","752558e8-aa33-4f29-993d-1b4a0f80a2c1"]
&amp#27;[38;5;32m[AndroidUiautomator2Driver@11a5 (752558e8)]&amp#27;[0m Matched '/element/00000000-0000-018e-ffff-ffff00000021/click' to command name 'click'
&amp#27;[38;5;32m[AndroidUiautomator2Driver@11a5 (752558e8)]&amp#27;[0m Proxying [POST /element/00000000-0000-018e-ffff-ffff00000021/click] to [POST http://127.0.0.1:8200/session/2546ebe7-3247-4d43-9e86-a9e1d8682b36/element/00000000-0000-018e-ffff-ffff00000021/click] with body: {"element":"00000000-0000-018e-ffff-ffff00000021"}
&amp#27;[38;5;32m[AndroidUiautomator2Driver@11a5 (752558e8)]&amp#27;[0m Got response with status 200: {"sessionId":"2546ebe7-3247-4d43-9e86-a9e1d8682b36","value":null}
&amp#27;[38;5;32m[AndroidUiautomator2Driver@11a5 (752558e8)]&amp#27;[0m Responding to client with driver.click() result: null
&amp#27;[38;5;0m[HTTP]&amp#27;[0m <-- POST /session/752558e8-aa33-4f29-993d-1b4a0f80a2c1/element/00000000-0000-018e-ffff-ffff00000021/click 200 32 ms - 14
&amp#27;[38;5;0m[HTTP]&amp#27;[0m 
&amp#27;[38;5;0m[HTTP]&amp#27;[0m &amp#27;[37m-->&amp#27;[39m &amp#27;[37mPOST&amp#27;[39m &amp#27;[37m/session/752558e8-aa33-4f29-993d-1b4a0f80a2c1/element&amp#27;[39m
&amp#27;[38;5;0m[HTTP]&amp#27;[0m {"using":"-android uiautomator","value":"new UiScrollable(new UiSelector()).scrollIntoView(text(\"Air Jordan 4 Retro\"))"}
&amp#27;[38;5;32m[AndroidUiautomator2Driver@11a5 (752558e8)]&amp#27;[0m Calling AppiumDriver.findElement() with args: ["-android uiautomator","new UiScrollable(new UiSelector()).scrollIntoView(text(\"Air Jordan 4 Retro\"))","752558e8-aa33-4f29-993d-1b4a0f80a2c1"]
&amp#27;[38;5;32m[AndroidUiautomator2Driver@11a5 (752558e8)]&amp#27;[0m Valid locator strategies for this request: xpath, id, class name, accessibility id, css selector, -android uiautomator
&amp#27;[38;5;32m[AndroidUiautomator2Driver@11a5 (752558e8)]&amp#27;[0m Waiting up to 10000 ms for condition
&amp#27;[38;5;32m[AndroidUiautomator2Driver@11a5 (752558e8)]&amp#27;[0m Matched '/element' to command name 'findElement'
&amp#27;[38;5;32m[AndroidUiautomator2Driver@11a5 (752558e8)]&amp#27;[0m Proxying [POST /element] to [POST http://127.0.0.1:8200/session/2546ebe7-3247-4d43-9e86-a9e1d8682b36/element] with body: {"strategy":"-android uiautomator","selector":"new UiScrollable(new UiSelector()).scrollIntoView(text(\"Air Jordan 4 Retro\"))","context":"","multiple":false}
&amp#27;[38;5;32m[AndroidUiautomator2Driver@11a5 (752558e8)]&amp#27;[0m Got response with status 200: {"sessionId":"2546ebe7-3247-4d43-9e86-a9e1d8682b36","value":{"ELEMENT":"00000000-0000-0190-ffff-ffff0000004d","element-6066-11e4-a52e-4f735466cecf":"00000000-0000-0190-ffff-ffff0000004d"}}
&amp#27;[38;5;32m[AndroidUiautomator2Driver@11a5 (752558e8)]&amp#27;[0m Responding to client with driver.findElement() result: {"element-6066-11e4-a52e-4f735466cecf":"00000000-0000-0190-ffff-ffff0000004d","ELEMENT":"00000000-0000-0190-ffff-ffff0000004d"}
&amp#27;[38;5;0m[HTTP]&amp#27;[0m <-- POST /session/752558e8-aa33-4f29-993d-1b4a0f80a2c1/element 200 1201 ms - 137
&amp#27;[38;5;0m[HTTP]&amp#27;[0m 
&amp#27;[38;5;0m[HTTP]&amp#27;[0m &amp#27;[37m-->&amp#27;[39m &amp#27;[37mPOST&amp#27;[39m &amp#27;[37m/session/752558e8-aa33-4f29-993d-1b4a0f80a2c1/elements&amp#27;[39m
&amp#27;[38;5;0m[HTTP]&amp#27;[0m {"using":"id","value":"com.androidsample.generalstore:id/productName"}
&amp#27;[38;5;32m[AndroidUiautomator2Driver@11a5 (752558e8)]&amp#27;[0m Calling AppiumDriver.findElements() with args: ["id","com.androidsample.generalstore:id/productName","752558e8-aa33-4f29-993d-1b4a0f80a2c1"]
&amp#27;[38;5;32m[AndroidUiautomator2Driver@11a5 (752558e8)]&amp#27;[0m Valid locator strategies for this request: xpath, id, class name, accessibility id, css selector, -android uiautomator
&amp#27;[38;5;32m[AndroidUiautomator2Driver@11a5 (752558e8)]&amp#27;[0m Waiting up to 10000 ms for condition
&amp#27;[38;5;32m[AndroidUiautomator2Driver@11a5 (752558e8)]&amp#27;[0m Matched '/elements' to command name 'findElements'
&amp#27;[38;5;32m[AndroidUiautomator2Driver@11a5 (752558e8)]&amp#27;[0m Proxying [POST /elements] to [POST http://127.0.0.1:8200/session/2546ebe7-3247-4d43-9e86-a9e1d8682b36/elements] with body: {"strategy":"id","selector":"com.androidsample.generalstore:id/productName","context":"","multiple":true}
&amp#27;[38;5;32m[AndroidUiautomator2Driver@11a5 (752558e8)]&amp#27;[0m Got response with status 200: {"sessionId":"2546ebe7-3247-4d43-9e86-a9e1d8682b36","value":[{"ELEMENT":"00000000-0000-0190-ffff-ffff0000004d","element-6066-11e4-a52e-4f735466cecf":"00000000-0000-0190-ffff-ffff0000004d"},{"ELEMENT":"00000000-0000-0190-ffff-ffff00000055","element-6066-11e4-a52e-4f735466cecf":"00000000-0000-0190-ffff-ffff00000055"}]}
&amp#27;[38;5;32m[AndroidUiautomator2Driver@11a5 (752558e8)]&amp#27;[0m Responding to client with driver.findElements() result: [{"element-6066-11e4-a52e-4f735466cecf":"00000000-0000-0190-ffff-ffff0000004d","ELEMENT":"00000000-0000-0190-ffff-ffff0000004d"},{"element-6066-11e4-a52e-4f735466cecf":"00000000-0000-0190-ffff-ffff00000055","ELEMENT":"00000000-0000-0190-ffff-ffff00000055"}]
&amp#27;[38;5;0m[HTTP]&amp#27;[0m <-- POST /session/752558e8-aa33-4f29-993d-1b4a0f80a2c1/elements 200 26 ms - 267
&amp#27;[38;5;0m[HTTP]&amp#27;[0m 
&amp#27;[38;5;0m[HTTP]&amp#27;[0m &amp#27;[37m-->&amp#27;[39m &amp#27;[37mPOST&amp#27;[39m &amp#27;[37m/session/752558e8-aa33-4f29-993d-1b4a0f80a2c1/elements&amp#27;[39m
&amp#27;[38;5;0m[HTTP]&amp#27;[0m {"using":"id","value":"com.androidsample.generalstore:id/productName"}
&amp#27;[38;5;32m[AndroidUiautomator2Driver@11a5 (752558e8)]&amp#27;[0m Calling AppiumDriver.findElements() with args: ["id","com.androidsample.generalstore:id/productName","752558e8-aa33-4f29-993d-1b4a0f80a2c1"]
&amp#27;[38;5;32m[AndroidUiautomator2Driver@11a5 (752558e8)]&amp#27;[0m Valid locator strategies for this request: xpath, id, class name, accessibility id, css selector, -android uiautomator
&amp#27;[38;5;32m[AndroidUiautomator2Driver@11a5 (752558e8)]&amp#27;[0m Waiting up to 10000 ms for condition
&amp#27;[38;5;32m[AndroidUiautomator2Driver@11a5 (752558e8)]&amp#27;[0m Matched '/elements' to command name 'findElements'
&amp#27;[38;5;32m[AndroidUiautomator2Driver@11a5 (752558e8)]&amp#27;[0m Proxying [POST /elements] to [POST http://127.0.0.1:8200/session/2546ebe7-3247-4d43-9e86-a9e1d8682b36/elements] with body: {"strategy":"id","selector":"com.androidsample.generalstore:id/productName","context":"","multiple":true}
&amp#27;[38;5;32m[AndroidUiautomator2Driver@11a5 (752558e8)]&amp#27;[0m Got response with status 200: {"sessionId":"2546ebe7-3247-4d43-9e86-a9e1d8682b36","value":[{"ELEMENT":"00000000-0000-0190-ffff-ffff0000004d","element-6066-11e4-a52e-4f735466cecf":"00000000-0000-0190-ffff-ffff0000004d"},{"ELEMENT":"00000000-0000-0190-ffff-ffff00000055","element-6066-11e4-a52e-4f735466cecf":"00000000-0000-0190-ffff-ffff00000055"}]}
&amp#27;[38;5;32m[AndroidUiautomator2Driver@11a5 (752558e8)]&amp#27;[0m Responding to client with driver.findElements() result: [{"element-6066-11e4-a52e-4f735466cecf":"00000000-0000-0190-ffff-ffff0000004d","ELEMENT":"00000000-0000-0190-ffff-ffff0000004d"},{"element-6066-11e4-a52e-4f735466cecf":"00000000-0000-0190-ffff-ffff00000055","ELEMENT":"00000000-0000-0190-ffff-ffff00000055"}]
&amp#27;[38;5;0m[HTTP]&amp#27;[0m <-- POST /session/752558e8-aa33-4f29-993d-1b4a0f80a2c1/elements 200 14 ms - 267
&amp#27;[38;5;0m[HTTP]&amp#27;[0m 
&amp#27;[38;5;0m[HTTP]&amp#27;[0m &amp#27;[37m-->&amp#27;[39m &amp#27;[37mGET&amp#27;[39m &amp#27;[37m/session/752558e8-aa33-4f29-993d-1b4a0f80a2c1/element/00000000-0000-0190-ffff-ffff0000004d/text&amp#27;[39m
&amp#27;[38;5;0m[HTTP]&amp#27;[0m {}
&amp#27;[38;5;32m[AndroidUiautomator2Driver@11a5 (752558e8)]&amp#27;[0m Driver proxy active, passing request on via HTTP proxy
&amp#27;[38;5;32m[AndroidUiautomator2Driver@11a5 (752558e8)]&amp#27;[0m Matched '/session/752558e8-aa33-4f29-993d-1b4a0f80a2c1/element/00000000-0000-0190-ffff-ffff0000004d/text' to command name 'getText'
&amp#27;[38;5;32m[AndroidUiautomator2Driver@11a5 (752558e8)]&amp#27;[0m Proxying [GET /session/752558e8-aa33-4f29-993d-1b4a0f80a2c1/element/00000000-0000-0190-ffff-ffff0000004d/text] to [GET http://127.0.0.1:8200/session/2546ebe7-3247-4d43-9e86-a9e1d8682b36/element/00000000-0000-0190-ffff-ffff0000004d/text] with no body
&amp#27;[38;5;32m[AndroidUiautomator2Driver@11a5 (752558e8)]&amp#27;[0m Got response with status 200: {"sessionId":"2546ebe7-3247-4d43-9e86-a9e1d8682b36","value":"Air Jordan 4 Retro"}
&amp#27;[38;5;32m[AndroidUiautomator2Driver@11a5 (752558e8)]&amp#27;[0m Replacing sessionId 2546ebe7-3247-4d43-9e86-a9e1d8682b36 with 752558e8-aa33-4f29-993d-1b4a0f80a2c1
&amp#27;[38;5;0m[HTTP]&amp#27;[0m <-- GET /session/752558e8-aa33-4f29-993d-1b4a0f80a2c1/element/00000000-0000-0190-ffff-ffff0000004d/text 200 7 ms - 81
&amp#27;[38;5;0m[HTTP]&amp#27;[0m 
&amp#27;[38;5;0m[HTTP]&amp#27;[0m &amp#27;[37m-->&amp#27;[39m &amp#27;[37mPOST&amp#27;[39m &amp#27;[37m/session/752558e8-aa33-4f29-993d-1b4a0f80a2c1/elements&amp#27;[39m
&amp#27;[38;5;0m[HTTP]&amp#27;[0m {"using":"id","value":"com.androidsample.generalstore:id/productAddCart"}
&amp#27;[38;5;32m[AndroidUiautomator2Driver@11a5 (752558e8)]&amp#27;[0m Calling AppiumDriver.findElements() with args: ["id","com.androidsample.generalstore:id/productAddCart","752558e8-aa33-4f29-993d-1b4a0f80a2c1"]
&amp#27;[38;5;32m[AndroidUiautomator2Driver@11a5 (752558e8)]&amp#27;[0m Valid locator strategies for this request: xpath, id, class name, accessibility id, css selector, -android uiautomator
&amp#27;[38;5;32m[AndroidUiautomator2Driver@11a5 (752558e8)]&amp#27;[0m Waiting up to 10000 ms for condition
&amp#27;[38;5;32m[AndroidUiautomator2Driver@11a5 (752558e8)]&amp#27;[0m Matched '/elements' to command name 'findElements'
&amp#27;[38;5;32m[AndroidUiautomator2Driver@11a5 (752558e8)]&amp#27;[0m Proxying [POST /elements] to [POST http://127.0.0.1:8200/session/2546ebe7-3247-4d43-9e86-a9e1d8682b36/elements] with body: {"strategy":"id","selector":"com.androidsample.generalstore:id/productAddCart","context":"","multiple":true}
&amp#27;[38;5;32m[AndroidUiautomator2Driver@11a5 (752558e8)]&amp#27;[0m Got response with status 200: {"sessionId":"2546ebe7-3247-4d43-9e86-a9e1d8682b36","value":[{"ELEMENT":"00000000-0000-0190-ffff-ffff00000051","element-6066-11e4-a52e-4f735466cecf":"00000000-0000-0190-ffff-ffff00000051"},{"ELEMENT":"00000000-0000-0190-ffff-ffff00000059","element-6066-11e4-a52e-4f735466cecf":"00000000-0000-0190-ffff-ffff00000059"}]}
&amp#27;[38;5;32m[AndroidUiautomator2Driver@11a5 (752558e8)]&amp#27;[0m Responding to client with driver.findElements() result: [{"element-6066-11e4-a52e-4f735466cecf":"00000000-0000-0190-ffff-ffff00000051","ELEMENT":"00000000-0000-0190-ffff-ffff00000051"},{"element-6066-11e4-a52e-4f735466cecf":"00000000-0000-0190-ffff-ffff00000059","ELEMENT":"00000000-0000-0190-ffff-ffff00000059"}]
&amp#27;[38;5;0m[HTTP]&amp#27;[0m <-- POST /session/752558e8-aa33-4f29-993d-1b4a0f80a2c1/elements 200 19 ms - 267
&amp#27;[38;5;0m[HTTP]&amp#27;[0m 
&amp#27;[38;5;0m[HTTP]&amp#27;[0m &amp#27;[37m-->&amp#27;[39m &amp#27;[37mPOST&amp#27;[39m &amp#27;[37m/session/752558e8-aa33-4f29-993d-1b4a0f80a2c1/element/00000000-0000-0190-ffff-ffff00000051/click&amp#27;[39m
&amp#27;[38;5;0m[HTTP]&amp#27;[0m {"id":"00000000-0000-0190-ffff-ffff00000051"}
&amp#27;[38;5;32m[AndroidUiautomator2Driver@11a5 (752558e8)]&amp#27;[0m Calling AppiumDriver.click() with args: ["00000000-0000-0190-ffff-ffff00000051","752558e8-aa33-4f29-993d-1b4a0f80a2c1"]
&amp#27;[38;5;32m[AndroidUiautomator2Driver@11a5 (752558e8)]&amp#27;[0m Matched '/element/00000000-0000-0190-ffff-ffff00000051/click' to command name 'click'
&amp#27;[38;5;32m[AndroidUiautomator2Driver@11a5 (752558e8)]&amp#27;[0m Proxying [POST /element/00000000-0000-0190-ffff-ffff00000051/click] to [POST http://127.0.0.1:8200/session/2546ebe7-3247-4d43-9e86-a9e1d8682b36/element/00000000-0000-0190-ffff-ffff00000051/click] with body: {"element":"00000000-0000-0190-ffff-ffff00000051"}
&amp#27;[38;5;32m[AndroidUiautomator2Driver@11a5 (752558e8)]&amp#27;[0m Got response with status 200: {"sessionId":"2546ebe7-3247-4d43-9e86-a9e1d8682b36","value":null}
&amp#27;[38;5;32m[AndroidUiautomator2Driver@11a5 (752558e8)]&amp#27;[0m Responding to client with driver.click() result: null
&amp#27;[38;5;0m[HTTP]&amp#27;[0m <-- POST /session/752558e8-aa33-4f29-993d-1b4a0f80a2c1/element/00000000-0000-0190-ffff-ffff00000051/click 200 542 ms - 14
&amp#27;[38;5;0m[HTTP]&amp#27;[0m 
&amp#27;[38;5;0m[HTTP]&amp#27;[0m &amp#27;[37m-->&amp#27;[39m &amp#27;[37mPOST&amp#27;[39m &amp#27;[37m/session/752558e8-aa33-4f29-993d-1b4a0f80a2c1/elements&amp#27;[39m
&amp#27;[38;5;0m[HTTP]&amp#27;[0m {"using":"id","value":"com.androidsample.generalstore:id/productName"}
&amp#27;[38;5;32m[AndroidUiautomator2Driver@11a5 (752558e8)]&amp#27;[0m Calling AppiumDriver.findElements() with args: ["id","com.androidsample.generalstore:id/productName","752558e8-aa33-4f29-993d-1b4a0f80a2c1"]
&amp#27;[38;5;32m[AndroidUiautomator2Driver@11a5 (752558e8)]&amp#27;[0m Valid locator strategies for this request: xpath, id, class name, accessibility id, css selector, -android uiautomator
&amp#27;[38;5;32m[AndroidUiautomator2Driver@11a5 (752558e8)]&amp#27;[0m Waiting up to 10000 ms for condition
&amp#27;[38;5;32m[AndroidUiautomator2Driver@11a5 (752558e8)]&amp#27;[0m Matched '/elements' to command name 'findElements'
&amp#27;[38;5;32m[AndroidUiautomator2Driver@11a5 (752558e8)]&amp#27;[0m Proxying [POST /elements] to [POST http://127.0.0.1:8200/session/2546ebe7-3247-4d43-9e86-a9e1d8682b36/elements] with body: {"strategy":"id","selector":"com.androidsample.generalstore:id/productName","context":"","multiple":true}
&amp#27;[38;5;32m[AndroidUiautomator2Driver@11a5 (752558e8)]&amp#27;[0m Got response with status 200: {"sessionId":"2546ebe7-3247-4d43-9e86-a9e1d8682b36","value":[{"ELEMENT":"00000000-0000-0190-ffff-ffff0000004d","element-6066-11e4-a52e-4f735466cecf":"00000000-0000-0190-ffff-ffff0000004d"},{"ELEMENT":"00000000-0000-0190-ffff-ffff00000055","element-6066-11e4-a52e-4f735466cecf":"00000000-0000-0190-ffff-ffff00000055"}]}
&amp#27;[38;5;32m[AndroidUiautomator2Driver@11a5 (752558e8)]&amp#27;[0m Responding to client with driver.findElements() result: [{"element-6066-11e4-a52e-4f735466cecf":"00000000-0000-0190-ffff-ffff0000004d","ELEMENT":"00000000-0000-0190-ffff-ffff0000004d"},{"element-6066-11e4-a52e-4f735466cecf":"00000000-0000-0190-ffff-ffff00000055","ELEMENT":"00000000-0000-0190-ffff-ffff00000055"}]
&amp#27;[38;5;0m[HTTP]&amp#27;[0m <-- POST /session/752558e8-aa33-4f29-993d-1b4a0f80a2c1/elements 200 34 ms - 267
&amp#27;[38;5;0m[HTTP]&amp#27;[0m 
&amp#27;[38;5;0m[HTTP]&amp#27;[0m &amp#27;[37m-->&amp#27;[39m &amp#27;[37mGET&amp#27;[39m &amp#27;[37m/session/752558e8-aa33-4f29-993d-1b4a0f80a2c1/element/00000000-0000-0190-ffff-ffff00000055/text&amp#27;[39m
&amp#27;[38;5;0m[HTTP]&amp#27;[0m {}
&amp#27;[38;5;32m[AndroidUiautomator2Driver@11a5 (752558e8)]&amp#27;[0m Driver proxy active, passing request on via HTTP proxy
&amp#27;[38;5;32m[AndroidUiautomator2Driver@11a5 (752558e8)]&amp#27;[0m Matched '/session/752558e8-aa33-4f29-993d-1b4a0f80a2c1/element/00000000-0000-0190-ffff-ffff00000055/text' to command name 'getText'
&amp#27;[38;5;32m[AndroidUiautomator2Driver@11a5 (752558e8)]&amp#27;[0m Proxying [GET /session/752558e8-aa33-4f29-993d-1b4a0f80a2c1/element/00000000-0000-0190-ffff-ffff00000055/text] to [GET http://127.0.0.1:8200/session/2546ebe7-3247-4d43-9e86-a9e1d8682b36/element/00000000-0000-0190-ffff-ffff00000055/text] with no body
&amp#27;[38;5;32m[AndroidUiautomator2Driver@11a5 (752558e8)]&amp#27;[0m Got response with status 200: {"sessionId":"2546ebe7-3247-4d43-9e86-a9e1d8682b36","value":"Air Jordan 1 Mid SE"}
&amp#27;[38;5;32m[AndroidUiautomator2Driver@11a5 (752558e8)]&amp#27;[0m Replacing sessionId 2546ebe7-3247-4d43-9e86-a9e1d8682b36 with 752558e8-aa33-4f29-993d-1b4a0f80a2c1
&amp#27;[38;5;0m[HTTP]&amp#27;[0m <-- GET /session/752558e8-aa33-4f29-993d-1b4a0f80a2c1/element/00000000-0000-0190-ffff-ffff00000055/text 200 8 ms - 82
&amp#27;[38;5;0m[HTTP]&amp#27;[0m 
&amp#27;[38;5;0m[HTTP]&amp#27;[0m &amp#27;[37m-->&amp#27;[39m &amp#27;[37mPOST&amp#27;[39m &amp#27;[37m/session/752558e8-aa33-4f29-993d-1b4a0f80a2c1/element&amp#27;[39m
&amp#27;[38;5;0m[HTTP]&amp#27;[0m {"using":"-android uiautomator","value":"new UiScrollable(new UiSelector()).scrollIntoView(text(\"PG 3\"))"}
&amp#27;[38;5;32m[AndroidUiautomator2Driver@11a5 (752558e8)]&amp#27;[0m Calling AppiumDriver.findElement() with args: ["-android uiautomator","new UiScrollable(new UiSelector()).scrollIntoView(text(\"PG 3\"))","752558e8-aa33-4f29-993d-1b4a0f80a2c1"]
&amp#27;[38;5;32m[AndroidUiautomator2Driver@11a5 (752558e8)]&amp#27;[0m Valid locator strategies for this request: xpath, id, class name, accessibility id, css selector, -android uiautomator
&amp#27;[38;5;32m[AndroidUiautomator2Driver@11a5 (752558e8)]&amp#27;[0m Waiting up to 10000 ms for condition
&amp#27;[38;5;32m[AndroidUiautomator2Driver@11a5 (752558e8)]&amp#27;[0m Matched '/element' to command name 'findElement'
&amp#27;[38;5;32m[AndroidUiautomator2Driver@11a5 (752558e8)]&amp#27;[0m Proxying [POST /element] to [POST http://127.0.0.1:8200/session/2546ebe7-3247-4d43-9e86-a9e1d8682b36/element] with body: {"strategy":"-android uiautomator","selector":"new UiScrollable(new UiSelector()).scrollIntoView(text(\"PG 3\"))","context":"","multiple":false}
&amp#27;[38;5;32m[AndroidUiautomator2Driver@11a5 (752558e8)]&amp#27;[0m Got response with status 200: {"sessionId":"2546ebe7-3247-4d43-9e86-a9e1d8682b36","value":{"ELEMENT":"00000000-0000-0190-ffff-ffff00000055","element-6066-11e4-a52e-4f735466cecf":"00000000-0000-0190-ffff-ffff00000055"}}
&amp#27;[38;5;32m[AndroidUiautomator2Driver@11a5 (752558e8)]&amp#27;[0m Responding to client with driver.findElement() result: {"element-6066-11e4-a52e-4f735466cecf":"00000000-0000-0190-ffff-ffff00000055","ELEMENT":"00000000-0000-0190-ffff-ffff00000055"}
&amp#27;[38;5;0m[HTTP]&amp#27;[0m <-- POST /session/752558e8-aa33-4f29-993d-1b4a0f80a2c1/element 200 6775 ms - 137
&amp#27;[38;5;0m[HTTP]&amp#27;[0m 
&amp#27;[38;5;0m[HTTP]&amp#27;[0m &amp#27;[37m-->&amp#27;[39m &amp#27;[37mPOST&amp#27;[39m &amp#27;[37m/session/752558e8-aa33-4f29-993d-1b4a0f80a2c1/elements&amp#27;[39m
&amp#27;[38;5;0m[HTTP]&amp#27;[0m {"using":"id","value":"com.androidsample.generalstore:id/productName"}
&amp#27;[38;5;32m[AndroidUiautomator2Driver@11a5 (752558e8)]&amp#27;[0m Calling AppiumDriver.findElements() with args: ["id","com.androidsample.generalstore:id/productName","752558e8-aa33-4f29-993d-1b4a0f80a2c1"]
&amp#27;[38;5;32m[AndroidUiautomator2Driver@11a5 (752558e8)]&amp#27;[0m Valid locator strategies for this request: xpath, id, class name, accessibility id, css selector, -android uiautomator
&amp#27;[38;5;32m[AndroidUiautomator2Driver@11a5 (752558e8)]&amp#27;[0m Waiting up to 10000 ms for condition
&amp#27;[38;5;32m[AndroidUiautomator2Driver@11a5 (752558e8)]&amp#27;[0m Matched '/elements' to command name 'findElements'
&amp#27;[38;5;32m[AndroidUiautomator2Driver@11a5 (752558e8)]&amp#27;[0m Proxying [POST /elements] to [POST http://127.0.0.1:8200/session/2546ebe7-3247-4d43-9e86-a9e1d8682b36/elements] with body: {"strategy":"id","selector":"com.androidsample.generalstore:id/productName","context":"","multiple":true}
&amp#27;[38;5;32m[AndroidUiautomator2Driver@11a5 (752558e8)]&amp#27;[0m Got response with status 200: {"sessionId":"2546ebe7-3247-4d43-9e86-a9e1d8682b36","value":[{"ELEMENT":"00000000-0000-0190-ffff-ffff0000004d","element-6066-11e4-a52e-4f735466cecf":"00000000-0000-0190-ffff-ffff0000004d"},{"ELEMENT":"00000000-0000-0190-ffff-ffff00000055","element-6066-11e4-a52e-4f735466cecf":"00000000-0000-0190-ffff-ffff00000055"},{"ELEMENT":"00000000-0000-0190-ffff-ffff0000005d","element-6066-11e4-a52e-4f735466cecf":"00000000-0000-0190-ffff-ffff0000005d"}]}
&amp#27;[38;5;32m[AndroidUiautomator2Driver@11a5 (752558e8)]&amp#27;[0m Responding to client with driver.findElements() result: [{"element-6066-11e4-a52e-4f735466cecf":"00000000-0000-0190-ffff-ffff0000004d","ELEMENT":"00000000-0000-0190-ffff-ffff0000004d"},{"element-6066-11e4-a52e-4f735466cecf":"00000000-0000-0190-ffff-ffff00000055","ELEMENT":"00000000-0000-0190-ffff-ffff00000055"},{"element-6066-11e4-a52e-4f735466cecf":"00000000-0000-0190-ffff-ffff0000005d","ELEMENT":"00000000-0000-0190-ffff-ffff0000005d"}]
&amp#27;[38;5;0m[HTTP]&amp#27;[0m <-- POST /session/752558e8-aa33-4f29-993d-1b4a0f80a2c1/elements 200 28 ms - 395
&amp#27;[38;5;0m[HTTP]&amp#27;[0m 
&amp#27;[38;5;0m[HTTP]&amp#27;[0m &amp#27;[37m-->&amp#27;[39m &amp#27;[37mPOST&amp#27;[39m &amp#27;[37m/session/752558e8-aa33-4f29-993d-1b4a0f80a2c1/elements&amp#27;[39m
&amp#27;[38;5;0m[HTTP]&amp#27;[0m {"using":"id","value":"com.androidsample.generalstore:id/productName"}
&amp#27;[38;5;32m[AndroidUiautomator2Driver@11a5 (752558e8)]&amp#27;[0m Calling AppiumDriver.findElements() with args: ["id","com.androidsample.generalstore:id/productName","752558e8-aa33-4f29-993d-1b4a0f80a2c1"]
&amp#27;[38;5;32m[AndroidUiautomator2Driver@11a5 (752558e8)]&amp#27;[0m Valid locator strategies for this request: xpath, id, class name, accessibility id, css selector, -android uiautomator
&amp#27;[38;5;32m[AndroidUiautomator2Driver@11a5 (752558e8)]&amp#27;[0m Waiting up to 10000 ms for condition
&amp#27;[38;5;32m[AndroidUiautomator2Driver@11a5 (752558e8)]&amp#27;[0m Matched '/elements' to command name 'findElements'
&amp#27;[38;5;32m[AndroidUiautomator2Driver@11a5 (752558e8)]&amp#27;[0m Proxying [POST /elements] to [POST http://127.0.0.1:8200/session/2546ebe7-3247-4d43-9e86-a9e1d8682b36/elements] with body: {"strategy":"id","selector":"com.androidsample.generalstore:id/productName","context":"","multiple":true}
&amp#27;[38;5;32m[AndroidUiautomator2Driver@11a5 (752558e8)]&amp#27;[0m Got response with status 200: {"sessionId":"2546ebe7-3247-4d43-9e86-a9e1d8682b36","value":[{"ELEMENT":"00000000-0000-0190-ffff-ffff0000004d","element-6066-11e4-a52e-4f735466cecf":"00000000-0000-0190-ffff-ffff0000004d"},{"ELEMENT":"00000000-0000-0190-ffff-ffff00000055","element-6066-11e4-a52e-4f735466cecf":"00000000-0000-0190-ffff-ffff00000055"},{"ELEMENT":"00000000-0000-0190-ffff-ffff0000005d","element-6066-11e4-a52e-4f735466cecf":"00000000-0000-0190-ffff-ffff0000005d"}]}
&amp#27;[38;5;32m[AndroidUiautomator2Driver@11a5 (752558e8)]&amp#27;[0m Responding to client with driver.findElements() result: [{"element-6066-11e4-a52e-4f735466cecf":"00000000-0000-0190-ffff-ffff0000004d","ELEMENT":"00000000-0000-0190-ffff-ffff0000004d"},{"element-6066-11e4-a52e-4f735466cecf":"00000000-0000-0190-ffff-ffff00000055","ELEMENT":"00000000-0000-0190-ffff-ffff00000055"},{"element-6066-11e4-a52e-4f735466cecf":"00000000-0000-0190-ffff-ffff0000005d","ELEMENT":"00000000-0000-0190-ffff-ffff0000005d"}]
&amp#27;[38;5;0m[HTTP]&amp#27;[0m <-- POST /session/752558e8-aa33-4f29-993d-1b4a0f80a2c1/elements 200 20 ms - 395
&amp#27;[38;5;0m[HTTP]&amp#27;[0m 
&amp#27;[38;5;0m[HTTP]&amp#27;[0m &amp#27;[37m-->&amp#27;[39m &amp#27;[37mGET&amp#27;[39m &amp#27;[37m/session/752558e8-aa33-4f29-993d-1b4a0f80a2c1/element/00000000-0000-0190-ffff-ffff0000004d/text&amp#27;[39m
&amp#27;[38;5;0m[HTTP]&amp#27;[0m {}
&amp#27;[38;5;32m[AndroidUiautomator2Driver@11a5 (752558e8)]&amp#27;[0m Driver proxy active, passing request on via HTTP proxy
&amp#27;[38;5;32m[AndroidUiautomator2Driver@11a5 (752558e8)]&amp#27;[0m Matched '/session/752558e8-aa33-4f29-993d-1b4a0f80a2c1/element/00000000-0000-0190-ffff-ffff0000004d/text' to command name 'getText'
&amp#27;[38;5;32m[AndroidUiautomator2Driver@11a5 (752558e8)]&amp#27;[0m Proxying [GET /session/752558e8-aa33-4f29-993d-1b4a0f80a2c1/element/00000000-0000-0190-ffff-ffff0000004d/text] to [GET http://127.0.0.1:8200/session/2546ebe7-3247-4d43-9e86-a9e1d8682b36/element/00000000-0000-0190-ffff-ffff0000004d/text] with no body
&amp#27;[38;5;32m[AndroidUiautomator2Driver@11a5 (752558e8)]&amp#27;[0m Got response with status 200: {"sessionId":"2546ebe7-3247-4d43-9e86-a9e1d8682b36","value":"LeBron Soldier 12 "}
&amp#27;[38;5;32m[AndroidUiautomator2Driver@11a5 (752558e8)]&amp#27;[0m Replacing sessionId 2546ebe7-3247-4d43-9e86-a9e1d8682b36 with 752558e8-aa33-4f29-993d-1b4a0f80a2c1
&amp#27;[38;5;0m[HTTP]&amp#27;[0m <-- GET /session/752558e8-aa33-4f29-993d-1b4a0f80a2c1/element/00000000-0000-0190-ffff-ffff0000004d/text 200 5 ms - 81
&amp#27;[38;5;0m[HTTP]&amp#27;[0m 
&amp#27;[38;5;0m[HTTP]&amp#27;[0m &amp#27;[37m-->&amp#27;[39m &amp#27;[37mPOST&amp#27;[39m &amp#27;[37m/session/752558e8-aa33-4f29-993d-1b4a0f80a2c1/elements&amp#27;[39m
&amp#27;[38;5;0m[HTTP]&amp#27;[0m {"using":"id","value":"com.androidsample.generalstore:id/productName"}
&amp#27;[38;5;32m[AndroidUiautomator2Driver@11a5 (752558e8)]&amp#27;[0m Calling AppiumDriver.findElements() with args: ["id","com.androidsample.generalstore:id/productName","752558e8-aa33-4f29-993d-1b4a0f80a2c1"]
&amp#27;[38;5;32m[AndroidUiautomator2Driver@11a5 (752558e8)]&amp#27;[0m Valid locator strategies for this request: xpath, id, class name, accessibility id, css selector, -android uiautomator
&amp#27;[38;5;32m[AndroidUiautomator2Driver@11a5 (752558e8)]&amp#27;[0m Waiting up to 10000 ms for condition
&amp#27;[38;5;32m[AndroidUiautomator2Driver@11a5 (752558e8)]&amp#27;[0m Matched '/elements' to command name 'findElements'
&amp#27;[38;5;32m[AndroidUiautomator2Driver@11a5 (752558e8)]&amp#27;[0m Proxying [POST /elements] to [POST http://127.0.0.1:8200/session/2546ebe7-3247-4d43-9e86-a9e1d8682b36/elements] with body: {"strategy":"id","selector":"com.androidsample.generalstore:id/productName","context":"","multiple":true}
&amp#27;[38;5;32m[AndroidUiautomator2Driver@11a5 (752558e8)]&amp#27;[0m Got response with status 200: {"sessionId":"2546ebe7-3247-4d43-9e86-a9e1d8682b36","value":[{"ELEMENT":"00000000-0000-0190-ffff-ffff0000004d","element-6066-11e4-a52e-4f735466cecf":"00000000-0000-0190-ffff-ffff0000004d"},{"ELEMENT":"00000000-0000-0190-ffff-ffff00000055","element-6066-11e4-a52e-4f735466cecf":"00000000-0000-0190-ffff-ffff00000055"},{"ELEMENT":"00000000-0000-0190-ffff-ffff0000005d","element-6066-11e4-a52e-4f735466cecf":"00000000-0000-0190-ffff-ffff0000005d"}]}
&amp#27;[38;5;32m[AndroidUiautomator2Driver@11a5 (752558e8)]&amp#27;[0m Responding to client with driver.findElements() result: [{"element-6066-11e4-a52e-4f735466cecf":"00000000-0000-0190-ffff-ffff0000004d","ELEMENT":"00000000-0000-0190-ffff-ffff0000004d"},{"element-6066-11e4-a52e-4f735466cecf":"00000000-0000-0190-ffff-ffff00000055","ELEMENT":"00000000-0000-0190-ffff-ffff00000055"},{"element-6066-11e4-a52e-4f735466cecf":"00000000-0000-0190-ffff-ffff0000005d","ELEMENT":"00000000-0000-0190-ffff-ffff0000005d"}]
&amp#27;[38;5;0m[HTTP]&amp#27;[0m <-- POST /session/752558e8-aa33-4f29-993d-1b4a0f80a2c1/elements 200 17 ms - 395
&amp#27;[38;5;0m[HTTP]&amp#27;[0m 
&amp#27;[38;5;0m[HTTP]&amp#27;[0m &amp#27;[37m-->&amp#27;[39m &amp#27;[37mGET&amp#27;[39m &amp#27;[37m/session/752558e8-aa33-4f29-993d-1b4a0f80a2c1/element/00000000-0000-0190-ffff-ffff00000055/text&amp#27;[39m
&amp#27;[38;5;0m[HTTP]&amp#27;[0m {}
&amp#27;[38;5;32m[AndroidUiautomator2Driver@11a5 (752558e8)]&amp#27;[0m Driver proxy active, passing request on via HTTP proxy
&amp#27;[38;5;32m[AndroidUiautomator2Driver@11a5 (752558e8)]&amp#27;[0m Matched '/session/752558e8-aa33-4f29-993d-1b4a0f80a2c1/element/00000000-0000-0190-ffff-ffff00000055/text' to command name 'getText'
&amp#27;[38;5;32m[AndroidUiautomator2Driver@11a5 (752558e8)]&amp#27;[0m Proxying [GET /session/752558e8-aa33-4f29-993d-1b4a0f80a2c1/element/00000000-0000-0190-ffff-ffff00000055/text] to [GET http://127.0.0.1:8200/session/2546ebe7-3247-4d43-9e86-a9e1d8682b36/element/00000000-0000-0190-ffff-ffff00000055/text] with no body
&amp#27;[38;5;32m[AndroidUiautomator2Driver@11a5 (752558e8)]&amp#27;[0m Got response with status 200: {"sessionId":"2546ebe7-3247-4d43-9e86-a9e1d8682b36","value":"PG 3"}
&amp#27;[38;5;32m[AndroidUiautomator2Driver@11a5 (752558e8)]&amp#27;[0m Replacing sessionId 2546ebe7-3247-4d43-9e86-a9e1d8682b36 with 752558e8-aa33-4f29-993d-1b4a0f80a2c1
&amp#27;[38;5;0m[HTTP]&amp#27;[0m <-- GET /session/752558e8-aa33-4f29-993d-1b4a0f80a2c1/element/00000000-0000-0190-ffff-ffff00000055/text 200 6 ms - 67
&amp#27;[38;5;0m[HTTP]&amp#27;[0m 
&amp#27;[38;5;0m[HTTP]&amp#27;[0m &amp#27;[37m-->&amp#27;[39m &amp#27;[37mPOST&amp#27;[39m &amp#27;[37m/session/752558e8-aa33-4f29-993d-1b4a0f80a2c1/elements&amp#27;[39m
&amp#27;[38;5;0m[HTTP]&amp#27;[0m {"using":"id","value":"com.androidsample.generalstore:id/productAddCart"}
&amp#27;[38;5;32m[AndroidUiautomator2Driver@11a5 (752558e8)]&amp#27;[0m Calling AppiumDriver.findElements() with args: ["id","com.androidsample.generalstore:id/productAddCart","752558e8-aa33-4f29-993d-1b4a0f80a2c1"]
&amp#27;[38;5;32m[AndroidUiautomator2Driver@11a5 (752558e8)]&amp#27;[0m Valid locator strategies for this request: xpath, id, class name, accessibility id, css selector, -android uiautomator
&amp#27;[38;5;32m[AndroidUiautomator2Driver@11a5 (752558e8)]&amp#27;[0m Waiting up to 10000 ms for condition
&amp#27;[38;5;32m[AndroidUiautomator2Driver@11a5 (752558e8)]&amp#27;[0m Matched '/elements' to command name 'findElements'
&amp#27;[38;5;32m[AndroidUiautomator2Driver@11a5 (752558e8)]&amp#27;[0m Proxying [POST /elements] to [POST http://127.0.0.1:8200/session/2546ebe7-3247-4d43-9e86-a9e1d8682b36/elements] with body: {"strategy":"id","selector":"com.androidsample.generalstore:id/productAddCart","context":"","multiple":true}
&amp#27;[38;5;32m[AndroidUiautomator2Driver@11a5 (752558e8)]&amp#27;[0m Got response with status 200: {"sessionId":"2546ebe7-3247-4d43-9e86-a9e1d8682b36","value":[{"ELEMENT":"00000000-0000-0190-ffff-ffff00000051","element-6066-11e4-a52e-4f735466cecf":"00000000-0000-0190-ffff-ffff00000051"},{"ELEMENT":"00000000-0000-0190-ffff-ffff00000059","element-6066-11e4-a52e-4f735466cecf":"00000000-0000-0190-ffff-ffff00000059"},{"ELEMENT":"00000000-0000-0190-ffff-ffff00000061","element-6066-11e4-a52e-4f735466cecf":"00000000-0000-0190-ffff-ffff00000061"}]}
&amp#27;[38;5;32m[AndroidUiautomator2Driver@11a5 (752558e8)]&amp#27;[0m Responding to client with driver.findElements() result: [{"element-6066-11e4-a52e-4f735466cecf":"00000000-0000-0190-ffff-ffff00000051","ELEMENT":"00000000-0000-0190-ffff-ffff00000051"},{"element-6066-11e4-a52e-4f735466cecf":"00000000-0000-0190-ffff-ffff00000059","ELEMENT":"00000000-0000-0190-ffff-ffff00000059"},{"element-6066-11e4-a52e-4f735466cecf":"00000000-0000-0190-ffff-ffff00000061","ELEMENT":"00000000-0000-0190-ffff-ffff00000061"}]
&amp#27;[38;5;0m[HTTP]&amp#27;[0m <-- POST /session/752558e8-aa33-4f29-993d-1b4a0f80a2c1/elements 200 14 ms - 395
&amp#27;[38;5;0m[HTTP]&amp#27;[0m 
&amp#27;[38;5;0m[HTTP]&amp#27;[0m &amp#27;[37m-->&amp#27;[39m &amp#27;[37mPOST&amp#27;[39m &amp#27;[37m/session/752558e8-aa33-4f29-993d-1b4a0f80a2c1/element/00000000-0000-0190-ffff-ffff00000059/click&amp#27;[39m
&amp#27;[38;5;0m[HTTP]&amp#27;[0m {"id":"00000000-0000-0190-ffff-ffff00000059"}
&amp#27;[38;5;32m[AndroidUiautomator2Driver@11a5 (752558e8)]&amp#27;[0m Calling AppiumDriver.click() with args: ["00000000-0000-0190-ffff-ffff00000059","752558e8-aa33-4f29-993d-1b4a0f80a2c1"]
&amp#27;[38;5;32m[AndroidUiautomator2Driver@11a5 (752558e8)]&amp#27;[0m Matched '/element/00000000-0000-0190-ffff-ffff00000059/click' to command name 'click'
&amp#27;[38;5;32m[AndroidUiautomator2Driver@11a5 (752558e8)]&amp#27;[0m Proxying [POST /element/00000000-0000-0190-ffff-ffff00000059/click] to [POST http://127.0.0.1:8200/session/2546ebe7-3247-4d43-9e86-a9e1d8682b36/element/00000000-0000-0190-ffff-ffff00000059/click] with body: {"element":"00000000-0000-0190-ffff-ffff00000059"}
&amp#27;[38;5;32m[AndroidUiautomator2Driver@11a5 (752558e8)]&amp#27;[0m Got response with status 200: {"sessionId":"2546ebe7-3247-4d43-9e86-a9e1d8682b36","value":null}
&amp#27;[38;5;32m[AndroidUiautomator2Driver@11a5 (752558e8)]&amp#27;[0m Responding to client with driver.click() result: null
&amp#27;[38;5;0m[HTTP]&amp#27;[0m <-- POST /session/752558e8-aa33-4f29-993d-1b4a0f80a2c1/element/00000000-0000-0190-ffff-ffff00000059/click 200 536 ms - 14
&amp#27;[38;5;0m[HTTP]&amp#27;[0m 
&amp#27;[38;5;0m[HTTP]&amp#27;[0m &amp#27;[37m-->&amp#27;[39m &amp#27;[37mPOST&amp#27;[39m &amp#27;[37m/session/752558e8-aa33-4f29-993d-1b4a0f80a2c1/elements&amp#27;[39m
&amp#27;[38;5;0m[HTTP]&amp#27;[0m {"using":"id","value":"com.androidsample.generalstore:id/productName"}
&amp#27;[38;5;32m[AndroidUiautomator2Driver@11a5 (752558e8)]&amp#27;[0m Calling AppiumDriver.findElements() with args: ["id","com.androidsample.generalstore:id/productName","752558e8-aa33-4f29-993d-1b4a0f80a2c1"]
&amp#27;[38;5;32m[AndroidUiautomator2Driver@11a5 (752558e8)]&amp#27;[0m Valid locator strategies for this request: xpath, id, class name, accessibility id, css selector, -android uiautomator
&amp#27;[38;5;32m[AndroidUiautomator2Driver@11a5 (752558e8)]&amp#27;[0m Waiting up to 10000 ms for condition
&amp#27;[38;5;32m[AndroidUiautomator2Driver@11a5 (752558e8)]&amp#27;[0m Matched '/elements' to command name 'findElements'
&amp#27;[38;5;32m[AndroidUiautomator2Driver@11a5 (752558e8)]&amp#27;[0m Proxying [POST /elements] to [POST http://127.0.0.1:8200/session/2546ebe7-3247-4d43-9e86-a9e1d8682b36/elements] with body: {"strategy":"id","selector":"com.androidsample.generalstore:id/productName","context":"","multiple":true}
&amp#27;[38;5;32m[AndroidUiautomator2Driver@11a5 (752558e8)]&amp#27;[0m Got response with status 200: {"sessionId":"2546ebe7-3247-4d43-9e86-a9e1d8682b36","value":[{"ELEMENT":"00000000-0000-0190-ffff-ffff0000004d","element-6066-11e4-a52e-4f735466cecf":"00000000-0000-0190-ffff-ffff0000004d"},{"ELEMENT":"00000000-0000-0190-ffff-ffff00000055","element-6066-11e4-a52e-4f735466cecf":"00000000-0000-0190-ffff-ffff00000055"},{"ELEMENT":"00000000-0000-0190-ffff-ffff0000005d","element-6066-11e4-a52e-4f735466cecf":"00000000-0000-0190-ffff-ffff0000005d"}]}
&amp#27;[38;5;32m[AndroidUiautomator2Driver@11a5 (752558e8)]&amp#27;[0m Responding to client with driver.findElements() result: [{"element-6066-11e4-a52e-4f735466cecf":"00000000-0000-0190-ffff-ffff0000004d","ELEMENT":"00000000-0000-0190-ffff-ffff0000004d"},{"element-6066-11e4-a52e-4f735466cecf":"00000000-0000-0190-ffff-ffff00000055","ELEMENT":"00000000-0000-0190-ffff-ffff00000055"},{"element-6066-11e4-a52e-4f735466cecf":"00000000-0000-0190-ffff-ffff0000005d","ELEMENT":"00000000-0000-0190-ffff-ffff0000005d"}]
&amp#27;[38;5;0m[HTTP]&amp#27;[0m <-- POST /session/752558e8-aa33-4f29-993d-1b4a0f80a2c1/elements 200 30 ms - 395
&amp#27;[38;5;0m[HTTP]&amp#27;[0m 
&amp#27;[38;5;0m[HTTP]&amp#27;[0m &amp#27;[37m-->&amp#27;[39m &amp#27;[37mGET&amp#27;[39m &amp#27;[37m/session/752558e8-aa33-4f29-993d-1b4a0f80a2c1/element/00000000-0000-0190-ffff-ffff0000005d/text&amp#27;[39m
&amp#27;[38;5;0m[HTTP]&amp#27;[0m {}
&amp#27;[38;5;32m[AndroidUiautomator2Driver@11a5 (752558e8)]&amp#27;[0m Driver proxy active, passing request on via HTTP proxy
&amp#27;[38;5;32m[AndroidUiautomator2Driver@11a5 (752558e8)]&amp#27;[0m Matched '/session/752558e8-aa33-4f29-993d-1b4a0f80a2c1/element/00000000-0000-0190-ffff-ffff0000005d/text' to command name 'getText'
&amp#27;[38;5;32m[AndroidUiautomator2Driver@11a5 (752558e8)]&amp#27;[0m Proxying [GET /session/752558e8-aa33-4f29-993d-1b4a0f80a2c1/element/00000000-0000-0190-ffff-ffff0000005d/text] to [GET http://127.0.0.1:8200/session/2546ebe7-3247-4d43-9e86-a9e1d8682b36/element/00000000-0000-0190-ffff-ffff0000005d/text] with no body
&amp#27;[38;5;32m[AndroidUiautomator2Driver@11a5 (752558e8)]&amp#27;[0m Got response with status 200: {"sessionId":"2546ebe7-3247-4d43-9e86-a9e1d8682b36","value":"Nike SFB Jungle"}
&amp#27;[38;5;32m[AndroidUiautomator2Driver@11a5 (752558e8)]&amp#27;[0m Replacing sessionId 2546ebe7-3247-4d43-9e86-a9e1d8682b36 with 752558e8-aa33-4f29-993d-1b4a0f80a2c1
&amp#27;[38;5;0m[HTTP]&amp#27;[0m <-- GET /session/752558e8-aa33-4f29-993d-1b4a0f80a2c1/element/00000000-0000-0190-ffff-ffff0000005d/text 200 7 ms - 78
&amp#27;[38;5;0m[HTTP]&amp#27;[0m 
&amp#27;[38;5;0m[HTTP]&amp#27;[0m &amp#27;[37m-->&amp#27;[39m &amp#27;[37mGET&amp#27;[39m &amp#27;[37m/session/752558e8-aa33-4f29-993d-1b4a0f80a2c1/context&amp#27;[39m
&amp#27;[38;5;0m[HTTP]&amp#27;[0m {}
&amp#27;[38;5;32m[AndroidUiautomator2Driver@11a5 (752558e8)]&amp#27;[0m Calling AppiumDriver.getCurrentContext() with args: ["752558e8-aa33-4f29-993d-1b4a0f80a2c1"]
&amp#27;[38;5;32m[AndroidUiautomator2Driver@11a5 (752558e8)]&amp#27;[0m Responding to client with driver.getCurrentContext() result: "NATIVE_APP"
&amp#27;[38;5;0m[HTTP]&amp#27;[0m <-- GET /session/752558e8-aa33-4f29-993d-1b4a0f80a2c1/context 200 2 ms - 22
&amp#27;[38;5;0m[HTTP]&amp#27;[0m 
&amp#27;[38;5;0m[HTTP]&amp#27;[0m &amp#27;[37m-->&amp#27;[39m &amp#27;[37mPOST&amp#27;[39m &amp#27;[37m/session/752558e8-aa33-4f29-993d-1b4a0f80a2c1/element&amp#27;[39m
&amp#27;[38;5;0m[HTTP]&amp#27;[0m {"using":"id","value":"com.androidsample.generalstore:id/appbar_btn_cart"}
&amp#27;[38;5;32m[AndroidUiautomator2Driver@11a5 (752558e8)]&amp#27;[0m Calling AppiumDriver.findElement() with args: ["id","com.androidsample.generalstore:id/appbar_btn_cart","752558e8-aa33-4f29-993d-1b4a0f80a2c1"]
&amp#27;[38;5;32m[AndroidUiautomator2Driver@11a5 (752558e8)]&amp#27;[0m Valid locator strategies for this request: xpath, id, class name, accessibility id, css selector, -android uiautomator
&amp#27;[38;5;32m[AndroidUiautomator2Driver@11a5 (752558e8)]&amp#27;[0m Waiting up to 10000 ms for condition
&amp#27;[38;5;32m[AndroidUiautomator2Driver@11a5 (752558e8)]&amp#27;[0m Matched '/element' to command name 'findElement'
&amp#27;[38;5;32m[AndroidUiautomator2Driver@11a5 (752558e8)]&amp#27;[0m Proxying [POST /element] to [POST http://127.0.0.1:8200/session/2546ebe7-3247-4d43-9e86-a9e1d8682b36/element] with body: {"strategy":"id","selector":"com.androidsample.generalstore:id/appbar_btn_cart","context":"","multiple":false}
&amp#27;[38;5;32m[AndroidUiautomator2Driver@11a5 (752558e8)]&amp#27;[0m Got response with status 200: {"sessionId":"2546ebe7-3247-4d43-9e86-a9e1d8682b36","value":{"ELEMENT":"00000000-0000-0190-ffff-ffff00000044","element-6066-11e4-a52e-4f735466cecf":"00000000-0000-0190-ffff-ffff00000044"}}
&amp#27;[38;5;32m[AndroidUiautomator2Driver@11a5 (752558e8)]&amp#27;[0m Responding to client with driver.findElement() result: {"element-6066-11e4-a52e-4f735466cecf":"00000000-0000-0190-ffff-ffff00000044","ELEMENT":"00000000-0000-0190-ffff-ffff00000044"}
&amp#27;[38;5;0m[HTTP]&amp#27;[0m <-- POST /session/752558e8-aa33-4f29-993d-1b4a0f80a2c1/element 200 25 ms - 137
&amp#27;[38;5;0m[HTTP]&amp#27;[0m 
&amp#27;[38;5;0m[HTTP]&amp#27;[0m &amp#27;[37m-->&amp#27;[39m &amp#27;[37mPOST&amp#27;[39m &amp#27;[37m/session/752558e8-aa33-4f29-993d-1b4a0f80a2c1/element/00000000-0000-0190-ffff-ffff00000044/click&amp#27;[39m
&amp#27;[38;5;0m[HTTP]&amp#27;[0m {"id":"00000000-0000-0190-ffff-ffff00000044"}
&amp#27;[38;5;32m[AndroidUiautomator2Driver@11a5 (752558e8)]&amp#27;[0m Calling AppiumDriver.click() with args: ["00000000-0000-0190-ffff-ffff00000044","752558e8-aa33-4f29-993d-1b4a0f80a2c1"]
&amp#27;[38;5;32m[AndroidUiautomator2Driver@11a5 (752558e8)]&amp#27;[0m Matched '/element/00000000-0000-0190-ffff-ffff00000044/click' to command name 'click'
&amp#27;[38;5;32m[AndroidUiautomator2Driver@11a5 (752558e8)]&amp#27;[0m Proxying [POST /element/00000000-0000-0190-ffff-ffff00000044/click] to [POST http://127.0.0.1:8200/session/2546ebe7-3247-4d43-9e86-a9e1d8682b36/element/00000000-0000-0190-ffff-ffff00000044/click] with body: {"element":"00000000-0000-0190-ffff-ffff00000044"}
&amp#27;[38;5;32m[AndroidUiautomator2Driver@11a5 (752558e8)]&amp#27;[0m Got response with status 200: {"sessionId":"2546ebe7-3247-4d43-9e86-a9e1d8682b36","value":null}
&amp#27;[38;5;32m[AndroidUiautomator2Driver@11a5 (752558e8)]&amp#27;[0m Responding to client with driver.click() result: null
&amp#27;[38;5;0m[HTTP]&amp#27;[0m <-- POST /session/752558e8-aa33-4f29-993d-1b4a0f80a2c1/element/00000000-0000-0190-ffff-ffff00000044/click 200 78 ms - 14
&amp#27;[38;5;0m[HTTP]&amp#27;[0m 
&amp#27;[38;5;0m[HTTP]&amp#27;[0m &amp#27;[37m-->&amp#27;[39m &amp#27;[37mGET&amp#27;[39m &amp#27;[37m/session/752558e8-aa33-4f29-993d-1b4a0f80a2c1/context&amp#27;[39m
&amp#27;[38;5;0m[HTTP]&amp#27;[0m {}
&amp#27;[38;5;32m[AndroidUiautomator2Driver@11a5 (752558e8)]&amp#27;[0m Calling AppiumDriver.getCurrentContext() with args: ["752558e8-aa33-4f29-993d-1b4a0f80a2c1"]
&amp#27;[38;5;32m[AndroidUiautomator2Driver@11a5 (752558e8)]&amp#27;[0m Responding to client with driver.getCurrentContext() result: "NATIVE_APP"
&amp#27;[38;5;0m[HTTP]&amp#27;[0m <-- GET /session/752558e8-aa33-4f29-993d-1b4a0f80a2c1/context 200 2 ms - 22
&amp#27;[38;5;0m[HTTP]&amp#27;[0m 
&amp#27;[38;5;0m[HTTP]&amp#27;[0m &amp#27;[37m-->&amp#27;[39m &amp#27;[37mPOST&amp#27;[39m &amp#27;[37m/session/752558e8-aa33-4f29-993d-1b4a0f80a2c1/elements&amp#27;[39m
&amp#27;[38;5;0m[HTTP]&amp#27;[0m {"using":"id","value":"com.androidsample.generalstore:id/productPrice"}
&amp#27;[38;5;32m[AndroidUiautomator2Driver@11a5 (752558e8)]&amp#27;[0m Calling AppiumDriver.findElements() with args: ["id","com.androidsample.generalstore:id/productPrice","752558e8-aa33-4f29-993d-1b4a0f80a2c1"]
&amp#27;[38;5;32m[AndroidUiautomator2Driver@11a5 (752558e8)]&amp#27;[0m Valid locator strategies for this request: xpath, id, class name, accessibility id, css selector, -android uiautomator
&amp#27;[38;5;32m[AndroidUiautomator2Driver@11a5 (752558e8)]&amp#27;[0m Waiting up to 10000 ms for condition
&amp#27;[38;5;32m[AndroidUiautomator2Driver@11a5 (752558e8)]&amp#27;[0m Matched '/elements' to command name 'findElements'
&amp#27;[38;5;32m[AndroidUiautomator2Driver@11a5 (752558e8)]&amp#27;[0m Proxying [POST /elements] to [POST http://127.0.0.1:8200/session/2546ebe7-3247-4d43-9e86-a9e1d8682b36/elements] with body: {"strategy":"id","selector":"com.androidsample.generalstore:id/productPrice","context":"","multiple":true}
&amp#27;[38;5;32m[AndroidUiautomator2Driver@11a5 (752558e8)]&amp#27;[0m Got response with status 200: {"sessionId":"2546ebe7-3247-4d43-9e86-a9e1d8682b36","value":[{"ELEMENT":"00000000-0000-0191-ffff-ffff000000a6","element-6066-11e4-a52e-4f735466cecf":"00000000-0000-0191-ffff-ffff000000a6"},{"ELEMENT":"00000000-0000-0191-ffff-ffff000000ae","element-6066-11e4-a52e-4f735466cecf":"00000000-0000-0191-ffff-ffff000000ae"}]}
&amp#27;[38;5;32m[AndroidUiautomator2Driver@11a5 (752558e8)]&amp#27;[0m Responding to client with driver.findElements() result: [{"element-6066-11e4-a52e-4f735466cecf":"00000000-0000-0191-ffff-ffff000000a6","ELEMENT":"00000000-0000-0191-ffff-ffff000000a6"},{"element-6066-11e4-a52e-4f735466cecf":"00000000-0000-0191-ffff-ffff000000ae","ELEMENT":"00000000-0000-0191-ffff-ffff000000ae"}]
&amp#27;[38;5;0m[HTTP]&amp#27;[0m <-- POST /session/752558e8-aa33-4f29-993d-1b4a0f80a2c1/elements 200 32 ms - 267
&amp#27;[38;5;0m[HTTP]&amp#27;[0m 
&amp#27;[38;5;0m[HTTP]&amp#27;[0m &amp#27;[37m-->&amp#27;[39m &amp#27;[37mGET&amp#27;[39m &amp#27;[37m/session/752558e8-aa33-4f29-993d-1b4a0f80a2c1/context&amp#27;[39m
&amp#27;[38;5;0m[HTTP]&amp#27;[0m {}
&amp#27;[38;5;32m[AndroidUiautomator2Driver@11a5 (752558e8)]&amp#27;[0m Calling AppiumDriver.getCurrentContext() with args: ["752558e8-aa33-4f29-993d-1b4a0f80a2c1"]
&amp#27;[38;5;32m[AndroidUiautomator2Driver@11a5 (752558e8)]&amp#27;[0m Responding to client with driver.getCurrentContext() result: "NATIVE_APP"
&amp#27;[38;5;0m[HTTP]&amp#27;[0m <-- GET /session/752558e8-aa33-4f29-993d-1b4a0f80a2c1/context 200 1 ms - 22
&amp#27;[38;5;0m[HTTP]&amp#27;[0m 
&amp#27;[38;5;0m[HTTP]&amp#27;[0m &amp#27;[37m-->&amp#27;[39m &amp#27;[37mPOST&amp#27;[39m &amp#27;[37m/session/752558e8-aa33-4f29-993d-1b4a0f80a2c1/elements&amp#27;[39m
&amp#27;[38;5;0m[HTTP]&amp#27;[0m {"using":"id","value":"com.androidsample.generalstore:id/productPrice"}
&amp#27;[38;5;32m[AndroidUiautomator2Driver@11a5 (752558e8)]&amp#27;[0m Calling AppiumDriver.findElements() with args: ["id","com.androidsample.generalstore:id/productPrice","752558e8-aa33-4f29-993d-1b4a0f80a2c1"]
&amp#27;[38;5;32m[AndroidUiautomator2Driver@11a5 (752558e8)]&amp#27;[0m Valid locator strategies for this request: xpath, id, class name, accessibility id, css selector, -android uiautomator
&amp#27;[38;5;32m[AndroidUiautomator2Driver@11a5 (752558e8)]&amp#27;[0m Waiting up to 10000 ms for condition
&amp#27;[38;5;32m[AndroidUiautomator2Driver@11a5 (752558e8)]&amp#27;[0m Matched '/elements' to command name 'findElements'
&amp#27;[38;5;32m[AndroidUiautomator2Driver@11a5 (752558e8)]&amp#27;[0m Proxying [POST /elements] to [POST http://127.0.0.1:8200/session/2546ebe7-3247-4d43-9e86-a9e1d8682b36/elements] with body: {"strategy":"id","selector":"com.androidsample.generalstore:id/productPrice","context":"","multiple":true}
&amp#27;[38;5;32m[AndroidUiautomator2Driver@11a5 (752558e8)]&amp#27;[0m Got response with status 200: {"sessionId":"2546ebe7-3247-4d43-9e86-a9e1d8682b36","value":[{"ELEMENT":"00000000-0000-0191-ffff-ffff000000a6","element-6066-11e4-a52e-4f735466cecf":"00000000-0000-0191-ffff-ffff000000a6"},{"ELEMENT":"00000000-0000-0191-ffff-ffff000000ae","element-6066-11e4-a52e-4f735466cecf":"00000000-0000-0191-ffff-ffff000000ae"}]}
&amp#27;[38;5;32m[AndroidUiautomator2Driver@11a5 (752558e8)]&amp#27;[0m Responding to client with driver.findElements() result: [{"element-6066-11e4-a52e-4f735466cecf":"00000000-0000-0191-ffff-ffff000000a6","ELEMENT":"00000000-0000-0191-ffff-ffff000000a6"},{"element-6066-11e4-a52e-4f735466cecf":"00000000-0000-0191-ffff-ffff000000ae","ELEMENT":"00000000-0000-0191-ffff-ffff000000ae"}]
&amp#27;[38;5;0m[HTTP]&amp#27;[0m <-- POST /session/752558e8-aa33-4f29-993d-1b4a0f80a2c1/elements 200 16 ms - 267
&amp#27;[38;5;0m[HTTP]&amp#27;[0m 
&amp#27;[38;5;0m[HTTP]&amp#27;[0m &amp#27;[37m-->&amp#27;[39m &amp#27;[37mGET&amp#27;[39m &amp#27;[37m/session/752558e8-aa33-4f29-993d-1b4a0f80a2c1/element/00000000-0000-0191-ffff-ffff000000a6/text&amp#27;[39m
&amp#27;[38;5;0m[HTTP]&amp#27;[0m {}
&amp#27;[38;5;32m[AndroidUiautomator2Driver@11a5 (752558e8)]&amp#27;[0m Driver proxy active, passing request on via HTTP proxy
&amp#27;[38;5;32m[AndroidUiautomator2Driver@11a5 (752558e8)]&amp#27;[0m Matched '/session/752558e8-aa33-4f29-993d-1b4a0f80a2c1/element/00000000-0000-0191-ffff-ffff000000a6/text' to command name 'getText'
&amp#27;[38;5;32m[AndroidUiautomator2Driver@11a5 (752558e8)]&amp#27;[0m Proxying [GET /session/752558e8-aa33-4f29-993d-1b4a0f80a2c1/element/00000000-0000-0191-ffff-ffff000000a6/text] to [GET http://127.0.0.1:8200/session/2546ebe7-3247-4d43-9e86-a9e1d8682b36/element/00000000-0000-0191-ffff-ffff000000a6/text] with no body
&amp#27;[38;5;32m[AndroidUiautomator2Driver@11a5 (752558e8)]&amp#27;[0m Got response with status 200: {"sessionId":"2546ebe7-3247-4d43-9e86-a9e1d8682b36","value":"$160.97"}
&amp#27;[38;5;32m[AndroidUiautomator2Driver@11a5 (752558e8)]&amp#27;[0m Replacing sessionId 2546ebe7-3247-4d43-9e86-a9e1d8682b36 with 752558e8-aa33-4f29-993d-1b4a0f80a2c1
&amp#27;[38;5;0m[HTTP]&amp#27;[0m <-- GET /session/752558e8-aa33-4f29-993d-1b4a0f80a2c1/element/00000000-0000-0191-ffff-ffff000000a6/text 200 5 ms - 70
&amp#27;[38;5;0m[HTTP]&amp#27;[0m 
&amp#27;[38;5;0m[HTTP]&amp#27;[0m &amp#27;[37m-->&amp#27;[39m &amp#27;[37mGET&amp#27;[39m &amp#27;[37m/session/752558e8-aa33-4f29-993d-1b4a0f80a2c1/context&amp#27;[39m
&amp#27;[38;5;0m[HTTP]&amp#27;[0m {}
&amp#27;[38;5;32m[AndroidUiautomator2Driver@11a5 (752558e8)]&amp#27;[0m Calling AppiumDriver.getCurrentContext() with args: ["752558e8-aa33-4f29-993d-1b4a0f80a2c1"]
&amp#27;[38;5;32m[AndroidUiautomator2Driver@11a5 (752558e8)]&amp#27;[0m Responding to client with driver.getCurrentContext() result: "NATIVE_APP"
&amp#27;[38;5;0m[HTTP]&amp#27;[0m <-- GET /session/752558e8-aa33-4f29-993d-1b4a0f80a2c1/context 200 0 ms - 22
&amp#27;[38;5;0m[HTTP]&amp#27;[0m 
&amp#27;[38;5;0m[HTTP]&amp#27;[0m &amp#27;[37m-->&amp#27;[39m &amp#27;[37mPOST&amp#27;[39m &amp#27;[37m/session/752558e8-aa33-4f29-993d-1b4a0f80a2c1/elements&amp#27;[39m
&amp#27;[38;5;0m[HTTP]&amp#27;[0m {"using":"id","value":"com.androidsample.generalstore:id/productPrice"}
&amp#27;[38;5;32m[AndroidUiautomator2Driver@11a5 (752558e8)]&amp#27;[0m Calling AppiumDriver.findElements() with args: ["id","com.androidsample.generalstore:id/productPrice","752558e8-aa33-4f29-993d-1b4a0f80a2c1"]
&amp#27;[38;5;32m[AndroidUiautomator2Driver@11a5 (752558e8)]&amp#27;[0m Valid locator strategies for this request: xpath, id, class name, accessibility id, css selector, -android uiautomator
&amp#27;[38;5;32m[AndroidUiautomator2Driver@11a5 (752558e8)]&amp#27;[0m Waiting up to 10000 ms for condition
&amp#27;[38;5;32m[AndroidUiautomator2Driver@11a5 (752558e8)]&amp#27;[0m Matched '/elements' to command name 'findElements'
&amp#27;[38;5;32m[AndroidUiautomator2Driver@11a5 (752558e8)]&amp#27;[0m Proxying [POST /elements] to [POST http://127.0.0.1:8200/session/2546ebe7-3247-4d43-9e86-a9e1d8682b36/elements] with body: {"strategy":"id","selector":"com.androidsample.generalstore:id/productPrice","context":"","multiple":true}
&amp#27;[38;5;32m[AndroidUiautomator2Driver@11a5 (752558e8)]&amp#27;[0m Got response with status 200: {"sessionId":"2546ebe7-3247-4d43-9e86-a9e1d8682b36","value":[{"ELEMENT":"00000000-0000-0191-ffff-ffff000000a6","element-6066-11e4-a52e-4f735466cecf":"00000000-0000-0191-ffff-ffff000000a6"},{"ELEMENT":"00000000-0000-0191-ffff-ffff000000ae","element-6066-11e4-a52e-4f735466cecf":"00000000-0000-0191-ffff-ffff000000ae"}]}
&amp#27;[38;5;32m[AndroidUiautomator2Driver@11a5 (752558e8)]&amp#27;[0m Responding to client with driver.findElements() result: [{"element-6066-11e4-a52e-4f735466cecf":"00000000-0000-0191-ffff-ffff000000a6","ELEMENT":"00000000-0000-0191-ffff-ffff000000a6"},{"element-6066-11e4-a52e-4f735466cecf":"00000000-0000-0191-ffff-ffff000000ae","ELEMENT":"00000000-0000-0191-ffff-ffff000000ae"}]
&amp#27;[38;5;0m[HTTP]&amp#27;[0m <-- POST /session/752558e8-aa33-4f29-993d-1b4a0f80a2c1/elements 200 12 ms - 267
&amp#27;[38;5;0m[HTTP]&amp#27;[0m 
&amp#27;[38;5;0m[HTTP]&amp#27;[0m &amp#27;[37m-->&amp#27;[39m &amp#27;[37mGET&amp#27;[39m &amp#27;[37m/session/752558e8-aa33-4f29-993d-1b4a0f80a2c1/element/00000000-0000-0191-ffff-ffff000000ae/text&amp#27;[39m
&amp#27;[38;5;0m[HTTP]&amp#27;[0m {}
&amp#27;[38;5;32m[AndroidUiautomator2Driver@11a5 (752558e8)]&amp#27;[0m Driver proxy active, passing request on via HTTP proxy
&amp#27;[38;5;32m[AndroidUiautomator2Driver@11a5 (752558e8)]&amp#27;[0m Matched '/session/752558e8-aa33-4f29-993d-1b4a0f80a2c1/element/00000000-0000-0191-ffff-ffff000000ae/text' to command name 'getText'
&amp#27;[38;5;32m[AndroidUiautomator2Driver@11a5 (752558e8)]&amp#27;[0m Proxying [GET /session/752558e8-aa33-4f29-993d-1b4a0f80a2c1/element/00000000-0000-0191-ffff-ffff000000ae/text] to [GET http://127.0.0.1:8200/session/2546ebe7-3247-4d43-9e86-a9e1d8682b36/element/00000000-0000-0191-ffff-ffff000000ae/text] with no body
&amp#27;[38;5;32m[AndroidUiautomator2Driver@11a5 (752558e8)]&amp#27;[0m Got response with status 200: {"sessionId":"2546ebe7-3247-4d43-9e86-a9e1d8682b36","value":"$110.0"}
&amp#27;[38;5;32m[AndroidUiautomator2Driver@11a5 (752558e8)]&amp#27;[0m Replacing sessionId 2546ebe7-3247-4d43-9e86-a9e1d8682b36 with 752558e8-aa33-4f29-993d-1b4a0f80a2c1
&amp#27;[38;5;0m[HTTP]&amp#27;[0m <-- GET /session/752558e8-aa33-4f29-993d-1b4a0f80a2c1/element/00000000-0000-0191-ffff-ffff000000ae/text 200 6 ms - 69
&amp#27;[38;5;0m[HTTP]&amp#27;[0m 
&amp#27;[38;5;0m[HTTP]&amp#27;[0m &amp#27;[37m-->&amp#27;[39m &amp#27;[37mGET&amp#27;[39m &amp#27;[37m/session/752558e8-aa33-4f29-993d-1b4a0f80a2c1/context&amp#27;[39m
&amp#27;[38;5;0m[HTTP]&amp#27;[0m {}
&amp#27;[38;5;32m[AndroidUiautomator2Driver@11a5 (752558e8)]&amp#27;[0m Calling AppiumDriver.getCurrentContext() with args: ["752558e8-aa33-4f29-993d-1b4a0f80a2c1"]
&amp#27;[38;5;32m[AndroidUiautomator2Driver@11a5 (752558e8)]&amp#27;[0m Responding to client with driver.getCurrentContext() result: "NATIVE_APP"
&amp#27;[38;5;0m[HTTP]&amp#27;[0m <-- GET /session/752558e8-aa33-4f29-993d-1b4a0f80a2c1/context 200 0 ms - 22
&amp#27;[38;5;0m[HTTP]&amp#27;[0m 
&amp#27;[38;5;0m[HTTP]&amp#27;[0m &amp#27;[37m-->&amp#27;[39m &amp#27;[37mPOST&amp#27;[39m &amp#27;[37m/session/752558e8-aa33-4f29-993d-1b4a0f80a2c1/element&amp#27;[39m
&amp#27;[38;5;0m[HTTP]&amp#27;[0m {"using":"id","value":"com.androidsample.generalstore:id/totalAmountLbl"}
&amp#27;[38;5;32m[AndroidUiautomator2Driver@11a5 (752558e8)]&amp#27;[0m Calling AppiumDriver.findElement() with args: ["id","com.androidsample.generalstore:id/totalAmountLbl","752558e8-aa33-4f29-993d-1b4a0f80a2c1"]
&amp#27;[38;5;32m[AndroidUiautomator2Driver@11a5 (752558e8)]&amp#27;[0m Valid locator strategies for this request: xpath, id, class name, accessibility id, css selector, -android uiautomator
&amp#27;[38;5;32m[AndroidUiautomator2Driver@11a5 (752558e8)]&amp#27;[0m Waiting up to 10000 ms for condition
&amp#27;[38;5;32m[AndroidUiautomator2Driver@11a5 (752558e8)]&amp#27;[0m Matched '/element' to command name 'findElement'
&amp#27;[38;5;32m[AndroidUiautomator2Driver@11a5 (752558e8)]&amp#27;[0m Proxying [POST /element] to [POST http://127.0.0.1:8200/session/2546ebe7-3247-4d43-9e86-a9e1d8682b36/element] with body: {"strategy":"id","selector":"com.androidsample.generalstore:id/totalAmountLbl","context":"","multiple":false}
&amp#27;[38;5;32m[AndroidUiautomator2Driver@11a5 (752558e8)]&amp#27;[0m Got response with status 200: {"sessionId":"2546ebe7-3247-4d43-9e86-a9e1d8682b36","value":{"ELEMENT":"00000000-0000-0191-ffff-ffff0000009a","element-6066-11e4-a52e-4f735466cecf":"00000000-0000-0191-ffff-ffff0000009a"}}
&amp#27;[38;5;32m[AndroidUiautomator2Driver@11a5 (752558e8)]&amp#27;[0m Responding to client with driver.findElement() result: {"element-6066-11e4-a52e-4f735466cecf":"00000000-0000-0191-ffff-ffff0000009a","ELEMENT":"00000000-0000-0191-ffff-ffff0000009a"}
&amp#27;[38;5;0m[HTTP]&amp#27;[0m <-- POST /session/752558e8-aa33-4f29-993d-1b4a0f80a2c1/element 200 10 ms - 137
&amp#27;[38;5;0m[HTTP]&amp#27;[0m 
&amp#27;[38;5;0m[HTTP]&amp#27;[0m &amp#27;[37m-->&amp#27;[39m &amp#27;[37mGET&amp#27;[39m &amp#27;[37m/session/752558e8-aa33-4f29-993d-1b4a0f80a2c1/element/00000000-0000-0191-ffff-ffff0000009a/attribute/text&amp#27;[39m
&amp#27;[38;5;0m[HTTP]&amp#27;[0m {}
&amp#27;[38;5;32m[AndroidUiautomator2Driver@11a5 (752558e8)]&amp#27;[0m Calling AppiumDriver.getAttribute() with args: ["text","00000000-0000-0191-ffff-ffff0000009a","752558e8-aa33-4f29-993d-1b4a0f80a2c1"]
&amp#27;[38;5;32m[AndroidUiautomator2Driver@11a5 (752558e8)]&amp#27;[0m Matched '/element/00000000-0000-0191-ffff-ffff0000009a/attribute/text' to command name 'getAttribute'
&amp#27;[38;5;32m[AndroidUiautomator2Driver@11a5 (752558e8)]&amp#27;[0m Proxying [GET /element/00000000-0000-0191-ffff-ffff0000009a/attribute/text] to [GET http://127.0.0.1:8200/session/2546ebe7-3247-4d43-9e86-a9e1d8682b36/element/00000000-0000-0191-ffff-ffff0000009a/attribute/text] with no body
&amp#27;[38;5;32m[AndroidUiautomator2Driver@11a5 (752558e8)]&amp#27;[0m Got response with status 200: {"sessionId":"2546ebe7-3247-4d43-9e86-a9e1d8682b36","value":"$ 270.97"}
&amp#27;[38;5;32m[AndroidUiautomator2Driver@11a5 (752558e8)]&amp#27;[0m Responding to client with driver.getAttribute() result: "$ 270.97"
&amp#27;[38;5;0m[HTTP]&amp#27;[0m <-- GET /session/752558e8-aa33-4f29-993d-1b4a0f80a2c1/element/00000000-0000-0191-ffff-ffff0000009a/attribute/text 200 9 ms - 20
&amp#27;[38;5;0m[HTTP]&amp#27;[0m 
&amp#27;[38;5;0m[HTTP]&amp#27;[0m &amp#27;[37m-->&amp#27;[39m &amp#27;[37mGET&amp#27;[39m &amp#27;[37m/session/752558e8-aa33-4f29-993d-1b4a0f80a2c1/context&amp#27;[39m
&amp#27;[38;5;0m[HTTP]&amp#27;[0m {}
&amp#27;[38;5;32m[AndroidUiautomator2Driver@11a5 (752558e8)]&amp#27;[0m Calling AppiumDriver.getCurrentContext() with args: ["752558e8-aa33-4f29-993d-1b4a0f80a2c1"]
&amp#27;[38;5;32m[AndroidUiautomator2Driver@11a5 (752558e8)]&amp#27;[0m Responding to client with driver.getCurrentContext() result: "NATIVE_APP"
&amp#27;[38;5;0m[HTTP]&amp#27;[0m <-- GET /session/752558e8-aa33-4f29-993d-1b4a0f80a2c1/context 200 0 ms - 22
&amp#27;[38;5;0m[HTTP]&amp#27;[0m 
&amp#27;[38;5;0m[HTTP]&amp#27;[0m &amp#27;[37m-->&amp#27;[39m &amp#27;[37mPOST&amp#27;[39m &amp#27;[37m/session/752558e8-aa33-4f29-993d-1b4a0f80a2c1/element&amp#27;[39m
&amp#27;[38;5;0m[HTTP]&amp#27;[0m {"using":"xpath","value":"//android.widget.CheckBox[contains(@text, 'Send me e-mails on discounts')]"}
&amp#27;[38;5;32m[AndroidUiautomator2Driver@11a5 (752558e8)]&amp#27;[0m Calling AppiumDriver.findElement() with args: ["xpath","//android.widget.CheckBox[contains(@text, 'Send me e-mails on discounts')]","752558e8-aa33-4f29-993d-1b4a0f80a2c1"]
&amp#27;[38;5;32m[AndroidUiautomator2Driver@11a5 (752558e8)]&amp#27;[0m Valid locator strategies for this request: xpath, id, class name, accessibility id, css selector, -android uiautomator
&amp#27;[38;5;32m[AndroidUiautomator2Driver@11a5 (752558e8)]&amp#27;[0m Waiting up to 10000 ms for condition
&amp#27;[38;5;32m[AndroidUiautomator2Driver@11a5 (752558e8)]&amp#27;[0m Matched '/element' to command name 'findElement'
&amp#27;[38;5;32m[AndroidUiautomator2Driver@11a5 (752558e8)]&amp#27;[0m Proxying [POST /element] to [POST http://127.0.0.1:8200/session/2546ebe7-3247-4d43-9e86-a9e1d8682b36/element] with body: {"strategy":"xpath","selector":"//android.widget.CheckBox[contains(@text, 'Send me e-mails on discounts')]","context":"","multiple":false}
&amp#27;[38;5;32m[AndroidUiautomator2Driver@11a5 (752558e8)]&amp#27;[0m Got response with status 200: {"sessionId":"2546ebe7-3247-4d43-9e86-a9e1d8682b36","value":{"ELEMENT":"00000000-0000-0191-ffff-ffff0000009b","element-6066-11e4-a52e-4f735466cecf":"00000000-0000-0191-ffff-ffff0000009b"}}
&amp#27;[38;5;32m[AndroidUiautomator2Driver@11a5 (752558e8)]&amp#27;[0m Responding to client with driver.findElement() result: {"element-6066-11e4-a52e-4f735466cecf":"00000000-0000-0191-ffff-ffff0000009b","ELEMENT":"00000000-0000-0191-ffff-ffff0000009b"}
&amp#27;[38;5;0m[HTTP]&amp#27;[0m <-- POST /session/752558e8-aa33-4f29-993d-1b4a0f80a2c1/element 200 128 ms - 137
&amp#27;[38;5;0m[HTTP]&amp#27;[0m 
&amp#27;[38;5;0m[HTTP]&amp#27;[0m &amp#27;[37m-->&amp#27;[39m &amp#27;[37mPOST&amp#27;[39m &amp#27;[37m/session/752558e8-aa33-4f29-993d-1b4a0f80a2c1/element/00000000-0000-0191-ffff-ffff0000009b/click&amp#27;[39m
&amp#27;[38;5;0m[HTTP]&amp#27;[0m {"id":"00000000-0000-0191-ffff-ffff0000009b"}
&amp#27;[38;5;32m[AndroidUiautomator2Driver@11a5 (752558e8)]&amp#27;[0m Calling AppiumDriver.click() with args: ["00000000-0000-0191-ffff-ffff0000009b","752558e8-aa33-4f29-993d-1b4a0f80a2c1"]
&amp#27;[38;5;32m[AndroidUiautomator2Driver@11a5 (752558e8)]&amp#27;[0m Matched '/element/00000000-0000-0191-ffff-ffff0000009b/click' to command name 'click'
&amp#27;[38;5;32m[AndroidUiautomator2Driver@11a5 (752558e8)]&amp#27;[0m Proxying [POST /element/00000000-0000-0191-ffff-ffff0000009b/click] to [POST http://127.0.0.1:8200/session/2546ebe7-3247-4d43-9e86-a9e1d8682b36/element/00000000-0000-0191-ffff-ffff0000009b/click] with body: {"element":"00000000-0000-0191-ffff-ffff0000009b"}
&amp#27;[38;5;32m[AndroidUiautomator2Driver@11a5 (752558e8)]&amp#27;[0m Got response with status 200: {"sessionId":"2546ebe7-3247-4d43-9e86-a9e1d8682b36","value":null}
&amp#27;[38;5;32m[AndroidUiautomator2Driver@11a5 (752558e8)]&amp#27;[0m Responding to client with driver.click() result: null
&amp#27;[38;5;0m[HTTP]&amp#27;[0m <-- POST /session/752558e8-aa33-4f29-993d-1b4a0f80a2c1/element/00000000-0000-0191-ffff-ffff0000009b/click 200 31 ms - 14
&amp#27;[38;5;0m[HTTP]&amp#27;[0m 
&amp#27;[38;5;0m[HTTP]&amp#27;[0m &amp#27;[37m-->&amp#27;[39m &amp#27;[37mGET&amp#27;[39m &amp#27;[37m/session/752558e8-aa33-4f29-993d-1b4a0f80a2c1/context&amp#27;[39m
&amp#27;[38;5;0m[HTTP]&amp#27;[0m {}
&amp#27;[38;5;32m[AndroidUiautomator2Driver@11a5 (752558e8)]&amp#27;[0m Calling AppiumDriver.getCurrentContext() with args: ["752558e8-aa33-4f29-993d-1b4a0f80a2c1"]
&amp#27;[38;5;32m[AndroidUiautomator2Driver@11a5 (752558e8)]&amp#27;[0m Responding to client with driver.getCurrentContext() result: "NATIVE_APP"
&amp#27;[38;5;0m[HTTP]&amp#27;[0m <-- GET /session/752558e8-aa33-4f29-993d-1b4a0f80a2c1/context 200 1 ms - 22
&amp#27;[38;5;0m[HTTP]&amp#27;[0m 
&amp#27;[38;5;0m[HTTP]&amp#27;[0m &amp#27;[37m-->&amp#27;[39m &amp#27;[37mPOST&amp#27;[39m &amp#27;[37m/session/752558e8-aa33-4f29-993d-1b4a0f80a2c1/element&amp#27;[39m
&amp#27;[38;5;0m[HTTP]&amp#27;[0m {"using":"id","value":"com.androidsample.generalstore:id/termsButton"}
&amp#27;[38;5;32m[AndroidUiautomator2Driver@11a5 (752558e8)]&amp#27;[0m Calling AppiumDriver.findElement() with args: ["id","com.androidsample.generalstore:id/termsButton","752558e8-aa33-4f29-993d-1b4a0f80a2c1"]
&amp#27;[38;5;32m[AndroidUiautomator2Driver@11a5 (752558e8)]&amp#27;[0m Valid locator strategies for this request: xpath, id, class name, accessibility id, css selector, -android uiautomator
&amp#27;[38;5;32m[AndroidUiautomator2Driver@11a5 (752558e8)]&amp#27;[0m Waiting up to 10000 ms for condition
&amp#27;[38;5;32m[AndroidUiautomator2Driver@11a5 (752558e8)]&amp#27;[0m Matched '/element' to command name 'findElement'
&amp#27;[38;5;32m[AndroidUiautomator2Driver@11a5 (752558e8)]&amp#27;[0m Proxying [POST /element] to [POST http://127.0.0.1:8200/session/2546ebe7-3247-4d43-9e86-a9e1d8682b36/element] with body: {"strategy":"id","selector":"com.androidsample.generalstore:id/termsButton","context":"","multiple":false}
&amp#27;[38;5;32m[AndroidUiautomator2Driver@11a5 (752558e8)]&amp#27;[0m Got response with status 200: {"sessionId":"2546ebe7-3247-4d43-9e86-a9e1d8682b36","value":{"ELEMENT":"00000000-0000-0191-ffff-ffff0000009d","element-6066-11e4-a52e-4f735466cecf":"00000000-0000-0191-ffff-ffff0000009d"}}
&amp#27;[38;5;32m[AndroidUiautomator2Driver@11a5 (752558e8)]&amp#27;[0m Responding to client with driver.findElement() result: {"element-6066-11e4-a52e-4f735466cecf":"00000000-0000-0191-ffff-ffff0000009d","ELEMENT":"00000000-0000-0191-ffff-ffff0000009d"}
&amp#27;[38;5;0m[HTTP]&amp#27;[0m <-- POST /session/752558e8-aa33-4f29-993d-1b4a0f80a2c1/element 200 99 ms - 137
&amp#27;[38;5;0m[HTTP]&amp#27;[0m 
&amp#27;[38;5;0m[HTTP]&amp#27;[0m &amp#27;[37m-->&amp#27;[39m &amp#27;[37mPOST&amp#27;[39m &amp#27;[37m/session/752558e8-aa33-4f29-993d-1b4a0f80a2c1/execute/sync&amp#27;[39m
&amp#27;[38;5;0m[HTTP]&amp#27;[0m {"script":"mobile: longClickGesture","args":[{"elementId":"00000000-0000-0191-ffff-ffff0000009d","duration":2000}]}
&amp#27;[38;5;32m[AndroidUiautomator2Driver@11a5 (752558e8)]&amp#27;[0m Calling AppiumDriver.execute() with args: ["mobile: longClickGesture",[{"elementId":"00000000-0000-0191-ffff-ffff0000009d","duration":2000}],"752558e8-aa33-4f29-993d-1b4a0f80a2c1"]
&amp#27;[38;5;32m[AndroidUiautomator2Driver@11a5 (752558e8)]&amp#27;[0m Executing method 'mobile: longClickGesture'
&amp#27;[38;5;32m[AndroidUiautomator2Driver@11a5 (752558e8)]&amp#27;[0m Proxying [POST /appium/gestures/long_click] to [POST http://127.0.0.1:8200/session/2546ebe7-3247-4d43-9e86-a9e1d8682b36/appium/gestures/long_click] with body: {"origin":{"ELEMENT":"00000000-0000-0191-ffff-ffff0000009d","element-6066-11e4-a52e-4f735466cecf":"00000000-0000-0191-ffff-ffff0000009d"},"duration":2000}
&amp#27;[38;5;32m[AndroidUiautomator2Driver@11a5 (752558e8)]&amp#27;[0m Got response with status 200: {"sessionId":"2546ebe7-3247-4d43-9e86-a9e1d8682b36","value":null}
&amp#27;[38;5;32m[AndroidUiautomator2Driver@11a5 (752558e8)]&amp#27;[0m Responding to client with driver.execute() result: null
&amp#27;[38;5;0m[HTTP]&amp#27;[0m <-- POST /session/752558e8-aa33-4f29-993d-1b4a0f80a2c1/execute/sync 200 2542 ms - 14
&amp#27;[38;5;0m[HTTP]&amp#27;[0m 
&amp#27;[38;5;0m[HTTP]&amp#27;[0m &amp#27;[37m-->&amp#27;[39m &amp#27;[37mGET&amp#27;[39m &amp#27;[37m/session/752558e8-aa33-4f29-993d-1b4a0f80a2c1/context&amp#27;[39m
&amp#27;[38;5;0m[HTTP]&amp#27;[0m {}
&amp#27;[38;5;32m[AndroidUiautomator2Driver@11a5 (752558e8)]&amp#27;[0m Calling AppiumDriver.getCurrentContext() with args: ["752558e8-aa33-4f29-993d-1b4a0f80a2c1"]
&amp#27;[38;5;32m[AndroidUiautomator2Driver@11a5 (752558e8)]&amp#27;[0m Responding to client with driver.getCurrentContext() result: "NATIVE_APP"
&amp#27;[38;5;0m[HTTP]&amp#27;[0m <-- GET /session/752558e8-aa33-4f29-993d-1b4a0f80a2c1/context 200 1 ms - 22
&amp#27;[38;5;0m[HTTP]&amp#27;[0m 
&amp#27;[38;5;0m[HTTP]&amp#27;[0m &amp#27;[37m-->&amp#27;[39m &amp#27;[37mPOST&amp#27;[39m &amp#27;[37m/session/752558e8-aa33-4f29-993d-1b4a0f80a2c1/element&amp#27;[39m
&amp#27;[38;5;0m[HTTP]&amp#27;[0m {"using":"id","value":"android:id/button1"}
&amp#27;[38;5;32m[AndroidUiautomator2Driver@11a5 (752558e8)]&amp#27;[0m Calling AppiumDriver.findElement() with args: ["id","android:id/button1","752558e8-aa33-4f29-993d-1b4a0f80a2c1"]
&amp#27;[38;5;32m[AndroidUiautomator2Driver@11a5 (752558e8)]&amp#27;[0m Valid locator strategies for this request: xpath, id, class name, accessibility id, css selector, -android uiautomator
&amp#27;[38;5;32m[AndroidUiautomator2Driver@11a5 (752558e8)]&amp#27;[0m Waiting up to 10000 ms for condition
&amp#27;[38;5;32m[AndroidUiautomator2Driver@11a5 (752558e8)]&amp#27;[0m Matched '/element' to command name 'findElement'
&amp#27;[38;5;32m[AndroidUiautomator2Driver@11a5 (752558e8)]&amp#27;[0m Proxying [POST /element] to [POST http://127.0.0.1:8200/session/2546ebe7-3247-4d43-9e86-a9e1d8682b36/element] with body: {"strategy":"id","selector":"android:id/button1","context":"","multiple":false}
&amp#27;[38;5;32m[AndroidUiautomator2Driver@11a5 (752558e8)]&amp#27;[0m Got response with status 200: {"sessionId":"2546ebe7-3247-4d43-9e86-a9e1d8682b36","value":{"ELEMENT":"00000000-0000-0192-ffff-ffff000000c9","element-6066-11e4-a52e-4f735466cecf":"00000000-0000-0192-ffff-ffff000000c9"}}
&amp#27;[38;5;32m[AndroidUiautomator2Driver@11a5 (752558e8)]&amp#27;[0m Responding to client with driver.findElement() result: {"element-6066-11e4-a52e-4f735466cecf":"00000000-0000-0192-ffff-ffff000000c9","ELEMENT":"00000000-0000-0192-ffff-ffff000000c9"}
&amp#27;[38;5;0m[HTTP]&amp#27;[0m <-- POST /session/752558e8-aa33-4f29-993d-1b4a0f80a2c1/element 200 21 ms - 137
&amp#27;[38;5;0m[HTTP]&amp#27;[0m 
&amp#27;[38;5;0m[HTTP]&amp#27;[0m &amp#27;[37m-->&amp#27;[39m &amp#27;[37mPOST&amp#27;[39m &amp#27;[37m/session/752558e8-aa33-4f29-993d-1b4a0f80a2c1/element/00000000-0000-0192-ffff-ffff000000c9/click&amp#27;[39m
&amp#27;[38;5;0m[HTTP]&amp#27;[0m {"id":"00000000-0000-0192-ffff-ffff000000c9"}
&amp#27;[38;5;32m[AndroidUiautomator2Driver@11a5 (752558e8)]&amp#27;[0m Calling AppiumDriver.click() with args: ["00000000-0000-0192-ffff-ffff000000c9","752558e8-aa33-4f29-993d-1b4a0f80a2c1"]
&amp#27;[38;5;32m[AndroidUiautomator2Driver@11a5 (752558e8)]&amp#27;[0m Matched '/element/00000000-0000-0192-ffff-ffff000000c9/click' to command name 'click'
&amp#27;[38;5;32m[AndroidUiautomator2Driver@11a5 (752558e8)]&amp#27;[0m Proxying [POST /element/00000000-0000-0192-ffff-ffff000000c9/click] to [POST http://127.0.0.1:8200/session/2546ebe7-3247-4d43-9e86-a9e1d8682b36/element/00000000-0000-0192-ffff-ffff000000c9/click] with body: {"element":"00000000-0000-0192-ffff-ffff000000c9"}
&amp#27;[38;5;32m[AndroidUiautomator2Driver@11a5 (752558e8)]&amp#27;[0m Got response with status 200: {"sessionId":"2546ebe7-3247-4d43-9e86-a9e1d8682b36","value":null}
&amp#27;[38;5;32m[AndroidUiautomator2Driver@11a5 (752558e8)]&amp#27;[0m Responding to client with driver.click() result: null
&amp#27;[38;5;0m[HTTP]&amp#27;[0m <-- POST /session/752558e8-aa33-4f29-993d-1b4a0f80a2c1/element/00000000-0000-0192-ffff-ffff000000c9/click 200 62 ms - 14
&amp#27;[38;5;0m[HTTP]&amp#27;[0m 
&amp#27;[38;5;0m[HTTP]&amp#27;[0m &amp#27;[37m-->&amp#27;[39m &amp#27;[37mGET&amp#27;[39m &amp#27;[37m/session/752558e8-aa33-4f29-993d-1b4a0f80a2c1/context&amp#27;[39m
&amp#27;[38;5;0m[HTTP]&amp#27;[0m {}
&amp#27;[38;5;32m[AndroidUiautomator2Driver@11a5 (752558e8)]&amp#27;[0m Calling AppiumDriver.getCurrentContext() with args: ["752558e8-aa33-4f29-993d-1b4a0f80a2c1"]
&amp#27;[38;5;32m[AndroidUiautomator2Driver@11a5 (752558e8)]&amp#27;[0m Responding to client with driver.getCurrentContext() result: "NATIVE_APP"
&amp#27;[38;5;0m[HTTP]&amp#27;[0m <-- GET /session/752558e8-aa33-4f29-993d-1b4a0f80a2c1/context 200 1 ms - 22
&amp#27;[38;5;0m[HTTP]&amp#27;[0m 
&amp#27;[38;5;0m[HTTP]&amp#27;[0m &amp#27;[37m-->&amp#27;[39m &amp#27;[37mPOST&amp#27;[39m &amp#27;[37m/session/752558e8-aa33-4f29-993d-1b4a0f80a2c1/element&amp#27;[39m
&amp#27;[38;5;0m[HTTP]&amp#27;[0m {"using":"id","value":"com.androidsample.generalstore:id/btnProceed"}
&amp#27;[38;5;32m[AndroidUiautomator2Driver@11a5 (752558e8)]&amp#27;[0m Calling AppiumDriver.findElement() with args: ["id","com.androidsample.generalstore:id/btnProceed","752558e8-aa33-4f29-993d-1b4a0f80a2c1"]
&amp#27;[38;5;32m[AndroidUiautomator2Driver@11a5 (752558e8)]&amp#27;[0m Valid locator strategies for this request: xpath, id, class name, accessibility id, css selector, -android uiautomator
&amp#27;[38;5;32m[AndroidUiautomator2Driver@11a5 (752558e8)]&amp#27;[0m Waiting up to 10000 ms for condition
&amp#27;[38;5;32m[AndroidUiautomator2Driver@11a5 (752558e8)]&amp#27;[0m Matched '/element' to command name 'findElement'
&amp#27;[38;5;32m[AndroidUiautomator2Driver@11a5 (752558e8)]&amp#27;[0m Proxying [POST /element] to [POST http://127.0.0.1:8200/session/2546ebe7-3247-4d43-9e86-a9e1d8682b36/element] with body: {"strategy":"id","selector":"com.androidsample.generalstore:id/btnProceed","context":"","multiple":false}
&amp#27;[38;5;32m[AndroidUiautomator2Driver@11a5 (752558e8)]&amp#27;[0m Got response with status 200: {"sessionId":"2546ebe7-3247-4d43-9e86-a9e1d8682b36","value":{"ELEMENT":"00000000-0000-0191-ffff-ffff0000009c","element-6066-11e4-a52e-4f735466cecf":"00000000-0000-0191-ffff-ffff0000009c"}}
&amp#27;[38;5;32m[AndroidUiautomator2Driver@11a5 (752558e8)]&amp#27;[0m Responding to client with driver.findElement() result: {"element-6066-11e4-a52e-4f735466cecf":"00000000-0000-0191-ffff-ffff0000009c","ELEMENT":"00000000-0000-0191-ffff-ffff0000009c"}
&amp#27;[38;5;0m[HTTP]&amp#27;[0m <-- POST /session/752558e8-aa33-4f29-993d-1b4a0f80a2c1/element 200 296 ms - 137
&amp#27;[38;5;0m[HTTP]&amp#27;[0m 
&amp#27;[38;5;0m[HTTP]&amp#27;[0m &amp#27;[37m-->&amp#27;[39m &amp#27;[37mPOST&amp#27;[39m &amp#27;[37m/session/752558e8-aa33-4f29-993d-1b4a0f80a2c1/element/00000000-0000-0191-ffff-ffff0000009c/click&amp#27;[39m
&amp#27;[38;5;0m[HTTP]&amp#27;[0m {"id":"00000000-0000-0191-ffff-ffff0000009c"}
&amp#27;[38;5;32m[AndroidUiautomator2Driver@11a5 (752558e8)]&amp#27;[0m Calling AppiumDriver.click() with args: ["00000000-0000-0191-ffff-ffff0000009c","752558e8-aa33-4f29-993d-1b4a0f80a2c1"]
&amp#27;[38;5;32m[AndroidUiautomator2Driver@11a5 (752558e8)]&amp#27;[0m Matched '/element/00000000-0000-0191-ffff-ffff0000009c/click' to command name 'click'
&amp#27;[38;5;32m[AndroidUiautomator2Driver@11a5 (752558e8)]&amp#27;[0m Proxying [POST /element/00000000-0000-0191-ffff-ffff0000009c/click] to [POST http://127.0.0.1:8200/session/2546ebe7-3247-4d43-9e86-a9e1d8682b36/element/00000000-0000-0191-ffff-ffff0000009c/click] with body: {"element":"00000000-0000-0191-ffff-ffff0000009c"}
&amp#27;[38;5;32m[AndroidUiautomator2Driver@11a5 (752558e8)]&amp#27;[0m Got response with status 200: {"sessionId":"2546ebe7-3247-4d43-9e86-a9e1d8682b36","value":null}
&amp#27;[38;5;32m[AndroidUiautomator2Driver@11a5 (752558e8)]&amp#27;[0m Responding to client with driver.click() result: null
&amp#27;[38;5;0m[HTTP]&amp#27;[0m <-- POST /session/752558e8-aa33-4f29-993d-1b4a0f80a2c1/element/00000000-0000-0191-ffff-ffff0000009c/click 200 323 ms - 14
&amp#27;[38;5;0m[HTTP]&amp#27;[0m 
]]></system-out>
  </testcase>
</testsuite>