<?xml version="1.0" encoding="UTF-8"?>
<!-- Generated by org.testng.reporters.JUnitReportReporter -->
<testsuite hostname="Anubhavs-MacBook-Air.local" failures="0" tests="1" name="TestFolders.IOSFlow" time="11.950" errors="0" timestamp="2024-01-15T12:33:25 IST" skipped="0">
  <testcase classname="TestFolders.IOSFlow" name="Test" time="11.950"/>
</testsuite> <!-- TestFolders.IOSFlow -->
