<?xml version="1.0" encoding="UTF-8"?>
<!-- Generated by org.testng.reporters.JUnitReportReporter -->
<testsuite hostname="Anubhavs-MacBook-Air.local" failures="0" tests="1" name="TestFolders.IOSFlow" time="63.143" errors="0" timestamp="2024-01-14T19:24:55 IST" skipped="0">
  <testcase classname="TestFolders.IOSFlow" name="Test" time="63.143"/>
</testsuite> <!-- TestFolders.IOSFlow -->
