<?xml version="1.0" encoding="UTF-8"?>
<!-- Generated by org.testng.reporters.JUnitReportReporter -->
<testsuite hostname="Anubhavs-MacBook-Air.local" failures="0" tests="1" name="TestFolders.IOSTest" time="23.545" errors="0" timestamp="2024-01-13T17:17:11 IST" skipped="0">
  <testcase classname="TestFolders.IOSTest" name="Test" time="23.545"/>
</testsuite> <!-- TestFolders.IOSTest -->
