<?xml version="1.0" encoding="UTF-8"?>
<!-- Generated by org.testng.reporters.JUnitReportReporter -->
<testsuite hostname="Anubhavs-MacBook-Air.local" failures="0" tests="3" name="TestFolders.AndroidFlow" time="113.936" errors="0" timestamp="2024-01-14T19:18:30 IST" skipped="0">
  <testcase classname="TestFolders.AndroidFlow" name="fillForm_PositiveFlow" time="61.426"/>
  <testcase classname="TestFolders.AndroidFlow" name="fillForm_PositiveFlow" time="37.557"/>
  <testcase classname="TestFolders.AndroidFlow" name="fillForm_ErrorValidation" time="14.953"/>
</testsuite> <!-- TestFolders.AndroidFlow -->
