<?xml version="1.0" encoding="UTF-8"?>
<!-- Generated by org.testng.reporters.JUnitReportReporter -->
<testsuite hostname="Anubhavs-MacBook-Air.local" failures="0" tests="1" name="TestFolders.AndroidFlow" time="60.621" errors="0" timestamp="2024-01-11T21:46:43 IST" skipped="0">
  <testcase classname="TestFolders.AndroidFlow" name="Test" time="60.621"/>
</testsuite> <!-- TestFolders.AndroidFlow -->
