<?xml version="1.0" encoding="UTF-8"?>
<!-- Generated by org.testng.reporters.JUnitReportReporter -->
<testsuite hostname="Anubhavs-MacBook-Air.local" failures="0" tests="1" name="TestFolders.IOSFlow" time="12.373" errors="0" timestamp="2024-01-15T22:02:59 IST" skipped="0">
  <testcase classname="TestFolders.IOSFlow" name="Test" time="12.373"/>
</testsuite> <!-- TestFolders.IOSFlow -->
