<?xml version="1.0" encoding="UTF-8"?>
<!-- Generated by org.testng.reporters.JUnitReportReporter -->
<testsuite hostname="Anubhavs-MacBook-Air.local" failures="0" tests="3" name="TestFolders.AndroidFlow" time="116.411" errors="0" timestamp="2024-01-15T22:02:59 IST" skipped="0">
  <testcase classname="TestFolders.AndroidFlow" name="fillForm_PositiveFlow" time="63.863"/>
  <testcase classname="TestFolders.AndroidFlow" name="fillForm_ErrorValidation" time="18.131"/>
  <testcase classname="TestFolders.AndroidFlow" name="fillForm_PositiveFlow" time="34.417"/>
</testsuite> <!-- TestFolders.AndroidFlow -->
